#
# A fatal error has been detected by the Java Runtime Environment:
#
#  SIGSEGV (0xb) at pc=0x00007f401cae47df, pid=64672, tid=64679
#
# JRE version: Java(TM) SE Runtime Environment (17.0.5+9) (build 17.0.5+9-LTS-191)
# Java VM: Java HotSpot(TM) 64-Bit Server VM (17.0.5+9-LTS-191, mixed mode, emulated-client, sharing, tiered, compressed oops, compressed class ptrs, g1 gc, linux-amd64)
# Problematic frame:
# C  [libtesseract.so+0xe47df]  tesseract::Tesseract::recog_all_words(tesseract::PAGE_RES*, tesseract::ETEXT_DESC*, tesseract::TBOX const*, char const*, int)+0x3cf
#
# Core dump will be written. Default location: Core dumps may be processed with "/usr/share/apport/apport -p%p -s%s -c%c -d%d -P%P -u%u -g%g -- %E" (or dumping to /home/luiz/dev/DevOpenCV/core.64672)
#
# If you would like to submit a bug report, please visit:
#   https://bugreport.java.com/bugreport/crash.jsp
# The crash happened outside the Java Virtual Machine in native code.
# See problematic frame for where to report the bug.
#

---------------  S U M M A R Y ------------

Command Line: -XX:TieredStopAtLevel=1 -Dspring.output.ansi.enabled=always -Dcom.sun.management.jmxremote -Dspring.jmx.enabled=true -Dspring.liveBeansView.mbeanDomain -Dspring.application.admin.enabled=true -javaagent:/home/luiz/IntelliJ-Idea/lib/idea_rt.jar=41767:/home/luiz/IntelliJ-Idea/bin -Dfile.encoding=UTF-8 com.ls.DevOpenCV.DevOpenCvApplication

Host: AMD Ryzen 7 5700U with Radeon Graphics, 16 cores, 18G, Ubuntu 22.10
Time: Wed Feb  1 00:43:09 2023 -03 elapsed time: 0.492474 seconds (0d 0h 0m 0s)

---------------  T H R E A D  ---------------

Current thread (0x00007f4044026510):  JavaThread "main" [_thread_in_native, id=64679, stack(0x00007f4049300000,0x00007f4049400000)]

Stack: [0x00007f4049300000,0x00007f4049400000],  sp=0x00007f40493fd480,  free space=1013k
Native frames: (J=compiled Java code, j=interpreted, Vv=VM code, C=native code)
C  [libtesseract.so+0xe47df]  tesseract::Tesseract::recog_all_words(tesseract::PAGE_RES*, tesseract::ETEXT_DESC*, tesseract::TBOX const*, char const*, int)+0x3cf

Java frames: (J=compiled Java code, j=interpreted, Vv=VM code)
j  com.sun.jna.Native.invokePointer(Lcom/sun/jna/Function;JI[Ljava/lang/Object;)J+0
j  com.sun.jna.Function.invokePointer(I[Ljava/lang/Object;)Lcom/sun/jna/Pointer;+7
j  com.sun.jna.Function.invoke([Ljava/lang/Object;Ljava/lang/Class;ZI)Ljava/lang/Object;+385
j  com.sun.jna.Function.invoke(Ljava/lang/reflect/Method;[Ljava/lang/Class;Ljava/lang/Class;[Ljava/lang/Object;Ljava/util/Map;)Ljava/lang/Object;+271
j  com.sun.jna.Library$Handler.invoke(Ljava/lang/Object;Ljava/lang/reflect/Method;[Ljava/lang/Object;)Ljava/lang/Object;+390
j  jdk.proxy2.$Proxy2.TessBaseAPIGetUTF8Text(Lnet/sourceforge/tess4j/ITessAPI$TessBaseAPI;)Lcom/sun/jna/Pointer;+16 jdk.proxy2
j  net.sourceforge.tess4j.Tesseract.getOCRText(Ljava/lang/String;I)Ljava/lang/String;+269
j  net.sourceforge.tess4j.Tesseract.doOCR(Ljavax/imageio/IIOImage;Ljava/lang/String;Ljava/awt/Rectangle;I)Ljava/lang/String;+18
j  net.sourceforge.tess4j.Tesseract.doOCR(Ljava/io/File;Ljava/awt/Rectangle;)Ljava/lang/String;+126
j  net.sourceforge.tess4j.Tesseract.doOCR(Ljava/io/File;)Ljava/lang/String;+3
j  com.ls.DevOpenCV.DevOpenCvApplication.doOcr(Ljava/lang/String;)V+41
j  com.ls.DevOpenCV.DevOpenCvApplication.main([Ljava/lang/String;)V+2
v  ~StubRoutines::call_stub

siginfo: si_signo: 11 (SIGSEGV), si_code: 1 (SEGV_MAPERR), si_addr: 0x000000000000000c

Register to memory mapping:

RAX=0x0 is NULL
RBX=0x00007f40493fd4d0 is pointing into the stack for thread: 0x00007f4044026510
RCX=0x00007f404454e728 points into unknown readable memory: 0x0000000000000000 | 00 00 00 00 00 00 00 00
RDX=0x0 is NULL
RSP=0x00007f40493fd480 is pointing into the stack for thread: 0x00007f4044026510
RBP=0x00007f404452cc40 points into unknown readable memory: 0x00007f401cd64688 | 88 46 d6 1c 40 7f 00 00
RSI=0x0 is NULL
RDI=0x00007f40493fd580 is pointing into the stack for thread: 0x00007f4044026510
R8 =0x0 is NULL
R9 =0x0 is NULL
R10=0x0000000000000025 is an unknown value
R11=0x00007f401cb5de00: _ZN9tesseract11PAGE_RES_IT16internal_forwardEbb+0x0000000000000000 in /lib/libtesseract.so at 0x00007f401ca00000
R12=0x00007f4044cd8360 points into unknown readable memory: 0x0000000000000000 | 00 00 00 00 00 00 00 00
R13=0x0 is NULL
R14=0x0000000000000001 is an unknown value
R15=0x0 is NULL


Registers:
RAX=0x0000000000000000, RBX=0x00007f40493fd4d0, RCX=0x00007f404454e728, RDX=0x0000000000000000
RSP=0x00007f40493fd480, RBP=0x00007f404452cc40, RSI=0x0000000000000000, RDI=0x00007f40493fd580
R8 =0x0000000000000000, R9 =0x0000000000000000, R10=0x0000000000000025, R11=0x00007f401cb5de00
R12=0x00007f4044cd8360, R13=0x0000000000000000, R14=0x0000000000000001, R15=0x0000000000000000
RIP=0x00007f401cae47df, EFLAGS=0x0000000000010246, CSGSFS=0x002b000000000033, ERR=0x0000000000000004
  TRAPNO=0x000000000000000e

Top of Stack: (sp=0x00007f40493fd480)
0x00007f40493fd480:   0000000000000000 0000000000000000
0x00007f40493fd490:   0000000000000000 0000000000000000
0x00007f40493fd4a0:   0000000000000000 00007f4044cea5d0
0x00007f40493fd4b0:   0000000000000000 00007f4044cea3f0 

Instructions: (pc=0x00007f401cae47df)
0x00007f401cae46df:   e8 dc 5d fb ff 48 8b 44 24 70 48 85 c0 74 62 48
0x00007f401cae46ef:   8b 94 24 80 00 00 00 48 8b 52 08 48 85 d2 74 04
0x00007f401cae46ff:   48 8b 52 08 48 8b 80 20 01 00 00 48 85 c0 74 c1
0x00007f401cae470f:   8b 48 74 85 c9 74 ba 48 8b 40 10 48 8d 0c 88 66
0x00007f401cae471f:   90 8b 30 85 f6 75 b2 48 83 c0 04 48 39 c8 75 f1
0x00007f401cae472f:   48 85 d2 74 9c 8b 42 10 8d 50 ff 83 fa 02 76 91
0x00007f401cae473f:   83 e8 05 83 f8 03 77 91 eb 87 0f 1f 80 00 00 00
0x00007f401cae474f:   00 48 83 3c 24 00 74 0d 48 8b 04 24 ba 64 00 00
0x00007f401cae475f:   00 66 89 50 02 b8 01 00 00 00 48 8b 94 24 98 01
0x00007f401cae476f:   00 00 64 48 2b 14 25 28 00 00 00 0f 85 c8 05 00
0x00007f401cae477f:   00 48 81 c4 a8 01 00 00 5b 5d 41 5c 41 5d 41 5e
0x00007f401cae478f:   41 5f c3 66 0f 1f 44 00 00 48 83 3c 24 00 0f 84
0x00007f401cae479f:   ed 02 00 00 48 8b 54 24 18 48 89 de 48 89 ef e8
0x00007f401cae47af:   fd 8b fb ff e9 ed fe ff ff 0f 1f 84 00 00 00 00
0x00007f401cae47bf:   00 31 f6 48 89 df e8 66 55 fb ff 8b 85 68 15 00
0x00007f401cae47cf:   00 85 c0 0f 8f 19 02 00 00 48 8b 85 00 0a 00 00
0x00007f401cae47df:   80 78 0c 00 0f 85 4d 05 00 00 4c 8b bd 68 4b 02
0x00007f401cae47ef:   00 4c 8b b5 60 4b 02 00 4d 39 fe 75 1e eb 37 66
0x00007f401cae47ff:   90 48 8b 97 00 0a 00 00 80 7a 0c 00 0f 85 0f 02
0x00007f401cae480f:   00 00 49 83 c6 08 4d 39 f7 74 1b 49 8b 3e 8b 87
0x00007f401cae481f:   68 15 00 00 85 c0 7e d9 e8 b4 34 fb ff 49 83 c6
0x00007f401cae482f:   08 4d 39 f7 75 e5 48 8b 4c 24 20 48 8b 54 24 18
0x00007f401cae483f:   4d 89 e0 48 89 ef 66 0f ef c0 4c 8d 4c 24 30 be
0x00007f401cae484f:   01 00 00 00 48 c7 44 24 40 00 00 00 00 0f 29 44
0x00007f401cae485f:   24 30 4d 89 cd e8 57 42 fb ff 44 8b bd a4 3b 02
0x00007f401cae486f:   00 45 85 ff 74 0b 4c 89 ee 48 89 ef e8 b0 fa fa
0x00007f401cae487f:   ff 48 8b 44 24 38 48 2b 44 24 30 45 31 f6 4d 89
0x00007f401cae488f:   e8 48 c1 f8 04 48 89 d9 be 01 00 00 00 48 89 ef
0x00007f401cae489f:   48 ba cd cc cc cc cc cc cc cc 66 44 89 b5 2c 4b
0x00007f401cae48af:   02 00 48 0f af c2 48 89 ad 78 4b 02 00 48 8b 14
0x00007f401cae48bf:   24 c7 85 34 4b 02 00 00 00 00 00 48 c7 85 24 4b
0x00007f401cae48cf:   02 00 00 00 00 00 89 85 30 4b 02 00 e8 00 f5 fa 


Stack slot to memory mapping:
stack at sp + 0 slots: 0x0 is NULL
stack at sp + 1 slots: 0x0 is NULL
stack at sp + 2 slots: 0x0 is NULL
stack at sp + 3 slots: 0x0 is NULL
stack at sp + 4 slots: 0x0 is NULL
stack at sp + 5 slots: 0x00007f4044cea5d0 points into unknown readable memory: 0x00007f4044cea3f0 | f0 a3 ce 44 40 7f 00 00
stack at sp + 6 slots: 0x0 is NULL
stack at sp + 7 slots: 0x00007f4044cea3f0 points into unknown readable memory: 0x00007f4044cea020 | 20 a0 ce 44 40 7f 00 00


---------------  P R O C E S S  ---------------

Threads class SMR info:
_java_thread_list=0x00007f4044508d50, length=19, elements={
0x00007f4044026510, 0x00007f4044166e20, 0x00007f4044168200, 0x00007f404416d550,
0x00007f404416e900, 0x00007f404416fd10, 0x00007f4044171300, 0x00007f4044172760,
0x00007f404417d580, 0x00007f3ffc0b5710, 0x00007f3ffc0b6920, 0x00007f4044328100,
0x00007f4044329780, 0x00007f40443d93d0, 0x00007f3fe803eb00, 0x00007f3fec08a530,
0x00007f40444ccbb0, 0x00007f40444fbd20, 0x00007f4044508300
}

Java Threads: ( => current thread )
=>0x00007f4044026510 JavaThread "main" [_thread_in_native, id=64679, stack(0x00007f4049300000,0x00007f4049400000)]
  0x00007f4044166e20 JavaThread "Reference Handler" daemon [_thread_blocked, id=64688, stack(0x00007f401e9fe000,0x00007f401eafe000)]
  0x00007f4044168200 JavaThread "Finalizer" daemon [_thread_blocked, id=64689, stack(0x00007f401e8fe000,0x00007f401e9fe000)]
  0x00007f404416d550 JavaThread "Signal Dispatcher" daemon [_thread_blocked, id=64690, stack(0x00007f401e7fe000,0x00007f401e8fe000)]
  0x00007f404416e900 JavaThread "Service Thread" daemon [_thread_blocked, id=64691, stack(0x00007f401e100000,0x00007f401e200000)]
  0x00007f404416fd10 JavaThread "Monitor Deflation Thread" daemon [_thread_blocked, id=64692, stack(0x00007f401e000000,0x00007f401e100000)]
  0x00007f4044171300 JavaThread "C1 CompilerThread0" daemon [_thread_blocked, id=64693, stack(0x00007f401df00000,0x00007f401e000000)]
  0x00007f4044172760 JavaThread "Sweeper thread" daemon [_thread_blocked, id=64694, stack(0x00007f401de00000,0x00007f401df00000)]
  0x00007f404417d580 JavaThread "Common-Cleaner" daemon [_thread_blocked, id=64698, stack(0x00007f401dd00000,0x00007f401de00000)]
  0x00007f3ffc0b5710 JavaThread "C1 CompilerThread1" daemon [_thread_blocked, id=64699, stack(0x00007f401dc00000,0x00007f401dd00000)]
  0x00007f3ffc0b6920 JavaThread "C1 CompilerThread2" daemon [_thread_blocked, id=64700, stack(0x00007f401db00000,0x00007f401dc00000)]
  0x00007f4044328100 JavaThread "Monitor Ctrl-Break" daemon [_thread_in_native, id=64701, stack(0x00007f401da00000,0x00007f401db00000)]
  0x00007f4044329780 JavaThread "Notification Thread" daemon [_thread_blocked, id=64702, stack(0x00007f401d900000,0x00007f401da00000)]
  0x00007f40443d93d0 JavaThread "RMI TCP Accept-0" daemon [_thread_in_native, id=64704, stack(0x00007f401d800000,0x00007f401d900000)]
  0x00007f3fe803eb00 JavaThread "C1 CompilerThread3" daemon [_thread_blocked, id=64706, stack(0x00007f401d5fe000,0x00007f401d6fe000)]
  0x00007f3fec08a530 JavaThread "C1 CompilerThread4" daemon [_thread_blocked, id=64707, stack(0x00007f401d4fe000,0x00007f401d5fe000)]
  0x00007f40444ccbb0 JavaThread "Java2D Disposer" daemon [_thread_blocked, id=64709, stack(0x00007f401d1a4000,0x00007f401d2a4000)]
  0x00007f40444fbd20 JavaThread "process reaper" daemon [_thread_blocked, id=64711, stack(0x00007f401d182000,0x00007f401d1a4000)]
  0x00007f4044508300 JavaThread "JNA Cleaner" daemon [_thread_blocked, id=64713, stack(0x00007f401c476000,0x00007f401c576000)]

Other Threads:
  0x00007f4044162dc0 VMThread "VM Thread" [stack: 0x00007f401eb00000,0x00007f401ec00000] [id=64685]
  0x00007f4044386d00 WatcherThread [stack: 0x00007f401d700000,0x00007f401d800000] [id=64705]
  0x00007f404409ac00 GCTaskThread "GC Thread#0" [stack: 0x00007f404847f000,0x00007f404857f000] [id=64680]
  0x00007f40440a5960 ConcurrentGCThread "G1 Main Marker" [stack: 0x00007f404837d000,0x00007f404847d000] [id=64681]
  0x00007f40440a68c0 ConcurrentGCThread "G1 Conc#0" [stack: 0x00007f404827b000,0x00007f404837b000] [id=64682]
  0x00007f4044137b80 ConcurrentGCThread "G1 Refine#0" [stack: 0x00007f401f5f7000,0x00007f401f6f7000] [id=64683]
  0x00007f4044138a70 ConcurrentGCThread "G1 Service" [stack: 0x00007f401f4f5000,0x00007f401f5f5000] [id=64684]

Threads with active compile tasks:

VM state: not at safepoint (normal execution)

VM Mutex/Monitor currently owned by a thread: None

Heap address: 0x00000006d1800000, size: 4840 MB, Compressed Oops mode: Zero based, Oop shift amount: 3

CDS archive(s) mapped at: [0x0000000800000000-0x0000000800be3000-0x0000000800be3000), size 12464128, SharedBaseAddress: 0x0000000800000000, ArchiveRelocationMode: 0.
Compressed class space mapped at: 0x0000000800c00000-0x0000000840c00000, reserved size: 1073741824
Narrow klass base: 0x0000000800000000, Narrow klass shift: 0, Narrow klass range: 0x100000000

GC Precious Log:
 CPUs: 16 total, 16 available
 Memory: 19351M
 Large Page Support: Disabled
 NUMA Support: Disabled
 Compressed Oops: Enabled (Zero based)
 Heap Region Size: 4M
 Heap Min Capacity: 8M
 Heap Initial Capacity: 304M
 Heap Max Capacity: 4840M
 Pre-touch: Disabled
 Parallel Workers: 13
 Concurrent Workers: 3
 Concurrent Refinement Workers: 13
 Periodic GC: Disabled

Heap:
 garbage-first heap   total 319488K, used 20452K [0x00000006d1800000, 0x0000000800000000)
  region size 4096K, 5 young (20480K), 0 survivors (0K)
 Metaspace       used 7757K, committed 7936K, reserved 1056768K
  class space    used 897K, committed 960K, reserved 1048576K

Heap Regions: E=young(eden), S=young(survivor), O=old, HS=humongous(starts), HC=humongous(continues), CS=collection set, F=free, OA=open archive, CA=closed archive, TAMS=top-at-mark-start (previous, next)
|   0|0x00000006d1800000, 0x00000006d1800000, 0x00000006d1c00000|  0%| F|  |TAMS 0x00000006d1800000, 0x00000006d1800000| Untracked 
|   1|0x00000006d1c00000, 0x00000006d1c00000, 0x00000006d2000000|  0%| F|  |TAMS 0x00000006d1c00000, 0x00000006d1c00000| Untracked 
|   2|0x00000006d2000000, 0x00000006d2000000, 0x00000006d2400000|  0%| F|  |TAMS 0x00000006d2000000, 0x00000006d2000000| Untracked 
|   3|0x00000006d2400000, 0x00000006d2400000, 0x00000006d2800000|  0%| F|  |TAMS 0x00000006d2400000, 0x00000006d2400000| Untracked 
|   4|0x00000006d2800000, 0x00000006d2800000, 0x00000006d2c00000|  0%| F|  |TAMS 0x00000006d2800000, 0x00000006d2800000| Untracked 
|   5|0x00000006d2c00000, 0x00000006d2c00000, 0x00000006d3000000|  0%| F|  |TAMS 0x00000006d2c00000, 0x00000006d2c00000| Untracked 
|   6|0x00000006d3000000, 0x00000006d3000000, 0x00000006d3400000|  0%| F|  |TAMS 0x00000006d3000000, 0x00000006d3000000| Untracked 
|   7|0x00000006d3400000, 0x00000006d3400000, 0x00000006d3800000|  0%| F|  |TAMS 0x00000006d3400000, 0x00000006d3400000| Untracked 
|   8|0x00000006d3800000, 0x00000006d3800000, 0x00000006d3c00000|  0%| F|  |TAMS 0x00000006d3800000, 0x00000006d3800000| Untracked 
|   9|0x00000006d3c00000, 0x00000006d3c00000, 0x00000006d4000000|  0%| F|  |TAMS 0x00000006d3c00000, 0x00000006d3c00000| Untracked 
|  10|0x00000006d4000000, 0x00000006d4000000, 0x00000006d4400000|  0%| F|  |TAMS 0x00000006d4000000, 0x00000006d4000000| Untracked 
|  11|0x00000006d4400000, 0x00000006d4400000, 0x00000006d4800000|  0%| F|  |TAMS 0x00000006d4400000, 0x00000006d4400000| Untracked 
|  12|0x00000006d4800000, 0x00000006d4800000, 0x00000006d4c00000|  0%| F|  |TAMS 0x00000006d4800000, 0x00000006d4800000| Untracked 
|  13|0x00000006d4c00000, 0x00000006d4c00000, 0x00000006d5000000|  0%| F|  |TAMS 0x00000006d4c00000, 0x00000006d4c00000| Untracked 
|  14|0x00000006d5000000, 0x00000006d5000000, 0x00000006d5400000|  0%| F|  |TAMS 0x00000006d5000000, 0x00000006d5000000| Untracked 
|  15|0x00000006d5400000, 0x00000006d5400000, 0x00000006d5800000|  0%| F|  |TAMS 0x00000006d5400000, 0x00000006d5400000| Untracked 
|  16|0x00000006d5800000, 0x00000006d5800000, 0x00000006d5c00000|  0%| F|  |TAMS 0x00000006d5800000, 0x00000006d5800000| Untracked 
|  17|0x00000006d5c00000, 0x00000006d5c00000, 0x00000006d6000000|  0%| F|  |TAMS 0x00000006d5c00000, 0x00000006d5c00000| Untracked 
|  18|0x00000006d6000000, 0x00000006d6000000, 0x00000006d6400000|  0%| F|  |TAMS 0x00000006d6000000, 0x00000006d6000000| Untracked 
|  19|0x00000006d6400000, 0x00000006d6400000, 0x00000006d6800000|  0%| F|  |TAMS 0x00000006d6400000, 0x00000006d6400000| Untracked 
|  20|0x00000006d6800000, 0x00000006d6800000, 0x00000006d6c00000|  0%| F|  |TAMS 0x00000006d6800000, 0x00000006d6800000| Untracked 
|  21|0x00000006d6c00000, 0x00000006d6c00000, 0x00000006d7000000|  0%| F|  |TAMS 0x00000006d6c00000, 0x00000006d6c00000| Untracked 
|  22|0x00000006d7000000, 0x00000006d7000000, 0x00000006d7400000|  0%| F|  |TAMS 0x00000006d7000000, 0x00000006d7000000| Untracked 
|  23|0x00000006d7400000, 0x00000006d7400000, 0x00000006d7800000|  0%| F|  |TAMS 0x00000006d7400000, 0x00000006d7400000| Untracked 
|  24|0x00000006d7800000, 0x00000006d7800000, 0x00000006d7c00000|  0%| F|  |TAMS 0x00000006d7800000, 0x00000006d7800000| Untracked 
|  25|0x00000006d7c00000, 0x00000006d7c00000, 0x00000006d8000000|  0%| F|  |TAMS 0x00000006d7c00000, 0x00000006d7c00000| Untracked 
|  26|0x00000006d8000000, 0x00000006d8000000, 0x00000006d8400000|  0%| F|  |TAMS 0x00000006d8000000, 0x00000006d8000000| Untracked 
|  27|0x00000006d8400000, 0x00000006d8400000, 0x00000006d8800000|  0%| F|  |TAMS 0x00000006d8400000, 0x00000006d8400000| Untracked 
|  28|0x00000006d8800000, 0x00000006d8800000, 0x00000006d8c00000|  0%| F|  |TAMS 0x00000006d8800000, 0x00000006d8800000| Untracked 
|  29|0x00000006d8c00000, 0x00000006d8c00000, 0x00000006d9000000|  0%| F|  |TAMS 0x00000006d8c00000, 0x00000006d8c00000| Untracked 
|  30|0x00000006d9000000, 0x00000006d9000000, 0x00000006d9400000|  0%| F|  |TAMS 0x00000006d9000000, 0x00000006d9000000| Untracked 
|  31|0x00000006d9400000, 0x00000006d9400000, 0x00000006d9800000|  0%| F|  |TAMS 0x00000006d9400000, 0x00000006d9400000| Untracked 
|  32|0x00000006d9800000, 0x00000006d9800000, 0x00000006d9c00000|  0%| F|  |TAMS 0x00000006d9800000, 0x00000006d9800000| Untracked 
|  33|0x00000006d9c00000, 0x00000006d9c00000, 0x00000006da000000|  0%| F|  |TAMS 0x00000006d9c00000, 0x00000006d9c00000| Untracked 
|  34|0x00000006da000000, 0x00000006da000000, 0x00000006da400000|  0%| F|  |TAMS 0x00000006da000000, 0x00000006da000000| Untracked 
|  35|0x00000006da400000, 0x00000006da400000, 0x00000006da800000|  0%| F|  |TAMS 0x00000006da400000, 0x00000006da400000| Untracked 
|  36|0x00000006da800000, 0x00000006da800000, 0x00000006dac00000|  0%| F|  |TAMS 0x00000006da800000, 0x00000006da800000| Untracked 
|  37|0x00000006dac00000, 0x00000006dac00000, 0x00000006db000000|  0%| F|  |TAMS 0x00000006dac00000, 0x00000006dac00000| Untracked 
|  38|0x00000006db000000, 0x00000006db000000, 0x00000006db400000|  0%| F|  |TAMS 0x00000006db000000, 0x00000006db000000| Untracked 
|  39|0x00000006db400000, 0x00000006db400000, 0x00000006db800000|  0%| F|  |TAMS 0x00000006db400000, 0x00000006db400000| Untracked 
|  40|0x00000006db800000, 0x00000006db800000, 0x00000006dbc00000|  0%| F|  |TAMS 0x00000006db800000, 0x00000006db800000| Untracked 
|  41|0x00000006dbc00000, 0x00000006dbc00000, 0x00000006dc000000|  0%| F|  |TAMS 0x00000006dbc00000, 0x00000006dbc00000| Untracked 
|  42|0x00000006dc000000, 0x00000006dc000000, 0x00000006dc400000|  0%| F|  |TAMS 0x00000006dc000000, 0x00000006dc000000| Untracked 
|  43|0x00000006dc400000, 0x00000006dc400000, 0x00000006dc800000|  0%| F|  |TAMS 0x00000006dc400000, 0x00000006dc400000| Untracked 
|  44|0x00000006dc800000, 0x00000006dc800000, 0x00000006dcc00000|  0%| F|  |TAMS 0x00000006dc800000, 0x00000006dc800000| Untracked 
|  45|0x00000006dcc00000, 0x00000006dcc00000, 0x00000006dd000000|  0%| F|  |TAMS 0x00000006dcc00000, 0x00000006dcc00000| Untracked 
|  46|0x00000006dd000000, 0x00000006dd000000, 0x00000006dd400000|  0%| F|  |TAMS 0x00000006dd000000, 0x00000006dd000000| Untracked 
|  47|0x00000006dd400000, 0x00000006dd400000, 0x00000006dd800000|  0%| F|  |TAMS 0x00000006dd400000, 0x00000006dd400000| Untracked 
|  48|0x00000006dd800000, 0x00000006dd800000, 0x00000006ddc00000|  0%| F|  |TAMS 0x00000006dd800000, 0x00000006dd800000| Untracked 
|  49|0x00000006ddc00000, 0x00000006ddc00000, 0x00000006de000000|  0%| F|  |TAMS 0x00000006ddc00000, 0x00000006ddc00000| Untracked 
|  50|0x00000006de000000, 0x00000006de000000, 0x00000006de400000|  0%| F|  |TAMS 0x00000006de000000, 0x00000006de000000| Untracked 
|  51|0x00000006de400000, 0x00000006de400000, 0x00000006de800000|  0%| F|  |TAMS 0x00000006de400000, 0x00000006de400000| Untracked 
|  52|0x00000006de800000, 0x00000006de800000, 0x00000006dec00000|  0%| F|  |TAMS 0x00000006de800000, 0x00000006de800000| Untracked 
|  53|0x00000006dec00000, 0x00000006dec00000, 0x00000006df000000|  0%| F|  |TAMS 0x00000006dec00000, 0x00000006dec00000| Untracked 
|  54|0x00000006df000000, 0x00000006df000000, 0x00000006df400000|  0%| F|  |TAMS 0x00000006df000000, 0x00000006df000000| Untracked 
|  55|0x00000006df400000, 0x00000006df400000, 0x00000006df800000|  0%| F|  |TAMS 0x00000006df400000, 0x00000006df400000| Untracked 
|  56|0x00000006df800000, 0x00000006df800000, 0x00000006dfc00000|  0%| F|  |TAMS 0x00000006df800000, 0x00000006df800000| Untracked 
|  57|0x00000006dfc00000, 0x00000006dfc00000, 0x00000006e0000000|  0%| F|  |TAMS 0x00000006dfc00000, 0x00000006dfc00000| Untracked 
|  58|0x00000006e0000000, 0x00000006e0000000, 0x00000006e0400000|  0%| F|  |TAMS 0x00000006e0000000, 0x00000006e0000000| Untracked 
|  59|0x00000006e0400000, 0x00000006e0400000, 0x00000006e0800000|  0%| F|  |TAMS 0x00000006e0400000, 0x00000006e0400000| Untracked 
|  60|0x00000006e0800000, 0x00000006e0800000, 0x00000006e0c00000|  0%| F|  |TAMS 0x00000006e0800000, 0x00000006e0800000| Untracked 
|  61|0x00000006e0c00000, 0x00000006e0c00000, 0x00000006e1000000|  0%| F|  |TAMS 0x00000006e0c00000, 0x00000006e0c00000| Untracked 
|  62|0x00000006e1000000, 0x00000006e1000000, 0x00000006e1400000|  0%| F|  |TAMS 0x00000006e1000000, 0x00000006e1000000| Untracked 
|  63|0x00000006e1400000, 0x00000006e1400000, 0x00000006e1800000|  0%| F|  |TAMS 0x00000006e1400000, 0x00000006e1400000| Untracked 
|  64|0x00000006e1800000, 0x00000006e1800000, 0x00000006e1c00000|  0%| F|  |TAMS 0x00000006e1800000, 0x00000006e1800000| Untracked 
|  65|0x00000006e1c00000, 0x00000006e1c00000, 0x00000006e2000000|  0%| F|  |TAMS 0x00000006e1c00000, 0x00000006e1c00000| Untracked 
|  66|0x00000006e2000000, 0x00000006e2000000, 0x00000006e2400000|  0%| F|  |TAMS 0x00000006e2000000, 0x00000006e2000000| Untracked 
|  67|0x00000006e2400000, 0x00000006e2400000, 0x00000006e2800000|  0%| F|  |TAMS 0x00000006e2400000, 0x00000006e2400000| Untracked 
|  68|0x00000006e2800000, 0x00000006e2800000, 0x00000006e2c00000|  0%| F|  |TAMS 0x00000006e2800000, 0x00000006e2800000| Untracked 
|  69|0x00000006e2c00000, 0x00000006e2c00000, 0x00000006e3000000|  0%| F|  |TAMS 0x00000006e2c00000, 0x00000006e2c00000| Untracked 
|  70|0x00000006e3000000, 0x00000006e3000000, 0x00000006e3400000|  0%| F|  |TAMS 0x00000006e3000000, 0x00000006e3000000| Untracked 
|  71|0x00000006e3400000, 0x00000006e357d5b0, 0x00000006e3800000| 37%| E|  |TAMS 0x00000006e3400000, 0x00000006e3400000| Complete 
|  72|0x00000006e3800000, 0x00000006e3c00000, 0x00000006e3c00000|100%| E|CS|TAMS 0x00000006e3800000, 0x00000006e3800000| Complete 
|  73|0x00000006e3c00000, 0x00000006e4000000, 0x00000006e4000000|100%| E|CS|TAMS 0x00000006e3c00000, 0x00000006e3c00000| Complete 
|  74|0x00000006e4000000, 0x00000006e4400000, 0x00000006e4400000|100%| E|CS|TAMS 0x00000006e4000000, 0x00000006e4000000| Complete 
|  75|0x00000006e4400000, 0x00000006e4800000, 0x00000006e4800000|100%| E|CS|TAMS 0x00000006e4400000, 0x00000006e4400000| Complete 
|1208|0x00000007ff800000, 0x00000007ffb76000, 0x00000007ffc00000| 86%|OA|  |TAMS 0x00000007ff800000, 0x00000007ff800000| Untracked 
|1209|0x00000007ffc00000, 0x00000007ffc83000, 0x0000000800000000| 12%|CA|  |TAMS 0x00000007ffc00000, 0x00000007ffc00000| Untracked 

Card table byte_map: [0x00007f4038318000,0x00007f4038c8c000] _byte_map_base: 0x00007f4034c8c000

Marking Bits (Prev, Next): (CMBitMap*) 0x00007f404409b680, (CMBitMap*) 0x00007f404409b6c0
 Prev Bits: [0x00007f4032e04000, 0x00007f40379a4000)
 Next Bits: [0x00007f402e264000, 0x00007f4032e04000)

Polling page: 0x00007f404aa88000

Metaspace:

Usage:
  Non-class:      6,70 MB used.
      Class:    897,70 KB used.
       Both:      7,58 MB used.

Virtual space:
  Non-class space:        8,00 MB reserved,       6,81 MB ( 85%) committed,  1 nodes.
      Class space:        1,00 GB reserved,     960,00 KB ( <1%) committed,  1 nodes.
             Both:        1,01 GB reserved,       7,75 MB ( <1%) committed. 

Chunk freelists:
   Non-Class:  688,00 KB
       Class:  3,08 MB
        Both:  3,75 MB

MaxMetaspaceSize: unlimited
CompressedClassSpaceSize: 1,00 GB
Initial GC threshold: 21,00 MB
Current GC threshold: 21,00 MB
CDS: on
MetaspaceReclaimPolicy: balanced
 - commit_granule_bytes: 65536.
 - commit_granule_words: 8192.
 - virtual_space_node_default_size: 1048576.
 - enlarge_chunks_in_place: 1.
 - new_chunks_are_fully_committed: 0.
 - uncommit_free_chunks: 1.
 - use_allocation_guard: 0.
 - handle_deallocations: 1.


Internal statistics:

num_allocs_failed_limit: 0.
num_arena_births: 106.
num_arena_deaths: 0.
num_vsnodes_births: 2.
num_vsnodes_deaths: 0.
num_space_committed: 124.
num_space_uncommitted: 0.
num_chunks_returned_to_freelist: 0.
num_chunks_taken_from_freelist: 186.
num_chunk_merges: 0.
num_chunk_splits: 125.
num_chunks_enlarged: 85.
num_purges: 0.
num_inconsistent_stats: 0.

CodeCache: size=49152Kb used=5086Kb max_used=5086Kb free=44065Kb
 bounds [0x00007f4039600000, 0x00007f4039b00000, 0x00007f403c600000]
 total_blobs=1673 nmethods=1183 adapters=415
 compilation: enabled
              stopped_count=0, restarted_count=0
 full_count=0

Compilation events (20 events):
Event: 0,466 Thread 0x00007f4044171300 1176       1       sun.awt.image.ByteInterleavedRaster::getDataOffset (7 bytes)
Event: 0,466 Thread 0x00007f3ffc0b6920 nmethod 1171 0x00007f4039af1710 code [0x00007f4039af18e0, 0x00007f4039af19e0]
Event: 0,466 Thread 0x00007f3ffc0b6920 1177       1       sun.awt.image.SunWritableRaster::markDirty (8 bytes)
Event: 0,466 Thread 0x00007f4044171300 nmethod 1176 0x00007f4039af1a90 code [0x00007f4039af1c20, 0x00007f4039af1d10]
Event: 0,466 Thread 0x00007f4044171300 1178       1       sun.java2d.StateTrackableDelegate::markDirty (6 bytes)
Event: 0,466 Thread 0x00007f3ffc0b5710 nmethod 1172 0x00007f4039af1e10 code [0x00007f4039af1fe0, 0x00007f4039af2220]
Event: 0,466 Thread 0x00007f3ffc0b6920 nmethod 1177 0x00007f4039af2390 code [0x00007f4039af2520, 0x00007f4039af2610]
Event: 0,466 Thread 0x00007f3ffc0b5710 1179       1       javax.imageio.ImageReader::processImageUpdate (73 bytes)
Event: 0,466 Thread 0x00007f3fe803eb00 nmethod 1174 0x00007f4039af2710 code [0x00007f4039af28c0, 0x00007f4039af2af0]
Event: 0,466 Thread 0x00007f4044171300 nmethod 1178 0x00007f4039af2c10 code [0x00007f4039af2da0, 0x00007f4039af2e90]
Event: 0,467 Thread 0x00007f3fec08a530 nmethod 1175 0x00007f4039af2f10 code [0x00007f4039af3100, 0x00007f4039af36c0]
Event: 0,467 Thread 0x00007f3ffc0b5710 nmethod 1179 0x00007f4039af3a90 code [0x00007f4039af3c60, 0x00007f4039af3f00]
Event: 0,467 Thread 0x00007f3ffc0b6920 1180       1       sun.awt.image.ByteInterleavedRaster::getDataElements (15 bytes)
Event: 0,467 Thread 0x00007f3fec08a530 1181       1       sun.awt.image.ByteInterleavedRaster::getByteData (851 bytes)
Event: 0,467 Thread 0x00007f4044171300 1182       1       sun.awt.image.ByteInterleavedRaster::setDataElements (15 bytes)
Event: 0,467 Thread 0x00007f3fe803eb00 1183       1       sun.awt.image.ByteInterleavedRaster::putByteData (834 bytes)
Event: 0,467 Thread 0x00007f3ffc0b6920 nmethod 1180 0x00007f4039af4090 code [0x00007f4039af4240, 0x00007f4039af4340]
Event: 0,467 Thread 0x00007f4044171300 nmethod 1182 0x00007f4039af4410 code [0x00007f4039af45c0, 0x00007f4039af46c0]
Event: 0,468 Thread 0x00007f3fec08a530 nmethod 1181 0x00007f4039af4790 code [0x00007f4039af49e0, 0x00007f4039af5880]
Event: 0,468 Thread 0x00007f3fe803eb00 nmethod 1183 0x00007f4039af6290 code [0x00007f4039af64e0, 0x00007f4039af7080]

GC Heap History (0 events):
No events

Deoptimization events (0 events):
No events

Classes unloaded (0 events):
No events

Classes redefined (0 events):
No events

Internal exceptions (20 events):
Event: 0,096 Thread 0x00007f4044328100 Exception <a 'java/lang/NoSuchMethodError'{0x00000006e4794018}: 'java.lang.Object java.lang.invoke.DirectMethodHandle$Holder.invokeStaticInit(java.lang.Object)'> (0x00000006e4794018) 
thrown [open/src/hotspot/share/interpreter/linkResolver.cpp, line 758]
Event: 0,101 Thread 0x00007f4044328100 Exception <a 'java/lang/NoSuchMethodError'{0x00000006e47a2528}: 'void java.lang.invoke.DirectMethodHandle$Holder.invokeStatic(java.lang.Object, java.lang.Object)'> (0x00000006e47a2528) 
thrown [open/src/hotspot/share/interpreter/linkResolver.cpp, line 758]
Event: 0,126 Thread 0x00007f4044026510 Exception <a 'java/lang/NoSuchMethodError'{0x00000006e477ceb8}: 'int java.lang.invoke.DirectMethodHandle$Holder.invokeInterface(java.lang.Object, java.lang.Object)'> (0x00000006e477ceb8) 
thrown [open/src/hotspot/share/interpreter/linkResolver.cpp, line 758]
Event: 0,126 Thread 0x00007f4044026510 Exception <a 'java/lang/IncompatibleClassChangeError'{0x00000006e47804b8}: Found class java.lang.Object, but interface was expected> (0x00000006e47804b8) 
thrown [open/src/hotspot/share/interpreter/linkResolver.cpp, line 826]
Event: 0,180 Thread 0x00007f4044026510 Exception <a 'java/lang/NoSuchMethodError'{0x00000006e40a1330}: 'void java.lang.invoke.DirectMethodHandle$Holder.invokeStatic(java.lang.Object, java.lang.Object, java.lang.Object)'> (0x00000006e40a1330) 
thrown [open/src/hotspot/share/interpreter/linkResolver.cpp, line 758]
Event: 0,193 Thread 0x00007f4044026510 Exception <a 'java/lang/NoSuchMethodError'{0x00000006e40ec518}: 'int java.lang.invoke.DirectMethodHandle$Holder.invokeSpecial(java.lang.Object, java.lang.Object, java.lang.Object)'> (0x00000006e40ec518) 
thrown [open/src/hotspot/share/interpreter/linkResolver.cpp, line 758]
Event: 0,238 Thread 0x00007f4044026510 Exception <a 'java/lang/NoSuchMethodError'{0x00000006e42e66c0}: 'int java.lang.invoke.DirectMethodHandle$Holder.invokeSpecialIFC(java.lang.Object, java.lang.Object, java.lang.Object)'> (0x00000006e42e66c0) 
thrown [open/src/hotspot/share/interpreter/linkResolver.cpp, line 758]
Event: 0,267 Thread 0x00007f4044026510 Exception <a 'java/lang/ClassNotFoundException'{0x00000006e437dac8}: javax/management/remote/rmi/RMIServerImpl_Skel> (0x00000006e437dac8) 
thrown [open/src/hotspot/share/classfile/systemDictionary.cpp, line 256]
Event: 0,308 Thread 0x00007f4044026510 Exception <a 'java/lang/ClassNotFoundException'{0x00000006e3d4ed28}: javax/smartcardio/CardPermission> (0x00000006e3d4ed28) 
thrown [open/src/hotspot/share/classfile/systemDictionary.cpp, line 256]
Event: 0,310 Thread 0x00007f4044026510 Exception <a 'java/io/FileNotFoundException'{0x00000006e3d5be00}> (0x00000006e3d5be00) 
thrown [open/src/hotspot/share/prims/jni.cpp, line 516]
Event: 0,362 Thread 0x00007f4044026510 Exception <a 'java/lang/ClassNotFoundException'{0x00000006e3f2b290}: sun/awt/resources/spi/awtProvider> (0x00000006e3f2b290) 
thrown [open/src/hotspot/share/classfile/systemDictionary.cpp, line 256]
Event: 0,365 Thread 0x00007f4044026510 Exception <a 'java/io/FileNotFoundException'{0x00000006e3f3d948}> (0x00000006e3f3d948) 
thrown [open/src/hotspot/share/prims/jni.cpp, line 516]
Event: 0,368 Thread 0x00007f4044026510 Exception <a 'java/io/FileNotFoundException'{0x00000006e3f6a6f0}> (0x00000006e3f6a6f0) 
thrown [open/src/hotspot/share/prims/jni.cpp, line 516]
Event: 0,416 Thread 0x00007f4044026510 Exception <a 'java/lang/NoSuchMethodError'{0x00000006e39b81b8}: 'java.lang.Object java.lang.invoke.DirectMethodHandle$Holder.invokeStatic(java.lang.Object, java.lang.Object, long, java.lang.Object)'> (0x00000006e39b81b8) 
thrown [open/src/hotspot/share/interpreter/linkResolver.cpp, line 758]
Event: 0,417 Thread 0x00007f4044026510 Exception <a 'java/lang/NoSuchMethodError'{0x00000006e39bbc50}: 'java.lang.Object java.lang.invoke.DirectMethodHandle$Holder.invokeStaticInit(java.lang.Object, java.lang.Object, long, java.lang.Object)'> (0x00000006e39bbc50) 
thrown [open/src/hotspot/share/interpreter/linkResolver.cpp, line 758]
Event: 0,417 Thread 0x00007f4044026510 Exception <a 'java/lang/NoSuchMethodError'{0x00000006e39c2260}: 'java.lang.Object java.lang.invoke.DirectMethodHandle$Holder.newInvokeSpecial(java.lang.Object, java.lang.Object, long)'> (0x00000006e39c2260) 
thrown [open/src/hotspot/share/interpreter/linkResolver.cpp, line 758]
Event: 0,417 Thread 0x00007f4044026510 Exception <a 'java/lang/NoSuchMethodError'{0x00000006e39c5dd0}: 'java.lang.Object java.lang.invoke.Invokers$Holder.linkToTargetMethod(java.lang.Object, long, java.lang.Object)'> (0x00000006e39c5dd0) 
thrown [open/src/hotspot/share/interpreter/linkResolver.cpp, line 758]
Event: 0,418 Thread 0x00007f4044026510 Exception <a 'java/lang/NoSuchMethodError'{0x00000006e39cd1a0}: 'java.lang.Object java.lang.invoke.DirectMethodHandle$Holder.newInvokeSpecial(java.lang.Object, java.lang.Object, java.lang.Object, int)'> (0x00000006e39cd1a0) 
thrown [open/src/hotspot/share/interpreter/linkResolver.cpp, line 758]
Event: 0,419 Thread 0x00007f4044026510 Exception <a 'java/lang/NoSuchMethodError'{0x00000006e39d1580}: 'java.lang.Object java.lang.invoke.DirectMethodHandle$Holder.invokeSpecial(java.lang.Object, java.lang.Object, java.lang.Object, java.lang.Object, int)'> (0x00000006e39d1580) 
thrown [open/src/hotspot/share/interpreter/linkResolver.cpp, line 758]
Event: 0,419 Thread 0x00007f4044026510 Exception <a 'java/lang/NoSuchMethodError'{0x00000006e39d5148}: 'java.lang.Object java.lang.invoke.Invokers$Holder.linkToTargetMethod(java.lang.Object, java.lang.Object, int, java.lang.Object)'> (0x00000006e39d5148) 
thrown [open/src/hotspot/share/interpreter/linkResolver.cpp, line 758]

VM Operations (14 events):
Event: 0,043 Executing VM operation: HandshakeAllThreads
Event: 0,043 Executing VM operation: HandshakeAllThreads done
Event: 0,094 Executing VM operation: HandshakeAllThreads
Event: 0,094 Executing VM operation: HandshakeAllThreads done
Event: 0,249 Executing VM operation: HandshakeAllThreads
Event: 0,249 Executing VM operation: HandshakeAllThreads done
Event: 0,266 Executing VM operation: HandshakeAllThreads
Event: 0,267 Executing VM operation: HandshakeAllThreads done
Event: 0,283 Executing VM operation: HandshakeAllThreads
Event: 0,283 Executing VM operation: HandshakeAllThreads done
Event: 0,372 Executing VM operation: HandshakeAllThreads
Event: 0,372 Executing VM operation: HandshakeAllThreads done
Event: 0,419 Executing VM operation: HandshakeAllThreads
Event: 0,419 Executing VM operation: HandshakeAllThreads done

Events (20 events):
Event: 0,464 loading class java/awt/ImageCapabilities
Event: 0,464 loading class java/awt/ImageCapabilities done
Event: 0,464 loading class java/awt/Image$1
Event: 0,464 loading class sun/awt/image/SurfaceManager$ImageAccessor
Event: 0,464 loading class sun/awt/image/SurfaceManager$ImageAccessor done
Event: 0,464 loading class java/awt/Image$1 done
Event: 0,465 loading class sun/awt/image/SurfaceManager
Event: 0,465 loading class sun/awt/image/SurfaceManager done
Event: 0,465 loading class java/awt/image/BufferedImage$1
Event: 0,465 loading class java/awt/image/BufferedImage$1 done
Event: 0,465 loading class sun/awt/image/IntegerComponentRaster
Event: 0,465 loading class sun/awt/image/IntegerComponentRaster done
Event: 0,465 loading class sun/awt/image/BytePackedRaster
Event: 0,465 loading class sun/awt/image/BytePackedRaster done
Event: 0,465 loading class com/sun/imageio/plugins/common/ReaderUtil
Event: 0,465 loading class com/sun/imageio/plugins/common/ReaderUtil done
Event: 0,466 loading class javax/imageio/IIOImage
Event: 0,466 loading class javax/imageio/IIOImage done
Event: 0,467 loading class java/lang/StrictMath
Event: 0,468 loading class java/lang/StrictMath done


Dynamic libraries:
6d1800000-6e4800000 rw-p 00000000 00:00 0 
6e4800000-7ff800000 ---p 00000000 00:00 0 
7ff800000-7ffb00000 rw-p 00000000 00:00 0 
7ffb00000-7ffb76000 rw-p 00c9f000 103:02 9830785                         /usr/lib/jvm/jdk-17/lib/server/classes.jsa
7ffb76000-7ffc00000 rw-p 00000000 00:00 0 
7ffc00000-7ffc83000 rw-p 00c1c000 103:02 9830785                         /usr/lib/jvm/jdk-17/lib/server/classes.jsa
7ffc83000-800000000 rw-p 00000000 00:00 0 
800000000-800459000 rw-p 00001000 103:02 9830785                         /usr/lib/jvm/jdk-17/lib/server/classes.jsa
800459000-800be3000 r--p 0045a000 103:02 9830785                         /usr/lib/jvm/jdk-17/lib/server/classes.jsa
800be3000-800c00000 ---p 00000000 00:00 0 
800c00000-800c20000 rw-p 00000000 00:00 0 
800c20000-800c40000 rw-p 00000000 00:00 0 
800c40000-800cc0000 rw-p 00000000 00:00 0 
800cc0000-800cf0000 rw-p 00000000 00:00 0 
800cf0000-840c00000 ---p 00000000 00:00 0 
555b33865000-555b33866000 r-xp 00000000 103:02 9830839                   /usr/lib/jvm/jdk-17/bin/java
555b33867000-555b33868000 r--p 00001000 103:02 9830839                   /usr/lib/jvm/jdk-17/bin/java
555b33868000-555b33869000 rw-p 00002000 103:02 9830839                   /usr/lib/jvm/jdk-17/bin/java
555b351bf000-555b351e0000 rw-p 00000000 00:00 0                          [heap]
7f3fc0000000-7f3fc0021000 rw-p 00000000 00:00 0 
7f3fc0021000-7f3fc4000000 ---p 00000000 00:00 0 
7f3fc8000000-7f3fc8021000 rw-p 00000000 00:00 0 
7f3fc8021000-7f3fcc000000 ---p 00000000 00:00 0 
7f3fcc000000-7f3fcc021000 rw-p 00000000 00:00 0 
7f3fcc021000-7f3fd0000000 ---p 00000000 00:00 0 
7f3fd0000000-7f3fd0021000 rw-p 00000000 00:00 0 
7f3fd0021000-7f3fd4000000 ---p 00000000 00:00 0 
7f3fd4000000-7f3fd4021000 rw-p 00000000 00:00 0 
7f3fd4021000-7f3fd8000000 ---p 00000000 00:00 0 
7f3fd8000000-7f3fd8021000 rw-p 00000000 00:00 0 
7f3fd8021000-7f3fdc000000 ---p 00000000 00:00 0 
7f3fdc000000-7f3fdc021000 rw-p 00000000 00:00 0 
7f3fdc021000-7f3fe0000000 ---p 00000000 00:00 0 
7f3fe0000000-7f3fe0033000 rw-p 00000000 00:00 0 
7f3fe0033000-7f3fe4000000 ---p 00000000 00:00 0 
7f3fe4000000-7f3fe4021000 rw-p 00000000 00:00 0 
7f3fe4021000-7f3fe8000000 ---p 00000000 00:00 0 
7f3fe8000000-7f3fe808b000 rw-p 00000000 00:00 0 
7f3fe808b000-7f3fec000000 ---p 00000000 00:00 0 
7f3fec000000-7f3fec1c0000 rw-p 00000000 00:00 0 
7f3fec1c0000-7f3ff0000000 ---p 00000000 00:00 0 
7f3ff0000000-7f3ff0021000 rw-p 00000000 00:00 0 
7f3ff0021000-7f3ff4000000 ---p 00000000 00:00 0 
7f3ff4000000-7f3ff4021000 rw-p 00000000 00:00 0 
7f3ff4021000-7f3ff8000000 ---p 00000000 00:00 0 
7f3ff8000000-7f3ff8021000 rw-p 00000000 00:00 0 
7f3ff8021000-7f3ffc000000 ---p 00000000 00:00 0 
7f3ffc000000-7f3ffc112000 rw-p 00000000 00:00 0 
7f3ffc112000-7f4000000000 ---p 00000000 00:00 0 
7f4000000000-7f4000021000 rw-p 00000000 00:00 0 
7f4000021000-7f4004000000 ---p 00000000 00:00 0 
7f4004000000-7f4004021000 rw-p 00000000 00:00 0 
7f4004021000-7f4008000000 ---p 00000000 00:00 0 
7f4008000000-7f4008021000 rw-p 00000000 00:00 0 
7f4008021000-7f400c000000 ---p 00000000 00:00 0 
7f400c000000-7f400c021000 rw-p 00000000 00:00 0 
7f400c021000-7f4010000000 ---p 00000000 00:00 0 
7f4010000000-7f4010021000 rw-p 00000000 00:00 0 
7f4010021000-7f4014000000 ---p 00000000 00:00 0 
7f4014000000-7f4014021000 rw-p 00000000 00:00 0 
7f4014021000-7f4018000000 ---p 00000000 00:00 0 
7f4018000000-7f4018021000 rw-p 00000000 00:00 0 
7f4018021000-7f401c000000 ---p 00000000 00:00 0 
7f401c200000-7f401c29a000 r--p 00000000 103:02 9576713                   /usr/lib/x86_64-linux-gnu/libstdc++.so.6.0.30
7f401c29a000-7f401c3aa000 r-xp 0009a000 103:02 9576713                   /usr/lib/x86_64-linux-gnu/libstdc++.so.6.0.30
7f401c3aa000-7f401c419000 r--p 001aa000 103:02 9576713                   /usr/lib/x86_64-linux-gnu/libstdc++.so.6.0.30
7f401c419000-7f401c424000 r--p 00218000 103:02 9576713                   /usr/lib/x86_64-linux-gnu/libstdc++.so.6.0.30
7f401c424000-7f401c427000 rw-p 00223000 103:02 9576713                   /usr/lib/x86_64-linux-gnu/libstdc++.so.6.0.30
7f401c427000-7f401c42a000 rw-p 00000000 00:00 0 
7f401c476000-7f401c47a000 ---p 00000000 00:00 0 
7f401c47a000-7f401c576000 rw-p 00000000 00:00 0 
7f401c576000-7f401c577000 r--p 00000000 103:02 9575648                   /usr/lib/x86_64-linux-gnu/libdeflate.so.0
7f401c577000-7f401c596000 r-xp 00001000 103:02 9575648                   /usr/lib/x86_64-linux-gnu/libdeflate.so.0
7f401c596000-7f401c59b000 r--p 00020000 103:02 9575648                   /usr/lib/x86_64-linux-gnu/libdeflate.so.0
7f401c59b000-7f401c59c000 r--p 00024000 103:02 9575648                   /usr/lib/x86_64-linux-gnu/libdeflate.so.0
7f401c59c000-7f401c59d000 rw-p 00025000 103:02 9575648                   /usr/lib/x86_64-linux-gnu/libdeflate.so.0
7f401c59d000-7f401c5a1000 r--p 00000000 103:02 9575043                   /usr/lib/x86_64-linux-gnu/libLerc.so.3
7f401c5a1000-7f401c5f8000 r-xp 00004000 103:02 9575043                   /usr/lib/x86_64-linux-gnu/libLerc.so.3
7f401c5f8000-7f401c5fe000 r--p 0005b000 103:02 9575043                   /usr/lib/x86_64-linux-gnu/libLerc.so.3
7f401c5fe000-7f401c5ff000 r--p 00061000 103:02 9575043                   /usr/lib/x86_64-linux-gnu/libLerc.so.3
7f401c5ff000-7f401c600000 rw-p 00062000 103:02 9575043                   /usr/lib/x86_64-linux-gnu/libLerc.so.3
7f401c600000-7f401c632000 r--p 00000000 103:02 9571244                   /usr/lib/libleptonica.so.6.0.0
7f401c632000-7f401c81c000 r-xp 00032000 103:02 9571244                   /usr/lib/libleptonica.so.6.0.0
7f401c81c000-7f401c8b8000 r--p 0021c000 103:02 9571244                   /usr/lib/libleptonica.so.6.0.0
7f401c8b8000-7f401c8b9000 r--p 002b8000 103:02 9571244                   /usr/lib/libleptonica.so.6.0.0
7f401c8b9000-7f401c8c2000 rw-p 002b9000 103:02 9571244                   /usr/lib/libleptonica.so.6.0.0
7f401c8e5000-7f401c8ea000 r--p 00000000 103:02 9577017                   /usr/lib/x86_64-linux-gnu/libzstd.so.1.5.2
7f401c8ea000-7f401c982000 r-xp 00005000 103:02 9577017                   /usr/lib/x86_64-linux-gnu/libzstd.so.1.5.2
7f401c982000-7f401c992000 r--p 0009d000 103:02 9577017                   /usr/lib/x86_64-linux-gnu/libzstd.so.1.5.2
7f401c992000-7f401c993000 r--p 000ac000 103:02 9577017                   /usr/lib/x86_64-linux-gnu/libzstd.so.1.5.2
7f401c993000-7f401c994000 rw-p 000ad000 103:02 9577017                   /usr/lib/x86_64-linux-gnu/libzstd.so.1.5.2
7f401c994000-7f401c996000 r--p 00000000 103:02 9576890                   /usr/lib/x86_64-linux-gnu/libwebp.so.7.1.3
7f401c996000-7f401c9eb000 r-xp 00002000 103:02 9576890                   /usr/lib/x86_64-linux-gnu/libwebp.so.7.1.3
7f401c9eb000-7f401c9fc000 r--p 00057000 103:02 9576890                   /usr/lib/x86_64-linux-gnu/libwebp.so.7.1.3
7f401c9fc000-7f401c9fd000 r--p 00067000 103:02 9576890                   /usr/lib/x86_64-linux-gnu/libwebp.so.7.1.3
7f401c9fd000-7f401c9fe000 rw-p 00068000 103:02 9576890                   /usr/lib/x86_64-linux-gnu/libwebp.so.7.1.3
7f401c9fe000-7f401ca00000 rw-p 00000000 00:00 0 
7f401ca00000-7f401ca86000 r--p 00000000 103:02 9571264                   /usr/lib/libtesseract.so.5.0.3
7f401ca86000-7f401ccbd000 r-xp 00086000 103:02 9571264                   /usr/lib/libtesseract.so.5.0.3
7f401ccbd000-7f401cd63000 r--p 002bd000 103:02 9571264                   /usr/lib/libtesseract.so.5.0.3
7f401cd63000-7f401cd67000 r--p 00362000 103:02 9571264                   /usr/lib/libtesseract.so.5.0.3
7f401cd67000-7f401cd6e000 rw-p 00366000 103:02 9571264                   /usr/lib/libtesseract.so.5.0.3
7f401cd6e000-7f401cd71000 rw-p 00000000 00:00 0 
7f401cd75000-7f401cd7e000 r--p 00000000 103:02 9579694                   /usr/lib/x86_64-linux-gnu/libtiff.so.5.8.0
7f401cd7e000-7f401cdc9000 r-xp 00009000 103:02 9579694                   /usr/lib/x86_64-linux-gnu/libtiff.so.5.8.0
7f401cdc9000-7f401cdfa000 r--p 00054000 103:02 9579694                   /usr/lib/x86_64-linux-gnu/libtiff.so.5.8.0
7f401cdfa000-7f401cdff000 r--p 00084000 103:02 9579694                   /usr/lib/x86_64-linux-gnu/libtiff.so.5.8.0
7f401cdff000-7f401ce00000 rw-p 00089000 103:02 9579694                   /usr/lib/x86_64-linux-gnu/libtiff.so.5.8.0
7f401ce00000-7f401ce1e000 r-xp 00000000 103:02 1712551                   /home/luiz/.cache/JNA/temp/jna8348253806424772686.tmp (deleted)
7f401ce1e000-7f401d01d000 ---p 0001e000 103:02 1712551                   /home/luiz/.cache/JNA/temp/jna8348253806424772686.tmp (deleted)
7f401d01d000-7f401d01e000 rw-p 0001d000 103:02 1712551                   /home/luiz/.cache/JNA/temp/jna8348253806424772686.tmp (deleted)
7f401d01e000-7f401d01f000 rw-p 00000000 00:00 0 
7f401d023000-7f401d025000 r--p 00000000 103:02 9575807                   /usr/lib/x86_64-linux-gnu/libjbig.so.0
7f401d025000-7f401d02e000 r-xp 00002000 103:02 9575807                   /usr/lib/x86_64-linux-gnu/libjbig.so.0
7f401d02e000-7f401d030000 r--p 0000b000 103:02 9575807                   /usr/lib/x86_64-linux-gnu/libjbig.so.0
7f401d030000-7f401d031000 r--p 0000c000 103:02 9575807                   /usr/lib/x86_64-linux-gnu/libjbig.so.0
7f401d031000-7f401d034000 rw-p 0000d000 103:02 9575807                   /usr/lib/x86_64-linux-gnu/libjbig.so.0
7f401d034000-7f401d037000 r--p 00000000 103:02 9576183                   /usr/lib/x86_64-linux-gnu/liblzma.so.5.2.5
7f401d037000-7f401d052000 r-xp 00003000 103:02 9576183                   /usr/lib/x86_64-linux-gnu/liblzma.so.5.2.5
7f401d052000-7f401d05d000 r--p 0001e000 103:02 9576183                   /usr/lib/x86_64-linux-gnu/liblzma.so.5.2.5
7f401d05d000-7f401d05e000 r--p 00028000 103:02 9576183                   /usr/lib/x86_64-linux-gnu/liblzma.so.5.2.5
7f401d05e000-7f401d05f000 rw-p 00029000 103:02 9576183                   /usr/lib/x86_64-linux-gnu/liblzma.so.5.2.5
7f401d05f000-7f401d063000 r--p 00000000 103:02 9576058                   /usr/lib/x86_64-linux-gnu/libjpeg.so.8.2.2
7f401d063000-7f401d0ac000 r-xp 00004000 103:02 9576058                   /usr/lib/x86_64-linux-gnu/libjpeg.so.8.2.2
7f401d0ac000-7f401d0de000 r--p 0004d000 103:02 9576058                   /usr/lib/x86_64-linux-gnu/libjpeg.so.8.2.2
7f401d0de000-7f401d0df000 r--p 0007e000 103:02 9576058                   /usr/lib/x86_64-linux-gnu/libjpeg.so.8.2.2
7f401d0df000-7f401d0e0000 rw-p 0007f000 103:02 9576058                   /usr/lib/x86_64-linux-gnu/libjpeg.so.8.2.2
7f401d0e0000-7f401d0e5000 r--p 00000000 103:02 9576467                   /usr/lib/x86_64-linux-gnu/libpng16.so.16.38.0
7f401d0e5000-7f401d10c000 r-xp 00005000 103:02 9576467                   /usr/lib/x86_64-linux-gnu/libpng16.so.16.38.0
7f401d10c000-7f401d116000 r--p 0002c000 103:02 9576467                   /usr/lib/x86_64-linux-gnu/libpng16.so.16.38.0
7f401d116000-7f401d117000 r--p 00035000 103:02 9576467                   /usr/lib/x86_64-linux-gnu/libpng16.so.16.38.0
7f401d117000-7f401d118000 rw-p 00036000 103:02 9576467                   /usr/lib/x86_64-linux-gnu/libpng16.so.16.38.0
7f401d118000-7f401d122000 r--p 00000000 103:02 9575876                   /usr/lib/x86_64-linux-gnu/libgomp.so.1.0.0
7f401d122000-7f401d153000 r-xp 0000a000 103:02 9575876                   /usr/lib/x86_64-linux-gnu/libgomp.so.1.0.0
7f401d153000-7f401d160000 r--p 0003b000 103:02 9575876                   /usr/lib/x86_64-linux-gnu/libgomp.so.1.0.0
7f401d160000-7f401d161000 r--p 00047000 103:02 9575876                   /usr/lib/x86_64-linux-gnu/libgomp.so.1.0.0
7f401d161000-7f401d162000 rw-p 00048000 103:02 9575876                   /usr/lib/x86_64-linux-gnu/libgomp.so.1.0.0
7f401d162000-7f401d165000 r--p 00000000 103:02 9575836                   /usr/lib/x86_64-linux-gnu/libgcc_s.so.1
7f401d165000-7f401d17c000 r-xp 00003000 103:02 9575836                   /usr/lib/x86_64-linux-gnu/libgcc_s.so.1
7f401d17c000-7f401d180000 r--p 0001a000 103:02 9575836                   /usr/lib/x86_64-linux-gnu/libgcc_s.so.1
7f401d180000-7f401d181000 r--p 0001d000 103:02 9575836                   /usr/lib/x86_64-linux-gnu/libgcc_s.so.1
7f401d181000-7f401d182000 rw-p 0001e000 103:02 9575836                   /usr/lib/x86_64-linux-gnu/libgcc_s.so.1
7f401d182000-7f401d186000 ---p 00000000 00:00 0 
7f401d186000-7f401d1a4000 rw-p 00000000 00:00 0 
7f401d1a4000-7f401d1a8000 ---p 00000000 00:00 0 
7f401d1a8000-7f401d2a4000 rw-p 00000000 00:00 0 
7f401d2a4000-7f401d2af000 r--p 00000000 103:02 9576973                   /usr/lib/x86_64-linux-gnu/libxcb.so.1.1.0
7f401d2af000-7f401d2c3000 r-xp 0000b000 103:02 9576973                   /usr/lib/x86_64-linux-gnu/libxcb.so.1.1.0
7f401d2c3000-7f401d2cc000 r--p 0001f000 103:02 9576973                   /usr/lib/x86_64-linux-gnu/libxcb.so.1.1.0
7f401d2cc000-7f401d2cd000 r--p 00027000 103:02 9576973                   /usr/lib/x86_64-linux-gnu/libxcb.so.1.1.0
7f401d2cd000-7f401d2ce000 rw-p 00028000 103:02 9576973                   /usr/lib/x86_64-linux-gnu/libxcb.so.1.1.0
7f401d2ce000-7f401d2e7000 r--p 00000000 103:02 9575212                   /usr/lib/x86_64-linux-gnu/libX11.so.6.4.0
7f401d2e7000-7f401d372000 r-xp 00019000 103:02 9575212                   /usr/lib/x86_64-linux-gnu/libX11.so.6.4.0
7f401d372000-7f401d407000 r--p 000a4000 103:02 9575212                   /usr/lib/x86_64-linux-gnu/libX11.so.6.4.0
7f401d407000-7f401d408000 r--p 00139000 103:02 9575212                   /usr/lib/x86_64-linux-gnu/libX11.so.6.4.0
7f401d408000-7f401d40c000 rw-p 0013a000 103:02 9575212                   /usr/lib/x86_64-linux-gnu/libX11.so.6.4.0
7f401d40c000-7f401d4cc000 r-xp 00000000 103:02 9830805                   /usr/lib/jvm/jdk-17/lib/libawt.so
7f401d4cc000-7f401d4ce000 r--p 000bf000 103:02 9830805                   /usr/lib/jvm/jdk-17/lib/libawt.so
7f401d4ce000-7f401d4d9000 rw-p 000c1000 103:02 9830805                   /usr/lib/jvm/jdk-17/lib/libawt.so
7f401d4d9000-7f401d4fe000 rw-p 00000000 00:00 0 
7f401d4fe000-7f401d502000 ---p 00000000 00:00 0 
7f401d502000-7f401d5fe000 rw-p 00000000 00:00 0 
7f401d5fe000-7f401d602000 ---p 00000000 00:00 0 
7f401d602000-7f401d6fe000 rw-p 00000000 00:00 0 
7f401d6fe000-7f401d6ff000 ---p 00000000 00:00 0 
7f401d6ff000-7f401d800000 rw-p 00000000 00:00 0 
7f401d800000-7f401d804000 ---p 00000000 00:00 0 
7f401d804000-7f401d900000 rw-p 00000000 00:00 0 
7f401d900000-7f401d904000 ---p 00000000 00:00 0 
7f401d904000-7f401da00000 rw-p 00000000 00:00 0 
7f401da00000-7f401da04000 ---p 00000000 00:00 0 
7f401da04000-7f401db00000 rw-p 00000000 00:00 0 
7f401db00000-7f401db04000 ---p 00000000 00:00 0 
7f401db04000-7f401dc00000 rw-p 00000000 00:00 0 
7f401dc00000-7f401dc04000 ---p 00000000 00:00 0 
7f401dc04000-7f401dd00000 rw-p 00000000 00:00 0 
7f401dd00000-7f401dd04000 ---p 00000000 00:00 0 
7f401dd04000-7f401de00000 rw-p 00000000 00:00 0 
7f401de00000-7f401de04000 ---p 00000000 00:00 0 
7f401de04000-7f401df00000 rw-p 00000000 00:00 0 
7f401df00000-7f401df04000 ---p 00000000 00:00 0 
7f401df04000-7f401e000000 rw-p 00000000 00:00 0 
7f401e000000-7f401e004000 ---p 00000000 00:00 0 
7f401e004000-7f401e100000 rw-p 00000000 00:00 0 
7f401e100000-7f401e104000 ---p 00000000 00:00 0 
7f401e104000-7f401e200000 rw-p 00000000 00:00 0 
7f401e200000-7f401e775000 r--p 00000000 103:02 9574110                   /usr/lib/locale/locale-archive
7f401e776000-7f401e778000 r--p 00000000 103:02 9576204                   /usr/lib/x86_64-linux-gnu/libmd.so.0.0.5
7f401e778000-7f401e77f000 r-xp 00002000 103:02 9576204                   /usr/lib/x86_64-linux-gnu/libmd.so.0.0.5
7f401e77f000-7f401e781000 r--p 00009000 103:02 9576204                   /usr/lib/x86_64-linux-gnu/libmd.so.0.0.5
7f401e781000-7f401e782000 r--p 0000a000 103:02 9576204                   /usr/lib/x86_64-linux-gnu/libmd.so.0.0.5
7f401e782000-7f401e783000 rw-p 0000b000 103:02 9576204                   /usr/lib/x86_64-linux-gnu/libmd.so.0.0.5
7f401e783000-7f401e787000 r--p 00000000 103:02 9575532                   /usr/lib/x86_64-linux-gnu/libbsd.so.0.11.6
7f401e787000-7f401e794000 r-xp 00004000 103:02 9575532                   /usr/lib/x86_64-linux-gnu/libbsd.so.0.11.6
7f401e794000-7f401e797000 r--p 00011000 103:02 9575532                   /usr/lib/x86_64-linux-gnu/libbsd.so.0.11.6
7f401e797000-7f401e798000 ---p 00014000 103:02 9575532                   /usr/lib/x86_64-linux-gnu/libbsd.so.0.11.6
7f401e798000-7f401e799000 r--p 00014000 103:02 9575532                   /usr/lib/x86_64-linux-gnu/libbsd.so.0.11.6
7f401e799000-7f401e79a000 rw-p 00015000 103:02 9575532                   /usr/lib/x86_64-linux-gnu/libbsd.so.0.11.6
7f401e79a000-7f401e79b000 rw-p 00000000 00:00 0 
7f401e79b000-7f401e7f8000 r-xp 00000000 103:02 9830832                   /usr/lib/jvm/jdk-17/lib/libawt_xawt.so
7f401e7f8000-7f401e7f9000 ---p 0005d000 103:02 9830832                   /usr/lib/jvm/jdk-17/lib/libawt_xawt.so
7f401e7f9000-7f401e7fa000 r--p 0005d000 103:02 9830832                   /usr/lib/jvm/jdk-17/lib/libawt_xawt.so
7f401e7fa000-7f401e7fc000 rw-p 0005e000 103:02 9830832                   /usr/lib/jvm/jdk-17/lib/libawt_xawt.so
7f401e7fc000-7f401e7fe000 rw-p 00000000 00:00 0 
7f401e7fe000-7f401e802000 ---p 00000000 00:00 0 
7f401e802000-7f401e8fe000 rw-p 00000000 00:00 0 
7f401e8fe000-7f401e902000 ---p 00000000 00:00 0 
7f401e902000-7f401e9fe000 rw-p 00000000 00:00 0 
7f401e9fe000-7f401ea02000 ---p 00000000 00:00 0 
7f401ea02000-7f401eafe000 rw-p 00000000 00:00 0 
7f401eafe000-7f401eaff000 ---p 00000000 00:00 0 
7f401eaff000-7f401f000000 rw-p 00000000 00:00 0 
7f401f000000-7f401f100000 rw-p 00000000 00:00 0 
7f401f100000-7f401f200000 rw-p 00000000 00:00 0 
7f401f200000-7f401f260000 rw-p 00000000 00:00 0 
7f401f260000-7f401f300000 ---p 00000000 00:00 0 
7f401f300000-7f401f370000 rw-p 00000000 00:00 0 
7f401f370000-7f401f400000 ---p 00000000 00:00 0 
7f401f407000-7f401f409000 r--p 00000000 103:02 9575227                   /usr/lib/x86_64-linux-gnu/libXdmcp.so.6.0.0
7f401f409000-7f401f40b000 r-xp 00002000 103:02 9575227                   /usr/lib/x86_64-linux-gnu/libXdmcp.so.6.0.0
7f401f40b000-7f401f40d000 r--p 00004000 103:02 9575227                   /usr/lib/x86_64-linux-gnu/libXdmcp.so.6.0.0
7f401f40d000-7f401f40e000 r--p 00005000 103:02 9575227                   /usr/lib/x86_64-linux-gnu/libXdmcp.so.6.0.0
7f401f40e000-7f401f40f000 rw-p 00006000 103:02 9575227                   /usr/lib/x86_64-linux-gnu/libXdmcp.so.6.0.0
7f401f40f000-7f401f412000 r--p 00000000 103:02 9575237                   /usr/lib/x86_64-linux-gnu/libXi.so.6.1.0
7f401f412000-7f401f41e000 r-xp 00003000 103:02 9575237                   /usr/lib/x86_64-linux-gnu/libXi.so.6.1.0
7f401f41e000-7f401f421000 r--p 0000f000 103:02 9575237                   /usr/lib/x86_64-linux-gnu/libXi.so.6.1.0
7f401f421000-7f401f422000 r--p 00011000 103:02 9575237                   /usr/lib/x86_64-linux-gnu/libXi.so.6.1.0
7f401f422000-7f401f423000 rw-p 00012000 103:02 9575237                   /usr/lib/x86_64-linux-gnu/libXi.so.6.1.0
7f401f423000-7f401f4f1000 r-xp 00000000 103:02 9830804                   /usr/lib/jvm/jdk-17/lib/libjsvml.so
7f401f4f1000-7f401f4f2000 r--p 000cd000 103:02 9830804                   /usr/lib/jvm/jdk-17/lib/libjsvml.so
7f401f4f2000-7f401f4f3000 rw-p 000ce000 103:02 9830804                   /usr/lib/jvm/jdk-17/lib/libjsvml.so
7f401f4f3000-7f401f4f4000 ---p 00000000 00:00 0 
7f401f4f4000-7f401f5f5000 rw-p 00000000 00:00 0 
7f401f5f5000-7f401f5f6000 ---p 00000000 00:00 0 
7f401f5f6000-7f4020000000 rw-p 00000000 00:00 0 
7f4020000000-7f4020021000 rw-p 00000000 00:00 0 
7f4020021000-7f4024000000 ---p 00000000 00:00 0 
7f4024000000-7f4024021000 rw-p 00000000 00:00 0 
7f4024021000-7f4028000000 ---p 00000000 00:00 0 
7f4028000000-7f4028021000 rw-p 00000000 00:00 0 
7f4028021000-7f402c000000 ---p 00000000 00:00 0 
7f402c006000-7f402c008000 r--p 00000000 103:02 9575249                   /usr/lib/x86_64-linux-gnu/libXrender.so.1.3.0
7f402c008000-7f402c00f000 r-xp 00002000 103:02 9575249                   /usr/lib/x86_64-linux-gnu/libXrender.so.1.3.0
7f402c00f000-7f402c011000 r--p 00009000 103:02 9575249                   /usr/lib/x86_64-linux-gnu/libXrender.so.1.3.0
7f402c011000-7f402c012000 r--p 0000a000 103:02 9575249                   /usr/lib/x86_64-linux-gnu/libXrender.so.1.3.0
7f402c012000-7f402c013000 rw-p 0000b000 103:02 9575249                   /usr/lib/x86_64-linux-gnu/libXrender.so.1.3.0
7f402c013000-7f402c017000 r--p 00000000 103:02 9575229                   /usr/lib/x86_64-linux-gnu/libXext.so.6.4.0
7f402c017000-7f402c022000 r-xp 00004000 103:02 9575229                   /usr/lib/x86_64-linux-gnu/libXext.so.6.4.0
7f402c022000-7f402c026000 r--p 0000f000 103:02 9575229                   /usr/lib/x86_64-linux-gnu/libXext.so.6.4.0
7f402c026000-7f402c027000 r--p 00012000 103:02 9575229                   /usr/lib/x86_64-linux-gnu/libXext.so.6.4.0
7f402c027000-7f402c028000 rw-p 00013000 103:02 9575229                   /usr/lib/x86_64-linux-gnu/libXext.so.6.4.0
7f402c03e000-7f402c062000 r--p 00000000 103:02 10623191                  /usr/share/locale-langpack/pt_BR/LC_MESSAGES/libc.mo
7f402c062000-7f402e724000 rw-p 00000000 00:00 0 
7f402e724000-7f4032de4000 ---p 00000000 00:00 0 
7f4032de4000-7f40332c4000 rw-p 00000000 00:00 0 
7f40332c4000-7f4037984000 ---p 00000000 00:00 0 
7f4037984000-7f4037a3c000 rw-p 00000000 00:00 0 
7f4037a3c000-7f4038314000 ---p 00000000 00:00 0 
7f4038314000-7f40383b0000 rw-p 00000000 00:00 0 
7f40383b0000-7f4038c88000 ---p 00000000 00:00 0 
7f4038c88000-7f4038d24000 rw-p 00000000 00:00 0 
7f4038d24000-7f40395fc000 ---p 00000000 00:00 0 
7f40395fc000-7f4039600000 rw-p 00000000 00:00 0 
7f4039600000-7f4039b00000 rwxp 00000000 00:00 0 
7f4039b00000-7f403c600000 ---p 00000000 00:00 0 
7f403c600000-7f4043f0e000 r--s 00000000 103:02 9830784                   /usr/lib/jvm/jdk-17/lib/modules
7f4043f0e000-7f4043f0f000 r--p 00000000 103:02 9575216                   /usr/lib/x86_64-linux-gnu/libXau.so.6.0.0
7f4043f0f000-7f4043f11000 r-xp 00001000 103:02 9575216                   /usr/lib/x86_64-linux-gnu/libXau.so.6.0.0
7f4043f11000-7f4043f12000 r--p 00003000 103:02 9575216                   /usr/lib/x86_64-linux-gnu/libXau.so.6.0.0
7f4043f12000-7f4043f13000 r--p 00003000 103:02 9575216                   /usr/lib/x86_64-linux-gnu/libXau.so.6.0.0
7f4043f13000-7f4043f14000 rw-p 00004000 103:02 9575216                   /usr/lib/x86_64-linux-gnu/libXau.so.6.0.0
7f4043f14000-7f4043f21000 r-xp 00000000 103:02 9830826                   /usr/lib/jvm/jdk-17/lib/libverify.so
7f4043f21000-7f4043f23000 r--p 0000c000 103:02 9830826                   /usr/lib/jvm/jdk-17/lib/libverify.so
7f4043f23000-7f4043f24000 rw-p 0000e000 103:02 9830826                   /usr/lib/jvm/jdk-17/lib/libverify.so
7f4043f24000-7f4044000000 rw-p 00000000 00:00 0 
7f4044000000-7f4045021000 rw-p 00000000 00:00 0 
7f4045021000-7f4048000000 ---p 00000000 00:00 0 
7f4048001000-7f4048003000 r--p 00000000 103:02 9575255                   /usr/lib/x86_64-linux-gnu/libXtst.so.6.1.0
7f4048003000-7f4048006000 r-xp 00002000 103:02 9575255                   /usr/lib/x86_64-linux-gnu/libXtst.so.6.1.0
7f4048006000-7f4048007000 r--p 00005000 103:02 9575255                   /usr/lib/x86_64-linux-gnu/libXtst.so.6.1.0
7f4048007000-7f4048008000 r--p 00005000 103:02 9575255                   /usr/lib/x86_64-linux-gnu/libXtst.so.6.1.0
7f4048008000-7f4048009000 rw-p 00006000 103:02 9575255                   /usr/lib/x86_64-linux-gnu/libXtst.so.6.1.0
7f4048009000-7f404801e000 r-xp 00000000 103:02 9830792                   /usr/lib/jvm/jdk-17/lib/libnet.so
7f404801e000-7f404801f000 ---p 00015000 103:02 9830792                   /usr/lib/jvm/jdk-17/lib/libnet.so
7f404801f000-7f4048020000 r--p 00015000 103:02 9830792                   /usr/lib/jvm/jdk-17/lib/libnet.so
7f4048020000-7f4048021000 rw-p 00016000 103:02 9830792                   /usr/lib/jvm/jdk-17/lib/libnet.so
7f4048021000-7f4048034000 r-xp 00000000 103:02 9830793                   /usr/lib/jvm/jdk-17/lib/libnio.so
7f4048034000-7f4048035000 r--p 00012000 103:02 9830793                   /usr/lib/jvm/jdk-17/lib/libnio.so
7f4048035000-7f4048036000 rw-p 00013000 103:02 9830793                   /usr/lib/jvm/jdk-17/lib/libnio.so
7f4048036000-7f4048279000 rw-p 00000000 00:00 0 
7f4048279000-7f404827a000 ---p 00000000 00:00 0 
7f404827a000-7f404837b000 rw-p 00000000 00:00 0 
7f404837b000-7f404837c000 ---p 00000000 00:00 0 
7f404837c000-7f404847d000 rw-p 00000000 00:00 0 
7f404847d000-7f404847e000 ---p 00000000 00:00 0 
7f404847e000-7f4049300000 rw-p 00000000 00:00 0 
7f4049300000-7f4049304000 ---p 00000000 00:00 0 
7f4049304000-7f4049400000 rw-p 00000000 00:00 0 
7f4049400000-7f404a533000 r-xp 00000000 103:02 9830786                   /usr/lib/jvm/jdk-17/lib/server/libjvm.so
7f404a533000-7f404a534000 ---p 01133000 103:02 9830786                   /usr/lib/jvm/jdk-17/lib/server/libjvm.so
7f404a534000-7f404a5e9000 r--p 01133000 103:02 9830786                   /usr/lib/jvm/jdk-17/lib/server/libjvm.so
7f404a5e9000-7f404a61c000 rw-p 011e8000 103:02 9830786                   /usr/lib/jvm/jdk-17/lib/server/libjvm.so
7f404a61c000-7f404a676000 rw-p 00000000 00:00 0 
7f404a676000-7f404a67d000 r--s 00000000 103:02 10225243                  /usr/lib/x86_64-linux-gnu/gconv/gconv-modules.cache
7f404a67d000-7f404a683000 r-xp 00000000 103:02 9830813                   /usr/lib/jvm/jdk-17/lib/libmanagement_ext.so
7f404a683000-7f404a684000 r--p 00005000 103:02 9830813                   /usr/lib/jvm/jdk-17/lib/libmanagement_ext.so
7f404a684000-7f404a685000 rw-p 00006000 103:02 9830813                   /usr/lib/jvm/jdk-17/lib/libmanagement_ext.so
7f404a685000-7f404a68c000 r-xp 00000000 103:02 9830789                   /usr/lib/jvm/jdk-17/lib/libzip.so
7f404a68c000-7f404a68d000 ---p 00007000 103:02 9830789                   /usr/lib/jvm/jdk-17/lib/libzip.so
7f404a68d000-7f404a68e000 r--p 00007000 103:02 9830789                   /usr/lib/jvm/jdk-17/lib/libzip.so
7f404a68e000-7f404a68f000 rw-p 00008000 103:02 9830789                   /usr/lib/jvm/jdk-17/lib/libzip.so
7f404a68f000-7f404a699000 rw-p 00000000 00:00 0 
7f404a699000-7f404a6ef000 ---p 00000000 00:00 0 
7f404a6ef000-7f404a713000 r-xp 00000000 103:02 9830806                   /usr/lib/jvm/jdk-17/lib/libjava.so
7f404a713000-7f404a714000 ---p 00024000 103:02 9830806                   /usr/lib/jvm/jdk-17/lib/libjava.so
7f404a714000-7f404a715000 r--p 00024000 103:02 9830806                   /usr/lib/jvm/jdk-17/lib/libjava.so
7f404a715000-7f404a716000 rw-p 00025000 103:02 9830806                   /usr/lib/jvm/jdk-17/lib/libjava.so
7f404a716000-7f404a717000 rw-p 00000000 00:00 0 
7f404a717000-7f404a725000 r--p 00000000 103:02 9576186                   /usr/lib/x86_64-linux-gnu/libm.so.6
7f404a725000-7f404a7a3000 r-xp 0000e000 103:02 9576186                   /usr/lib/x86_64-linux-gnu/libm.so.6
7f404a7a3000-7f404a7fe000 r--p 0008c000 103:02 9576186                   /usr/lib/x86_64-linux-gnu/libm.so.6
7f404a7fe000-7f404a7ff000 r--p 000e6000 103:02 9576186                   /usr/lib/x86_64-linux-gnu/libm.so.6
7f404a7ff000-7f404a800000 rw-p 000e7000 103:02 9576186                   /usr/lib/x86_64-linux-gnu/libm.so.6
7f404a800000-7f404a822000 r--p 00000000 103:02 9575538                   /usr/lib/x86_64-linux-gnu/libc.so.6
7f404a822000-7f404a99b000 r-xp 00022000 103:02 9575538                   /usr/lib/x86_64-linux-gnu/libc.so.6
7f404a99b000-7f404a9f2000 r--p 0019b000 103:02 9575538                   /usr/lib/x86_64-linux-gnu/libc.so.6
7f404a9f2000-7f404a9f6000 r--p 001f1000 103:02 9575538                   /usr/lib/x86_64-linux-gnu/libc.so.6
7f404a9f6000-7f404a9f8000 rw-p 001f5000 103:02 9575538                   /usr/lib/x86_64-linux-gnu/libc.so.6
7f404a9f8000-7f404aa05000 rw-p 00000000 00:00 0 
7f404aa08000-7f404aa0c000 r-xp 00000000 103:02 9830810                   /usr/lib/jvm/jdk-17/lib/libmanagement.so
7f404aa0c000-7f404aa0d000 r--p 00003000 103:02 9830810                   /usr/lib/jvm/jdk-17/lib/libmanagement.so
7f404aa0d000-7f404aa0e000 rw-p 00004000 103:02 9830810                   /usr/lib/jvm/jdk-17/lib/libmanagement.so
7f404aa0e000-7f404aa16000 rw-s 00000000 103:02 11929700                  /tmp/hsperfdata_luiz/64672
7f404aa16000-7f404aa31000 r-xp 00000000 103:02 9830823                   /usr/lib/jvm/jdk-17/lib/libjimage.so
7f404aa31000-7f404aa32000 ---p 0001b000 103:02 9830823                   /usr/lib/jvm/jdk-17/lib/libjimage.so
7f404aa32000-7f404aa34000 r--p 0001b000 103:02 9830823                   /usr/lib/jvm/jdk-17/lib/libjimage.so
7f404aa34000-7f404aa35000 rw-p 0001d000 103:02 9830823                   /usr/lib/jvm/jdk-17/lib/libjimage.so
7f404aa35000-7f404aa36000 r--p 00000000 103:02 9576578                   /usr/lib/x86_64-linux-gnu/librt.so.1
7f404aa36000-7f404aa37000 r-xp 00001000 103:02 9576578                   /usr/lib/x86_64-linux-gnu/librt.so.1
7f404aa37000-7f404aa38000 r--p 00002000 103:02 9576578                   /usr/lib/x86_64-linux-gnu/librt.so.1
7f404aa38000-7f404aa39000 r--p 00002000 103:02 9576578                   /usr/lib/x86_64-linux-gnu/librt.so.1
7f404aa39000-7f404aa3a000 rw-p 00003000 103:02 9576578                   /usr/lib/x86_64-linux-gnu/librt.so.1
7f404aa3a000-7f404aa3e000 rw-p 00000000 00:00 0 
7f404aa3e000-7f404aa3f000 r--p 00000000 103:02 9575659                   /usr/lib/x86_64-linux-gnu/libdl.so.2
7f404aa3f000-7f404aa40000 r-xp 00001000 103:02 9575659                   /usr/lib/x86_64-linux-gnu/libdl.so.2
7f404aa40000-7f404aa41000 r--p 00002000 103:02 9575659                   /usr/lib/x86_64-linux-gnu/libdl.so.2
7f404aa41000-7f404aa42000 r--p 00002000 103:02 9575659                   /usr/lib/x86_64-linux-gnu/libdl.so.2
7f404aa42000-7f404aa43000 rw-p 00003000 103:02 9575659                   /usr/lib/x86_64-linux-gnu/libdl.so.2
7f404aa43000-7f404aa44000 r--p 00000000 103:02 9576516                   /usr/lib/x86_64-linux-gnu/libpthread.so.0
7f404aa44000-7f404aa45000 r-xp 00001000 103:02 9576516                   /usr/lib/x86_64-linux-gnu/libpthread.so.0
7f404aa45000-7f404aa46000 r--p 00002000 103:02 9576516                   /usr/lib/x86_64-linux-gnu/libpthread.so.0
7f404aa46000-7f404aa47000 r--p 00002000 103:02 9576516                   /usr/lib/x86_64-linux-gnu/libpthread.so.0
7f404aa47000-7f404aa48000 rw-p 00003000 103:02 9576516                   /usr/lib/x86_64-linux-gnu/libpthread.so.0
7f404aa48000-7f404aa57000 r-xp 00000000 103:02 9830833                   /usr/lib/jvm/jdk-17/lib/libjli.so
7f404aa57000-7f404aa58000 r--p 0000e000 103:02 9830833                   /usr/lib/jvm/jdk-17/lib/libjli.so
7f404aa58000-7f404aa59000 rw-p 0000f000 103:02 9830833                   /usr/lib/jvm/jdk-17/lib/libjli.so
7f404aa59000-7f404aa5b000 r--p 00000000 103:02 9577009                   /usr/lib/x86_64-linux-gnu/libz.so.1.2.11
7f404aa5b000-7f404aa6d000 r-xp 00002000 103:02 9577009                   /usr/lib/x86_64-linux-gnu/libz.so.1.2.11
7f404aa6d000-7f404aa73000 r--p 00014000 103:02 9577009                   /usr/lib/x86_64-linux-gnu/libz.so.1.2.11
7f404aa73000-7f404aa74000 r--p 0001a000 103:02 9577009                   /usr/lib/x86_64-linux-gnu/libz.so.1.2.11
7f404aa74000-7f404aa75000 rw-p 0001b000 103:02 9577009                   /usr/lib/x86_64-linux-gnu/libz.so.1.2.11
7f404aa78000-7f404aa7a000 r-xp 00000000 103:02 9830782                   /usr/lib/jvm/jdk-17/lib/libextnet.so
7f404aa7a000-7f404aa7b000 r--p 00001000 103:02 9830782                   /usr/lib/jvm/jdk-17/lib/libextnet.so
7f404aa7b000-7f404aa7c000 rw-p 00002000 103:02 9830782                   /usr/lib/jvm/jdk-17/lib/libextnet.so
7f404aa7c000-7f404aa86000 r-xp 00000000 103:02 9830791                   /usr/lib/jvm/jdk-17/lib/libinstrument.so
7f404aa86000-7f404aa87000 r--p 00009000 103:02 9830791                   /usr/lib/jvm/jdk-17/lib/libinstrument.so
7f404aa87000-7f404aa88000 rw-p 0000a000 103:02 9830791                   /usr/lib/jvm/jdk-17/lib/libinstrument.so
7f404aa88000-7f404aa89000 ---p 00000000 00:00 0 
7f404aa89000-7f404aa8a000 r--p 00000000 00:00 0 
7f404aa8a000-7f404aa8b000 ---p 00000000 00:00 0 
7f404aa8b000-7f404aa8d000 rw-p 00000000 00:00 0 
7f404aa8d000-7f404aa8e000 r--p 00000000 103:02 9574785                   /usr/lib/x86_64-linux-gnu/ld-linux-x86-64.so.2
7f404aa8e000-7f404aab7000 r-xp 00001000 103:02 9574785                   /usr/lib/x86_64-linux-gnu/ld-linux-x86-64.so.2
7f404aab7000-7f404aac1000 r--p 0002a000 103:02 9574785                   /usr/lib/x86_64-linux-gnu/ld-linux-x86-64.so.2
7f404aac1000-7f404aac3000 r--p 00034000 103:02 9574785                   /usr/lib/x86_64-linux-gnu/ld-linux-x86-64.so.2
7f404aac3000-7f404aac5000 rw-p 00036000 103:02 9574785                   /usr/lib/x86_64-linux-gnu/ld-linux-x86-64.so.2
7ffe7a437000-7ffe7a459000 rw-p 00000000 00:00 0                          [stack]
7ffe7a51a000-7ffe7a51e000 r--p 00000000 00:00 0                          [vvar]
7ffe7a51e000-7ffe7a520000 r-xp 00000000 00:00 0                          [vdso]
ffffffffff600000-ffffffffff601000 --xp 00000000 00:00 0                  [vsyscall]


VM Arguments:
jvm_args: -XX:TieredStopAtLevel=1 -Dspring.output.ansi.enabled=always -Dcom.sun.management.jmxremote -Dspring.jmx.enabled=true -Dspring.liveBeansView.mbeanDomain -Dspring.application.admin.enabled=true -javaagent:/home/luiz/IntelliJ-Idea/lib/idea_rt.jar=41767:/home/luiz/IntelliJ-Idea/bin -Dfile.encoding=UTF-8 
java_command: com.ls.DevOpenCV.DevOpenCvApplication
java_class_path (initial): /home/luiz/dev/DevOpenCV/target/classes:/home/luiz/.m2/repository/org/springframework/boot/spring-boot-starter/2.7.8/spring-boot-starter-2.7.8.jar:/home/luiz/.m2/repository/org/springframework/boot/spring-boot/2.7.8/spring-boot-2.7.8.jar:/home/luiz/.m2/repository/org/springframework/spring-context/5.3.25/spring-context-5.3.25.jar:/home/luiz/.m2/repository/org/springframework/spring-aop/5.3.25/spring-aop-5.3.25.jar:/home/luiz/.m2/repository/org/springframework/spring-beans/5.3.25/spring-beans-5.3.25.jar:/home/luiz/.m2/repository/org/springframework/spring-expression/5.3.25/spring-expression-5.3.25.jar:/home/luiz/.m2/repository/org/springframework/boot/spring-boot-autoconfigure/2.7.8/spring-boot-autoconfigure-2.7.8.jar:/home/luiz/.m2/repository/org/springframework/boot/spring-boot-starter-logging/2.7.8/spring-boot-starter-logging-2.7.8.jar:/home/luiz/.m2/repository/ch/qos/logback/logback-classic/1.2.11/logback-classic-1.2.11.jar:/home/luiz/.m2/repository/ch/qos/logback/logback-core/1.2.11/logback-core-1.2.11.jar:/home/luiz/.m2/repository/org/apache/logging/log4j/log4j-to-slf4j/2.17.2/log4j-to-slf4j-2.17.2.jar:/home/luiz/.m2/repository/org/apache/logging/log4j/log4j-api/2.17.2/log4j-api-2.17.2.jar:/home/luiz/.m2/repository/org/slf4j/jul-to-slf4j/1.7.36/jul-to-slf4j-1.7.36.jar:/home/luiz/.m2/repository/jakarta/annotation/jakarta.annotation-api/1.3.5/jakarta.annotation-api-1.3.5.jar:/home/luiz/.m2/repository/org/springframework/spring-core/5.3.25/spring-core-5.3.25.jar:/home/luiz/.m2/repository/org/springframework/spring-jcl/5.3.25/spring-jcl-5.3.25.jar:/home/luiz/.m2/repository/org/yaml/snakeyaml/1.30/snakeyaml-1.30.jar:/home/luiz/.m2/repository/org/projectlombok/lombok/1.18.24/lombok-1.18.24.jar:/home/luiz/.m2/repository/org/openpnp/opencv/4.6.0-0/opencv-4.6.0-0.jar:/home/luiz/.m2/repository/net/sourceforge/tess4j/tess4j/5.3.0/tess4j-5.3.0.jar:/home/luiz/.m2/repository/net/java/dev/jna/jna/5.12.1/jna-5.12.1.jar:/home/luiz/.m2/repository/com
Launcher Type: SUN_STANDARD

[Global flags]
     intx CICompilerCount                          = 12                                        {product} {ergonomic}
     uint ConcGCThreads                            = 3                                         {product} {ergonomic}
     uint G1ConcRefinementThreads                  = 13                                        {product} {ergonomic}
   size_t G1HeapRegionSize                         = 4194304                                   {product} {ergonomic}
    uintx GCDrainStackTargetSize                   = 64                                        {product} {ergonomic}
   size_t InitialHeapSize                          = 318767104                                 {product} {ergonomic}
     bool ManagementServer                         = true                                      {product} {command line}
   size_t MarkStackSize                            = 4194304                                   {product} {ergonomic}
   size_t MaxHeapSize                              = 5075107840                                {product} {ergonomic}
   size_t MaxNewSize                               = 3045064704                                {product} {ergonomic}
   size_t MinHeapDeltaBytes                        = 4194304                                   {product} {ergonomic}
   size_t MinHeapSize                              = 8388608                                   {product} {ergonomic}
    uintx NonProfiledCodeHeapSize                  = 0                                      {pd product} {ergonomic}
     bool ProfileInterpreter                       = false                                  {pd product} {command line}
    uintx ProfiledCodeHeapSize                     = 0                                      {pd product} {ergonomic}
   size_t SoftMaxHeapSize                          = 5075107840                             {manageable} {ergonomic}
     intx TieredStopAtLevel                        = 1                                         {product} {command line}
     bool UseCompressedClassPointers               = true                           {product lp64_product} {ergonomic}
     bool UseCompressedOops                        = true                           {product lp64_product} {ergonomic}
     bool UseG1GC                                  = true                                      {product} {ergonomic}

Logging:
Log output configuration:
 #0: stdout all=warning uptime,level,tags
 #1: stderr all=off uptime,level,tags

Environment Variables:
PATH=/home/luiz/.local/bin:/usr/local/sbin:/usr/local/bin:/usr/sbin:/usr/bin:/sbin:/bin:/usr/games:/usr/local/games:/snap/bin
SHELL=/bin/bash
DISPLAY=:0
LANG=pt_BR.UTF-8

Signal Handlers:
   SIGSEGV: crash_handler in libjvm.so, mask=11100100010111111101111111111110, flags=SA_RESTART|SA_SIGINFO
    SIGBUS: crash_handler in libjvm.so, mask=11100100010111111101111111111110, flags=SA_RESTART|SA_SIGINFO
    SIGFPE: crash_handler in libjvm.so, mask=11100100010111111101111111111110, flags=SA_RESTART|SA_SIGINFO
   SIGPIPE: javaSignalHandler in libjvm.so, mask=11100100010111111101111111111110, flags=SA_RESTART|SA_SIGINFO
   SIGXFSZ: javaSignalHandler in libjvm.so, mask=11100100010111111101111111111110, flags=SA_RESTART|SA_SIGINFO
    SIGILL: crash_handler in libjvm.so, mask=11100100010111111101111111111110, flags=SA_RESTART|SA_SIGINFO
   SIGUSR2: SR_handler in libjvm.so, mask=00100000000000000000000000000000, flags=SA_RESTART|SA_SIGINFO
    SIGHUP: UserHandler in libjvm.so, mask=11100100010111111101111111111110, flags=SA_RESTART|SA_SIGINFO
    SIGINT: UserHandler in libjvm.so, mask=11100100010111111101111111111110, flags=SA_RESTART|SA_SIGINFO
   SIGTERM: UserHandler in libjvm.so, mask=11100100010111111101111111111110, flags=SA_RESTART|SA_SIGINFO
   SIGQUIT: UserHandler in libjvm.so, mask=11100100010111111101111111111110, flags=SA_RESTART|SA_SIGINFO
   SIGTRAP: crash_handler in libjvm.so, mask=11100100010111111101111111111110, flags=SA_RESTART|SA_SIGINFO


---------------  S Y S T E M  ---------------

OS:
DISTRIB_ID=Ubuntu
DISTRIB_RELEASE=22.10
DISTRIB_CODENAME=kinetic
DISTRIB_DESCRIPTION="Ubuntu 22.10"
uname: Linux 5.19.0-29-generic #30-Ubuntu SMP PREEMPT_DYNAMIC Wed Jan 4 12:14:09 UTC 2023 x86_64
OS uptime: 0 days 1:44 hours
libc: glibc 2.36 NPTL 2.36 
rlimit (soft/hard): STACK 8192k/infinity , CORE 0k/infinity , NPROC 76931/76931 , NOFILE 1048576/1048576 , AS infinity/infinity , CPU infinity/infinity , DATA infinity/infinity , FSIZE infinity/infinity , MEMLOCK 2477036k/2477036k
load average: 0,98 1,00 1,66

/proc/meminfo:
MemTotal:       19816312 kB
MemFree:         8375656 kB
MemAvailable:   14099792 kB
Buffers:          146020 kB
Cached:          5612440 kB
SwapCached:            0 kB
Active:          1724908 kB
Inactive:        8234648 kB
Active(anon):       2368 kB
Inactive(anon):  4320488 kB
Active(file):    1722540 kB
Inactive(file):  3914160 kB
Unevictable:          32 kB
Mlocked:              32 kB
SwapTotal:       2097148 kB
SwapFree:        2097148 kB
Zswap:                 0 kB
Zswapped:              0 kB
Dirty:             30732 kB
Writeback:             0 kB
AnonPages:       4201584 kB
Mapped:          1403876 kB
Shmem:            125360 kB
KReclaimable:     449068 kB
Slab:             685676 kB
SReclaimable:     449068 kB
SUnreclaim:       236608 kB
KernelStack:       19120 kB
PageTables:        54564 kB
NFS_Unstable:          0 kB
Bounce:                0 kB
WritebackTmp:          0 kB
CommitLimit:    12005304 kB
Committed_AS:   13555700 kB
VmallocTotal:   34359738367 kB
VmallocUsed:      114880 kB
VmallocChunk:          0 kB
Percpu:            17344 kB
HardwareCorrupted:     0 kB
AnonHugePages:         0 kB
ShmemHugePages:        0 kB
ShmemPmdMapped:        0 kB
FileHugePages:         0 kB
FilePmdMapped:         0 kB
HugePages_Total:       0
HugePages_Free:        0
HugePages_Rsvd:        0
HugePages_Surp:        0
Hugepagesize:       2048 kB
Hugetlb:               0 kB
DirectMap4k:      852676 kB
DirectMap2M:    10004480 kB
DirectMap1G:    10485760 kB

/sys/kernel/mm/transparent_hugepage/enabled: always [madvise] never
/sys/kernel/mm/transparent_hugepage/defrag (defrag/compaction efforts parameter): always defer defer+madvise [madvise] never

Process Memory:
Virtual Size: 8221116K (peak: 8286652K)
Resident Set Size: 86164K (peak: 93280K) (anon: 52396K, file: 33768K, shmem: 0K)
Swapped out: 0K
C-Heap outstanding allocations: 45321K, retained: 5614K

/proc/sys/kernel/threads-max (system-wide limit on the number of threads): 153863
/proc/sys/vm/max_map_count (maximum number of memory map areas a process may have): 65530
/proc/sys/kernel/pid_max (system-wide limit on number of process identifiers): 4194304

container (cgroup) information:
container_type: cgroupv2
cpu_cpuset_cpus: not supported
cpu_memory_nodes: not supported
active_processor_count: 16
cpu_quota: not supported
cpu_period: not supported
cpu_shares: not supported
memory_limit_in_bytes: unlimited
memory_and_swap_limit_in_bytes: unlimited
memory_soft_limit_in_bytes: unlimited
memory_usage_in_bytes: 3790528512
memory_max_usage_in_bytes: not supported
maximum number of tasks: 23079
current number of tasks: 206

Steal ticks since vm start: 0
Steal ticks percentage since vm start:  0,000

CPU: total 16 (initial active 16) (16 cores per cpu, 2 threads per core) family 23 model 104 stepping 1 microcode 0x8608102, cx8, cmov, fxsr, ht, mmx, 3dnowpref, sse, sse2, sse3, ssse3, sse4a, sse4.1, sse4.2, popcnt, lzcnt, tsc, tscinvbit, avx, avx2, aes, clmul, bmi1, bmi2, adx, sha, fma, vzeroupper, clflush, clflushopt
CPU Model and flags from /proc/cpuinfo:
model name	: AMD Ryzen 7 5700U with Radeon Graphics
flags		: fpu vme de pse tsc msr pae mce cx8 apic sep mtrr pge mca cmov pat pse36 clflush mmx fxsr sse sse2 ht syscall nx mmxext fxsr_opt pdpe1gb rdtscp lm constant_tsc rep_good nopl nonstop_tsc cpuid extd_apicid aperfmperf rapl pni pclmulqdq monitor ssse3 fma cx16 sse4_1 sse4_2 movbe popcnt aes xsave avx f16c rdrand lahf_lm cmp_legacy svm extapic cr8_legacy abm sse4a misalignsse 3dnowprefetch osvw ibs skinit wdt tce topoext perfctr_core perfctr_nb bpext perfctr_llc mwaitx cpb cat_l3 cdp_l3 hw_pstate ssbd mba ibrs ibpb stibp vmmcall fsgsbase bmi1 avx2 smep bmi2 cqm rdt_a rdseed adx smap clflushopt clwb sha_ni xsaveopt xsavec xgetbv1 xsaves cqm_llc cqm_occup_llc cqm_mbm_total cqm_mbm_local clzero irperf xsaveerptr rdpru wbnoinvd cppc arat npt lbrv svm_lock nrip_save tsc_scale vmcb_clean flushbyasid decodeassists pausefilter pfthreshold avic v_vmsave_vmload vgif v_spec_ctrl umip rdpid overflow_recov succor smca

Online cpus: 0-15
Offline cpus: 
BIOS frequency limitation: <Not Available>
Frequency switch latency (ns): 131072
Available cpu frequencies: <Not Available>
Current governor: schedutil
Core performance/turbo boost: 1

Memory: 4k page, physical 19816312k(8375656k free), swap 2097148k(2097148k free)
Page Sizes: 4k

vm_info: Java HotSpot(TM) 64-Bit Server VM (17.0.5+9-LTS-191) for linux-amd64 JRE (17.0.5+9-LTS-191), built on Sep 13 2022 16:24:50 by "mach5one" with gcc 10.3.0

END.
