#
# A fatal error has been detected by the Java Runtime Environment:
#
#  SIGSEGV (0xb) at pc=0x00007fb7d82e47df, pid=65325, tid=65328
#
# JRE version: Java(TM) SE Runtime Environment (17.0.5+9) (build 17.0.5+9-LTS-191)
# Java VM: Java HotSpot(TM) 64-Bit Server VM (17.0.5+9-LTS-191, mixed mode, emulated-client, sharing, tiered, compressed oops, compressed class ptrs, g1 gc, linux-amd64)
# Problematic frame:
# C  [libtesseract.so+0xe47df]  tesseract::Tesseract::recog_all_words(tesseract::PAGE_RES*, tesseract::ETEXT_DESC*, tesseract::TBOX const*, char const*, int)+0x3cf
#
# Core dump will be written. Default location: Core dumps may be processed with "/usr/share/apport/apport -p%p -s%s -c%c -d%d -P%P -u%u -g%g -- %E" (or dumping to /home/luiz/dev/DevOpenCV/core.65325)
#
# If you would like to submit a bug report, please visit:
#   https://bugreport.java.com/bugreport/crash.jsp
# The crash happened outside the Java Virtual Machine in native code.
# See problematic frame for where to report the bug.
#

---------------  S U M M A R Y ------------

Command Line: -XX:TieredStopAtLevel=1 -Dspring.output.ansi.enabled=always -Dcom.sun.management.jmxremote -Dspring.jmx.enabled=true -Dspring.liveBeansView.mbeanDomain -Dspring.application.admin.enabled=true -javaagent:/home/luiz/IntelliJ-Idea/lib/idea_rt.jar=45039:/home/luiz/IntelliJ-Idea/bin -Dfile.encoding=UTF-8 com.ls.DevOpenCV.DevOpenCvApplication

Host: AMD Ryzen 7 5700U with Radeon Graphics, 16 cores, 18G, Ubuntu 22.10
Time: Wed Feb  1 00:51:46 2023 -03 elapsed time: 0.422592 seconds (0d 0h 0m 0s)

---------------  T H R E A D  ---------------

Current thread (0x00007fb800026510):  JavaThread "main" [_thread_in_native, id=65328, stack(0x00007fb804900000,0x00007fb804a00000)]

Stack: [0x00007fb804900000,0x00007fb804a00000],  sp=0x00007fb8049fd480,  free space=1013k
Native frames: (J=compiled Java code, j=interpreted, Vv=VM code, C=native code)
C  [libtesseract.so+0xe47df]  tesseract::Tesseract::recog_all_words(tesseract::PAGE_RES*, tesseract::ETEXT_DESC*, tesseract::TBOX const*, char const*, int)+0x3cf

Java frames: (J=compiled Java code, j=interpreted, Vv=VM code)
j  com.sun.jna.Native.invokePointer(Lcom/sun/jna/Function;JI[Ljava/lang/Object;)J+0
j  com.sun.jna.Function.invokePointer(I[Ljava/lang/Object;)Lcom/sun/jna/Pointer;+7
j  com.sun.jna.Function.invoke([Ljava/lang/Object;Ljava/lang/Class;ZI)Ljava/lang/Object;+385
j  com.sun.jna.Function.invoke(Ljava/lang/reflect/Method;[Ljava/lang/Class;Ljava/lang/Class;[Ljava/lang/Object;Ljava/util/Map;)Ljava/lang/Object;+271
j  com.sun.jna.Library$Handler.invoke(Ljava/lang/Object;Ljava/lang/reflect/Method;[Ljava/lang/Object;)Ljava/lang/Object;+390
j  jdk.proxy2.$Proxy2.TessBaseAPIGetUTF8Text(Lnet/sourceforge/tess4j/ITessAPI$TessBaseAPI;)Lcom/sun/jna/Pointer;+16 jdk.proxy2
j  net.sourceforge.tess4j.Tesseract.getOCRText(Ljava/lang/String;I)Ljava/lang/String;+269
j  net.sourceforge.tess4j.Tesseract.doOCR(Ljavax/imageio/IIOImage;Ljava/lang/String;Ljava/awt/Rectangle;I)Ljava/lang/String;+18
j  net.sourceforge.tess4j.Tesseract.doOCR(Ljava/io/File;Ljava/awt/Rectangle;)Ljava/lang/String;+126
j  net.sourceforge.tess4j.Tesseract.doOCR(Ljava/io/File;)Ljava/lang/String;+3
j  com.ls.DevOpenCV.DevOpenCvApplication.doOcr(Ljava/lang/String;)V+41
j  com.ls.DevOpenCV.DevOpenCvApplication.main([Ljava/lang/String;)V+2
v  ~StubRoutines::call_stub

siginfo: si_signo: 11 (SIGSEGV), si_code: 1 (SEGV_MAPERR), si_addr: 0x000000000000000c

Register to memory mapping:

RAX=0x0 is NULL
RBX=0x00007fb8049fd4d0 is pointing into the stack for thread: 0x00007fb800026510
RCX=0x00007fb800546578 points into unknown readable memory: 0x0000000000000000 | 00 00 00 00 00 00 00 00
RDX=0x0 is NULL
RSP=0x00007fb8049fd480 is pointing into the stack for thread: 0x00007fb800026510
RBP=0x00007fb800524a90 points into unknown readable memory: 0x00007fb7d8564688 | 88 46 56 d8 b7 7f 00 00
RSI=0x0 is NULL
RDI=0x00007fb8049fd580 is pointing into the stack for thread: 0x00007fb800026510
R8 =0x0 is NULL
R9 =0x0 is NULL
R10=0x0000000000000025 is an unknown value
R11=0x00007fb7d835de00: _ZN9tesseract11PAGE_RES_IT16internal_forwardEbb+0x0000000000000000 in /lib/libtesseract.so at 0x00007fb7d8200000
R12=0x00007fb80060ecd0 points into unknown readable memory: 0x0000000000000000 | 00 00 00 00 00 00 00 00
R13=0x0 is NULL
R14=0x0000000000000001 is an unknown value
R15=0x0 is NULL


Registers:
RAX=0x0000000000000000, RBX=0x00007fb8049fd4d0, RCX=0x00007fb800546578, RDX=0x0000000000000000
RSP=0x00007fb8049fd480, RBP=0x00007fb800524a90, RSI=0x0000000000000000, RDI=0x00007fb8049fd580
R8 =0x0000000000000000, R9 =0x0000000000000000, R10=0x0000000000000025, R11=0x00007fb7d835de00
R12=0x00007fb80060ecd0, R13=0x0000000000000000, R14=0x0000000000000001, R15=0x0000000000000000
RIP=0x00007fb7d82e47df, EFLAGS=0x0000000000010246, CSGSFS=0x002b000000000033, ERR=0x0000000000000004
  TRAPNO=0x000000000000000e

Top of Stack: (sp=0x00007fb8049fd480)
0x00007fb8049fd480:   0000000000000000 0000000000000000
0x00007fb8049fd490:   0000000000000000 0000000000000000
0x00007fb8049fd4a0:   0000000000000000 00007fb800613610
0x00007fb8049fd4b0:   0000000000000000 00007fb800613430 

Instructions: (pc=0x00007fb7d82e47df)
0x00007fb7d82e46df:   e8 dc 5d fb ff 48 8b 44 24 70 48 85 c0 74 62 48
0x00007fb7d82e46ef:   8b 94 24 80 00 00 00 48 8b 52 08 48 85 d2 74 04
0x00007fb7d82e46ff:   48 8b 52 08 48 8b 80 20 01 00 00 48 85 c0 74 c1
0x00007fb7d82e470f:   8b 48 74 85 c9 74 ba 48 8b 40 10 48 8d 0c 88 66
0x00007fb7d82e471f:   90 8b 30 85 f6 75 b2 48 83 c0 04 48 39 c8 75 f1
0x00007fb7d82e472f:   48 85 d2 74 9c 8b 42 10 8d 50 ff 83 fa 02 76 91
0x00007fb7d82e473f:   83 e8 05 83 f8 03 77 91 eb 87 0f 1f 80 00 00 00
0x00007fb7d82e474f:   00 48 83 3c 24 00 74 0d 48 8b 04 24 ba 64 00 00
0x00007fb7d82e475f:   00 66 89 50 02 b8 01 00 00 00 48 8b 94 24 98 01
0x00007fb7d82e476f:   00 00 64 48 2b 14 25 28 00 00 00 0f 85 c8 05 00
0x00007fb7d82e477f:   00 48 81 c4 a8 01 00 00 5b 5d 41 5c 41 5d 41 5e
0x00007fb7d82e478f:   41 5f c3 66 0f 1f 44 00 00 48 83 3c 24 00 0f 84
0x00007fb7d82e479f:   ed 02 00 00 48 8b 54 24 18 48 89 de 48 89 ef e8
0x00007fb7d82e47af:   fd 8b fb ff e9 ed fe ff ff 0f 1f 84 00 00 00 00
0x00007fb7d82e47bf:   00 31 f6 48 89 df e8 66 55 fb ff 8b 85 68 15 00
0x00007fb7d82e47cf:   00 85 c0 0f 8f 19 02 00 00 48 8b 85 00 0a 00 00
0x00007fb7d82e47df:   80 78 0c 00 0f 85 4d 05 00 00 4c 8b bd 68 4b 02
0x00007fb7d82e47ef:   00 4c 8b b5 60 4b 02 00 4d 39 fe 75 1e eb 37 66
0x00007fb7d82e47ff:   90 48 8b 97 00 0a 00 00 80 7a 0c 00 0f 85 0f 02
0x00007fb7d82e480f:   00 00 49 83 c6 08 4d 39 f7 74 1b 49 8b 3e 8b 87
0x00007fb7d82e481f:   68 15 00 00 85 c0 7e d9 e8 b4 34 fb ff 49 83 c6
0x00007fb7d82e482f:   08 4d 39 f7 75 e5 48 8b 4c 24 20 48 8b 54 24 18
0x00007fb7d82e483f:   4d 89 e0 48 89 ef 66 0f ef c0 4c 8d 4c 24 30 be
0x00007fb7d82e484f:   01 00 00 00 48 c7 44 24 40 00 00 00 00 0f 29 44
0x00007fb7d82e485f:   24 30 4d 89 cd e8 57 42 fb ff 44 8b bd a4 3b 02
0x00007fb7d82e486f:   00 45 85 ff 74 0b 4c 89 ee 48 89 ef e8 b0 fa fa
0x00007fb7d82e487f:   ff 48 8b 44 24 38 48 2b 44 24 30 45 31 f6 4d 89
0x00007fb7d82e488f:   e8 48 c1 f8 04 48 89 d9 be 01 00 00 00 48 89 ef
0x00007fb7d82e489f:   48 ba cd cc cc cc cc cc cc cc 66 44 89 b5 2c 4b
0x00007fb7d82e48af:   02 00 48 0f af c2 48 89 ad 78 4b 02 00 48 8b 14
0x00007fb7d82e48bf:   24 c7 85 34 4b 02 00 00 00 00 00 48 c7 85 24 4b
0x00007fb7d82e48cf:   02 00 00 00 00 00 89 85 30 4b 02 00 e8 00 f5 fa 


Stack slot to memory mapping:
stack at sp + 0 slots: 0x0 is NULL
stack at sp + 1 slots: 0x0 is NULL
stack at sp + 2 slots: 0x0 is NULL
stack at sp + 3 slots: 0x0 is NULL
stack at sp + 4 slots: 0x0 is NULL
stack at sp + 5 slots: 0x00007fb800613610 points into unknown readable memory: 0x00007fb800613430 | 30 34 61 00 b8 7f 00 00
stack at sp + 6 slots: 0x0 is NULL
stack at sp + 7 slots: 0x00007fb800613430 points into unknown readable memory: 0x00007fb800613610 | 10 36 61 00 b8 7f 00 00


---------------  P R O C E S S  ---------------

Threads class SMR info:
_java_thread_list=0x00007fb800500be0, length=18, elements={
0x00007fb800026510, 0x00007fb800166e20, 0x00007fb800168200, 0x00007fb80016d550,
0x00007fb80016e900, 0x00007fb80016fd10, 0x00007fb800171300, 0x00007fb800172760,
0x00007fb80017d580, 0x00007fb7b80b5710, 0x00007fb7a40014f0, 0x00007fb7b80beb80,
0x00007fb800328600, 0x00007fb800329cd0, 0x00007fb8003d9eb0, 0x00007fb8004c4bf0,
0x00007fb8004f3d30, 0x00007fb800500190
}

Java Threads: ( => current thread )
=>0x00007fb800026510 JavaThread "main" [_thread_in_native, id=65328, stack(0x00007fb804900000,0x00007fb804a00000)]
  0x00007fb800166e20 JavaThread "Reference Handler" daemon [_thread_blocked, id=65341, stack(0x00007fb7e8876000,0x00007fb7e8976000)]
  0x00007fb800168200 JavaThread "Finalizer" daemon [_thread_blocked, id=65343, stack(0x00007fb7e8776000,0x00007fb7e8876000)]
  0x00007fb80016d550 JavaThread "Signal Dispatcher" daemon [_thread_blocked, id=65344, stack(0x00007fb7e8100000,0x00007fb7e8200000)]
  0x00007fb80016e900 JavaThread "Service Thread" daemon [_thread_blocked, id=65345, stack(0x00007fb7e8000000,0x00007fb7e8100000)]
  0x00007fb80016fd10 JavaThread "Monitor Deflation Thread" daemon [_thread_blocked, id=65346, stack(0x00007fb7d9f00000,0x00007fb7da000000)]
  0x00007fb800171300 JavaThread "C1 CompilerThread0" daemon [_thread_blocked, id=65347, stack(0x00007fb7d9e00000,0x00007fb7d9f00000)]
  0x00007fb800172760 JavaThread "Sweeper thread" daemon [_thread_blocked, id=65348, stack(0x00007fb7d9d00000,0x00007fb7d9e00000)]
  0x00007fb80017d580 JavaThread "Common-Cleaner" daemon [_thread_blocked, id=65352, stack(0x00007fb7d9c00000,0x00007fb7d9d00000)]
  0x00007fb7b80b5710 JavaThread "C1 CompilerThread1" daemon [_thread_blocked, id=65353, stack(0x00007fb7d9300000,0x00007fb7d9400000)]
  0x00007fb7a40014f0 JavaThread "C1 CompilerThread2" daemon [_thread_blocked, id=65354, stack(0x00007fb7d9200000,0x00007fb7d9300000)]
  0x00007fb7b80beb80 JavaThread "C1 CompilerThread3" daemon [_thread_blocked, id=65355, stack(0x00007fb7d9100000,0x00007fb7d9200000)]
  0x00007fb800328600 JavaThread "Monitor Ctrl-Break" daemon [_thread_in_native, id=65356, stack(0x00007fb7d9000000,0x00007fb7d9100000)]
  0x00007fb800329cd0 JavaThread "Notification Thread" daemon [_thread_blocked, id=65357, stack(0x00007fb7d8f00000,0x00007fb7d9000000)]
  0x00007fb8003d9eb0 JavaThread "RMI TCP Accept-0" daemon [_thread_in_native, id=65360, stack(0x00007fb7d8e00000,0x00007fb7d8f00000)]
  0x00007fb8004c4bf0 JavaThread "Java2D Disposer" daemon [_thread_blocked, id=65363, stack(0x00007fb7d8938000,0x00007fb7d8a38000)]
  0x00007fb8004f3d30 JavaThread "process reaper" daemon [_thread_blocked, id=65366, stack(0x00007fb7d8916000,0x00007fb7d8938000)]
  0x00007fb800500190 JavaThread "JNA Cleaner" daemon [_thread_blocked, id=65368, stack(0x00007fb78bb00000,0x00007fb78bc00000)]

Other Threads:
  0x00007fb800162dc0 VMThread "VM Thread" [stack: 0x00007fb7e8978000,0x00007fb7e8a78000] [id=65340]
  0x00007fb800387510 WatcherThread [stack: 0x00007fb7d8d00000,0x00007fb7d8e00000] [id=65361]
  0x00007fb80009ac00 GCTaskThread "GC Thread#0" [stack: 0x00007fb7e9c5f000,0x00007fb7e9d5f000] [id=65329]
  0x00007fb8000a5960 ConcurrentGCThread "G1 Main Marker" [stack: 0x00007fb7e9b5d000,0x00007fb7e9c5d000] [id=65330]
  0x00007fb8000a68c0 ConcurrentGCThread "G1 Conc#0" [stack: 0x00007fb7e9a5b000,0x00007fb7e9b5b000] [id=65331]
  0x00007fb800137b80 ConcurrentGCThread "G1 Refine#0" [stack: 0x00007fb7e8c4c000,0x00007fb7e8d4c000] [id=65332]
  0x00007fb800138a70 ConcurrentGCThread "G1 Service" [stack: 0x00007fb7e8b4a000,0x00007fb7e8c4a000] [id=65333]

Threads with active compile tasks:

VM state: not at safepoint (normal execution)

VM Mutex/Monitor currently owned by a thread: None

Heap address: 0x00000006d1800000, size: 4840 MB, Compressed Oops mode: Zero based, Oop shift amount: 3

CDS archive(s) mapped at: [0x0000000800000000-0x0000000800be3000-0x0000000800be3000), size 12464128, SharedBaseAddress: 0x0000000800000000, ArchiveRelocationMode: 0.
Compressed class space mapped at: 0x0000000800c00000-0x0000000840c00000, reserved size: 1073741824
Narrow klass base: 0x0000000800000000, Narrow klass shift: 0, Narrow klass range: 0x100000000

GC Precious Log:
 CPUs: 16 total, 16 available
 Memory: 19351M
 Large Page Support: Disabled
 NUMA Support: Disabled
 Compressed Oops: Enabled (Zero based)
 Heap Region Size: 4M
 Heap Min Capacity: 8M
 Heap Initial Capacity: 304M
 Heap Max Capacity: 4840M
 Pre-touch: Disabled
 Parallel Workers: 13
 Concurrent Workers: 3
 Concurrent Refinement Workers: 13
 Periodic GC: Disabled

Heap:
 garbage-first heap   total 319488K, used 20452K [0x00000006d1800000, 0x0000000800000000)
  region size 4096K, 5 young (20480K), 0 survivors (0K)
 Metaspace       used 7758K, committed 7936K, reserved 1056768K
  class space    used 897K, committed 960K, reserved 1048576K

Heap Regions: E=young(eden), S=young(survivor), O=old, HS=humongous(starts), HC=humongous(continues), CS=collection set, F=free, OA=open archive, CA=closed archive, TAMS=top-at-mark-start (previous, next)
|   0|0x00000006d1800000, 0x00000006d1800000, 0x00000006d1c00000|  0%| F|  |TAMS 0x00000006d1800000, 0x00000006d1800000| Untracked 
|   1|0x00000006d1c00000, 0x00000006d1c00000, 0x00000006d2000000|  0%| F|  |TAMS 0x00000006d1c00000, 0x00000006d1c00000| Untracked 
|   2|0x00000006d2000000, 0x00000006d2000000, 0x00000006d2400000|  0%| F|  |TAMS 0x00000006d2000000, 0x00000006d2000000| Untracked 
|   3|0x00000006d2400000, 0x00000006d2400000, 0x00000006d2800000|  0%| F|  |TAMS 0x00000006d2400000, 0x00000006d2400000| Untracked 
|   4|0x00000006d2800000, 0x00000006d2800000, 0x00000006d2c00000|  0%| F|  |TAMS 0x00000006d2800000, 0x00000006d2800000| Untracked 
|   5|0x00000006d2c00000, 0x00000006d2c00000, 0x00000006d3000000|  0%| F|  |TAMS 0x00000006d2c00000, 0x00000006d2c00000| Untracked 
|   6|0x00000006d3000000, 0x00000006d3000000, 0x00000006d3400000|  0%| F|  |TAMS 0x00000006d3000000, 0x00000006d3000000| Untracked 
|   7|0x00000006d3400000, 0x00000006d3400000, 0x00000006d3800000|  0%| F|  |TAMS 0x00000006d3400000, 0x00000006d3400000| Untracked 
|   8|0x00000006d3800000, 0x00000006d3800000, 0x00000006d3c00000|  0%| F|  |TAMS 0x00000006d3800000, 0x00000006d3800000| Untracked 
|   9|0x00000006d3c00000, 0x00000006d3c00000, 0x00000006d4000000|  0%| F|  |TAMS 0x00000006d3c00000, 0x00000006d3c00000| Untracked 
|  10|0x00000006d4000000, 0x00000006d4000000, 0x00000006d4400000|  0%| F|  |TAMS 0x00000006d4000000, 0x00000006d4000000| Untracked 
|  11|0x00000006d4400000, 0x00000006d4400000, 0x00000006d4800000|  0%| F|  |TAMS 0x00000006d4400000, 0x00000006d4400000| Untracked 
|  12|0x00000006d4800000, 0x00000006d4800000, 0x00000006d4c00000|  0%| F|  |TAMS 0x00000006d4800000, 0x00000006d4800000| Untracked 
|  13|0x00000006d4c00000, 0x00000006d4c00000, 0x00000006d5000000|  0%| F|  |TAMS 0x00000006d4c00000, 0x00000006d4c00000| Untracked 
|  14|0x00000006d5000000, 0x00000006d5000000, 0x00000006d5400000|  0%| F|  |TAMS 0x00000006d5000000, 0x00000006d5000000| Untracked 
|  15|0x00000006d5400000, 0x00000006d5400000, 0x00000006d5800000|  0%| F|  |TAMS 0x00000006d5400000, 0x00000006d5400000| Untracked 
|  16|0x00000006d5800000, 0x00000006d5800000, 0x00000006d5c00000|  0%| F|  |TAMS 0x00000006d5800000, 0x00000006d5800000| Untracked 
|  17|0x00000006d5c00000, 0x00000006d5c00000, 0x00000006d6000000|  0%| F|  |TAMS 0x00000006d5c00000, 0x00000006d5c00000| Untracked 
|  18|0x00000006d6000000, 0x00000006d6000000, 0x00000006d6400000|  0%| F|  |TAMS 0x00000006d6000000, 0x00000006d6000000| Untracked 
|  19|0x00000006d6400000, 0x00000006d6400000, 0x00000006d6800000|  0%| F|  |TAMS 0x00000006d6400000, 0x00000006d6400000| Untracked 
|  20|0x00000006d6800000, 0x00000006d6800000, 0x00000006d6c00000|  0%| F|  |TAMS 0x00000006d6800000, 0x00000006d6800000| Untracked 
|  21|0x00000006d6c00000, 0x00000006d6c00000, 0x00000006d7000000|  0%| F|  |TAMS 0x00000006d6c00000, 0x00000006d6c00000| Untracked 
|  22|0x00000006d7000000, 0x00000006d7000000, 0x00000006d7400000|  0%| F|  |TAMS 0x00000006d7000000, 0x00000006d7000000| Untracked 
|  23|0x00000006d7400000, 0x00000006d7400000, 0x00000006d7800000|  0%| F|  |TAMS 0x00000006d7400000, 0x00000006d7400000| Untracked 
|  24|0x00000006d7800000, 0x00000006d7800000, 0x00000006d7c00000|  0%| F|  |TAMS 0x00000006d7800000, 0x00000006d7800000| Untracked 
|  25|0x00000006d7c00000, 0x00000006d7c00000, 0x00000006d8000000|  0%| F|  |TAMS 0x00000006d7c00000, 0x00000006d7c00000| Untracked 
|  26|0x00000006d8000000, 0x00000006d8000000, 0x00000006d8400000|  0%| F|  |TAMS 0x00000006d8000000, 0x00000006d8000000| Untracked 
|  27|0x00000006d8400000, 0x00000006d8400000, 0x00000006d8800000|  0%| F|  |TAMS 0x00000006d8400000, 0x00000006d8400000| Untracked 
|  28|0x00000006d8800000, 0x00000006d8800000, 0x00000006d8c00000|  0%| F|  |TAMS 0x00000006d8800000, 0x00000006d8800000| Untracked 
|  29|0x00000006d8c00000, 0x00000006d8c00000, 0x00000006d9000000|  0%| F|  |TAMS 0x00000006d8c00000, 0x00000006d8c00000| Untracked 
|  30|0x00000006d9000000, 0x00000006d9000000, 0x00000006d9400000|  0%| F|  |TAMS 0x00000006d9000000, 0x00000006d9000000| Untracked 
|  31|0x00000006d9400000, 0x00000006d9400000, 0x00000006d9800000|  0%| F|  |TAMS 0x00000006d9400000, 0x00000006d9400000| Untracked 
|  32|0x00000006d9800000, 0x00000006d9800000, 0x00000006d9c00000|  0%| F|  |TAMS 0x00000006d9800000, 0x00000006d9800000| Untracked 
|  33|0x00000006d9c00000, 0x00000006d9c00000, 0x00000006da000000|  0%| F|  |TAMS 0x00000006d9c00000, 0x00000006d9c00000| Untracked 
|  34|0x00000006da000000, 0x00000006da000000, 0x00000006da400000|  0%| F|  |TAMS 0x00000006da000000, 0x00000006da000000| Untracked 
|  35|0x00000006da400000, 0x00000006da400000, 0x00000006da800000|  0%| F|  |TAMS 0x00000006da400000, 0x00000006da400000| Untracked 
|  36|0x00000006da800000, 0x00000006da800000, 0x00000006dac00000|  0%| F|  |TAMS 0x00000006da800000, 0x00000006da800000| Untracked 
|  37|0x00000006dac00000, 0x00000006dac00000, 0x00000006db000000|  0%| F|  |TAMS 0x00000006dac00000, 0x00000006dac00000| Untracked 
|  38|0x00000006db000000, 0x00000006db000000, 0x00000006db400000|  0%| F|  |TAMS 0x00000006db000000, 0x00000006db000000| Untracked 
|  39|0x00000006db400000, 0x00000006db400000, 0x00000006db800000|  0%| F|  |TAMS 0x00000006db400000, 0x00000006db400000| Untracked 
|  40|0x00000006db800000, 0x00000006db800000, 0x00000006dbc00000|  0%| F|  |TAMS 0x00000006db800000, 0x00000006db800000| Untracked 
|  41|0x00000006dbc00000, 0x00000006dbc00000, 0x00000006dc000000|  0%| F|  |TAMS 0x00000006dbc00000, 0x00000006dbc00000| Untracked 
|  42|0x00000006dc000000, 0x00000006dc000000, 0x00000006dc400000|  0%| F|  |TAMS 0x00000006dc000000, 0x00000006dc000000| Untracked 
|  43|0x00000006dc400000, 0x00000006dc400000, 0x00000006dc800000|  0%| F|  |TAMS 0x00000006dc400000, 0x00000006dc400000| Untracked 
|  44|0x00000006dc800000, 0x00000006dc800000, 0x00000006dcc00000|  0%| F|  |TAMS 0x00000006dc800000, 0x00000006dc800000| Untracked 
|  45|0x00000006dcc00000, 0x00000006dcc00000, 0x00000006dd000000|  0%| F|  |TAMS 0x00000006dcc00000, 0x00000006dcc00000| Untracked 
|  46|0x00000006dd000000, 0x00000006dd000000, 0x00000006dd400000|  0%| F|  |TAMS 0x00000006dd000000, 0x00000006dd000000| Untracked 
|  47|0x00000006dd400000, 0x00000006dd400000, 0x00000006dd800000|  0%| F|  |TAMS 0x00000006dd400000, 0x00000006dd400000| Untracked 
|  48|0x00000006dd800000, 0x00000006dd800000, 0x00000006ddc00000|  0%| F|  |TAMS 0x00000006dd800000, 0x00000006dd800000| Untracked 
|  49|0x00000006ddc00000, 0x00000006ddc00000, 0x00000006de000000|  0%| F|  |TAMS 0x00000006ddc00000, 0x00000006ddc00000| Untracked 
|  50|0x00000006de000000, 0x00000006de000000, 0x00000006de400000|  0%| F|  |TAMS 0x00000006de000000, 0x00000006de000000| Untracked 
|  51|0x00000006de400000, 0x00000006de400000, 0x00000006de800000|  0%| F|  |TAMS 0x00000006de400000, 0x00000006de400000| Untracked 
|  52|0x00000006de800000, 0x00000006de800000, 0x00000006dec00000|  0%| F|  |TAMS 0x00000006de800000, 0x00000006de800000| Untracked 
|  53|0x00000006dec00000, 0x00000006dec00000, 0x00000006df000000|  0%| F|  |TAMS 0x00000006dec00000, 0x00000006dec00000| Untracked 
|  54|0x00000006df000000, 0x00000006df000000, 0x00000006df400000|  0%| F|  |TAMS 0x00000006df000000, 0x00000006df000000| Untracked 
|  55|0x00000006df400000, 0x00000006df400000, 0x00000006df800000|  0%| F|  |TAMS 0x00000006df400000, 0x00000006df400000| Untracked 
|  56|0x00000006df800000, 0x00000006df800000, 0x00000006dfc00000|  0%| F|  |TAMS 0x00000006df800000, 0x00000006df800000| Untracked 
|  57|0x00000006dfc00000, 0x00000006dfc00000, 0x00000006e0000000|  0%| F|  |TAMS 0x00000006dfc00000, 0x00000006dfc00000| Untracked 
|  58|0x00000006e0000000, 0x00000006e0000000, 0x00000006e0400000|  0%| F|  |TAMS 0x00000006e0000000, 0x00000006e0000000| Untracked 
|  59|0x00000006e0400000, 0x00000006e0400000, 0x00000006e0800000|  0%| F|  |TAMS 0x00000006e0400000, 0x00000006e0400000| Untracked 
|  60|0x00000006e0800000, 0x00000006e0800000, 0x00000006e0c00000|  0%| F|  |TAMS 0x00000006e0800000, 0x00000006e0800000| Untracked 
|  61|0x00000006e0c00000, 0x00000006e0c00000, 0x00000006e1000000|  0%| F|  |TAMS 0x00000006e0c00000, 0x00000006e0c00000| Untracked 
|  62|0x00000006e1000000, 0x00000006e1000000, 0x00000006e1400000|  0%| F|  |TAMS 0x00000006e1000000, 0x00000006e1000000| Untracked 
|  63|0x00000006e1400000, 0x00000006e1400000, 0x00000006e1800000|  0%| F|  |TAMS 0x00000006e1400000, 0x00000006e1400000| Untracked 
|  64|0x00000006e1800000, 0x00000006e1800000, 0x00000006e1c00000|  0%| F|  |TAMS 0x00000006e1800000, 0x00000006e1800000| Untracked 
|  65|0x00000006e1c00000, 0x00000006e1c00000, 0x00000006e2000000|  0%| F|  |TAMS 0x00000006e1c00000, 0x00000006e1c00000| Untracked 
|  66|0x00000006e2000000, 0x00000006e2000000, 0x00000006e2400000|  0%| F|  |TAMS 0x00000006e2000000, 0x00000006e2000000| Untracked 
|  67|0x00000006e2400000, 0x00000006e2400000, 0x00000006e2800000|  0%| F|  |TAMS 0x00000006e2400000, 0x00000006e2400000| Untracked 
|  68|0x00000006e2800000, 0x00000006e2800000, 0x00000006e2c00000|  0%| F|  |TAMS 0x00000006e2800000, 0x00000006e2800000| Untracked 
|  69|0x00000006e2c00000, 0x00000006e2c00000, 0x00000006e3000000|  0%| F|  |TAMS 0x00000006e2c00000, 0x00000006e2c00000| Untracked 
|  70|0x00000006e3000000, 0x00000006e3000000, 0x00000006e3400000|  0%| F|  |TAMS 0x00000006e3000000, 0x00000006e3000000| Untracked 
|  71|0x00000006e3400000, 0x00000006e34c59e8, 0x00000006e3800000| 19%| E|  |TAMS 0x00000006e3400000, 0x00000006e3400000| Complete 
|  72|0x00000006e3800000, 0x00000006e3c00000, 0x00000006e3c00000|100%| E|CS|TAMS 0x00000006e3800000, 0x00000006e3800000| Complete 
|  73|0x00000006e3c00000, 0x00000006e4000000, 0x00000006e4000000|100%| E|CS|TAMS 0x00000006e3c00000, 0x00000006e3c00000| Complete 
|  74|0x00000006e4000000, 0x00000006e4400000, 0x00000006e4400000|100%| E|CS|TAMS 0x00000006e4000000, 0x00000006e4000000| Complete 
|  75|0x00000006e4400000, 0x00000006e4800000, 0x00000006e4800000|100%| E|CS|TAMS 0x00000006e4400000, 0x00000006e4400000| Complete 
|1208|0x00000007ff800000, 0x00000007ffb76000, 0x00000007ffc00000| 86%|OA|  |TAMS 0x00000007ff800000, 0x00000007ff800000| Untracked 
|1209|0x00000007ffc00000, 0x00000007ffc83000, 0x0000000800000000| 12%|CA|  |TAMS 0x00000007ffc00000, 0x00000007ffc00000| Untracked 

Card table byte_map: [0x00007fb7f3e13000,0x00007fb7f4787000] _byte_map_base: 0x00007fb7f0787000

Marking Bits (Prev, Next): (CMBitMap*) 0x00007fb80009b680, (CMBitMap*) 0x00007fb80009b6c0
 Prev Bits: [0x00007fb7ee8ff000, 0x00007fb7f349f000)
 Next Bits: [0x00007fb7e9d5f000, 0x00007fb7ee8ff000)

Polling page: 0x00007fb806110000

Metaspace:

Usage:
  Non-class:      6,70 MB used.
      Class:    897,70 KB used.
       Both:      7,58 MB used.

Virtual space:
  Non-class space:        8,00 MB reserved,       6,81 MB ( 85%) committed,  1 nodes.
      Class space:        1,00 GB reserved,     960,00 KB ( <1%) committed,  1 nodes.
             Both:        1,01 GB reserved,       7,75 MB ( <1%) committed. 

Chunk freelists:
   Non-Class:  688,00 KB
       Class:  3,08 MB
        Both:  3,75 MB

MaxMetaspaceSize: unlimited
CompressedClassSpaceSize: 1,00 GB
Initial GC threshold: 21,00 MB
Current GC threshold: 21,00 MB
CDS: on
MetaspaceReclaimPolicy: balanced
 - commit_granule_bytes: 65536.
 - commit_granule_words: 8192.
 - virtual_space_node_default_size: 1048576.
 - enlarge_chunks_in_place: 1.
 - new_chunks_are_fully_committed: 0.
 - uncommit_free_chunks: 1.
 - use_allocation_guard: 0.
 - handle_deallocations: 1.


Internal statistics:

num_allocs_failed_limit: 0.
num_arena_births: 106.
num_arena_deaths: 0.
num_vsnodes_births: 2.
num_vsnodes_deaths: 0.
num_space_committed: 124.
num_space_uncommitted: 0.
num_chunks_returned_to_freelist: 0.
num_chunks_taken_from_freelist: 188.
num_chunk_merges: 0.
num_chunk_splits: 125.
num_chunks_enlarged: 83.
num_purges: 0.
num_inconsistent_stats: 0.

CodeCache: size=49152Kb used=4522Kb max_used=4522Kb free=44629Kb
 bounds [0x00007fb7f5600000, 0x00007fb7f5a70000, 0x00007fb7f8600000]
 total_blobs=1671 nmethods=1182 adapters=415
 compilation: enabled
              stopped_count=0, restarted_count=0
 full_count=0

Compilation events (20 events):
Event: 0,396 Thread 0x00007fb800171300 nmethod 1172 0x00007fb7f5a64610 code [0x00007fb7f5a647c0, 0x00007fb7f5a648a0]
Event: 0,396 Thread 0x00007fb800171300 1175       1       sun.awt.image.ByteInterleavedRaster::getDataOffset (7 bytes)
Event: 0,396 Thread 0x00007fb7b80b5710 nmethod 1171 0x00007fb7f5a64910 code [0x00007fb7f5a64ae0, 0x00007fb7f5a64d20]
Event: 0,396 Thread 0x00007fb7b80b5710 1176       1       sun.awt.image.SunWritableRaster::markDirty (8 bytes)
Event: 0,397 Thread 0x00007fb800171300 nmethod 1175 0x00007fb7f5a64e90 code [0x00007fb7f5a65020, 0x00007fb7f5a65110]
Event: 0,397 Thread 0x00007fb800171300 1177       1       sun.java2d.StateTrackableDelegate::markDirty (6 bytes)
Event: 0,397 Thread 0x00007fb7b80beb80 nmethod 1173 0x00007fb7f5a65210 code [0x00007fb7f5a653c0, 0x00007fb7f5a655f0]
Event: 0,397 Thread 0x00007fb7b80b5710 nmethod 1176 0x00007fb7f5a65710 code [0x00007fb7f5a658a0, 0x00007fb7f5a65990]
Event: 0,397 Thread 0x00007fb7b80beb80 1178       1       javax.imageio.ImageReader::processImageUpdate (73 bytes)
Event: 0,397 Thread 0x00007fb800171300 nmethod 1177 0x00007fb7f5a65a90 code [0x00007fb7f5a65c20, 0x00007fb7f5a65d10]
Event: 0,397 Thread 0x00007fb7b80beb80 nmethod 1178 0x00007fb7f5a65d90 code [0x00007fb7f5a65f60, 0x00007fb7f5a66200]
Event: 0,397 Thread 0x00007fb7b80b5710 1179       1       sun.awt.image.ByteInterleavedRaster::getDataElements (15 bytes)
Event: 0,397 Thread 0x00007fb800171300 1180       1       sun.awt.image.ByteInterleavedRaster::getByteData (851 bytes)
Event: 0,397 Thread 0x00007fb7b80beb80 1181       1       sun.awt.image.ByteInterleavedRaster::setDataElements (15 bytes)
Event: 0,397 Thread 0x00007fb7a40014f0 nmethod 1174 0x00007fb7f5a66390 code [0x00007fb7f5a66580, 0x00007fb7f5a66b40]
Event: 0,397 Thread 0x00007fb7b80b5710 nmethod 1179 0x00007fb7f5a66f10 code [0x00007fb7f5a670c0, 0x00007fb7f5a671c0]
Event: 0,397 Thread 0x00007fb7a40014f0 1182       1       sun.awt.image.ByteInterleavedRaster::putByteData (834 bytes)
Event: 0,397 Thread 0x00007fb7b80beb80 nmethod 1181 0x00007fb7f5a67290 code [0x00007fb7f5a67440, 0x00007fb7f5a67540]
Event: 0,398 Thread 0x00007fb7a40014f0 nmethod 1182 0x00007fb7f5a67610 code [0x00007fb7f5a67860, 0x00007fb7f5a68400]
Event: 0,398 Thread 0x00007fb800171300 nmethod 1180 0x00007fb7f5a68e10 code [0x00007fb7f5a69060, 0x00007fb7f5a69f00]

GC Heap History (0 events):
No events

Deoptimization events (0 events):
No events

Classes unloaded (0 events):
No events

Classes redefined (0 events):
No events

Internal exceptions (20 events):
Event: 0,065 Thread 0x00007fb800328600 Exception <a 'java/lang/NoSuchMethodError'{0x00000006e4794018}: 'java.lang.Object java.lang.invoke.DirectMethodHandle$Holder.invokeStaticInit(java.lang.Object)'> (0x00000006e4794018) 
thrown [open/src/hotspot/share/interpreter/linkResolver.cpp, line 758]
Event: 0,069 Thread 0x00007fb800328600 Exception <a 'java/lang/NoSuchMethodError'{0x00000006e47a2528}: 'void java.lang.invoke.DirectMethodHandle$Holder.invokeStatic(java.lang.Object, java.lang.Object)'> (0x00000006e47a2528) 
thrown [open/src/hotspot/share/interpreter/linkResolver.cpp, line 758]
Event: 0,084 Thread 0x00007fb800026510 Exception <a 'java/lang/NoSuchMethodError'{0x00000006e477c910}: 'int java.lang.invoke.DirectMethodHandle$Holder.invokeInterface(java.lang.Object, java.lang.Object)'> (0x00000006e477c910) 
thrown [open/src/hotspot/share/interpreter/linkResolver.cpp, line 758]
Event: 0,084 Thread 0x00007fb800026510 Exception <a 'java/lang/IncompatibleClassChangeError'{0x00000006e477ff10}: Found class java.lang.Object, but interface was expected> (0x00000006e477ff10) 
thrown [open/src/hotspot/share/interpreter/linkResolver.cpp, line 826]
Event: 0,127 Thread 0x00007fb800026510 Exception <a 'java/lang/NoSuchMethodError'{0x00000006e40a0e18}: 'void java.lang.invoke.DirectMethodHandle$Holder.invokeStatic(java.lang.Object, java.lang.Object, java.lang.Object)'> (0x00000006e40a0e18) 
thrown [open/src/hotspot/share/interpreter/linkResolver.cpp, line 758]
Event: 0,140 Thread 0x00007fb800026510 Exception <a 'java/lang/NoSuchMethodError'{0x00000006e40ebfe8}: 'int java.lang.invoke.DirectMethodHandle$Holder.invokeSpecial(java.lang.Object, java.lang.Object, java.lang.Object)'> (0x00000006e40ebfe8) 
thrown [open/src/hotspot/share/interpreter/linkResolver.cpp, line 758]
Event: 0,183 Thread 0x00007fb800026510 Exception <a 'java/lang/NoSuchMethodError'{0x00000006e427faf8}: 'int java.lang.invoke.DirectMethodHandle$Holder.invokeSpecialIFC(java.lang.Object, java.lang.Object, java.lang.Object)'> (0x00000006e427faf8) 
thrown [open/src/hotspot/share/interpreter/linkResolver.cpp, line 758]
Event: 0,211 Thread 0x00007fb800026510 Exception <a 'java/lang/ClassNotFoundException'{0x00000006e4317020}: javax/management/remote/rmi/RMIServerImpl_Skel> (0x00000006e4317020) 
thrown [open/src/hotspot/share/classfile/systemDictionary.cpp, line 256]
Event: 0,246 Thread 0x00007fb800026510 Exception <a 'java/lang/ClassNotFoundException'{0x00000006e3d4ed28}: javax/smartcardio/CardPermission> (0x00000006e3d4ed28) 
thrown [open/src/hotspot/share/classfile/systemDictionary.cpp, line 256]
Event: 0,248 Thread 0x00007fb800026510 Exception <a 'java/io/FileNotFoundException'{0x00000006e3d5be00}> (0x00000006e3d5be00) 
thrown [open/src/hotspot/share/prims/jni.cpp, line 516]
Event: 0,287 Thread 0x00007fb800026510 Exception <a 'java/lang/ClassNotFoundException'{0x00000006e3f91908}: sun/awt/resources/spi/awtProvider> (0x00000006e3f91908) 
thrown [open/src/hotspot/share/classfile/systemDictionary.cpp, line 256]
Event: 0,290 Thread 0x00007fb800026510 Exception <a 'java/io/FileNotFoundException'{0x00000006e3fa3fc0}> (0x00000006e3fa3fc0) 
thrown [open/src/hotspot/share/prims/jni.cpp, line 516]
Event: 0,293 Thread 0x00007fb800026510 Exception <a 'java/io/FileNotFoundException'{0x00000006e3fd0d68}> (0x00000006e3fd0d68) 
thrown [open/src/hotspot/share/prims/jni.cpp, line 516]
Event: 0,339 Thread 0x00007fb800026510 Exception <a 'java/lang/NoSuchMethodError'{0x00000006e3a1dec8}: 'java.lang.Object java.lang.invoke.DirectMethodHandle$Holder.invokeStatic(java.lang.Object, java.lang.Object, long, java.lang.Object)'> (0x00000006e3a1dec8) 
thrown [open/src/hotspot/share/interpreter/linkResolver.cpp, line 758]
Event: 0,339 Thread 0x00007fb800026510 Exception <a 'java/lang/NoSuchMethodError'{0x00000006e3a21960}: 'java.lang.Object java.lang.invoke.DirectMethodHandle$Holder.invokeStaticInit(java.lang.Object, java.lang.Object, long, java.lang.Object)'> (0x00000006e3a21960) 
thrown [open/src/hotspot/share/interpreter/linkResolver.cpp, line 758]
Event: 0,340 Thread 0x00007fb800026510 Exception <a 'java/lang/NoSuchMethodError'{0x00000006e3a27f70}: 'java.lang.Object java.lang.invoke.DirectMethodHandle$Holder.newInvokeSpecial(java.lang.Object, java.lang.Object, long)'> (0x00000006e3a27f70) 
thrown [open/src/hotspot/share/interpreter/linkResolver.cpp, line 758]
Event: 0,340 Thread 0x00007fb800026510 Exception <a 'java/lang/NoSuchMethodError'{0x00000006e3a2bae0}: 'java.lang.Object java.lang.invoke.Invokers$Holder.linkToTargetMethod(java.lang.Object, long, java.lang.Object)'> (0x00000006e3a2bae0) 
thrown [open/src/hotspot/share/interpreter/linkResolver.cpp, line 758]
Event: 0,341 Thread 0x00007fb800026510 Exception <a 'java/lang/NoSuchMethodError'{0x00000006e3a32eb0}: 'java.lang.Object java.lang.invoke.DirectMethodHandle$Holder.newInvokeSpecial(java.lang.Object, java.lang.Object, java.lang.Object, int)'> (0x00000006e3a32eb0) 
thrown [open/src/hotspot/share/interpreter/linkResolver.cpp, line 758]
Event: 0,341 Thread 0x00007fb800026510 Exception <a 'java/lang/NoSuchMethodError'{0x00000006e3a37290}: 'java.lang.Object java.lang.invoke.DirectMethodHandle$Holder.invokeSpecial(java.lang.Object, java.lang.Object, java.lang.Object, java.lang.Object, int)'> (0x00000006e3a37290) 
thrown [open/src/hotspot/share/interpreter/linkResolver.cpp, line 758]
Event: 0,341 Thread 0x00007fb800026510 Exception <a 'java/lang/NoSuchMethodError'{0x00000006e3a3ae58}: 'java.lang.Object java.lang.invoke.Invokers$Holder.linkToTargetMethod(java.lang.Object, java.lang.Object, int, java.lang.Object)'> (0x00000006e3a3ae58) 
thrown [open/src/hotspot/share/interpreter/linkResolver.cpp, line 758]

VM Operations (14 events):
Event: 0,033 Executing VM operation: HandshakeAllThreads
Event: 0,033 Executing VM operation: HandshakeAllThreads done
Event: 0,064 Executing VM operation: HandshakeAllThreads
Event: 0,064 Executing VM operation: HandshakeAllThreads done
Event: 0,193 Executing VM operation: HandshakeAllThreads
Event: 0,193 Executing VM operation: HandshakeAllThreads done
Event: 0,211 Executing VM operation: HandshakeAllThreads
Event: 0,211 Executing VM operation: HandshakeAllThreads done
Event: 0,224 Executing VM operation: HandshakeAllThreads
Event: 0,224 Executing VM operation: HandshakeAllThreads done
Event: 0,298 Executing VM operation: HandshakeAllThreads
Event: 0,298 Executing VM operation: HandshakeAllThreads done
Event: 0,342 Executing VM operation: HandshakeAllThreads
Event: 0,342 Executing VM operation: HandshakeAllThreads done

Events (20 events):
Event: 0,395 loading class java/awt/ImageCapabilities
Event: 0,395 loading class java/awt/ImageCapabilities done
Event: 0,395 loading class java/awt/Image$1
Event: 0,395 loading class sun/awt/image/SurfaceManager$ImageAccessor
Event: 0,395 loading class sun/awt/image/SurfaceManager$ImageAccessor done
Event: 0,395 loading class java/awt/Image$1 done
Event: 0,395 loading class sun/awt/image/SurfaceManager
Event: 0,395 loading class sun/awt/image/SurfaceManager done
Event: 0,395 loading class java/awt/image/BufferedImage$1
Event: 0,395 loading class java/awt/image/BufferedImage$1 done
Event: 0,395 loading class sun/awt/image/IntegerComponentRaster
Event: 0,395 loading class sun/awt/image/IntegerComponentRaster done
Event: 0,395 loading class sun/awt/image/BytePackedRaster
Event: 0,395 loading class sun/awt/image/BytePackedRaster done
Event: 0,395 loading class com/sun/imageio/plugins/common/ReaderUtil
Event: 0,395 loading class com/sun/imageio/plugins/common/ReaderUtil done
Event: 0,396 loading class javax/imageio/IIOImage
Event: 0,397 loading class javax/imageio/IIOImage done
Event: 0,397 loading class java/lang/StrictMath
Event: 0,397 loading class java/lang/StrictMath done


Dynamic libraries:
6d1800000-6e4800000 rw-p 00000000 00:00 0 
6e4800000-7ff800000 ---p 00000000 00:00 0 
7ff800000-7ffb00000 rw-p 00000000 00:00 0 
7ffb00000-7ffb76000 rw-p 00c9f000 103:02 9830785                         /usr/lib/jvm/jdk-17/lib/server/classes.jsa
7ffb76000-7ffc00000 rw-p 00000000 00:00 0 
7ffc00000-7ffc83000 rw-p 00c1c000 103:02 9830785                         /usr/lib/jvm/jdk-17/lib/server/classes.jsa
7ffc83000-800000000 rw-p 00000000 00:00 0 
800000000-800459000 rw-p 00001000 103:02 9830785                         /usr/lib/jvm/jdk-17/lib/server/classes.jsa
800459000-800be3000 r--p 0045a000 103:02 9830785                         /usr/lib/jvm/jdk-17/lib/server/classes.jsa
800be3000-800c00000 ---p 00000000 00:00 0 
800c00000-800c20000 rw-p 00000000 00:00 0 
800c20000-800c40000 rw-p 00000000 00:00 0 
800c40000-800cc0000 rw-p 00000000 00:00 0 
800cc0000-800cf0000 rw-p 00000000 00:00 0 
800cf0000-840c00000 ---p 00000000 00:00 0 
55b3f4f6d000-55b3f4f6e000 r-xp 00000000 103:02 9830839                   /usr/lib/jvm/jdk-17/bin/java
55b3f4f6f000-55b3f4f70000 r--p 00001000 103:02 9830839                   /usr/lib/jvm/jdk-17/bin/java
55b3f4f70000-55b3f4f71000 rw-p 00002000 103:02 9830839                   /usr/lib/jvm/jdk-17/bin/java
55b3f6dca000-55b3f6deb000 rw-p 00000000 00:00 0                          [heap]
7fb780000000-7fb780021000 rw-p 00000000 00:00 0 
7fb780021000-7fb784000000 ---p 00000000 00:00 0 
7fb784000000-7fb784021000 rw-p 00000000 00:00 0 
7fb784021000-7fb788000000 ---p 00000000 00:00 0 
7fb78b800000-7fb78b89a000 r--p 00000000 103:02 9576713                   /usr/lib/x86_64-linux-gnu/libstdc++.so.6.0.30
7fb78b89a000-7fb78b9aa000 r-xp 0009a000 103:02 9576713                   /usr/lib/x86_64-linux-gnu/libstdc++.so.6.0.30
7fb78b9aa000-7fb78ba19000 r--p 001aa000 103:02 9576713                   /usr/lib/x86_64-linux-gnu/libstdc++.so.6.0.30
7fb78ba19000-7fb78ba24000 r--p 00218000 103:02 9576713                   /usr/lib/x86_64-linux-gnu/libstdc++.so.6.0.30
7fb78ba24000-7fb78ba27000 rw-p 00223000 103:02 9576713                   /usr/lib/x86_64-linux-gnu/libstdc++.so.6.0.30
7fb78ba27000-7fb78ba2a000 rw-p 00000000 00:00 0 
7fb78bb00000-7fb78bb04000 ---p 00000000 00:00 0 
7fb78bb04000-7fb78bc00000 rw-p 00000000 00:00 0 
7fb78bc00000-7fb78bc32000 r--p 00000000 103:02 9571244                   /usr/lib/libleptonica.so.6.0.0
7fb78bc32000-7fb78be1c000 r-xp 00032000 103:02 9571244                   /usr/lib/libleptonica.so.6.0.0
7fb78be1c000-7fb78beb8000 r--p 0021c000 103:02 9571244                   /usr/lib/libleptonica.so.6.0.0
7fb78beb8000-7fb78beb9000 r--p 002b8000 103:02 9571244                   /usr/lib/libleptonica.so.6.0.0
7fb78beb9000-7fb78bec2000 rw-p 002b9000 103:02 9571244                   /usr/lib/libleptonica.so.6.0.0
7fb78bf9d000-7fb78bfa1000 r--p 00000000 103:02 9575043                   /usr/lib/x86_64-linux-gnu/libLerc.so.3
7fb78bfa1000-7fb78bff8000 r-xp 00004000 103:02 9575043                   /usr/lib/x86_64-linux-gnu/libLerc.so.3
7fb78bff8000-7fb78bffe000 r--p 0005b000 103:02 9575043                   /usr/lib/x86_64-linux-gnu/libLerc.so.3
7fb78bffe000-7fb78bfff000 r--p 00061000 103:02 9575043                   /usr/lib/x86_64-linux-gnu/libLerc.so.3
7fb78bfff000-7fb78c000000 rw-p 00062000 103:02 9575043                   /usr/lib/x86_64-linux-gnu/libLerc.so.3
7fb78c000000-7fb78c021000 rw-p 00000000 00:00 0 
7fb78c021000-7fb790000000 ---p 00000000 00:00 0 
7fb790000000-7fb790021000 rw-p 00000000 00:00 0 
7fb790021000-7fb794000000 ---p 00000000 00:00 0 
7fb794000000-7fb794021000 rw-p 00000000 00:00 0 
7fb794021000-7fb798000000 ---p 00000000 00:00 0 
7fb798000000-7fb798021000 rw-p 00000000 00:00 0 
7fb798021000-7fb79c000000 ---p 00000000 00:00 0 
7fb79c000000-7fb79c06c000 rw-p 00000000 00:00 0 
7fb79c06c000-7fb7a0000000 ---p 00000000 00:00 0 
7fb7a0000000-7fb7a0021000 rw-p 00000000 00:00 0 
7fb7a0021000-7fb7a4000000 ---p 00000000 00:00 0 
7fb7a4000000-7fb7a407d000 rw-p 00000000 00:00 0 
7fb7a407d000-7fb7a8000000 ---p 00000000 00:00 0 
7fb7a8000000-7fb7a8021000 rw-p 00000000 00:00 0 
7fb7a8021000-7fb7ac000000 ---p 00000000 00:00 0 
7fb7ac000000-7fb7ac021000 rw-p 00000000 00:00 0 
7fb7ac021000-7fb7b0000000 ---p 00000000 00:00 0 
7fb7b0000000-7fb7b0021000 rw-p 00000000 00:00 0 
7fb7b0021000-7fb7b4000000 ---p 00000000 00:00 0 
7fb7b4000000-7fb7b4021000 rw-p 00000000 00:00 0 
7fb7b4021000-7fb7b8000000 ---p 00000000 00:00 0 
7fb7b8000000-7fb7b82a7000 rw-p 00000000 00:00 0 
7fb7b82a7000-7fb7bc000000 ---p 00000000 00:00 0 
7fb7bc000000-7fb7bc021000 rw-p 00000000 00:00 0 
7fb7bc021000-7fb7c0000000 ---p 00000000 00:00 0 
7fb7c0000000-7fb7c0021000 rw-p 00000000 00:00 0 
7fb7c0021000-7fb7c4000000 ---p 00000000 00:00 0 
7fb7c4000000-7fb7c4021000 rw-p 00000000 00:00 0 
7fb7c4021000-7fb7c8000000 ---p 00000000 00:00 0 
7fb7c8000000-7fb7c8021000 rw-p 00000000 00:00 0 
7fb7c8021000-7fb7cc000000 ---p 00000000 00:00 0 
7fb7cc000000-7fb7cc021000 rw-p 00000000 00:00 0 
7fb7cc021000-7fb7d0000000 ---p 00000000 00:00 0 
7fb7d0000000-7fb7d0021000 rw-p 00000000 00:00 0 
7fb7d0021000-7fb7d4000000 ---p 00000000 00:00 0 
7fb7d4000000-7fb7d4021000 rw-p 00000000 00:00 0 
7fb7d4021000-7fb7d8000000 ---p 00000000 00:00 0 
7fb7d8033000-7fb7d8034000 r--p 00000000 103:02 9575648                   /usr/lib/x86_64-linux-gnu/libdeflate.so.0
7fb7d8034000-7fb7d8053000 r-xp 00001000 103:02 9575648                   /usr/lib/x86_64-linux-gnu/libdeflate.so.0
7fb7d8053000-7fb7d8058000 r--p 00020000 103:02 9575648                   /usr/lib/x86_64-linux-gnu/libdeflate.so.0
7fb7d8058000-7fb7d8059000 r--p 00024000 103:02 9575648                   /usr/lib/x86_64-linux-gnu/libdeflate.so.0
7fb7d8059000-7fb7d805a000 rw-p 00025000 103:02 9575648                   /usr/lib/x86_64-linux-gnu/libdeflate.so.0
7fb7d805a000-7fb7d805f000 r--p 00000000 103:02 9577017                   /usr/lib/x86_64-linux-gnu/libzstd.so.1.5.2
7fb7d805f000-7fb7d80f7000 r-xp 00005000 103:02 9577017                   /usr/lib/x86_64-linux-gnu/libzstd.so.1.5.2
7fb7d80f7000-7fb7d8107000 r--p 0009d000 103:02 9577017                   /usr/lib/x86_64-linux-gnu/libzstd.so.1.5.2
7fb7d8107000-7fb7d8108000 r--p 000ac000 103:02 9577017                   /usr/lib/x86_64-linux-gnu/libzstd.so.1.5.2
7fb7d8108000-7fb7d8109000 rw-p 000ad000 103:02 9577017                   /usr/lib/x86_64-linux-gnu/libzstd.so.1.5.2
7fb7d8109000-7fb7d810b000 r--p 00000000 103:02 9576890                   /usr/lib/x86_64-linux-gnu/libwebp.so.7.1.3
7fb7d810b000-7fb7d8160000 r-xp 00002000 103:02 9576890                   /usr/lib/x86_64-linux-gnu/libwebp.so.7.1.3
7fb7d8160000-7fb7d8171000 r--p 00057000 103:02 9576890                   /usr/lib/x86_64-linux-gnu/libwebp.so.7.1.3
7fb7d8171000-7fb7d8172000 r--p 00067000 103:02 9576890                   /usr/lib/x86_64-linux-gnu/libwebp.so.7.1.3
7fb7d8172000-7fb7d8173000 rw-p 00068000 103:02 9576890                   /usr/lib/x86_64-linux-gnu/libwebp.so.7.1.3
7fb7d8173000-7fb7d8175000 rw-p 00000000 00:00 0 
7fb7d8175000-7fb7d817e000 r--p 00000000 103:02 9579694                   /usr/lib/x86_64-linux-gnu/libtiff.so.5.8.0
7fb7d817e000-7fb7d81c9000 r-xp 00009000 103:02 9579694                   /usr/lib/x86_64-linux-gnu/libtiff.so.5.8.0
7fb7d81c9000-7fb7d81fa000 r--p 00054000 103:02 9579694                   /usr/lib/x86_64-linux-gnu/libtiff.so.5.8.0
7fb7d81fa000-7fb7d81ff000 r--p 00084000 103:02 9579694                   /usr/lib/x86_64-linux-gnu/libtiff.so.5.8.0
7fb7d81ff000-7fb7d8200000 rw-p 00089000 103:02 9579694                   /usr/lib/x86_64-linux-gnu/libtiff.so.5.8.0
7fb7d8200000-7fb7d8286000 r--p 00000000 103:02 9571264                   /usr/lib/libtesseract.so.5.0.3
7fb7d8286000-7fb7d84bd000 r-xp 00086000 103:02 9571264                   /usr/lib/libtesseract.so.5.0.3
7fb7d84bd000-7fb7d8563000 r--p 002bd000 103:02 9571264                   /usr/lib/libtesseract.so.5.0.3
7fb7d8563000-7fb7d8567000 r--p 00362000 103:02 9571264                   /usr/lib/libtesseract.so.5.0.3
7fb7d8567000-7fb7d856e000 rw-p 00366000 103:02 9571264                   /usr/lib/libtesseract.so.5.0.3
7fb7d856e000-7fb7d8571000 rw-p 00000000 00:00 0 
7fb7d857f000-7fb7d8583000 r--p 00000000 103:02 9576058                   /usr/lib/x86_64-linux-gnu/libjpeg.so.8.2.2
7fb7d8583000-7fb7d85cc000 r-xp 00004000 103:02 9576058                   /usr/lib/x86_64-linux-gnu/libjpeg.so.8.2.2
7fb7d85cc000-7fb7d85fe000 r--p 0004d000 103:02 9576058                   /usr/lib/x86_64-linux-gnu/libjpeg.so.8.2.2
7fb7d85fe000-7fb7d85ff000 r--p 0007e000 103:02 9576058                   /usr/lib/x86_64-linux-gnu/libjpeg.so.8.2.2
7fb7d85ff000-7fb7d8600000 rw-p 0007f000 103:02 9576058                   /usr/lib/x86_64-linux-gnu/libjpeg.so.8.2.2
7fb7d8600000-7fb7d861e000 r-xp 00000000 103:02 1715637                   /home/luiz/.cache/JNA/temp/jna7949503306847124860.tmp (deleted)
7fb7d861e000-7fb7d881d000 ---p 0001e000 103:02 1715637                   /home/luiz/.cache/JNA/temp/jna7949503306847124860.tmp (deleted)
7fb7d881d000-7fb7d881e000 rw-p 0001d000 103:02 1715637                   /home/luiz/.cache/JNA/temp/jna7949503306847124860.tmp (deleted)
7fb7d881e000-7fb7d881f000 rw-p 00000000 00:00 0 
7fb7d8838000-7fb7d883a000 r--p 00000000 103:02 9575807                   /usr/lib/x86_64-linux-gnu/libjbig.so.0
7fb7d883a000-7fb7d8843000 r-xp 00002000 103:02 9575807                   /usr/lib/x86_64-linux-gnu/libjbig.so.0
7fb7d8843000-7fb7d8845000 r--p 0000b000 103:02 9575807                   /usr/lib/x86_64-linux-gnu/libjbig.so.0
7fb7d8845000-7fb7d8846000 r--p 0000c000 103:02 9575807                   /usr/lib/x86_64-linux-gnu/libjbig.so.0
7fb7d8846000-7fb7d8849000 rw-p 0000d000 103:02 9575807                   /usr/lib/x86_64-linux-gnu/libjbig.so.0
7fb7d8849000-7fb7d884c000 r--p 00000000 103:02 9576183                   /usr/lib/x86_64-linux-gnu/liblzma.so.5.2.5
7fb7d884c000-7fb7d8867000 r-xp 00003000 103:02 9576183                   /usr/lib/x86_64-linux-gnu/liblzma.so.5.2.5
7fb7d8867000-7fb7d8872000 r--p 0001e000 103:02 9576183                   /usr/lib/x86_64-linux-gnu/liblzma.so.5.2.5
7fb7d8872000-7fb7d8873000 r--p 00028000 103:02 9576183                   /usr/lib/x86_64-linux-gnu/liblzma.so.5.2.5
7fb7d8873000-7fb7d8874000 rw-p 00029000 103:02 9576183                   /usr/lib/x86_64-linux-gnu/liblzma.so.5.2.5
7fb7d8874000-7fb7d8879000 r--p 00000000 103:02 9576467                   /usr/lib/x86_64-linux-gnu/libpng16.so.16.38.0
7fb7d8879000-7fb7d88a0000 r-xp 00005000 103:02 9576467                   /usr/lib/x86_64-linux-gnu/libpng16.so.16.38.0
7fb7d88a0000-7fb7d88aa000 r--p 0002c000 103:02 9576467                   /usr/lib/x86_64-linux-gnu/libpng16.so.16.38.0
7fb7d88aa000-7fb7d88ab000 r--p 00035000 103:02 9576467                   /usr/lib/x86_64-linux-gnu/libpng16.so.16.38.0
7fb7d88ab000-7fb7d88ac000 rw-p 00036000 103:02 9576467                   /usr/lib/x86_64-linux-gnu/libpng16.so.16.38.0
7fb7d88ac000-7fb7d88b6000 r--p 00000000 103:02 9575876                   /usr/lib/x86_64-linux-gnu/libgomp.so.1.0.0
7fb7d88b6000-7fb7d88e7000 r-xp 0000a000 103:02 9575876                   /usr/lib/x86_64-linux-gnu/libgomp.so.1.0.0
7fb7d88e7000-7fb7d88f4000 r--p 0003b000 103:02 9575876                   /usr/lib/x86_64-linux-gnu/libgomp.so.1.0.0
7fb7d88f4000-7fb7d88f5000 r--p 00047000 103:02 9575876                   /usr/lib/x86_64-linux-gnu/libgomp.so.1.0.0
7fb7d88f5000-7fb7d88f6000 rw-p 00048000 103:02 9575876                   /usr/lib/x86_64-linux-gnu/libgomp.so.1.0.0
7fb7d88f6000-7fb7d88f9000 r--p 00000000 103:02 9575836                   /usr/lib/x86_64-linux-gnu/libgcc_s.so.1
7fb7d88f9000-7fb7d8910000 r-xp 00003000 103:02 9575836                   /usr/lib/x86_64-linux-gnu/libgcc_s.so.1
7fb7d8910000-7fb7d8914000 r--p 0001a000 103:02 9575836                   /usr/lib/x86_64-linux-gnu/libgcc_s.so.1
7fb7d8914000-7fb7d8915000 r--p 0001d000 103:02 9575836                   /usr/lib/x86_64-linux-gnu/libgcc_s.so.1
7fb7d8915000-7fb7d8916000 rw-p 0001e000 103:02 9575836                   /usr/lib/x86_64-linux-gnu/libgcc_s.so.1
7fb7d8916000-7fb7d891a000 ---p 00000000 00:00 0 
7fb7d891a000-7fb7d8938000 rw-p 00000000 00:00 0 
7fb7d8938000-7fb7d893c000 ---p 00000000 00:00 0 
7fb7d893c000-7fb7d8a38000 rw-p 00000000 00:00 0 
7fb7d8a38000-7fb7d8a3a000 r--p 00000000 103:02 9576204                   /usr/lib/x86_64-linux-gnu/libmd.so.0.0.5
7fb7d8a3a000-7fb7d8a41000 r-xp 00002000 103:02 9576204                   /usr/lib/x86_64-linux-gnu/libmd.so.0.0.5
7fb7d8a41000-7fb7d8a43000 r--p 00009000 103:02 9576204                   /usr/lib/x86_64-linux-gnu/libmd.so.0.0.5
7fb7d8a43000-7fb7d8a44000 r--p 0000a000 103:02 9576204                   /usr/lib/x86_64-linux-gnu/libmd.so.0.0.5
7fb7d8a44000-7fb7d8a45000 rw-p 0000b000 103:02 9576204                   /usr/lib/x86_64-linux-gnu/libmd.so.0.0.5
7fb7d8a45000-7fb7d8a49000 r--p 00000000 103:02 9575532                   /usr/lib/x86_64-linux-gnu/libbsd.so.0.11.6
7fb7d8a49000-7fb7d8a56000 r-xp 00004000 103:02 9575532                   /usr/lib/x86_64-linux-gnu/libbsd.so.0.11.6
7fb7d8a56000-7fb7d8a59000 r--p 00011000 103:02 9575532                   /usr/lib/x86_64-linux-gnu/libbsd.so.0.11.6
7fb7d8a59000-7fb7d8a5a000 ---p 00014000 103:02 9575532                   /usr/lib/x86_64-linux-gnu/libbsd.so.0.11.6
7fb7d8a5a000-7fb7d8a5b000 r--p 00014000 103:02 9575532                   /usr/lib/x86_64-linux-gnu/libbsd.so.0.11.6
7fb7d8a5b000-7fb7d8a5c000 rw-p 00015000 103:02 9575532                   /usr/lib/x86_64-linux-gnu/libbsd.so.0.11.6
7fb7d8a5c000-7fb7d8a5d000 rw-p 00000000 00:00 0 
7fb7d8a5d000-7fb7d8a5f000 r--p 00000000 103:02 9575227                   /usr/lib/x86_64-linux-gnu/libXdmcp.so.6.0.0
7fb7d8a5f000-7fb7d8a61000 r-xp 00002000 103:02 9575227                   /usr/lib/x86_64-linux-gnu/libXdmcp.so.6.0.0
7fb7d8a61000-7fb7d8a63000 r--p 00004000 103:02 9575227                   /usr/lib/x86_64-linux-gnu/libXdmcp.so.6.0.0
7fb7d8a63000-7fb7d8a64000 r--p 00005000 103:02 9575227                   /usr/lib/x86_64-linux-gnu/libXdmcp.so.6.0.0
7fb7d8a64000-7fb7d8a65000 rw-p 00006000 103:02 9575227                   /usr/lib/x86_64-linux-gnu/libXdmcp.so.6.0.0
7fb7d8a65000-7fb7d8a70000 r--p 00000000 103:02 9576973                   /usr/lib/x86_64-linux-gnu/libxcb.so.1.1.0
7fb7d8a70000-7fb7d8a84000 r-xp 0000b000 103:02 9576973                   /usr/lib/x86_64-linux-gnu/libxcb.so.1.1.0
7fb7d8a84000-7fb7d8a8d000 r--p 0001f000 103:02 9576973                   /usr/lib/x86_64-linux-gnu/libxcb.so.1.1.0
7fb7d8a8d000-7fb7d8a8e000 r--p 00027000 103:02 9576973                   /usr/lib/x86_64-linux-gnu/libxcb.so.1.1.0
7fb7d8a8e000-7fb7d8a8f000 rw-p 00028000 103:02 9576973                   /usr/lib/x86_64-linux-gnu/libxcb.so.1.1.0
7fb7d8a8f000-7fb7d8a92000 r--p 00000000 103:02 9575237                   /usr/lib/x86_64-linux-gnu/libXi.so.6.1.0
7fb7d8a92000-7fb7d8a9e000 r-xp 00003000 103:02 9575237                   /usr/lib/x86_64-linux-gnu/libXi.so.6.1.0
7fb7d8a9e000-7fb7d8aa1000 r--p 0000f000 103:02 9575237                   /usr/lib/x86_64-linux-gnu/libXi.so.6.1.0
7fb7d8aa1000-7fb7d8aa2000 r--p 00011000 103:02 9575237                   /usr/lib/x86_64-linux-gnu/libXi.so.6.1.0
7fb7d8aa2000-7fb7d8aa3000 rw-p 00012000 103:02 9575237                   /usr/lib/x86_64-linux-gnu/libXi.so.6.1.0
7fb7d8aa3000-7fb7d8abc000 r--p 00000000 103:02 9575212                   /usr/lib/x86_64-linux-gnu/libX11.so.6.4.0
7fb7d8abc000-7fb7d8b47000 r-xp 00019000 103:02 9575212                   /usr/lib/x86_64-linux-gnu/libX11.so.6.4.0
7fb7d8b47000-7fb7d8bdc000 r--p 000a4000 103:02 9575212                   /usr/lib/x86_64-linux-gnu/libX11.so.6.4.0
7fb7d8bdc000-7fb7d8bdd000 r--p 00139000 103:02 9575212                   /usr/lib/x86_64-linux-gnu/libX11.so.6.4.0
7fb7d8bdd000-7fb7d8be1000 rw-p 0013a000 103:02 9575212                   /usr/lib/x86_64-linux-gnu/libX11.so.6.4.0
7fb7d8be1000-7fb7d8be5000 r--p 00000000 103:02 9575229                   /usr/lib/x86_64-linux-gnu/libXext.so.6.4.0
7fb7d8be5000-7fb7d8bf0000 r-xp 00004000 103:02 9575229                   /usr/lib/x86_64-linux-gnu/libXext.so.6.4.0
7fb7d8bf0000-7fb7d8bf4000 r--p 0000f000 103:02 9575229                   /usr/lib/x86_64-linux-gnu/libXext.so.6.4.0
7fb7d8bf4000-7fb7d8bf5000 r--p 00012000 103:02 9575229                   /usr/lib/x86_64-linux-gnu/libXext.so.6.4.0
7fb7d8bf5000-7fb7d8bf6000 rw-p 00013000 103:02 9575229                   /usr/lib/x86_64-linux-gnu/libXext.so.6.4.0
7fb7d8c0c000-7fb7d8ccc000 r-xp 00000000 103:02 9830805                   /usr/lib/jvm/jdk-17/lib/libawt.so
7fb7d8ccc000-7fb7d8cce000 r--p 000bf000 103:02 9830805                   /usr/lib/jvm/jdk-17/lib/libawt.so
7fb7d8cce000-7fb7d8cd9000 rw-p 000c1000 103:02 9830805                   /usr/lib/jvm/jdk-17/lib/libawt.so
7fb7d8cd9000-7fb7d8cfe000 rw-p 00000000 00:00 0 
7fb7d8cfe000-7fb7d8cff000 ---p 00000000 00:00 0 
7fb7d8cff000-7fb7d8e00000 rw-p 00000000 00:00 0 
7fb7d8e00000-7fb7d8e04000 ---p 00000000 00:00 0 
7fb7d8e04000-7fb7d8f00000 rw-p 00000000 00:00 0 
7fb7d8f00000-7fb7d8f04000 ---p 00000000 00:00 0 
7fb7d8f04000-7fb7d9000000 rw-p 00000000 00:00 0 
7fb7d9000000-7fb7d9004000 ---p 00000000 00:00 0 
7fb7d9004000-7fb7d9100000 rw-p 00000000 00:00 0 
7fb7d9100000-7fb7d9104000 ---p 00000000 00:00 0 
7fb7d9104000-7fb7d9200000 rw-p 00000000 00:00 0 
7fb7d9200000-7fb7d9204000 ---p 00000000 00:00 0 
7fb7d9204000-7fb7d9300000 rw-p 00000000 00:00 0 
7fb7d9300000-7fb7d9304000 ---p 00000000 00:00 0 
7fb7d9304000-7fb7d9800000 rw-p 00000000 00:00 0 
7fb7d9800000-7fb7d9900000 rw-p 00000000 00:00 0 
7fb7d9900000-7fb7d9a00000 rw-p 00000000 00:00 0 
7fb7d9a00000-7fb7d9a60000 rw-p 00000000 00:00 0 
7fb7d9a60000-7fb7d9b00000 ---p 00000000 00:00 0 
7fb7d9b00000-7fb7d9b70000 rw-p 00000000 00:00 0 
7fb7d9b70000-7fb7d9c00000 ---p 00000000 00:00 0 
7fb7d9c00000-7fb7d9c04000 ---p 00000000 00:00 0 
7fb7d9c04000-7fb7d9d00000 rw-p 00000000 00:00 0 
7fb7d9d00000-7fb7d9d04000 ---p 00000000 00:00 0 
7fb7d9d04000-7fb7d9e00000 rw-p 00000000 00:00 0 
7fb7d9e00000-7fb7d9e04000 ---p 00000000 00:00 0 
7fb7d9e04000-7fb7d9f00000 rw-p 00000000 00:00 0 
7fb7d9f00000-7fb7d9f04000 ---p 00000000 00:00 0 
7fb7d9f04000-7fb7dc000000 rw-p 00000000 00:00 0 
7fb7dc000000-7fb7dc021000 rw-p 00000000 00:00 0 
7fb7dc021000-7fb7e0000000 ---p 00000000 00:00 0 
7fb7e0000000-7fb7e0021000 rw-p 00000000 00:00 0 
7fb7e0021000-7fb7e4000000 ---p 00000000 00:00 0 
7fb7e4000000-7fb7e4021000 rw-p 00000000 00:00 0 
7fb7e4021000-7fb7e8000000 ---p 00000000 00:00 0 
7fb7e8000000-7fb7e8004000 ---p 00000000 00:00 0 
7fb7e8004000-7fb7e8100000 rw-p 00000000 00:00 0 
7fb7e8100000-7fb7e8104000 ---p 00000000 00:00 0 
7fb7e8104000-7fb7e8200000 rw-p 00000000 00:00 0 
7fb7e8200000-7fb7e8775000 r--p 00000000 103:02 9574110                   /usr/lib/locale/locale-archive
7fb7e8776000-7fb7e877a000 ---p 00000000 00:00 0 
7fb7e877a000-7fb7e8876000 rw-p 00000000 00:00 0 
7fb7e8876000-7fb7e887a000 ---p 00000000 00:00 0 
7fb7e887a000-7fb7e8976000 rw-p 00000000 00:00 0 
7fb7e8976000-7fb7e8977000 ---p 00000000 00:00 0 
7fb7e8977000-7fb7e8a78000 rw-p 00000000 00:00 0 
7fb7e8a78000-7fb7e8b46000 r-xp 00000000 103:02 9830804                   /usr/lib/jvm/jdk-17/lib/libjsvml.so
7fb7e8b46000-7fb7e8b47000 r--p 000cd000 103:02 9830804                   /usr/lib/jvm/jdk-17/lib/libjsvml.so
7fb7e8b47000-7fb7e8b48000 rw-p 000ce000 103:02 9830804                   /usr/lib/jvm/jdk-17/lib/libjsvml.so
7fb7e8b48000-7fb7e8b49000 ---p 00000000 00:00 0 
7fb7e8b49000-7fb7e8c4a000 rw-p 00000000 00:00 0 
7fb7e8c4a000-7fb7e8c4b000 ---p 00000000 00:00 0 
7fb7e8c4b000-7fb7e9a59000 rw-p 00000000 00:00 0 
7fb7e9a59000-7fb7e9a5a000 ---p 00000000 00:00 0 
7fb7e9a5a000-7fb7e9b5b000 rw-p 00000000 00:00 0 
7fb7e9b5b000-7fb7e9b5c000 ---p 00000000 00:00 0 
7fb7e9b5c000-7fb7e9c5d000 rw-p 00000000 00:00 0 
7fb7e9c5d000-7fb7e9c5e000 ---p 00000000 00:00 0 
7fb7e9c5e000-7fb7ea21f000 rw-p 00000000 00:00 0 
7fb7ea21f000-7fb7ee8df000 ---p 00000000 00:00 0 
7fb7ee8df000-7fb7eedbf000 rw-p 00000000 00:00 0 
7fb7eedbf000-7fb7f347f000 ---p 00000000 00:00 0 
7fb7f347f000-7fb7f3537000 rw-p 00000000 00:00 0 
7fb7f3537000-7fb7f3e0f000 ---p 00000000 00:00 0 
7fb7f3e0f000-7fb7f3eab000 rw-p 00000000 00:00 0 
7fb7f3eab000-7fb7f4783000 ---p 00000000 00:00 0 
7fb7f4783000-7fb7f481f000 rw-p 00000000 00:00 0 
7fb7f481f000-7fb7f50f7000 ---p 00000000 00:00 0 
7fb7f50f7000-7fb7f5600000 rw-p 00000000 00:00 0 
7fb7f5600000-7fb7f5a70000 rwxp 00000000 00:00 0 
7fb7f5a70000-7fb7f8600000 ---p 00000000 00:00 0 
7fb7f8600000-7fb7fff0e000 r--s 00000000 103:02 9830784                   /usr/lib/jvm/jdk-17/lib/modules
7fb7fff0f000-7fb7fff11000 r--p 00000000 103:02 9575249                   /usr/lib/x86_64-linux-gnu/libXrender.so.1.3.0
7fb7fff11000-7fb7fff18000 r-xp 00002000 103:02 9575249                   /usr/lib/x86_64-linux-gnu/libXrender.so.1.3.0
7fb7fff18000-7fb7fff1a000 r--p 00009000 103:02 9575249                   /usr/lib/x86_64-linux-gnu/libXrender.so.1.3.0
7fb7fff1a000-7fb7fff1b000 r--p 0000a000 103:02 9575249                   /usr/lib/x86_64-linux-gnu/libXrender.so.1.3.0
7fb7fff1b000-7fb7fff1c000 rw-p 0000b000 103:02 9575249                   /usr/lib/x86_64-linux-gnu/libXrender.so.1.3.0
7fb7fff1c000-7fb7fff79000 r-xp 00000000 103:02 9830832                   /usr/lib/jvm/jdk-17/lib/libawt_xawt.so
7fb7fff79000-7fb7fff7a000 ---p 0005d000 103:02 9830832                   /usr/lib/jvm/jdk-17/lib/libawt_xawt.so
7fb7fff7a000-7fb7fff7b000 r--p 0005d000 103:02 9830832                   /usr/lib/jvm/jdk-17/lib/libawt_xawt.so
7fb7fff7b000-7fb7fff7d000 rw-p 0005e000 103:02 9830832                   /usr/lib/jvm/jdk-17/lib/libawt_xawt.so
7fb7fff7d000-7fb800000000 rw-p 00000000 00:00 0 
7fb800000000-7fb8006ee000 rw-p 00000000 00:00 0 
7fb8006ee000-7fb804000000 ---p 00000000 00:00 0 
7fb804001000-7fb804003000 r--p 00000000 103:02 9575255                   /usr/lib/x86_64-linux-gnu/libXtst.so.6.1.0
7fb804003000-7fb804006000 r-xp 00002000 103:02 9575255                   /usr/lib/x86_64-linux-gnu/libXtst.so.6.1.0
7fb804006000-7fb804007000 r--p 00005000 103:02 9575255                   /usr/lib/x86_64-linux-gnu/libXtst.so.6.1.0
7fb804007000-7fb804008000 r--p 00005000 103:02 9575255                   /usr/lib/x86_64-linux-gnu/libXtst.so.6.1.0
7fb804008000-7fb804009000 rw-p 00006000 103:02 9575255                   /usr/lib/x86_64-linux-gnu/libXtst.so.6.1.0
7fb804009000-7fb804010000 r--s 00000000 103:02 10225243                  /usr/lib/x86_64-linux-gnu/gconv/gconv-modules.cache
7fb804010000-7fb804034000 r--p 00000000 103:02 10623191                  /usr/share/locale-langpack/pt_BR/LC_MESSAGES/libc.mo
7fb804034000-7fb804041000 r-xp 00000000 103:02 9830826                   /usr/lib/jvm/jdk-17/lib/libverify.so
7fb804041000-7fb804043000 r--p 0000c000 103:02 9830826                   /usr/lib/jvm/jdk-17/lib/libverify.so
7fb804043000-7fb804044000 rw-p 0000e000 103:02 9830826                   /usr/lib/jvm/jdk-17/lib/libverify.so
7fb804044000-7fb804059000 r-xp 00000000 103:02 9830792                   /usr/lib/jvm/jdk-17/lib/libnet.so
7fb804059000-7fb80405a000 ---p 00015000 103:02 9830792                   /usr/lib/jvm/jdk-17/lib/libnet.so
7fb80405a000-7fb80405b000 r--p 00015000 103:02 9830792                   /usr/lib/jvm/jdk-17/lib/libnet.so
7fb80405b000-7fb80405c000 rw-p 00016000 103:02 9830792                   /usr/lib/jvm/jdk-17/lib/libnet.so
7fb80405c000-7fb804900000 rw-p 00000000 00:00 0 
7fb804900000-7fb804904000 ---p 00000000 00:00 0 
7fb804904000-7fb804a00000 rw-p 00000000 00:00 0 
7fb804a00000-7fb805b33000 r-xp 00000000 103:02 9830786                   /usr/lib/jvm/jdk-17/lib/server/libjvm.so
7fb805b33000-7fb805b34000 ---p 01133000 103:02 9830786                   /usr/lib/jvm/jdk-17/lib/server/libjvm.so
7fb805b34000-7fb805be9000 r--p 01133000 103:02 9830786                   /usr/lib/jvm/jdk-17/lib/server/libjvm.so
7fb805be9000-7fb805c1c000 rw-p 011e8000 103:02 9830786                   /usr/lib/jvm/jdk-17/lib/server/libjvm.so
7fb805c1c000-7fb805c76000 rw-p 00000000 00:00 0 
7fb805c76000-7fb805c77000 r--p 00000000 103:02 9575216                   /usr/lib/x86_64-linux-gnu/libXau.so.6.0.0
7fb805c77000-7fb805c79000 r-xp 00001000 103:02 9575216                   /usr/lib/x86_64-linux-gnu/libXau.so.6.0.0
7fb805c79000-7fb805c7a000 r--p 00003000 103:02 9575216                   /usr/lib/x86_64-linux-gnu/libXau.so.6.0.0
7fb805c7a000-7fb805c7b000 r--p 00003000 103:02 9575216                   /usr/lib/x86_64-linux-gnu/libXau.so.6.0.0
7fb805c7b000-7fb805c7c000 rw-p 00004000 103:02 9575216                   /usr/lib/x86_64-linux-gnu/libXau.so.6.0.0
7fb805c7c000-7fb805c82000 r-xp 00000000 103:02 9830813                   /usr/lib/jvm/jdk-17/lib/libmanagement_ext.so
7fb805c82000-7fb805c83000 r--p 00005000 103:02 9830813                   /usr/lib/jvm/jdk-17/lib/libmanagement_ext.so
7fb805c83000-7fb805c84000 rw-p 00006000 103:02 9830813                   /usr/lib/jvm/jdk-17/lib/libmanagement_ext.so
7fb805c84000-7fb805c97000 r-xp 00000000 103:02 9830793                   /usr/lib/jvm/jdk-17/lib/libnio.so
7fb805c97000-7fb805c98000 r--p 00012000 103:02 9830793                   /usr/lib/jvm/jdk-17/lib/libnio.so
7fb805c98000-7fb805c99000 rw-p 00013000 103:02 9830793                   /usr/lib/jvm/jdk-17/lib/libnio.so
7fb805c99000-7fb805ca0000 r-xp 00000000 103:02 9830789                   /usr/lib/jvm/jdk-17/lib/libzip.so
7fb805ca0000-7fb805ca1000 ---p 00007000 103:02 9830789                   /usr/lib/jvm/jdk-17/lib/libzip.so
7fb805ca1000-7fb805ca2000 r--p 00007000 103:02 9830789                   /usr/lib/jvm/jdk-17/lib/libzip.so
7fb805ca2000-7fb805ca3000 rw-p 00008000 103:02 9830789                   /usr/lib/jvm/jdk-17/lib/libzip.so
7fb805ca3000-7fb805d17000 rw-p 00000000 00:00 0 
7fb805d17000-7fb805d25000 r--p 00000000 103:02 9576186                   /usr/lib/x86_64-linux-gnu/libm.so.6
7fb805d25000-7fb805da3000 r-xp 0000e000 103:02 9576186                   /usr/lib/x86_64-linux-gnu/libm.so.6
7fb805da3000-7fb805dfe000 r--p 0008c000 103:02 9576186                   /usr/lib/x86_64-linux-gnu/libm.so.6
7fb805dfe000-7fb805dff000 r--p 000e6000 103:02 9576186                   /usr/lib/x86_64-linux-gnu/libm.so.6
7fb805dff000-7fb805e00000 rw-p 000e7000 103:02 9576186                   /usr/lib/x86_64-linux-gnu/libm.so.6
7fb805e00000-7fb805e22000 r--p 00000000 103:02 9575538                   /usr/lib/x86_64-linux-gnu/libc.so.6
7fb805e22000-7fb805f9b000 r-xp 00022000 103:02 9575538                   /usr/lib/x86_64-linux-gnu/libc.so.6
7fb805f9b000-7fb805ff2000 r--p 0019b000 103:02 9575538                   /usr/lib/x86_64-linux-gnu/libc.so.6
7fb805ff2000-7fb805ff6000 r--p 001f1000 103:02 9575538                   /usr/lib/x86_64-linux-gnu/libc.so.6
7fb805ff6000-7fb805ff8000 rw-p 001f5000 103:02 9575538                   /usr/lib/x86_64-linux-gnu/libc.so.6
7fb805ff8000-7fb806005000 rw-p 00000000 00:00 0 
7fb806008000-7fb80600c000 r-xp 00000000 103:02 9830810                   /usr/lib/jvm/jdk-17/lib/libmanagement.so
7fb80600c000-7fb80600d000 r--p 00003000 103:02 9830810                   /usr/lib/jvm/jdk-17/lib/libmanagement.so
7fb80600d000-7fb80600e000 rw-p 00004000 103:02 9830810                   /usr/lib/jvm/jdk-17/lib/libmanagement.so
7fb80600e000-7fb806017000 rw-p 00000000 00:00 0 
7fb806017000-7fb80606e000 ---p 00000000 00:00 0 
7fb80606e000-7fb806076000 rw-s 00000000 103:02 11929700                  /tmp/hsperfdata_luiz/65325
7fb806076000-7fb80609a000 r-xp 00000000 103:02 9830806                   /usr/lib/jvm/jdk-17/lib/libjava.so
7fb80609a000-7fb80609b000 ---p 00024000 103:02 9830806                   /usr/lib/jvm/jdk-17/lib/libjava.so
7fb80609b000-7fb80609c000 r--p 00024000 103:02 9830806                   /usr/lib/jvm/jdk-17/lib/libjava.so
7fb80609c000-7fb80609d000 rw-p 00025000 103:02 9830806                   /usr/lib/jvm/jdk-17/lib/libjava.so
7fb80609d000-7fb80609e000 rw-p 00000000 00:00 0 
7fb80609e000-7fb8060b9000 r-xp 00000000 103:02 9830823                   /usr/lib/jvm/jdk-17/lib/libjimage.so
7fb8060b9000-7fb8060ba000 ---p 0001b000 103:02 9830823                   /usr/lib/jvm/jdk-17/lib/libjimage.so
7fb8060ba000-7fb8060bc000 r--p 0001b000 103:02 9830823                   /usr/lib/jvm/jdk-17/lib/libjimage.so
7fb8060bc000-7fb8060bd000 rw-p 0001d000 103:02 9830823                   /usr/lib/jvm/jdk-17/lib/libjimage.so
7fb8060bd000-7fb8060be000 r--p 00000000 103:02 9576578                   /usr/lib/x86_64-linux-gnu/librt.so.1
7fb8060be000-7fb8060bf000 r-xp 00001000 103:02 9576578                   /usr/lib/x86_64-linux-gnu/librt.so.1
7fb8060bf000-7fb8060c0000 r--p 00002000 103:02 9576578                   /usr/lib/x86_64-linux-gnu/librt.so.1
7fb8060c0000-7fb8060c1000 r--p 00002000 103:02 9576578                   /usr/lib/x86_64-linux-gnu/librt.so.1
7fb8060c1000-7fb8060c2000 rw-p 00003000 103:02 9576578                   /usr/lib/x86_64-linux-gnu/librt.so.1
7fb8060c2000-7fb8060c6000 rw-p 00000000 00:00 0 
7fb8060c6000-7fb8060c7000 r--p 00000000 103:02 9575659                   /usr/lib/x86_64-linux-gnu/libdl.so.2
7fb8060c7000-7fb8060c8000 r-xp 00001000 103:02 9575659                   /usr/lib/x86_64-linux-gnu/libdl.so.2
7fb8060c8000-7fb8060c9000 r--p 00002000 103:02 9575659                   /usr/lib/x86_64-linux-gnu/libdl.so.2
7fb8060c9000-7fb8060ca000 r--p 00002000 103:02 9575659                   /usr/lib/x86_64-linux-gnu/libdl.so.2
7fb8060ca000-7fb8060cb000 rw-p 00003000 103:02 9575659                   /usr/lib/x86_64-linux-gnu/libdl.so.2
7fb8060cb000-7fb8060cc000 r--p 00000000 103:02 9576516                   /usr/lib/x86_64-linux-gnu/libpthread.so.0
7fb8060cc000-7fb8060cd000 r-xp 00001000 103:02 9576516                   /usr/lib/x86_64-linux-gnu/libpthread.so.0
7fb8060cd000-7fb8060ce000 r--p 00002000 103:02 9576516                   /usr/lib/x86_64-linux-gnu/libpthread.so.0
7fb8060ce000-7fb8060cf000 r--p 00002000 103:02 9576516                   /usr/lib/x86_64-linux-gnu/libpthread.so.0
7fb8060cf000-7fb8060d0000 rw-p 00003000 103:02 9576516                   /usr/lib/x86_64-linux-gnu/libpthread.so.0
7fb8060d0000-7fb8060df000 r-xp 00000000 103:02 9830833                   /usr/lib/jvm/jdk-17/lib/libjli.so
7fb8060df000-7fb8060e0000 r--p 0000e000 103:02 9830833                   /usr/lib/jvm/jdk-17/lib/libjli.so
7fb8060e0000-7fb8060e1000 rw-p 0000f000 103:02 9830833                   /usr/lib/jvm/jdk-17/lib/libjli.so
7fb8060e1000-7fb8060e3000 r--p 00000000 103:02 9577009                   /usr/lib/x86_64-linux-gnu/libz.so.1.2.11
7fb8060e3000-7fb8060f5000 r-xp 00002000 103:02 9577009                   /usr/lib/x86_64-linux-gnu/libz.so.1.2.11
7fb8060f5000-7fb8060fb000 r--p 00014000 103:02 9577009                   /usr/lib/x86_64-linux-gnu/libz.so.1.2.11
7fb8060fb000-7fb8060fc000 r--p 0001a000 103:02 9577009                   /usr/lib/x86_64-linux-gnu/libz.so.1.2.11
7fb8060fc000-7fb8060fd000 rw-p 0001b000 103:02 9577009                   /usr/lib/x86_64-linux-gnu/libz.so.1.2.11
7fb806100000-7fb806102000 r-xp 00000000 103:02 9830782                   /usr/lib/jvm/jdk-17/lib/libextnet.so
7fb806102000-7fb806103000 r--p 00001000 103:02 9830782                   /usr/lib/jvm/jdk-17/lib/libextnet.so
7fb806103000-7fb806104000 rw-p 00002000 103:02 9830782                   /usr/lib/jvm/jdk-17/lib/libextnet.so
7fb806104000-7fb80610e000 r-xp 00000000 103:02 9830791                   /usr/lib/jvm/jdk-17/lib/libinstrument.so
7fb80610e000-7fb80610f000 r--p 00009000 103:02 9830791                   /usr/lib/jvm/jdk-17/lib/libinstrument.so
7fb80610f000-7fb806110000 rw-p 0000a000 103:02 9830791                   /usr/lib/jvm/jdk-17/lib/libinstrument.so
7fb806110000-7fb806111000 ---p 00000000 00:00 0 
7fb806111000-7fb806112000 r--p 00000000 00:00 0 
7fb806112000-7fb806113000 ---p 00000000 00:00 0 
7fb806113000-7fb806115000 rw-p 00000000 00:00 0 
7fb806115000-7fb806116000 r--p 00000000 103:02 9574785                   /usr/lib/x86_64-linux-gnu/ld-linux-x86-64.so.2
7fb806116000-7fb80613f000 r-xp 00001000 103:02 9574785                   /usr/lib/x86_64-linux-gnu/ld-linux-x86-64.so.2
7fb80613f000-7fb806149000 r--p 0002a000 103:02 9574785                   /usr/lib/x86_64-linux-gnu/ld-linux-x86-64.so.2
7fb806149000-7fb80614b000 r--p 00034000 103:02 9574785                   /usr/lib/x86_64-linux-gnu/ld-linux-x86-64.so.2
7fb80614b000-7fb80614d000 rw-p 00036000 103:02 9574785                   /usr/lib/x86_64-linux-gnu/ld-linux-x86-64.so.2
7fff3ee02000-7fff3ee24000 rw-p 00000000 00:00 0                          [stack]
7fff3ee4c000-7fff3ee50000 r--p 00000000 00:00 0                          [vvar]
7fff3ee50000-7fff3ee52000 r-xp 00000000 00:00 0                          [vdso]
ffffffffff600000-ffffffffff601000 --xp 00000000 00:00 0                  [vsyscall]


VM Arguments:
jvm_args: -XX:TieredStopAtLevel=1 -Dspring.output.ansi.enabled=always -Dcom.sun.management.jmxremote -Dspring.jmx.enabled=true -Dspring.liveBeansView.mbeanDomain -Dspring.application.admin.enabled=true -javaagent:/home/luiz/IntelliJ-Idea/lib/idea_rt.jar=45039:/home/luiz/IntelliJ-Idea/bin -Dfile.encoding=UTF-8 
java_command: com.ls.DevOpenCV.DevOpenCvApplication
java_class_path (initial): /home/luiz/dev/DevOpenCV/target/classes:/home/luiz/.m2/repository/org/springframework/boot/spring-boot-starter/2.7.8/spring-boot-starter-2.7.8.jar:/home/luiz/.m2/repository/org/springframework/boot/spring-boot/2.7.8/spring-boot-2.7.8.jar:/home/luiz/.m2/repository/org/springframework/spring-context/5.3.25/spring-context-5.3.25.jar:/home/luiz/.m2/repository/org/springframework/spring-aop/5.3.25/spring-aop-5.3.25.jar:/home/luiz/.m2/repository/org/springframework/spring-beans/5.3.25/spring-beans-5.3.25.jar:/home/luiz/.m2/repository/org/springframework/spring-expression/5.3.25/spring-expression-5.3.25.jar:/home/luiz/.m2/repository/org/springframework/boot/spring-boot-autoconfigure/2.7.8/spring-boot-autoconfigure-2.7.8.jar:/home/luiz/.m2/repository/org/springframework/boot/spring-boot-starter-logging/2.7.8/spring-boot-starter-logging-2.7.8.jar:/home/luiz/.m2/repository/ch/qos/logback/logback-classic/1.2.11/logback-classic-1.2.11.jar:/home/luiz/.m2/repository/ch/qos/logback/logback-core/1.2.11/logback-core-1.2.11.jar:/home/luiz/.m2/repository/org/apache/logging/log4j/log4j-to-slf4j/2.17.2/log4j-to-slf4j-2.17.2.jar:/home/luiz/.m2/repository/org/apache/logging/log4j/log4j-api/2.17.2/log4j-api-2.17.2.jar:/home/luiz/.m2/repository/org/slf4j/jul-to-slf4j/1.7.36/jul-to-slf4j-1.7.36.jar:/home/luiz/.m2/repository/jakarta/annotation/jakarta.annotation-api/1.3.5/jakarta.annotation-api-1.3.5.jar:/home/luiz/.m2/repository/org/springframework/spring-core/5.3.25/spring-core-5.3.25.jar:/home/luiz/.m2/repository/org/springframework/spring-jcl/5.3.25/spring-jcl-5.3.25.jar:/home/luiz/.m2/repository/org/yaml/snakeyaml/1.30/snakeyaml-1.30.jar:/home/luiz/.m2/repository/org/projectlombok/lombok/1.18.24/lombok-1.18.24.jar:/home/luiz/.m2/repository/org/openpnp/opencv/4.6.0-0/opencv-4.6.0-0.jar:/home/luiz/.m2/repository/net/sourceforge/tess4j/tess4j/5.3.0/tess4j-5.3.0.jar:/home/luiz/.m2/repository/net/java/dev/jna/jna/5.12.1/jna-5.12.1.jar:/home/luiz/.m2/repository/com
Launcher Type: SUN_STANDARD

[Global flags]
     intx CICompilerCount                          = 12                                        {product} {ergonomic}
     uint ConcGCThreads                            = 3                                         {product} {ergonomic}
     uint G1ConcRefinementThreads                  = 13                                        {product} {ergonomic}
   size_t G1HeapRegionSize                         = 4194304                                   {product} {ergonomic}
    uintx GCDrainStackTargetSize                   = 64                                        {product} {ergonomic}
   size_t InitialHeapSize                          = 318767104                                 {product} {ergonomic}
     bool ManagementServer                         = true                                      {product} {command line}
   size_t MarkStackSize                            = 4194304                                   {product} {ergonomic}
   size_t MaxHeapSize                              = 5075107840                                {product} {ergonomic}
   size_t MaxNewSize                               = 3045064704                                {product} {ergonomic}
   size_t MinHeapDeltaBytes                        = 4194304                                   {product} {ergonomic}
   size_t MinHeapSize                              = 8388608                                   {product} {ergonomic}
    uintx NonProfiledCodeHeapSize                  = 0                                      {pd product} {ergonomic}
     bool ProfileInterpreter                       = false                                  {pd product} {command line}
    uintx ProfiledCodeHeapSize                     = 0                                      {pd product} {ergonomic}
   size_t SoftMaxHeapSize                          = 5075107840                             {manageable} {ergonomic}
     intx TieredStopAtLevel                        = 1                                         {product} {command line}
     bool UseCompressedClassPointers               = true                           {product lp64_product} {ergonomic}
     bool UseCompressedOops                        = true                           {product lp64_product} {ergonomic}
     bool UseG1GC                                  = true                                      {product} {ergonomic}

Logging:
Log output configuration:
 #0: stdout all=warning uptime,level,tags
 #1: stderr all=off uptime,level,tags

Environment Variables:
PATH=/home/luiz/.local/bin:/usr/local/sbin:/usr/local/bin:/usr/sbin:/usr/bin:/sbin:/bin:/usr/games:/usr/local/games:/snap/bin
SHELL=/bin/bash
DISPLAY=:0
LANG=pt_BR.UTF-8

Signal Handlers:
   SIGSEGV: crash_handler in libjvm.so, mask=11100100010111111101111111111110, flags=SA_RESTART|SA_SIGINFO
    SIGBUS: crash_handler in libjvm.so, mask=11100100010111111101111111111110, flags=SA_RESTART|SA_SIGINFO
    SIGFPE: crash_handler in libjvm.so, mask=11100100010111111101111111111110, flags=SA_RESTART|SA_SIGINFO
   SIGPIPE: javaSignalHandler in libjvm.so, mask=11100100010111111101111111111110, flags=SA_RESTART|SA_SIGINFO
   SIGXFSZ: javaSignalHandler in libjvm.so, mask=11100100010111111101111111111110, flags=SA_RESTART|SA_SIGINFO
    SIGILL: crash_handler in libjvm.so, mask=11100100010111111101111111111110, flags=SA_RESTART|SA_SIGINFO
   SIGUSR2: SR_handler in libjvm.so, mask=00100000000000000000000000000000, flags=SA_RESTART|SA_SIGINFO
    SIGHUP: UserHandler in libjvm.so, mask=11100100010111111101111111111110, flags=SA_RESTART|SA_SIGINFO
    SIGINT: UserHandler in libjvm.so, mask=11100100010111111101111111111110, flags=SA_RESTART|SA_SIGINFO
   SIGTERM: UserHandler in libjvm.so, mask=11100100010111111101111111111110, flags=SA_RESTART|SA_SIGINFO
   SIGQUIT: UserHandler in libjvm.so, mask=11100100010111111101111111111110, flags=SA_RESTART|SA_SIGINFO
   SIGTRAP: crash_handler in libjvm.so, mask=11100100010111111101111111111110, flags=SA_RESTART|SA_SIGINFO


---------------  S Y S T E M  ---------------

OS:
DISTRIB_ID=Ubuntu
DISTRIB_RELEASE=22.10
DISTRIB_CODENAME=kinetic
DISTRIB_DESCRIPTION="Ubuntu 22.10"
uname: Linux 5.19.0-29-generic #30-Ubuntu SMP PREEMPT_DYNAMIC Wed Jan 4 12:14:09 UTC 2023 x86_64
OS uptime: 0 days 1:52 hours
libc: glibc 2.36 NPTL 2.36 
rlimit (soft/hard): STACK 8192k/infinity , CORE 0k/infinity , NPROC 76931/76931 , NOFILE 1048576/1048576 , AS infinity/infinity , CPU infinity/infinity , DATA infinity/infinity , FSIZE infinity/infinity , MEMLOCK 2477036k/2477036k
load average: 0,71 0,80 1,28

/proc/meminfo:
MemTotal:       19816312 kB
MemFree:         8231584 kB
MemAvailable:   13967140 kB
Buffers:          147372 kB
Cached:          5624252 kB
SwapCached:            0 kB
Active:          1746028 kB
Inactive:        8349424 kB
Active(anon):       2368 kB
Inactive(anon):  4445588 kB
Active(file):    1743660 kB
Inactive(file):  3903836 kB
Unevictable:          32 kB
Mlocked:              32 kB
SwapTotal:       2097148 kB
SwapFree:        2097148 kB
Zswap:                 0 kB
Zswapped:              0 kB
Dirty:              5524 kB
Writeback:             0 kB
AnonPages:       4324164 kB
Mapped:          1412976 kB
Shmem:            127728 kB
KReclaimable:     449692 kB
Slab:             687032 kB
SReclaimable:     449692 kB
SUnreclaim:       237340 kB
KernelStack:       19088 kB
PageTables:        54952 kB
NFS_Unstable:          0 kB
Bounce:                0 kB
WritebackTmp:          0 kB
CommitLimit:    12005304 kB
Committed_AS:   13644268 kB
VmallocTotal:   34359738367 kB
VmallocUsed:      114836 kB
VmallocChunk:          0 kB
Percpu:            17344 kB
HardwareCorrupted:     0 kB
AnonHugePages:         0 kB
ShmemHugePages:        0 kB
ShmemPmdMapped:        0 kB
FileHugePages:         0 kB
FilePmdMapped:         0 kB
HugePages_Total:       0
HugePages_Free:        0
HugePages_Rsvd:        0
HugePages_Surp:        0
Hugepagesize:       2048 kB
Hugetlb:               0 kB
DirectMap4k:      864964 kB
DirectMap2M:    11040768 kB
DirectMap1G:     9437184 kB

/sys/kernel/mm/transparent_hugepage/enabled: always [madvise] never
/sys/kernel/mm/transparent_hugepage/defrag (defrag/compaction efforts parameter): always defer defer+madvise [madvise] never

Process Memory:
Virtual Size: 8154556K (peak: 8178460K)
Resident Set Size: 80652K (peak: 97772K) (anon: 46036K, file: 34616K, shmem: 0K)
Swapped out: 0K
C-Heap outstanding allocations: 41876K, retained: 2795K

/proc/sys/kernel/threads-max (system-wide limit on the number of threads): 153863
/proc/sys/vm/max_map_count (maximum number of memory map areas a process may have): 65530
/proc/sys/kernel/pid_max (system-wide limit on number of process identifiers): 4194304

container (cgroup) information:
container_type: cgroupv2
cpu_cpuset_cpus: not supported
cpu_memory_nodes: not supported
active_processor_count: 16
cpu_quota: not supported
cpu_period: not supported
cpu_shares: not supported
memory_limit_in_bytes: unlimited
memory_and_swap_limit_in_bytes: unlimited
memory_soft_limit_in_bytes: unlimited
memory_usage_in_bytes: 3901718528
memory_max_usage_in_bytes: not supported
maximum number of tasks: 23079
current number of tasks: 204

Steal ticks since vm start: 0
Steal ticks percentage since vm start:  0,000

CPU: total 16 (initial active 16) (16 cores per cpu, 2 threads per core) family 23 model 104 stepping 1 microcode 0x8608102, cx8, cmov, fxsr, ht, mmx, 3dnowpref, sse, sse2, sse3, ssse3, sse4a, sse4.1, sse4.2, popcnt, lzcnt, tsc, tscinvbit, avx, avx2, aes, clmul, bmi1, bmi2, adx, sha, fma, vzeroupper, clflush, clflushopt
CPU Model and flags from /proc/cpuinfo:
model name	: AMD Ryzen 7 5700U with Radeon Graphics
flags		: fpu vme de pse tsc msr pae mce cx8 apic sep mtrr pge mca cmov pat pse36 clflush mmx fxsr sse sse2 ht syscall nx mmxext fxsr_opt pdpe1gb rdtscp lm constant_tsc rep_good nopl nonstop_tsc cpuid extd_apicid aperfmperf rapl pni pclmulqdq monitor ssse3 fma cx16 sse4_1 sse4_2 movbe popcnt aes xsave avx f16c rdrand lahf_lm cmp_legacy svm extapic cr8_legacy abm sse4a misalignsse 3dnowprefetch osvw ibs skinit wdt tce topoext perfctr_core perfctr_nb bpext perfctr_llc mwaitx cpb cat_l3 cdp_l3 hw_pstate ssbd mba ibrs ibpb stibp vmmcall fsgsbase bmi1 avx2 smep bmi2 cqm rdt_a rdseed adx smap clflushopt clwb sha_ni xsaveopt xsavec xgetbv1 xsaves cqm_llc cqm_occup_llc cqm_mbm_total cqm_mbm_local clzero irperf xsaveerptr rdpru wbnoinvd cppc arat npt lbrv svm_lock nrip_save tsc_scale vmcb_clean flushbyasid decodeassists pausefilter pfthreshold avic v_vmsave_vmload vgif v_spec_ctrl umip rdpid overflow_recov succor smca

Online cpus: 0-15
Offline cpus: 
BIOS frequency limitation: <Not Available>
Frequency switch latency (ns): 131072
Available cpu frequencies: <Not Available>
Current governor: schedutil
Core performance/turbo boost: 1

Memory: 4k page, physical 19816312k(8231584k free), swap 2097148k(2097148k free)
Page Sizes: 4k

vm_info: Java HotSpot(TM) 64-Bit Server VM (17.0.5+9-LTS-191) for linux-amd64 JRE (17.0.5+9-LTS-191), built on Sep 13 2022 16:24:50 by "mach5one" with gcc 10.3.0

END.
