#
# A fatal error has been detected by the Java Runtime Environment:
#
#  SIGSEGV (0xb) at pc=0x00007f341c4e47df, pid=65227, tid=65230
#
# JRE version: Java(TM) SE Runtime Environment (17.0.5+9) (build 17.0.5+9-LTS-191)
# Java VM: Java HotSpot(TM) 64-Bit Server VM (17.0.5+9-LTS-191, mixed mode, emulated-client, sharing, tiered, compressed oops, compressed class ptrs, g1 gc, linux-amd64)
# Problematic frame:
# C  [libtesseract.so+0xe47df]  tesseract::Tesseract::recog_all_words(tesseract::PAGE_RES*, tesseract::ETEXT_DESC*, tesseract::TBOX const*, char const*, int)+0x3cf
#
# Core dump will be written. Default location: Core dumps may be processed with "/usr/share/apport/apport -p%p -s%s -c%c -d%d -P%P -u%u -g%g -- %E" (or dumping to /home/luiz/dev/DevOpenCV/core.65227)
#
# If you would like to submit a bug report, please visit:
#   https://bugreport.java.com/bugreport/crash.jsp
# The crash happened outside the Java Virtual Machine in native code.
# See problematic frame for where to report the bug.
#

---------------  S U M M A R Y ------------

Command Line: -XX:TieredStopAtLevel=1 -Dspring.output.ansi.enabled=always -Dcom.sun.management.jmxremote -Dspring.jmx.enabled=true -Dspring.liveBeansView.mbeanDomain -Dspring.application.admin.enabled=true -javaagent:/home/luiz/IntelliJ-Idea/lib/idea_rt.jar=40935:/home/luiz/IntelliJ-Idea/bin -Dfile.encoding=UTF-8 com.ls.DevOpenCV.DevOpenCvApplication

Host: AMD Ryzen 7 5700U with Radeon Graphics, 16 cores, 18G, Ubuntu 22.10
Time: Wed Feb  1 00:51:10 2023 -03 elapsed time: 0.453436 seconds (0d 0h 0m 0s)

---------------  T H R E A D  ---------------

Current thread (0x00007f3444026510):  JavaThread "main" [_thread_in_native, id=65230, stack(0x00007f3448d00000,0x00007f3448e00000)]

Stack: [0x00007f3448d00000,0x00007f3448e00000],  sp=0x00007f3448dfd480,  free space=1013k
Native frames: (J=compiled Java code, j=interpreted, Vv=VM code, C=native code)
C  [libtesseract.so+0xe47df]  tesseract::Tesseract::recog_all_words(tesseract::PAGE_RES*, tesseract::ETEXT_DESC*, tesseract::TBOX const*, char const*, int)+0x3cf

Java frames: (J=compiled Java code, j=interpreted, Vv=VM code)
j  com.sun.jna.Native.invokePointer(Lcom/sun/jna/Function;JI[Ljava/lang/Object;)J+0
j  com.sun.jna.Function.invokePointer(I[Ljava/lang/Object;)Lcom/sun/jna/Pointer;+7
j  com.sun.jna.Function.invoke([Ljava/lang/Object;Ljava/lang/Class;ZI)Ljava/lang/Object;+385
j  com.sun.jna.Function.invoke(Ljava/lang/reflect/Method;[Ljava/lang/Class;Ljava/lang/Class;[Ljava/lang/Object;Ljava/util/Map;)Ljava/lang/Object;+271
j  com.sun.jna.Library$Handler.invoke(Ljava/lang/Object;Ljava/lang/reflect/Method;[Ljava/lang/Object;)Ljava/lang/Object;+390
j  jdk.proxy2.$Proxy2.TessBaseAPIGetUTF8Text(Lnet/sourceforge/tess4j/ITessAPI$TessBaseAPI;)Lcom/sun/jna/Pointer;+16 jdk.proxy2
j  net.sourceforge.tess4j.Tesseract.getOCRText(Ljava/lang/String;I)Ljava/lang/String;+269
j  net.sourceforge.tess4j.Tesseract.doOCR(Ljavax/imageio/IIOImage;Ljava/lang/String;Ljava/awt/Rectangle;I)Ljava/lang/String;+18
j  net.sourceforge.tess4j.Tesseract.doOCR(Ljava/io/File;Ljava/awt/Rectangle;)Ljava/lang/String;+126
j  net.sourceforge.tess4j.Tesseract.doOCR(Ljava/io/File;)Ljava/lang/String;+3
j  com.ls.DevOpenCV.DevOpenCvApplication.doOcr(Ljava/lang/String;)V+41
j  com.ls.DevOpenCV.DevOpenCvApplication.main([Ljava/lang/String;)V+2
v  ~StubRoutines::call_stub

siginfo: si_signo: 11 (SIGSEGV), si_code: 1 (SEGV_MAPERR), si_addr: 0x000000000000000c

Register to memory mapping:

RAX=0x0 is NULL
RBX=0x00007f3448dfd4d0 is pointing into the stack for thread: 0x00007f3444026510
RCX=0x00007f3444566cc8 points into unknown readable memory: 0x0000000000000000 | 00 00 00 00 00 00 00 00
RDX=0x0 is NULL
RSP=0x00007f3448dfd480 is pointing into the stack for thread: 0x00007f3444026510
RBP=0x00007f34445451e0 points into unknown readable memory: 0x00007f341c764688 | 88 46 76 1c 34 7f 00 00
RSI=0x0 is NULL
RDI=0x00007f3448dfd580 is pointing into the stack for thread: 0x00007f3444026510
R8 =0x0 is NULL
R9 =0x0 is NULL
R10=0x0000000000000025 is an unknown value
R11=0x00007f341c55de00: _ZN9tesseract11PAGE_RES_IT16internal_forwardEbb+0x0000000000000000 in /lib/libtesseract.so at 0x00007f341c400000
R12=0x00007f344462d7f0 points into unknown readable memory: 0x0000000000000000 | 00 00 00 00 00 00 00 00
R13=0x0 is NULL
R14=0x0000000000000001 is an unknown value
R15=0x0 is NULL


Registers:
RAX=0x0000000000000000, RBX=0x00007f3448dfd4d0, RCX=0x00007f3444566cc8, RDX=0x0000000000000000
RSP=0x00007f3448dfd480, RBP=0x00007f34445451e0, RSI=0x0000000000000000, RDI=0x00007f3448dfd580
R8 =0x0000000000000000, R9 =0x0000000000000000, R10=0x0000000000000025, R11=0x00007f341c55de00
R12=0x00007f344462d7f0, R13=0x0000000000000000, R14=0x0000000000000001, R15=0x0000000000000000
RIP=0x00007f341c4e47df, EFLAGS=0x0000000000010246, CSGSFS=0x002b000000000033, ERR=0x0000000000000004
  TRAPNO=0x000000000000000e

Top of Stack: (sp=0x00007f3448dfd480)
0x00007f3448dfd480:   0000000000000000 0000000000000000
0x00007f3448dfd490:   0000000000000000 0000000000000000
0x00007f3448dfd4a0:   0000000000000000 00007f3444628c20
0x00007f3448dfd4b0:   0000000000000000 00007f3444628a40 

Instructions: (pc=0x00007f341c4e47df)
0x00007f341c4e46df:   e8 dc 5d fb ff 48 8b 44 24 70 48 85 c0 74 62 48
0x00007f341c4e46ef:   8b 94 24 80 00 00 00 48 8b 52 08 48 85 d2 74 04
0x00007f341c4e46ff:   48 8b 52 08 48 8b 80 20 01 00 00 48 85 c0 74 c1
0x00007f341c4e470f:   8b 48 74 85 c9 74 ba 48 8b 40 10 48 8d 0c 88 66
0x00007f341c4e471f:   90 8b 30 85 f6 75 b2 48 83 c0 04 48 39 c8 75 f1
0x00007f341c4e472f:   48 85 d2 74 9c 8b 42 10 8d 50 ff 83 fa 02 76 91
0x00007f341c4e473f:   83 e8 05 83 f8 03 77 91 eb 87 0f 1f 80 00 00 00
0x00007f341c4e474f:   00 48 83 3c 24 00 74 0d 48 8b 04 24 ba 64 00 00
0x00007f341c4e475f:   00 66 89 50 02 b8 01 00 00 00 48 8b 94 24 98 01
0x00007f341c4e476f:   00 00 64 48 2b 14 25 28 00 00 00 0f 85 c8 05 00
0x00007f341c4e477f:   00 48 81 c4 a8 01 00 00 5b 5d 41 5c 41 5d 41 5e
0x00007f341c4e478f:   41 5f c3 66 0f 1f 44 00 00 48 83 3c 24 00 0f 84
0x00007f341c4e479f:   ed 02 00 00 48 8b 54 24 18 48 89 de 48 89 ef e8
0x00007f341c4e47af:   fd 8b fb ff e9 ed fe ff ff 0f 1f 84 00 00 00 00
0x00007f341c4e47bf:   00 31 f6 48 89 df e8 66 55 fb ff 8b 85 68 15 00
0x00007f341c4e47cf:   00 85 c0 0f 8f 19 02 00 00 48 8b 85 00 0a 00 00
0x00007f341c4e47df:   80 78 0c 00 0f 85 4d 05 00 00 4c 8b bd 68 4b 02
0x00007f341c4e47ef:   00 4c 8b b5 60 4b 02 00 4d 39 fe 75 1e eb 37 66
0x00007f341c4e47ff:   90 48 8b 97 00 0a 00 00 80 7a 0c 00 0f 85 0f 02
0x00007f341c4e480f:   00 00 49 83 c6 08 4d 39 f7 74 1b 49 8b 3e 8b 87
0x00007f341c4e481f:   68 15 00 00 85 c0 7e d9 e8 b4 34 fb ff 49 83 c6
0x00007f341c4e482f:   08 4d 39 f7 75 e5 48 8b 4c 24 20 48 8b 54 24 18
0x00007f341c4e483f:   4d 89 e0 48 89 ef 66 0f ef c0 4c 8d 4c 24 30 be
0x00007f341c4e484f:   01 00 00 00 48 c7 44 24 40 00 00 00 00 0f 29 44
0x00007f341c4e485f:   24 30 4d 89 cd e8 57 42 fb ff 44 8b bd a4 3b 02
0x00007f341c4e486f:   00 45 85 ff 74 0b 4c 89 ee 48 89 ef e8 b0 fa fa
0x00007f341c4e487f:   ff 48 8b 44 24 38 48 2b 44 24 30 45 31 f6 4d 89
0x00007f341c4e488f:   e8 48 c1 f8 04 48 89 d9 be 01 00 00 00 48 89 ef
0x00007f341c4e489f:   48 ba cd cc cc cc cc cc cc cc 66 44 89 b5 2c 4b
0x00007f341c4e48af:   02 00 48 0f af c2 48 89 ad 78 4b 02 00 48 8b 14
0x00007f341c4e48bf:   24 c7 85 34 4b 02 00 00 00 00 00 48 c7 85 24 4b
0x00007f341c4e48cf:   02 00 00 00 00 00 89 85 30 4b 02 00 e8 00 f5 fa 


Stack slot to memory mapping:
stack at sp + 0 slots: 0x0 is NULL
stack at sp + 1 slots: 0x0 is NULL
stack at sp + 2 slots: 0x0 is NULL
stack at sp + 3 slots: 0x0 is NULL
stack at sp + 4 slots: 0x0 is NULL
stack at sp + 5 slots: 0x00007f3444628c20 points into unknown readable memory: 0x00007f3444628a40 | 40 8a 62 44 34 7f 00 00
stack at sp + 6 slots: 0x0 is NULL
stack at sp + 7 slots: 0x00007f3444628a40 points into unknown readable memory: 0x00007f3444628c20 | 20 8c 62 44 34 7f 00 00


---------------  P R O C E S S  ---------------

Threads class SMR info:
_java_thread_list=0x00007f34445212e0, length=20, elements={
0x00007f3444026510, 0x00007f3444166e20, 0x00007f3444168200, 0x00007f344416d550,
0x00007f344416e900, 0x00007f344416fd10, 0x00007f3444171300, 0x00007f344417a750,
0x00007f3444185570, 0x00007f33fc0ad870, 0x00007f344432fe70, 0x00007f3444331540,
0x00007f34443e12c0, 0x00007f33fc15c750, 0x00007f33fc15d8a0, 0x00007f33e80b0ef0,
0x00007f33e80b2050, 0x00007f34444e5a70, 0x00007f34445142a0, 0x00007f3444520890
}

Java Threads: ( => current thread )
=>0x00007f3444026510 JavaThread "main" [_thread_in_native, id=65230, stack(0x00007f3448d00000,0x00007f3448e00000)]
  0x00007f3444166e20 JavaThread "Reference Handler" daemon [_thread_blocked, id=65246, stack(0x00007f342cc7a000,0x00007f342cd7a000)]
  0x00007f3444168200 JavaThread "Finalizer" daemon [_thread_blocked, id=65247, stack(0x00007f342c300000,0x00007f342c400000)]
  0x00007f344416d550 JavaThread "Signal Dispatcher" daemon [_thread_blocked, id=65249, stack(0x00007f342c200000,0x00007f342c300000)]
  0x00007f344416e900 JavaThread "Service Thread" daemon [_thread_blocked, id=65250, stack(0x00007f342c100000,0x00007f342c200000)]
  0x00007f344416fd10 JavaThread "Monitor Deflation Thread" daemon [_thread_blocked, id=65251, stack(0x00007f342c000000,0x00007f342c100000)]
  0x00007f3444171300 JavaThread "C1 CompilerThread0" daemon [_thread_blocked, id=65252, stack(0x00007f341d900000,0x00007f341da00000)]
  0x00007f344417a750 JavaThread "Sweeper thread" daemon [_thread_blocked, id=65253, stack(0x00007f341d800000,0x00007f341d900000)]
  0x00007f3444185570 JavaThread "Common-Cleaner" daemon [_thread_blocked, id=65257, stack(0x00007f341d700000,0x00007f341d800000)]
  0x00007f33fc0ad870 JavaThread "C1 CompilerThread1" daemon [_thread_blocked, id=65258, stack(0x00007f341d600000,0x00007f341d700000)]
  0x00007f344432fe70 JavaThread "Monitor Ctrl-Break" daemon [_thread_in_native, id=65259, stack(0x00007f341d500000,0x00007f341d600000)]
  0x00007f3444331540 JavaThread "Notification Thread" daemon [_thread_blocked, id=65260, stack(0x00007f341d400000,0x00007f341d500000)]
  0x00007f34443e12c0 JavaThread "RMI TCP Accept-0" daemon [_thread_in_native, id=65265, stack(0x00007f341d300000,0x00007f341d400000)]
  0x00007f33fc15c750 JavaThread "C1 CompilerThread2" daemon [_thread_blocked, id=65267, stack(0x00007f341d0fe000,0x00007f341d1fe000)]
  0x00007f33fc15d8a0 JavaThread "C1 CompilerThread3" daemon [_thread_blocked, id=65268, stack(0x00007f341cffe000,0x00007f341d0fe000)]
  0x00007f33e80b0ef0 JavaThread "C1 CompilerThread4" daemon [_thread_blocked, id=65270, stack(0x00007f341cefe000,0x00007f341cffe000)]
  0x00007f33e80b2050 JavaThread "C1 CompilerThread5" daemon [_thread_blocked, id=65271, stack(0x00007f341cdfe000,0x00007f341cefe000)]
  0x00007f34444e5a70 JavaThread "Java2D Disposer" daemon [_thread_blocked, id=65272, stack(0x00007f341cace000,0x00007f341cbce000)]
  0x00007f34445142a0 JavaThread "process reaper" daemon [_thread_blocked, id=65277, stack(0x00007f341dfd1000,0x00007f341dff3000)]
  0x00007f3444520890 JavaThread "JNA Cleaner" daemon [_thread_blocked, id=65278, stack(0x00007f341c0f7000,0x00007f341c1f7000)]

Other Threads:
  0x00007f3444162dc0 VMThread "VM Thread" [stack: 0x00007f342cd7c000,0x00007f342ce7c000] [id=65245]
  0x00007f344438ebc0 WatcherThread [stack: 0x00007f341d200000,0x00007f341d300000] [id=65266]
  0x00007f344409ac00 GCTaskThread "GC Thread#0" [stack: 0x00007f342e063000,0x00007f342e163000] [id=65232]
  0x00007f34440a5960 ConcurrentGCThread "G1 Main Marker" [stack: 0x00007f342df61000,0x00007f342e061000] [id=65233]
  0x00007f34440a68c0 ConcurrentGCThread "G1 Conc#0" [stack: 0x00007f342de5f000,0x00007f342df5f000] [id=65234]
  0x00007f3444137b80 ConcurrentGCThread "G1 Refine#0" [stack: 0x00007f342d050000,0x00007f342d150000] [id=65235]
  0x00007f3444138a70 ConcurrentGCThread "G1 Service" [stack: 0x00007f342cf4e000,0x00007f342d04e000] [id=65236]

Threads with active compile tasks:

VM state: not at safepoint (normal execution)

VM Mutex/Monitor currently owned by a thread: None

Heap address: 0x00000006d1800000, size: 4840 MB, Compressed Oops mode: Zero based, Oop shift amount: 3

CDS archive(s) mapped at: [0x0000000800000000-0x0000000800be3000-0x0000000800be3000), size 12464128, SharedBaseAddress: 0x0000000800000000, ArchiveRelocationMode: 0.
Compressed class space mapped at: 0x0000000800c00000-0x0000000840c00000, reserved size: 1073741824
Narrow klass base: 0x0000000800000000, Narrow klass shift: 0, Narrow klass range: 0x100000000

GC Precious Log:
 CPUs: 16 total, 16 available
 Memory: 19351M
 Large Page Support: Disabled
 NUMA Support: Disabled
 Compressed Oops: Enabled (Zero based)
 Heap Region Size: 4M
 Heap Min Capacity: 8M
 Heap Initial Capacity: 304M
 Heap Max Capacity: 4840M
 Pre-touch: Disabled
 Parallel Workers: 13
 Concurrent Workers: 3
 Concurrent Refinement Workers: 13
 Periodic GC: Disabled

Heap:
 garbage-first heap   total 319488K, used 16356K [0x00000006d1800000, 0x0000000800000000)
  region size 4096K, 4 young (16384K), 0 survivors (0K)
 Metaspace       used 7757K, committed 7936K, reserved 1056768K
  class space    used 897K, committed 960K, reserved 1048576K

Heap Regions: E=young(eden), S=young(survivor), O=old, HS=humongous(starts), HC=humongous(continues), CS=collection set, F=free, OA=open archive, CA=closed archive, TAMS=top-at-mark-start (previous, next)
|   0|0x00000006d1800000, 0x00000006d1800000, 0x00000006d1c00000|  0%| F|  |TAMS 0x00000006d1800000, 0x00000006d1800000| Untracked 
|   1|0x00000006d1c00000, 0x00000006d1c00000, 0x00000006d2000000|  0%| F|  |TAMS 0x00000006d1c00000, 0x00000006d1c00000| Untracked 
|   2|0x00000006d2000000, 0x00000006d2000000, 0x00000006d2400000|  0%| F|  |TAMS 0x00000006d2000000, 0x00000006d2000000| Untracked 
|   3|0x00000006d2400000, 0x00000006d2400000, 0x00000006d2800000|  0%| F|  |TAMS 0x00000006d2400000, 0x00000006d2400000| Untracked 
|   4|0x00000006d2800000, 0x00000006d2800000, 0x00000006d2c00000|  0%| F|  |TAMS 0x00000006d2800000, 0x00000006d2800000| Untracked 
|   5|0x00000006d2c00000, 0x00000006d2c00000, 0x00000006d3000000|  0%| F|  |TAMS 0x00000006d2c00000, 0x00000006d2c00000| Untracked 
|   6|0x00000006d3000000, 0x00000006d3000000, 0x00000006d3400000|  0%| F|  |TAMS 0x00000006d3000000, 0x00000006d3000000| Untracked 
|   7|0x00000006d3400000, 0x00000006d3400000, 0x00000006d3800000|  0%| F|  |TAMS 0x00000006d3400000, 0x00000006d3400000| Untracked 
|   8|0x00000006d3800000, 0x00000006d3800000, 0x00000006d3c00000|  0%| F|  |TAMS 0x00000006d3800000, 0x00000006d3800000| Untracked 
|   9|0x00000006d3c00000, 0x00000006d3c00000, 0x00000006d4000000|  0%| F|  |TAMS 0x00000006d3c00000, 0x00000006d3c00000| Untracked 
|  10|0x00000006d4000000, 0x00000006d4000000, 0x00000006d4400000|  0%| F|  |TAMS 0x00000006d4000000, 0x00000006d4000000| Untracked 
|  11|0x00000006d4400000, 0x00000006d4400000, 0x00000006d4800000|  0%| F|  |TAMS 0x00000006d4400000, 0x00000006d4400000| Untracked 
|  12|0x00000006d4800000, 0x00000006d4800000, 0x00000006d4c00000|  0%| F|  |TAMS 0x00000006d4800000, 0x00000006d4800000| Untracked 
|  13|0x00000006d4c00000, 0x00000006d4c00000, 0x00000006d5000000|  0%| F|  |TAMS 0x00000006d4c00000, 0x00000006d4c00000| Untracked 
|  14|0x00000006d5000000, 0x00000006d5000000, 0x00000006d5400000|  0%| F|  |TAMS 0x00000006d5000000, 0x00000006d5000000| Untracked 
|  15|0x00000006d5400000, 0x00000006d5400000, 0x00000006d5800000|  0%| F|  |TAMS 0x00000006d5400000, 0x00000006d5400000| Untracked 
|  16|0x00000006d5800000, 0x00000006d5800000, 0x00000006d5c00000|  0%| F|  |TAMS 0x00000006d5800000, 0x00000006d5800000| Untracked 
|  17|0x00000006d5c00000, 0x00000006d5c00000, 0x00000006d6000000|  0%| F|  |TAMS 0x00000006d5c00000, 0x00000006d5c00000| Untracked 
|  18|0x00000006d6000000, 0x00000006d6000000, 0x00000006d6400000|  0%| F|  |TAMS 0x00000006d6000000, 0x00000006d6000000| Untracked 
|  19|0x00000006d6400000, 0x00000006d6400000, 0x00000006d6800000|  0%| F|  |TAMS 0x00000006d6400000, 0x00000006d6400000| Untracked 
|  20|0x00000006d6800000, 0x00000006d6800000, 0x00000006d6c00000|  0%| F|  |TAMS 0x00000006d6800000, 0x00000006d6800000| Untracked 
|  21|0x00000006d6c00000, 0x00000006d6c00000, 0x00000006d7000000|  0%| F|  |TAMS 0x00000006d6c00000, 0x00000006d6c00000| Untracked 
|  22|0x00000006d7000000, 0x00000006d7000000, 0x00000006d7400000|  0%| F|  |TAMS 0x00000006d7000000, 0x00000006d7000000| Untracked 
|  23|0x00000006d7400000, 0x00000006d7400000, 0x00000006d7800000|  0%| F|  |TAMS 0x00000006d7400000, 0x00000006d7400000| Untracked 
|  24|0x00000006d7800000, 0x00000006d7800000, 0x00000006d7c00000|  0%| F|  |TAMS 0x00000006d7800000, 0x00000006d7800000| Untracked 
|  25|0x00000006d7c00000, 0x00000006d7c00000, 0x00000006d8000000|  0%| F|  |TAMS 0x00000006d7c00000, 0x00000006d7c00000| Untracked 
|  26|0x00000006d8000000, 0x00000006d8000000, 0x00000006d8400000|  0%| F|  |TAMS 0x00000006d8000000, 0x00000006d8000000| Untracked 
|  27|0x00000006d8400000, 0x00000006d8400000, 0x00000006d8800000|  0%| F|  |TAMS 0x00000006d8400000, 0x00000006d8400000| Untracked 
|  28|0x00000006d8800000, 0x00000006d8800000, 0x00000006d8c00000|  0%| F|  |TAMS 0x00000006d8800000, 0x00000006d8800000| Untracked 
|  29|0x00000006d8c00000, 0x00000006d8c00000, 0x00000006d9000000|  0%| F|  |TAMS 0x00000006d8c00000, 0x00000006d8c00000| Untracked 
|  30|0x00000006d9000000, 0x00000006d9000000, 0x00000006d9400000|  0%| F|  |TAMS 0x00000006d9000000, 0x00000006d9000000| Untracked 
|  31|0x00000006d9400000, 0x00000006d9400000, 0x00000006d9800000|  0%| F|  |TAMS 0x00000006d9400000, 0x00000006d9400000| Untracked 
|  32|0x00000006d9800000, 0x00000006d9800000, 0x00000006d9c00000|  0%| F|  |TAMS 0x00000006d9800000, 0x00000006d9800000| Untracked 
|  33|0x00000006d9c00000, 0x00000006d9c00000, 0x00000006da000000|  0%| F|  |TAMS 0x00000006d9c00000, 0x00000006d9c00000| Untracked 
|  34|0x00000006da000000, 0x00000006da000000, 0x00000006da400000|  0%| F|  |TAMS 0x00000006da000000, 0x00000006da000000| Untracked 
|  35|0x00000006da400000, 0x00000006da400000, 0x00000006da800000|  0%| F|  |TAMS 0x00000006da400000, 0x00000006da400000| Untracked 
|  36|0x00000006da800000, 0x00000006da800000, 0x00000006dac00000|  0%| F|  |TAMS 0x00000006da800000, 0x00000006da800000| Untracked 
|  37|0x00000006dac00000, 0x00000006dac00000, 0x00000006db000000|  0%| F|  |TAMS 0x00000006dac00000, 0x00000006dac00000| Untracked 
|  38|0x00000006db000000, 0x00000006db000000, 0x00000006db400000|  0%| F|  |TAMS 0x00000006db000000, 0x00000006db000000| Untracked 
|  39|0x00000006db400000, 0x00000006db400000, 0x00000006db800000|  0%| F|  |TAMS 0x00000006db400000, 0x00000006db400000| Untracked 
|  40|0x00000006db800000, 0x00000006db800000, 0x00000006dbc00000|  0%| F|  |TAMS 0x00000006db800000, 0x00000006db800000| Untracked 
|  41|0x00000006dbc00000, 0x00000006dbc00000, 0x00000006dc000000|  0%| F|  |TAMS 0x00000006dbc00000, 0x00000006dbc00000| Untracked 
|  42|0x00000006dc000000, 0x00000006dc000000, 0x00000006dc400000|  0%| F|  |TAMS 0x00000006dc000000, 0x00000006dc000000| Untracked 
|  43|0x00000006dc400000, 0x00000006dc400000, 0x00000006dc800000|  0%| F|  |TAMS 0x00000006dc400000, 0x00000006dc400000| Untracked 
|  44|0x00000006dc800000, 0x00000006dc800000, 0x00000006dcc00000|  0%| F|  |TAMS 0x00000006dc800000, 0x00000006dc800000| Untracked 
|  45|0x00000006dcc00000, 0x00000006dcc00000, 0x00000006dd000000|  0%| F|  |TAMS 0x00000006dcc00000, 0x00000006dcc00000| Untracked 
|  46|0x00000006dd000000, 0x00000006dd000000, 0x00000006dd400000|  0%| F|  |TAMS 0x00000006dd000000, 0x00000006dd000000| Untracked 
|  47|0x00000006dd400000, 0x00000006dd400000, 0x00000006dd800000|  0%| F|  |TAMS 0x00000006dd400000, 0x00000006dd400000| Untracked 
|  48|0x00000006dd800000, 0x00000006dd800000, 0x00000006ddc00000|  0%| F|  |TAMS 0x00000006dd800000, 0x00000006dd800000| Untracked 
|  49|0x00000006ddc00000, 0x00000006ddc00000, 0x00000006de000000|  0%| F|  |TAMS 0x00000006ddc00000, 0x00000006ddc00000| Untracked 
|  50|0x00000006de000000, 0x00000006de000000, 0x00000006de400000|  0%| F|  |TAMS 0x00000006de000000, 0x00000006de000000| Untracked 
|  51|0x00000006de400000, 0x00000006de400000, 0x00000006de800000|  0%| F|  |TAMS 0x00000006de400000, 0x00000006de400000| Untracked 
|  52|0x00000006de800000, 0x00000006de800000, 0x00000006dec00000|  0%| F|  |TAMS 0x00000006de800000, 0x00000006de800000| Untracked 
|  53|0x00000006dec00000, 0x00000006dec00000, 0x00000006df000000|  0%| F|  |TAMS 0x00000006dec00000, 0x00000006dec00000| Untracked 
|  54|0x00000006df000000, 0x00000006df000000, 0x00000006df400000|  0%| F|  |TAMS 0x00000006df000000, 0x00000006df000000| Untracked 
|  55|0x00000006df400000, 0x00000006df400000, 0x00000006df800000|  0%| F|  |TAMS 0x00000006df400000, 0x00000006df400000| Untracked 
|  56|0x00000006df800000, 0x00000006df800000, 0x00000006dfc00000|  0%| F|  |TAMS 0x00000006df800000, 0x00000006df800000| Untracked 
|  57|0x00000006dfc00000, 0x00000006dfc00000, 0x00000006e0000000|  0%| F|  |TAMS 0x00000006dfc00000, 0x00000006dfc00000| Untracked 
|  58|0x00000006e0000000, 0x00000006e0000000, 0x00000006e0400000|  0%| F|  |TAMS 0x00000006e0000000, 0x00000006e0000000| Untracked 
|  59|0x00000006e0400000, 0x00000006e0400000, 0x00000006e0800000|  0%| F|  |TAMS 0x00000006e0400000, 0x00000006e0400000| Untracked 
|  60|0x00000006e0800000, 0x00000006e0800000, 0x00000006e0c00000|  0%| F|  |TAMS 0x00000006e0800000, 0x00000006e0800000| Untracked 
|  61|0x00000006e0c00000, 0x00000006e0c00000, 0x00000006e1000000|  0%| F|  |TAMS 0x00000006e0c00000, 0x00000006e0c00000| Untracked 
|  62|0x00000006e1000000, 0x00000006e1000000, 0x00000006e1400000|  0%| F|  |TAMS 0x00000006e1000000, 0x00000006e1000000| Untracked 
|  63|0x00000006e1400000, 0x00000006e1400000, 0x00000006e1800000|  0%| F|  |TAMS 0x00000006e1400000, 0x00000006e1400000| Untracked 
|  64|0x00000006e1800000, 0x00000006e1800000, 0x00000006e1c00000|  0%| F|  |TAMS 0x00000006e1800000, 0x00000006e1800000| Untracked 
|  65|0x00000006e1c00000, 0x00000006e1c00000, 0x00000006e2000000|  0%| F|  |TAMS 0x00000006e1c00000, 0x00000006e1c00000| Untracked 
|  66|0x00000006e2000000, 0x00000006e2000000, 0x00000006e2400000|  0%| F|  |TAMS 0x00000006e2000000, 0x00000006e2000000| Untracked 
|  67|0x00000006e2400000, 0x00000006e2400000, 0x00000006e2800000|  0%| F|  |TAMS 0x00000006e2400000, 0x00000006e2400000| Untracked 
|  68|0x00000006e2800000, 0x00000006e2800000, 0x00000006e2c00000|  0%| F|  |TAMS 0x00000006e2800000, 0x00000006e2800000| Untracked 
|  69|0x00000006e2c00000, 0x00000006e2c00000, 0x00000006e3000000|  0%| F|  |TAMS 0x00000006e2c00000, 0x00000006e2c00000| Untracked 
|  70|0x00000006e3000000, 0x00000006e3000000, 0x00000006e3400000|  0%| F|  |TAMS 0x00000006e3000000, 0x00000006e3000000| Untracked 
|  71|0x00000006e3400000, 0x00000006e3400000, 0x00000006e3800000|  0%| F|  |TAMS 0x00000006e3400000, 0x00000006e3400000| Untracked 
|  72|0x00000006e3800000, 0x00000006e3be8c88, 0x00000006e3c00000| 97%| E|  |TAMS 0x00000006e3800000, 0x00000006e3800000| Complete 
|  73|0x00000006e3c00000, 0x00000006e4000000, 0x00000006e4000000|100%| E|CS|TAMS 0x00000006e3c00000, 0x00000006e3c00000| Complete 
|  74|0x00000006e4000000, 0x00000006e4400000, 0x00000006e4400000|100%| E|CS|TAMS 0x00000006e4000000, 0x00000006e4000000| Complete 
|  75|0x00000006e4400000, 0x00000006e4800000, 0x00000006e4800000|100%| E|CS|TAMS 0x00000006e4400000, 0x00000006e4400000| Complete 
|1208|0x00000007ff800000, 0x00000007ffb76000, 0x00000007ffc00000| 86%|OA|  |TAMS 0x00000007ff800000, 0x00000007ff800000| Untracked 
|1209|0x00000007ffc00000, 0x00000007ffc83000, 0x0000000800000000| 12%|CA|  |TAMS 0x00000007ffc00000, 0x00000007ffc00000| Untracked 

Card table byte_map: [0x00007f3438217000,0x00007f3438b8b000] _byte_map_base: 0x00007f3434b8b000

Marking Bits (Prev, Next): (CMBitMap*) 0x00007f344409b680, (CMBitMap*) 0x00007f344409b6c0
 Prev Bits: [0x00007f3432d03000, 0x00007f34378a3000)
 Next Bits: [0x00007f342e163000, 0x00007f3432d03000)

Polling page: 0x00007f344a52e000

Metaspace:

Usage:
  Non-class:      6,70 MB used.
      Class:    897,70 KB used.
       Both:      7,58 MB used.

Virtual space:
  Non-class space:        8,00 MB reserved,       6,81 MB ( 85%) committed,  1 nodes.
      Class space:        1,00 GB reserved,     960,00 KB ( <1%) committed,  1 nodes.
             Both:        1,01 GB reserved,       7,75 MB ( <1%) committed. 

Chunk freelists:
   Non-Class:  688,00 KB
       Class:  3,08 MB
        Both:  3,75 MB

MaxMetaspaceSize: unlimited
CompressedClassSpaceSize: 1,00 GB
Initial GC threshold: 21,00 MB
Current GC threshold: 21,00 MB
CDS: on
MetaspaceReclaimPolicy: balanced
 - commit_granule_bytes: 65536.
 - commit_granule_words: 8192.
 - virtual_space_node_default_size: 1048576.
 - enlarge_chunks_in_place: 1.
 - new_chunks_are_fully_committed: 0.
 - uncommit_free_chunks: 1.
 - use_allocation_guard: 0.
 - handle_deallocations: 1.


Internal statistics:

num_allocs_failed_limit: 0.
num_arena_births: 106.
num_arena_deaths: 0.
num_vsnodes_births: 2.
num_vsnodes_deaths: 0.
num_space_committed: 124.
num_space_uncommitted: 0.
num_chunks_returned_to_freelist: 0.
num_chunks_taken_from_freelist: 186.
num_chunk_merges: 0.
num_chunk_splits: 125.
num_chunks_enlarged: 85.
num_purges: 0.
num_inconsistent_stats: 0.

CodeCache: size=49152Kb used=5649Kb max_used=5649Kb free=43503Kb
 bounds [0x00007f3439600000, 0x00007f3439b90000, 0x00007f343c600000]
 total_blobs=1673 nmethods=1182 adapters=415
 compilation: enabled
              stopped_count=0, restarted_count=0
 full_count=0

Compilation events (20 events):
Event: 0,427 Thread 0x00007f33fc15c750 1175       1       sun.awt.image.ByteInterleavedRaster::getDataOffset (7 bytes)
Event: 0,427 Thread 0x00007f33e80b0ef0 1176       1       sun.awt.image.SunWritableRaster::markDirty (8 bytes)
Event: 0,427 Thread 0x00007f33fc0ad870 nmethod 1171 0x00007f3439b7e090 code [0x00007f3439b7e260, 0x00007f3439b7e4a0]
Event: 0,427 Thread 0x00007f33fc15d8a0 nmethod 1170 0x00007f3439b7e610 code [0x00007f3439b7e7e0, 0x00007f3439b7e8e0]
Event: 0,427 Thread 0x00007f33fc0ad870 1177       1       sun.java2d.StateTrackableDelegate::markDirty (6 bytes)
Event: 0,427 Thread 0x00007f33fc15c750 nmethod 1175 0x00007f3439b7e990 code [0x00007f3439b7eb20, 0x00007f3439b7ec10]
Event: 0,427 Thread 0x00007f33e80b0ef0 nmethod 1176 0x00007f3439b7ed10 code [0x00007f3439b7eea0, 0x00007f3439b7ef90]
Event: 0,427 Thread 0x00007f33fc15d8a0 1178       1       javax.imageio.ImageReader::processImageUpdate (73 bytes)
Event: 0,427 Thread 0x00007f33fc0ad870 nmethod 1177 0x00007f3439b7f090 code [0x00007f3439b7f220, 0x00007f3439b7f310]
Event: 0,427 Thread 0x00007f3444171300 nmethod 1173 0x00007f3439b7f390 code [0x00007f3439b7f540, 0x00007f3439b7f770]
Event: 0,428 Thread 0x00007f33fc0ad870 1179       1       sun.awt.image.ByteInterleavedRaster::getDataElements (15 bytes)
Event: 0,428 Thread 0x00007f33e80b0ef0 1180       1       sun.awt.image.ByteInterleavedRaster::getByteData (851 bytes)
Event: 0,428 Thread 0x00007f33fc15c750 1181       1       sun.awt.image.ByteInterleavedRaster::setDataElements (15 bytes)
Event: 0,428 Thread 0x00007f3444171300 1182       1       sun.awt.image.ByteInterleavedRaster::putByteData (834 bytes)
Event: 0,428 Thread 0x00007f33fc15d8a0 nmethod 1178 0x00007f3439b7f890 code [0x00007f3439b7fa60, 0x00007f3439b7fd00]
Event: 0,428 Thread 0x00007f33fc0ad870 nmethod 1179 0x00007f3439b7fe90 code [0x00007f3439b80040, 0x00007f3439b80140]
Event: 0,428 Thread 0x00007f33fc15c750 nmethod 1181 0x00007f3439b80210 code [0x00007f3439b803c0, 0x00007f3439b804c0]
Event: 0,428 Thread 0x00007f33e80b2050 nmethod 1174 0x00007f3439b80590 code [0x00007f3439b80780, 0x00007f3439b80d40]
Event: 0,429 Thread 0x00007f3444171300 nmethod 1182 0x00007f3439b81110 code [0x00007f3439b81360, 0x00007f3439b81f00]
Event: 0,429 Thread 0x00007f33e80b0ef0 nmethod 1180 0x00007f3439b82910 code [0x00007f3439b82b60, 0x00007f3439b83a00]

GC Heap History (0 events):
No events

Deoptimization events (0 events):
No events

Classes unloaded (0 events):
No events

Classes redefined (0 events):
No events

Internal exceptions (20 events):
Event: 0,090 Thread 0x00007f344432fe70 Exception <a 'java/lang/NoSuchMethodError'{0x00000006e4794018}: 'java.lang.Object java.lang.invoke.DirectMethodHandle$Holder.invokeStaticInit(java.lang.Object)'> (0x00000006e4794018) 
thrown [open/src/hotspot/share/interpreter/linkResolver.cpp, line 758]
Event: 0,105 Thread 0x00007f344432fe70 Exception <a 'java/lang/NoSuchMethodError'{0x00000006e47a2528}: 'void java.lang.invoke.DirectMethodHandle$Holder.invokeStatic(java.lang.Object, java.lang.Object)'> (0x00000006e47a2528) 
thrown [open/src/hotspot/share/interpreter/linkResolver.cpp, line 758]
Event: 0,126 Thread 0x00007f3444026510 Exception <a 'java/lang/NoSuchMethodError'{0x00000006e477d1e8}: 'int java.lang.invoke.DirectMethodHandle$Holder.invokeInterface(java.lang.Object, java.lang.Object)'> (0x00000006e477d1e8) 
thrown [open/src/hotspot/share/interpreter/linkResolver.cpp, line 758]
Event: 0,127 Thread 0x00007f3444026510 Exception <a 'java/lang/IncompatibleClassChangeError'{0x00000006e47807e8}: Found class java.lang.Object, but interface was expected> (0x00000006e47807e8) 
thrown [open/src/hotspot/share/interpreter/linkResolver.cpp, line 826]
Event: 0,164 Thread 0x00007f3444026510 Exception <a 'java/lang/NoSuchMethodError'{0x00000006e40a1698}: 'void java.lang.invoke.DirectMethodHandle$Holder.invokeStatic(java.lang.Object, java.lang.Object, java.lang.Object)'> (0x00000006e40a1698) 
thrown [open/src/hotspot/share/interpreter/linkResolver.cpp, line 758]
Event: 0,174 Thread 0x00007f3444026510 Exception <a 'java/lang/NoSuchMethodError'{0x00000006e40ec868}: 'int java.lang.invoke.DirectMethodHandle$Holder.invokeSpecial(java.lang.Object, java.lang.Object, java.lang.Object)'> (0x00000006e40ec868) 
thrown [open/src/hotspot/share/interpreter/linkResolver.cpp, line 758]
Event: 0,208 Thread 0x00007f3444026510 Exception <a 'java/lang/NoSuchMethodError'{0x00000006e42806d0}: 'int java.lang.invoke.DirectMethodHandle$Holder.invokeSpecialIFC(java.lang.Object, java.lang.Object, java.lang.Object)'> (0x00000006e42806d0) 
thrown [open/src/hotspot/share/interpreter/linkResolver.cpp, line 758]
Event: 0,235 Thread 0x00007f3444026510 Exception <a 'java/lang/ClassNotFoundException'{0x00000006e4317940}: javax/management/remote/rmi/RMIServerImpl_Skel> (0x00000006e4317940) 
thrown [open/src/hotspot/share/classfile/systemDictionary.cpp, line 256]
Event: 0,268 Thread 0x00007f3444026510 Exception <a 'java/lang/ClassNotFoundException'{0x00000006e3cea8b0}: javax/smartcardio/CardPermission> (0x00000006e3cea8b0) 
thrown [open/src/hotspot/share/classfile/systemDictionary.cpp, line 256]
Event: 0,270 Thread 0x00007f3444026510 Exception <a 'java/io/FileNotFoundException'{0x00000006e3cf7988}> (0x00000006e3cf7988) 
thrown [open/src/hotspot/share/prims/jni.cpp, line 516]
Event: 0,324 Thread 0x00007f3444026510 Exception <a 'java/lang/ClassNotFoundException'{0x00000006e3ec71b0}: sun/awt/resources/spi/awtProvider> (0x00000006e3ec71b0) 
thrown [open/src/hotspot/share/classfile/systemDictionary.cpp, line 256]
Event: 0,328 Thread 0x00007f3444026510 Exception <a 'java/io/FileNotFoundException'{0x00000006e3ed97d0}> (0x00000006e3ed97d0) 
thrown [open/src/hotspot/share/prims/jni.cpp, line 516]
Event: 0,331 Thread 0x00007f3444026510 Exception <a 'java/io/FileNotFoundException'{0x00000006e3f06578}> (0x00000006e3f06578) 
thrown [open/src/hotspot/share/prims/jni.cpp, line 516]
Event: 0,380 Thread 0x00007f3444026510 Exception <a 'java/lang/NoSuchMethodError'{0x00000006e3952550}: 'java.lang.Object java.lang.invoke.DirectMethodHandle$Holder.invokeStatic(java.lang.Object, java.lang.Object, long, java.lang.Object)'> (0x00000006e3952550) 
thrown [open/src/hotspot/share/interpreter/linkResolver.cpp, line 758]
Event: 0,380 Thread 0x00007f3444026510 Exception <a 'java/lang/NoSuchMethodError'{0x00000006e3955fe8}: 'java.lang.Object java.lang.invoke.DirectMethodHandle$Holder.invokeStaticInit(java.lang.Object, java.lang.Object, long, java.lang.Object)'> (0x00000006e3955fe8) 
thrown [open/src/hotspot/share/interpreter/linkResolver.cpp, line 758]
Event: 0,381 Thread 0x00007f3444026510 Exception <a 'java/lang/NoSuchMethodError'{0x00000006e395c5f8}: 'java.lang.Object java.lang.invoke.DirectMethodHandle$Holder.newInvokeSpecial(java.lang.Object, java.lang.Object, long)'> (0x00000006e395c5f8) 
thrown [open/src/hotspot/share/interpreter/linkResolver.cpp, line 758]
Event: 0,381 Thread 0x00007f3444026510 Exception <a 'java/lang/NoSuchMethodError'{0x00000006e3960168}: 'java.lang.Object java.lang.invoke.Invokers$Holder.linkToTargetMethod(java.lang.Object, long, java.lang.Object)'> (0x00000006e3960168) 
thrown [open/src/hotspot/share/interpreter/linkResolver.cpp, line 758]
Event: 0,382 Thread 0x00007f3444026510 Exception <a 'java/lang/NoSuchMethodError'{0x00000006e3967538}: 'java.lang.Object java.lang.invoke.DirectMethodHandle$Holder.newInvokeSpecial(java.lang.Object, java.lang.Object, java.lang.Object, int)'> (0x00000006e3967538) 
thrown [open/src/hotspot/share/interpreter/linkResolver.cpp, line 758]
Event: 0,382 Thread 0x00007f3444026510 Exception <a 'java/lang/NoSuchMethodError'{0x00000006e396b918}: 'java.lang.Object java.lang.invoke.DirectMethodHandle$Holder.invokeSpecial(java.lang.Object, java.lang.Object, java.lang.Object, java.lang.Object, int)'> (0x00000006e396b918) 
thrown [open/src/hotspot/share/interpreter/linkResolver.cpp, line 758]
Event: 0,383 Thread 0x00007f3444026510 Exception <a 'java/lang/NoSuchMethodError'{0x00000006e396f4e0}: 'java.lang.Object java.lang.invoke.Invokers$Holder.linkToTargetMethod(java.lang.Object, java.lang.Object, int, java.lang.Object)'> (0x00000006e396f4e0) 
thrown [open/src/hotspot/share/interpreter/linkResolver.cpp, line 758]

VM Operations (14 events):
Event: 0,041 Executing VM operation: HandshakeAllThreads
Event: 0,041 Executing VM operation: HandshakeAllThreads done
Event: 0,089 Executing VM operation: HandshakeAllThreads
Event: 0,089 Executing VM operation: HandshakeAllThreads done
Event: 0,218 Executing VM operation: HandshakeAllThreads
Event: 0,218 Executing VM operation: HandshakeAllThreads done
Event: 0,235 Executing VM operation: HandshakeAllThreads
Event: 0,235 Executing VM operation: HandshakeAllThreads done
Event: 0,247 Executing VM operation: HandshakeAllThreads
Event: 0,248 Executing VM operation: HandshakeAllThreads done
Event: 0,336 Executing VM operation: HandshakeAllThreads
Event: 0,336 Executing VM operation: HandshakeAllThreads done
Event: 0,383 Executing VM operation: HandshakeAllThreads
Event: 0,383 Executing VM operation: HandshakeAllThreads done

Events (20 events):
Event: 0,425 loading class java/awt/ImageCapabilities
Event: 0,425 loading class java/awt/ImageCapabilities done
Event: 0,425 loading class java/awt/Image$1
Event: 0,425 loading class sun/awt/image/SurfaceManager$ImageAccessor
Event: 0,425 loading class sun/awt/image/SurfaceManager$ImageAccessor done
Event: 0,425 loading class java/awt/Image$1 done
Event: 0,425 loading class sun/awt/image/SurfaceManager
Event: 0,425 loading class sun/awt/image/SurfaceManager done
Event: 0,425 loading class java/awt/image/BufferedImage$1
Event: 0,425 loading class java/awt/image/BufferedImage$1 done
Event: 0,425 loading class sun/awt/image/IntegerComponentRaster
Event: 0,425 loading class sun/awt/image/IntegerComponentRaster done
Event: 0,425 loading class sun/awt/image/BytePackedRaster
Event: 0,425 loading class sun/awt/image/BytePackedRaster done
Event: 0,425 loading class com/sun/imageio/plugins/common/ReaderUtil
Event: 0,425 loading class com/sun/imageio/plugins/common/ReaderUtil done
Event: 0,427 loading class javax/imageio/IIOImage
Event: 0,427 loading class javax/imageio/IIOImage done
Event: 0,428 loading class java/lang/StrictMath
Event: 0,428 loading class java/lang/StrictMath done


Dynamic libraries:
6d1800000-6e4800000 rw-p 00000000 00:00 0 
6e4800000-7ff800000 ---p 00000000 00:00 0 
7ff800000-7ffb00000 rw-p 00000000 00:00 0 
7ffb00000-7ffb76000 rw-p 00c9f000 103:02 9830785                         /usr/lib/jvm/jdk-17/lib/server/classes.jsa
7ffb76000-7ffc00000 rw-p 00000000 00:00 0 
7ffc00000-7ffc83000 rw-p 00c1c000 103:02 9830785                         /usr/lib/jvm/jdk-17/lib/server/classes.jsa
7ffc83000-800000000 rw-p 00000000 00:00 0 
800000000-800459000 rw-p 00001000 103:02 9830785                         /usr/lib/jvm/jdk-17/lib/server/classes.jsa
800459000-800be3000 r--p 0045a000 103:02 9830785                         /usr/lib/jvm/jdk-17/lib/server/classes.jsa
800be3000-800c00000 ---p 00000000 00:00 0 
800c00000-800c20000 rw-p 00000000 00:00 0 
800c20000-800c40000 rw-p 00000000 00:00 0 
800c40000-800cc0000 rw-p 00000000 00:00 0 
800cc0000-800cf0000 rw-p 00000000 00:00 0 
800cf0000-840c00000 ---p 00000000 00:00 0 
55bbc2b4a000-55bbc2b4b000 r-xp 00000000 103:02 9830839                   /usr/lib/jvm/jdk-17/bin/java
55bbc2b4c000-55bbc2b4d000 r--p 00001000 103:02 9830839                   /usr/lib/jvm/jdk-17/bin/java
55bbc2b4d000-55bbc2b4e000 rw-p 00002000 103:02 9830839                   /usr/lib/jvm/jdk-17/bin/java
55bbc456a000-55bbc458b000 rw-p 00000000 00:00 0                          [heap]
7f33bc000000-7f33bc021000 rw-p 00000000 00:00 0 
7f33bc021000-7f33c0000000 ---p 00000000 00:00 0 
7f33c0000000-7f33c0021000 rw-p 00000000 00:00 0 
7f33c0021000-7f33c4000000 ---p 00000000 00:00 0 
7f33c7800000-7f33c789a000 r--p 00000000 103:02 9576713                   /usr/lib/x86_64-linux-gnu/libstdc++.so.6.0.30
7f33c789a000-7f33c79aa000 r-xp 0009a000 103:02 9576713                   /usr/lib/x86_64-linux-gnu/libstdc++.so.6.0.30
7f33c79aa000-7f33c7a19000 r--p 001aa000 103:02 9576713                   /usr/lib/x86_64-linux-gnu/libstdc++.so.6.0.30
7f33c7a19000-7f33c7a24000 r--p 00218000 103:02 9576713                   /usr/lib/x86_64-linux-gnu/libstdc++.so.6.0.30
7f33c7a24000-7f33c7a27000 rw-p 00223000 103:02 9576713                   /usr/lib/x86_64-linux-gnu/libstdc++.so.6.0.30
7f33c7a27000-7f33c7a2a000 rw-p 00000000 00:00 0 
7f33c7c00000-7f33c7c32000 r--p 00000000 103:02 9571244                   /usr/lib/libleptonica.so.6.0.0
7f33c7c32000-7f33c7e1c000 r-xp 00032000 103:02 9571244                   /usr/lib/libleptonica.so.6.0.0
7f33c7e1c000-7f33c7eb8000 r--p 0021c000 103:02 9571244                   /usr/lib/libleptonica.so.6.0.0
7f33c7eb8000-7f33c7eb9000 r--p 002b8000 103:02 9571244                   /usr/lib/libleptonica.so.6.0.0
7f33c7eb9000-7f33c7ec2000 rw-p 002b9000 103:02 9571244                   /usr/lib/libleptonica.so.6.0.0
7f33c8000000-7f33c8021000 rw-p 00000000 00:00 0 
7f33c8021000-7f33cc000000 ---p 00000000 00:00 0 
7f33cc000000-7f33cc021000 rw-p 00000000 00:00 0 
7f33cc021000-7f33d0000000 ---p 00000000 00:00 0 
7f33d0000000-7f33d011d000 rw-p 00000000 00:00 0 
7f33d011d000-7f33d4000000 ---p 00000000 00:00 0 
7f33d4000000-7f33d4021000 rw-p 00000000 00:00 0 
7f33d4021000-7f33d8000000 ---p 00000000 00:00 0 
7f33d8000000-7f33d8021000 rw-p 00000000 00:00 0 
7f33d8021000-7f33dc000000 ---p 00000000 00:00 0 
7f33dc000000-7f33dc021000 rw-p 00000000 00:00 0 
7f33dc021000-7f33e0000000 ---p 00000000 00:00 0 
7f33e0000000-7f33e0021000 rw-p 00000000 00:00 0 
7f33e0021000-7f33e4000000 ---p 00000000 00:00 0 
7f33e4000000-7f33e4021000 rw-p 00000000 00:00 0 
7f33e4021000-7f33e8000000 ---p 00000000 00:00 0 
7f33e8000000-7f33e80e6000 rw-p 00000000 00:00 0 
7f33e80e6000-7f33ec000000 ---p 00000000 00:00 0 
7f33ec000000-7f33ec02b000 rw-p 00000000 00:00 0 
7f33ec02b000-7f33f0000000 ---p 00000000 00:00 0 
7f33f0000000-7f33f0021000 rw-p 00000000 00:00 0 
7f33f0021000-7f33f4000000 ---p 00000000 00:00 0 
7f33f4000000-7f33f4021000 rw-p 00000000 00:00 0 
7f33f4021000-7f33f8000000 ---p 00000000 00:00 0 
7f33f8000000-7f33f8021000 rw-p 00000000 00:00 0 
7f33f8021000-7f33fc000000 ---p 00000000 00:00 0 
7f33fc000000-7f33fc163000 rw-p 00000000 00:00 0 
7f33fc163000-7f3400000000 ---p 00000000 00:00 0 
7f3400000000-7f3400021000 rw-p 00000000 00:00 0 
7f3400021000-7f3404000000 ---p 00000000 00:00 0 
7f3404000000-7f3404021000 rw-p 00000000 00:00 0 
7f3404021000-7f3408000000 ---p 00000000 00:00 0 
7f3408000000-7f3408021000 rw-p 00000000 00:00 0 
7f3408021000-7f340c000000 ---p 00000000 00:00 0 
7f340c000000-7f340c021000 rw-p 00000000 00:00 0 
7f340c021000-7f3410000000 ---p 00000000 00:00 0 
7f3410000000-7f3410021000 rw-p 00000000 00:00 0 
7f3410021000-7f3414000000 ---p 00000000 00:00 0 
7f3414000000-7f3414021000 rw-p 00000000 00:00 0 
7f3414021000-7f3418000000 ---p 00000000 00:00 0 
7f3418000000-7f3418021000 rw-p 00000000 00:00 0 
7f3418021000-7f341c000000 ---p 00000000 00:00 0 
7f341c0f7000-7f341c0fb000 ---p 00000000 00:00 0 
7f341c0fb000-7f341c1f7000 rw-p 00000000 00:00 0 
7f341c1f7000-7f341c1fb000 r--p 00000000 103:02 9575043                   /usr/lib/x86_64-linux-gnu/libLerc.so.3
7f341c1fb000-7f341c252000 r-xp 00004000 103:02 9575043                   /usr/lib/x86_64-linux-gnu/libLerc.so.3
7f341c252000-7f341c258000 r--p 0005b000 103:02 9575043                   /usr/lib/x86_64-linux-gnu/libLerc.so.3
7f341c258000-7f341c259000 r--p 00061000 103:02 9575043                   /usr/lib/x86_64-linux-gnu/libLerc.so.3
7f341c259000-7f341c25a000 rw-p 00062000 103:02 9575043                   /usr/lib/x86_64-linux-gnu/libLerc.so.3
7f341c25a000-7f341c25f000 r--p 00000000 103:02 9577017                   /usr/lib/x86_64-linux-gnu/libzstd.so.1.5.2
7f341c25f000-7f341c2f7000 r-xp 00005000 103:02 9577017                   /usr/lib/x86_64-linux-gnu/libzstd.so.1.5.2
7f341c2f7000-7f341c307000 r--p 0009d000 103:02 9577017                   /usr/lib/x86_64-linux-gnu/libzstd.so.1.5.2
7f341c307000-7f341c308000 r--p 000ac000 103:02 9577017                   /usr/lib/x86_64-linux-gnu/libzstd.so.1.5.2
7f341c308000-7f341c309000 rw-p 000ad000 103:02 9577017                   /usr/lib/x86_64-linux-gnu/libzstd.so.1.5.2
7f341c309000-7f341c30b000 r--p 00000000 103:02 9576890                   /usr/lib/x86_64-linux-gnu/libwebp.so.7.1.3
7f341c30b000-7f341c360000 r-xp 00002000 103:02 9576890                   /usr/lib/x86_64-linux-gnu/libwebp.so.7.1.3
7f341c360000-7f341c371000 r--p 00057000 103:02 9576890                   /usr/lib/x86_64-linux-gnu/libwebp.so.7.1.3
7f341c371000-7f341c372000 r--p 00067000 103:02 9576890                   /usr/lib/x86_64-linux-gnu/libwebp.so.7.1.3
7f341c372000-7f341c373000 rw-p 00068000 103:02 9576890                   /usr/lib/x86_64-linux-gnu/libwebp.so.7.1.3
7f341c373000-7f341c375000 rw-p 00000000 00:00 0 
7f341c375000-7f341c37e000 r--p 00000000 103:02 9579694                   /usr/lib/x86_64-linux-gnu/libtiff.so.5.8.0
7f341c37e000-7f341c3c9000 r-xp 00009000 103:02 9579694                   /usr/lib/x86_64-linux-gnu/libtiff.so.5.8.0
7f341c3c9000-7f341c3fa000 r--p 00054000 103:02 9579694                   /usr/lib/x86_64-linux-gnu/libtiff.so.5.8.0
7f341c3fa000-7f341c3ff000 r--p 00084000 103:02 9579694                   /usr/lib/x86_64-linux-gnu/libtiff.so.5.8.0
7f341c3ff000-7f341c400000 rw-p 00089000 103:02 9579694                   /usr/lib/x86_64-linux-gnu/libtiff.so.5.8.0
7f341c400000-7f341c486000 r--p 00000000 103:02 9571264                   /usr/lib/libtesseract.so.5.0.3
7f341c486000-7f341c6bd000 r-xp 00086000 103:02 9571264                   /usr/lib/libtesseract.so.5.0.3
7f341c6bd000-7f341c763000 r--p 002bd000 103:02 9571264                   /usr/lib/libtesseract.so.5.0.3
7f341c763000-7f341c767000 r--p 00362000 103:02 9571264                   /usr/lib/libtesseract.so.5.0.3
7f341c767000-7f341c76e000 rw-p 00366000 103:02 9571264                   /usr/lib/libtesseract.so.5.0.3
7f341c76e000-7f341c771000 rw-p 00000000 00:00 0 
7f341c77f000-7f341c783000 r--p 00000000 103:02 9576058                   /usr/lib/x86_64-linux-gnu/libjpeg.so.8.2.2
7f341c783000-7f341c7cc000 r-xp 00004000 103:02 9576058                   /usr/lib/x86_64-linux-gnu/libjpeg.so.8.2.2
7f341c7cc000-7f341c7fe000 r--p 0004d000 103:02 9576058                   /usr/lib/x86_64-linux-gnu/libjpeg.so.8.2.2
7f341c7fe000-7f341c7ff000 r--p 0007e000 103:02 9576058                   /usr/lib/x86_64-linux-gnu/libjpeg.so.8.2.2
7f341c7ff000-7f341c800000 rw-p 0007f000 103:02 9576058                   /usr/lib/x86_64-linux-gnu/libjpeg.so.8.2.2
7f341c800000-7f341c81e000 r-xp 00000000 103:02 1715637                   /home/luiz/.cache/JNA/temp/jna12681658839877428329.tmp (deleted)
7f341c81e000-7f341ca1d000 ---p 0001e000 103:02 1715637                   /home/luiz/.cache/JNA/temp/jna12681658839877428329.tmp (deleted)
7f341ca1d000-7f341ca1e000 rw-p 0001d000 103:02 1715637                   /home/luiz/.cache/JNA/temp/jna12681658839877428329.tmp (deleted)
7f341ca1e000-7f341ca1f000 rw-p 00000000 00:00 0 
7f341ca21000-7f341ca22000 r--p 00000000 103:02 9575648                   /usr/lib/x86_64-linux-gnu/libdeflate.so.0
7f341ca22000-7f341ca41000 r-xp 00001000 103:02 9575648                   /usr/lib/x86_64-linux-gnu/libdeflate.so.0
7f341ca41000-7f341ca46000 r--p 00020000 103:02 9575648                   /usr/lib/x86_64-linux-gnu/libdeflate.so.0
7f341ca46000-7f341ca47000 r--p 00024000 103:02 9575648                   /usr/lib/x86_64-linux-gnu/libdeflate.so.0
7f341ca47000-7f341ca48000 rw-p 00025000 103:02 9575648                   /usr/lib/x86_64-linux-gnu/libdeflate.so.0
7f341ca48000-7f341ca4a000 r--p 00000000 103:02 9575807                   /usr/lib/x86_64-linux-gnu/libjbig.so.0
7f341ca4a000-7f341ca53000 r-xp 00002000 103:02 9575807                   /usr/lib/x86_64-linux-gnu/libjbig.so.0
7f341ca53000-7f341ca55000 r--p 0000b000 103:02 9575807                   /usr/lib/x86_64-linux-gnu/libjbig.so.0
7f341ca55000-7f341ca56000 r--p 0000c000 103:02 9575807                   /usr/lib/x86_64-linux-gnu/libjbig.so.0
7f341ca56000-7f341ca59000 rw-p 0000d000 103:02 9575807                   /usr/lib/x86_64-linux-gnu/libjbig.so.0
7f341ca59000-7f341ca5c000 r--p 00000000 103:02 9576183                   /usr/lib/x86_64-linux-gnu/liblzma.so.5.2.5
7f341ca5c000-7f341ca77000 r-xp 00003000 103:02 9576183                   /usr/lib/x86_64-linux-gnu/liblzma.so.5.2.5
7f341ca77000-7f341ca82000 r--p 0001e000 103:02 9576183                   /usr/lib/x86_64-linux-gnu/liblzma.so.5.2.5
7f341ca82000-7f341ca83000 r--p 00028000 103:02 9576183                   /usr/lib/x86_64-linux-gnu/liblzma.so.5.2.5
7f341ca83000-7f341ca84000 rw-p 00029000 103:02 9576183                   /usr/lib/x86_64-linux-gnu/liblzma.so.5.2.5
7f341ca84000-7f341ca8e000 r--p 00000000 103:02 9575876                   /usr/lib/x86_64-linux-gnu/libgomp.so.1.0.0
7f341ca8e000-7f341cabf000 r-xp 0000a000 103:02 9575876                   /usr/lib/x86_64-linux-gnu/libgomp.so.1.0.0
7f341cabf000-7f341cacc000 r--p 0003b000 103:02 9575876                   /usr/lib/x86_64-linux-gnu/libgomp.so.1.0.0
7f341cacc000-7f341cacd000 r--p 00047000 103:02 9575876                   /usr/lib/x86_64-linux-gnu/libgomp.so.1.0.0
7f341cacd000-7f341cace000 rw-p 00048000 103:02 9575876                   /usr/lib/x86_64-linux-gnu/libgomp.so.1.0.0
7f341cace000-7f341cad2000 ---p 00000000 00:00 0 
7f341cad2000-7f341cbce000 rw-p 00000000 00:00 0 
7f341cbce000-7f341cbe7000 r--p 00000000 103:02 9575212                   /usr/lib/x86_64-linux-gnu/libX11.so.6.4.0
7f341cbe7000-7f341cc72000 r-xp 00019000 103:02 9575212                   /usr/lib/x86_64-linux-gnu/libX11.so.6.4.0
7f341cc72000-7f341cd07000 r--p 000a4000 103:02 9575212                   /usr/lib/x86_64-linux-gnu/libX11.so.6.4.0
7f341cd07000-7f341cd08000 r--p 00139000 103:02 9575212                   /usr/lib/x86_64-linux-gnu/libX11.so.6.4.0
7f341cd08000-7f341cd0c000 rw-p 0013a000 103:02 9575212                   /usr/lib/x86_64-linux-gnu/libX11.so.6.4.0
7f341cd0c000-7f341cdcc000 r-xp 00000000 103:02 9830805                   /usr/lib/jvm/jdk-17/lib/libawt.so
7f341cdcc000-7f341cdce000 r--p 000bf000 103:02 9830805                   /usr/lib/jvm/jdk-17/lib/libawt.so
7f341cdce000-7f341cdd9000 rw-p 000c1000 103:02 9830805                   /usr/lib/jvm/jdk-17/lib/libawt.so
7f341cdd9000-7f341cdfe000 rw-p 00000000 00:00 0 
7f341cdfe000-7f341ce02000 ---p 00000000 00:00 0 
7f341ce02000-7f341cefe000 rw-p 00000000 00:00 0 
7f341cefe000-7f341cf02000 ---p 00000000 00:00 0 
7f341cf02000-7f341cffe000 rw-p 00000000 00:00 0 
7f341cffe000-7f341d002000 ---p 00000000 00:00 0 
7f341d002000-7f341d0fe000 rw-p 00000000 00:00 0 
7f341d0fe000-7f341d102000 ---p 00000000 00:00 0 
7f341d102000-7f341d1fe000 rw-p 00000000 00:00 0 
7f341d1fe000-7f341d1ff000 ---p 00000000 00:00 0 
7f341d1ff000-7f341d300000 rw-p 00000000 00:00 0 
7f341d300000-7f341d304000 ---p 00000000 00:00 0 
7f341d304000-7f341d400000 rw-p 00000000 00:00 0 
7f341d400000-7f341d404000 ---p 00000000 00:00 0 
7f341d404000-7f341d500000 rw-p 00000000 00:00 0 
7f341d500000-7f341d504000 ---p 00000000 00:00 0 
7f341d504000-7f341d600000 rw-p 00000000 00:00 0 
7f341d600000-7f341d604000 ---p 00000000 00:00 0 
7f341d604000-7f341d700000 rw-p 00000000 00:00 0 
7f341d700000-7f341d704000 ---p 00000000 00:00 0 
7f341d704000-7f341d800000 rw-p 00000000 00:00 0 
7f341d800000-7f341d804000 ---p 00000000 00:00 0 
7f341d804000-7f341d900000 rw-p 00000000 00:00 0 
7f341d900000-7f341d904000 ---p 00000000 00:00 0 
7f341d904000-7f341da00000 rw-p 00000000 00:00 0 
7f341da00000-7f341df75000 r--p 00000000 103:02 9574110                   /usr/lib/locale/locale-archive
7f341df79000-7f341df7e000 r--p 00000000 103:02 9576467                   /usr/lib/x86_64-linux-gnu/libpng16.so.16.38.0
7f341df7e000-7f341dfa5000 r-xp 00005000 103:02 9576467                   /usr/lib/x86_64-linux-gnu/libpng16.so.16.38.0
7f341dfa5000-7f341dfaf000 r--p 0002c000 103:02 9576467                   /usr/lib/x86_64-linux-gnu/libpng16.so.16.38.0
7f341dfaf000-7f341dfb0000 r--p 00035000 103:02 9576467                   /usr/lib/x86_64-linux-gnu/libpng16.so.16.38.0
7f341dfb0000-7f341dfb1000 rw-p 00036000 103:02 9576467                   /usr/lib/x86_64-linux-gnu/libpng16.so.16.38.0
7f341dfb1000-7f341dfb4000 r--p 00000000 103:02 9575836                   /usr/lib/x86_64-linux-gnu/libgcc_s.so.1
7f341dfb4000-7f341dfcb000 r-xp 00003000 103:02 9575836                   /usr/lib/x86_64-linux-gnu/libgcc_s.so.1
7f341dfcb000-7f341dfcf000 r--p 0001a000 103:02 9575836                   /usr/lib/x86_64-linux-gnu/libgcc_s.so.1
7f341dfcf000-7f341dfd0000 r--p 0001d000 103:02 9575836                   /usr/lib/x86_64-linux-gnu/libgcc_s.so.1
7f341dfd0000-7f341dfd1000 rw-p 0001e000 103:02 9575836                   /usr/lib/x86_64-linux-gnu/libgcc_s.so.1
7f341dfd1000-7f341dfd5000 ---p 00000000 00:00 0 
7f341dfd5000-7f341dff3000 rw-p 00000000 00:00 0 
7f341dff3000-7f341dff5000 r--p 00000000 103:02 9576204                   /usr/lib/x86_64-linux-gnu/libmd.so.0.0.5
7f341dff5000-7f341dffc000 r-xp 00002000 103:02 9576204                   /usr/lib/x86_64-linux-gnu/libmd.so.0.0.5
7f341dffc000-7f341dffe000 r--p 00009000 103:02 9576204                   /usr/lib/x86_64-linux-gnu/libmd.so.0.0.5
7f341dffe000-7f341dfff000 r--p 0000a000 103:02 9576204                   /usr/lib/x86_64-linux-gnu/libmd.so.0.0.5
7f341dfff000-7f341e000000 rw-p 0000b000 103:02 9576204                   /usr/lib/x86_64-linux-gnu/libmd.so.0.0.5
7f341e000000-7f3420000000 rw-p 00000000 00:00 0 
7f3420000000-7f3420021000 rw-p 00000000 00:00 0 
7f3420021000-7f3424000000 ---p 00000000 00:00 0 
7f3424000000-7f3424021000 rw-p 00000000 00:00 0 
7f3424021000-7f3428000000 ---p 00000000 00:00 0 
7f3428000000-7f3428021000 rw-p 00000000 00:00 0 
7f3428021000-7f342c000000 ---p 00000000 00:00 0 
7f342c000000-7f342c004000 ---p 00000000 00:00 0 
7f342c004000-7f342c100000 rw-p 00000000 00:00 0 
7f342c100000-7f342c104000 ---p 00000000 00:00 0 
7f342c104000-7f342c200000 rw-p 00000000 00:00 0 
7f342c200000-7f342c204000 ---p 00000000 00:00 0 
7f342c204000-7f342c300000 rw-p 00000000 00:00 0 
7f342c300000-7f342c304000 ---p 00000000 00:00 0 
7f342c304000-7f342c800000 rw-p 00000000 00:00 0 
7f342c800000-7f342c900000 rw-p 00000000 00:00 0 
7f342c900000-7f342ca00000 rw-p 00000000 00:00 0 
7f342ca00000-7f342ca60000 rw-p 00000000 00:00 0 
7f342ca60000-7f342cb00000 ---p 00000000 00:00 0 
7f342cb00000-7f342cb70000 rw-p 00000000 00:00 0 
7f342cb70000-7f342cc00000 ---p 00000000 00:00 0 
7f342cc07000-7f342cc0b000 r--p 00000000 103:02 9575532                   /usr/lib/x86_64-linux-gnu/libbsd.so.0.11.6
7f342cc0b000-7f342cc18000 r-xp 00004000 103:02 9575532                   /usr/lib/x86_64-linux-gnu/libbsd.so.0.11.6
7f342cc18000-7f342cc1b000 r--p 00011000 103:02 9575532                   /usr/lib/x86_64-linux-gnu/libbsd.so.0.11.6
7f342cc1b000-7f342cc1c000 ---p 00014000 103:02 9575532                   /usr/lib/x86_64-linux-gnu/libbsd.so.0.11.6
7f342cc1c000-7f342cc1d000 r--p 00014000 103:02 9575532                   /usr/lib/x86_64-linux-gnu/libbsd.so.0.11.6
7f342cc1d000-7f342cc1e000 rw-p 00015000 103:02 9575532                   /usr/lib/x86_64-linux-gnu/libbsd.so.0.11.6
7f342cc1e000-7f342cc1f000 rw-p 00000000 00:00 0 
7f342cc1f000-7f342cc21000 r--p 00000000 103:02 9575227                   /usr/lib/x86_64-linux-gnu/libXdmcp.so.6.0.0
7f342cc21000-7f342cc23000 r-xp 00002000 103:02 9575227                   /usr/lib/x86_64-linux-gnu/libXdmcp.so.6.0.0
7f342cc23000-7f342cc25000 r--p 00004000 103:02 9575227                   /usr/lib/x86_64-linux-gnu/libXdmcp.so.6.0.0
7f342cc25000-7f342cc26000 r--p 00005000 103:02 9575227                   /usr/lib/x86_64-linux-gnu/libXdmcp.so.6.0.0
7f342cc26000-7f342cc27000 rw-p 00006000 103:02 9575227                   /usr/lib/x86_64-linux-gnu/libXdmcp.so.6.0.0
7f342cc27000-7f342cc32000 r--p 00000000 103:02 9576973                   /usr/lib/x86_64-linux-gnu/libxcb.so.1.1.0
7f342cc32000-7f342cc46000 r-xp 0000b000 103:02 9576973                   /usr/lib/x86_64-linux-gnu/libxcb.so.1.1.0
7f342cc46000-7f342cc4f000 r--p 0001f000 103:02 9576973                   /usr/lib/x86_64-linux-gnu/libxcb.so.1.1.0
7f342cc4f000-7f342cc50000 r--p 00027000 103:02 9576973                   /usr/lib/x86_64-linux-gnu/libxcb.so.1.1.0
7f342cc50000-7f342cc51000 rw-p 00028000 103:02 9576973                   /usr/lib/x86_64-linux-gnu/libxcb.so.1.1.0
7f342cc51000-7f342cc54000 r--p 00000000 103:02 9575237                   /usr/lib/x86_64-linux-gnu/libXi.so.6.1.0
7f342cc54000-7f342cc60000 r-xp 00003000 103:02 9575237                   /usr/lib/x86_64-linux-gnu/libXi.so.6.1.0
7f342cc60000-7f342cc63000 r--p 0000f000 103:02 9575237                   /usr/lib/x86_64-linux-gnu/libXi.so.6.1.0
7f342cc63000-7f342cc64000 r--p 00011000 103:02 9575237                   /usr/lib/x86_64-linux-gnu/libXi.so.6.1.0
7f342cc64000-7f342cc65000 rw-p 00012000 103:02 9575237                   /usr/lib/x86_64-linux-gnu/libXi.so.6.1.0
7f342cc65000-7f342cc69000 r--p 00000000 103:02 9575229                   /usr/lib/x86_64-linux-gnu/libXext.so.6.4.0
7f342cc69000-7f342cc74000 r-xp 00004000 103:02 9575229                   /usr/lib/x86_64-linux-gnu/libXext.so.6.4.0
7f342cc74000-7f342cc78000 r--p 0000f000 103:02 9575229                   /usr/lib/x86_64-linux-gnu/libXext.so.6.4.0
7f342cc78000-7f342cc79000 r--p 00012000 103:02 9575229                   /usr/lib/x86_64-linux-gnu/libXext.so.6.4.0
7f342cc79000-7f342cc7a000 rw-p 00013000 103:02 9575229                   /usr/lib/x86_64-linux-gnu/libXext.so.6.4.0
7f342cc7a000-7f342cc7e000 ---p 00000000 00:00 0 
7f342cc7e000-7f342cd7a000 rw-p 00000000 00:00 0 
7f342cd7a000-7f342cd7b000 ---p 00000000 00:00 0 
7f342cd7b000-7f342ce7c000 rw-p 00000000 00:00 0 
7f342ce7c000-7f342cf4a000 r-xp 00000000 103:02 9830804                   /usr/lib/jvm/jdk-17/lib/libjsvml.so
7f342cf4a000-7f342cf4b000 r--p 000cd000 103:02 9830804                   /usr/lib/jvm/jdk-17/lib/libjsvml.so
7f342cf4b000-7f342cf4c000 rw-p 000ce000 103:02 9830804                   /usr/lib/jvm/jdk-17/lib/libjsvml.so
7f342cf4c000-7f342cf4d000 ---p 00000000 00:00 0 
7f342cf4d000-7f342d04e000 rw-p 00000000 00:00 0 
7f342d04e000-7f342d04f000 ---p 00000000 00:00 0 
7f342d04f000-7f342de5d000 rw-p 00000000 00:00 0 
7f342de5d000-7f342de5e000 ---p 00000000 00:00 0 
7f342de5e000-7f342df5f000 rw-p 00000000 00:00 0 
7f342df5f000-7f342df60000 ---p 00000000 00:00 0 
7f342df60000-7f342e061000 rw-p 00000000 00:00 0 
7f342e061000-7f342e062000 ---p 00000000 00:00 0 
7f342e062000-7f342e623000 rw-p 00000000 00:00 0 
7f342e623000-7f3432ce3000 ---p 00000000 00:00 0 
7f3432ce3000-7f34331c3000 rw-p 00000000 00:00 0 
7f34331c3000-7f3437883000 ---p 00000000 00:00 0 
7f3437883000-7f343793b000 rw-p 00000000 00:00 0 
7f343793b000-7f3438213000 ---p 00000000 00:00 0 
7f3438213000-7f34382af000 rw-p 00000000 00:00 0 
7f34382af000-7f3438b87000 ---p 00000000 00:00 0 
7f3438b87000-7f3438c23000 rw-p 00000000 00:00 0 
7f3438c23000-7f34394fb000 ---p 00000000 00:00 0 
7f34394fb000-7f3439600000 rw-p 00000000 00:00 0 
7f3439600000-7f3439b90000 rwxp 00000000 00:00 0 
7f3439b90000-7f343c600000 ---p 00000000 00:00 0 
7f343c600000-7f3443f0e000 r--s 00000000 103:02 9830784                   /usr/lib/jvm/jdk-17/lib/modules
7f3443f14000-7f3443f16000 r--p 00000000 103:02 9575255                   /usr/lib/x86_64-linux-gnu/libXtst.so.6.1.0
7f3443f16000-7f3443f19000 r-xp 00002000 103:02 9575255                   /usr/lib/x86_64-linux-gnu/libXtst.so.6.1.0
7f3443f19000-7f3443f1a000 r--p 00005000 103:02 9575255                   /usr/lib/x86_64-linux-gnu/libXtst.so.6.1.0
7f3443f1a000-7f3443f1b000 r--p 00005000 103:02 9575255                   /usr/lib/x86_64-linux-gnu/libXtst.so.6.1.0
7f3443f1b000-7f3443f1c000 rw-p 00006000 103:02 9575255                   /usr/lib/x86_64-linux-gnu/libXtst.so.6.1.0
7f3443f1c000-7f3443f79000 r-xp 00000000 103:02 9830832                   /usr/lib/jvm/jdk-17/lib/libawt_xawt.so
7f3443f79000-7f3443f7a000 ---p 0005d000 103:02 9830832                   /usr/lib/jvm/jdk-17/lib/libawt_xawt.so
7f3443f7a000-7f3443f7b000 r--p 0005d000 103:02 9830832                   /usr/lib/jvm/jdk-17/lib/libawt_xawt.so
7f3443f7b000-7f3443f7d000 rw-p 0005e000 103:02 9830832                   /usr/lib/jvm/jdk-17/lib/libawt_xawt.so
7f3443f7d000-7f3444000000 rw-p 00000000 00:00 0 
7f3444000000-7f3444718000 rw-p 00000000 00:00 0 
7f3444718000-7f3448000000 ---p 00000000 00:00 0 
7f3448001000-7f3448003000 r--p 00000000 103:02 9575249                   /usr/lib/x86_64-linux-gnu/libXrender.so.1.3.0
7f3448003000-7f344800a000 r-xp 00002000 103:02 9575249                   /usr/lib/x86_64-linux-gnu/libXrender.so.1.3.0
7f344800a000-7f344800c000 r--p 00009000 103:02 9575249                   /usr/lib/x86_64-linux-gnu/libXrender.so.1.3.0
7f344800c000-7f344800d000 r--p 0000a000 103:02 9575249                   /usr/lib/x86_64-linux-gnu/libXrender.so.1.3.0
7f344800d000-7f344800e000 rw-p 0000b000 103:02 9575249                   /usr/lib/x86_64-linux-gnu/libXrender.so.1.3.0
7f3448024000-7f3448048000 r--p 00000000 103:02 10623191                  /usr/share/locale-langpack/pt_BR/LC_MESSAGES/libc.mo
7f3448048000-7f3448055000 r-xp 00000000 103:02 9830826                   /usr/lib/jvm/jdk-17/lib/libverify.so
7f3448055000-7f3448057000 r--p 0000c000 103:02 9830826                   /usr/lib/jvm/jdk-17/lib/libverify.so
7f3448057000-7f3448058000 rw-p 0000e000 103:02 9830826                   /usr/lib/jvm/jdk-17/lib/libverify.so
7f3448058000-7f3448d00000 rw-p 00000000 00:00 0 
7f3448d00000-7f3448d04000 ---p 00000000 00:00 0 
7f3448d04000-7f3448e00000 rw-p 00000000 00:00 0 
7f3448e00000-7f3449f33000 r-xp 00000000 103:02 9830786                   /usr/lib/jvm/jdk-17/lib/server/libjvm.so
7f3449f33000-7f3449f34000 ---p 01133000 103:02 9830786                   /usr/lib/jvm/jdk-17/lib/server/libjvm.so
7f3449f34000-7f3449fe9000 r--p 01133000 103:02 9830786                   /usr/lib/jvm/jdk-17/lib/server/libjvm.so
7f3449fe9000-7f344a01c000 rw-p 011e8000 103:02 9830786                   /usr/lib/jvm/jdk-17/lib/server/libjvm.so
7f344a01c000-7f344a076000 rw-p 00000000 00:00 0 
7f344a076000-7f344a077000 r--p 00000000 103:02 9575216                   /usr/lib/x86_64-linux-gnu/libXau.so.6.0.0
7f344a077000-7f344a079000 r-xp 00001000 103:02 9575216                   /usr/lib/x86_64-linux-gnu/libXau.so.6.0.0
7f344a079000-7f344a07a000 r--p 00003000 103:02 9575216                   /usr/lib/x86_64-linux-gnu/libXau.so.6.0.0
7f344a07a000-7f344a07b000 r--p 00003000 103:02 9575216                   /usr/lib/x86_64-linux-gnu/libXau.so.6.0.0
7f344a07b000-7f344a07c000 rw-p 00004000 103:02 9575216                   /usr/lib/x86_64-linux-gnu/libXau.so.6.0.0
7f344a07c000-7f344a083000 r--s 00000000 103:02 10225243                  /usr/lib/x86_64-linux-gnu/gconv/gconv-modules.cache
7f344a083000-7f344a089000 r-xp 00000000 103:02 9830813                   /usr/lib/jvm/jdk-17/lib/libmanagement_ext.so
7f344a089000-7f344a08a000 r--p 00005000 103:02 9830813                   /usr/lib/jvm/jdk-17/lib/libmanagement_ext.so
7f344a08a000-7f344a08b000 rw-p 00006000 103:02 9830813                   /usr/lib/jvm/jdk-17/lib/libmanagement_ext.so
7f344a08b000-7f344a0a0000 r-xp 00000000 103:02 9830792                   /usr/lib/jvm/jdk-17/lib/libnet.so
7f344a0a0000-7f344a0a1000 ---p 00015000 103:02 9830792                   /usr/lib/jvm/jdk-17/lib/libnet.so
7f344a0a1000-7f344a0a2000 r--p 00015000 103:02 9830792                   /usr/lib/jvm/jdk-17/lib/libnet.so
7f344a0a2000-7f344a0a3000 rw-p 00016000 103:02 9830792                   /usr/lib/jvm/jdk-17/lib/libnet.so
7f344a0a3000-7f344a117000 rw-p 00000000 00:00 0 
7f344a117000-7f344a125000 r--p 00000000 103:02 9576186                   /usr/lib/x86_64-linux-gnu/libm.so.6
7f344a125000-7f344a1a3000 r-xp 0000e000 103:02 9576186                   /usr/lib/x86_64-linux-gnu/libm.so.6
7f344a1a3000-7f344a1fe000 r--p 0008c000 103:02 9576186                   /usr/lib/x86_64-linux-gnu/libm.so.6
7f344a1fe000-7f344a1ff000 r--p 000e6000 103:02 9576186                   /usr/lib/x86_64-linux-gnu/libm.so.6
7f344a1ff000-7f344a200000 rw-p 000e7000 103:02 9576186                   /usr/lib/x86_64-linux-gnu/libm.so.6
7f344a200000-7f344a222000 r--p 00000000 103:02 9575538                   /usr/lib/x86_64-linux-gnu/libc.so.6
7f344a222000-7f344a39b000 r-xp 00022000 103:02 9575538                   /usr/lib/x86_64-linux-gnu/libc.so.6
7f344a39b000-7f344a3f2000 r--p 0019b000 103:02 9575538                   /usr/lib/x86_64-linux-gnu/libc.so.6
7f344a3f2000-7f344a3f6000 r--p 001f1000 103:02 9575538                   /usr/lib/x86_64-linux-gnu/libc.so.6
7f344a3f6000-7f344a3f8000 rw-p 001f5000 103:02 9575538                   /usr/lib/x86_64-linux-gnu/libc.so.6
7f344a3f8000-7f344a405000 rw-p 00000000 00:00 0 
7f344a407000-7f344a40b000 r-xp 00000000 103:02 9830810                   /usr/lib/jvm/jdk-17/lib/libmanagement.so
7f344a40b000-7f344a40c000 r--p 00003000 103:02 9830810                   /usr/lib/jvm/jdk-17/lib/libmanagement.so
7f344a40c000-7f344a40d000 rw-p 00004000 103:02 9830810                   /usr/lib/jvm/jdk-17/lib/libmanagement.so
7f344a40d000-7f344a420000 r-xp 00000000 103:02 9830793                   /usr/lib/jvm/jdk-17/lib/libnio.so
7f344a420000-7f344a421000 r--p 00012000 103:02 9830793                   /usr/lib/jvm/jdk-17/lib/libnio.so
7f344a421000-7f344a422000 rw-p 00013000 103:02 9830793                   /usr/lib/jvm/jdk-17/lib/libnio.so
7f344a422000-7f344a429000 r-xp 00000000 103:02 9830789                   /usr/lib/jvm/jdk-17/lib/libzip.so
7f344a429000-7f344a42a000 ---p 00007000 103:02 9830789                   /usr/lib/jvm/jdk-17/lib/libzip.so
7f344a42a000-7f344a42b000 r--p 00007000 103:02 9830789                   /usr/lib/jvm/jdk-17/lib/libzip.so
7f344a42b000-7f344a42c000 rw-p 00008000 103:02 9830789                   /usr/lib/jvm/jdk-17/lib/libzip.so
7f344a42c000-7f344a438000 rw-p 00000000 00:00 0 
7f344a438000-7f344a48c000 ---p 00000000 00:00 0 
7f344a48c000-7f344a494000 rw-s 00000000 103:02 11929700                  /tmp/hsperfdata_luiz/65227
7f344a494000-7f344a4b8000 r-xp 00000000 103:02 9830806                   /usr/lib/jvm/jdk-17/lib/libjava.so
7f344a4b8000-7f344a4b9000 ---p 00024000 103:02 9830806                   /usr/lib/jvm/jdk-17/lib/libjava.so
7f344a4b9000-7f344a4ba000 r--p 00024000 103:02 9830806                   /usr/lib/jvm/jdk-17/lib/libjava.so
7f344a4ba000-7f344a4bb000 rw-p 00025000 103:02 9830806                   /usr/lib/jvm/jdk-17/lib/libjava.so
7f344a4bb000-7f344a4bc000 rw-p 00000000 00:00 0 
7f344a4bc000-7f344a4d7000 r-xp 00000000 103:02 9830823                   /usr/lib/jvm/jdk-17/lib/libjimage.so
7f344a4d7000-7f344a4d8000 ---p 0001b000 103:02 9830823                   /usr/lib/jvm/jdk-17/lib/libjimage.so
7f344a4d8000-7f344a4da000 r--p 0001b000 103:02 9830823                   /usr/lib/jvm/jdk-17/lib/libjimage.so
7f344a4da000-7f344a4db000 rw-p 0001d000 103:02 9830823                   /usr/lib/jvm/jdk-17/lib/libjimage.so
7f344a4db000-7f344a4dc000 r--p 00000000 103:02 9576578                   /usr/lib/x86_64-linux-gnu/librt.so.1
7f344a4dc000-7f344a4dd000 r-xp 00001000 103:02 9576578                   /usr/lib/x86_64-linux-gnu/librt.so.1
7f344a4dd000-7f344a4de000 r--p 00002000 103:02 9576578                   /usr/lib/x86_64-linux-gnu/librt.so.1
7f344a4de000-7f344a4df000 r--p 00002000 103:02 9576578                   /usr/lib/x86_64-linux-gnu/librt.so.1
7f344a4df000-7f344a4e0000 rw-p 00003000 103:02 9576578                   /usr/lib/x86_64-linux-gnu/librt.so.1
7f344a4e0000-7f344a4e4000 rw-p 00000000 00:00 0 
7f344a4e4000-7f344a4e5000 r--p 00000000 103:02 9575659                   /usr/lib/x86_64-linux-gnu/libdl.so.2
7f344a4e5000-7f344a4e6000 r-xp 00001000 103:02 9575659                   /usr/lib/x86_64-linux-gnu/libdl.so.2
7f344a4e6000-7f344a4e7000 r--p 00002000 103:02 9575659                   /usr/lib/x86_64-linux-gnu/libdl.so.2
7f344a4e7000-7f344a4e8000 r--p 00002000 103:02 9575659                   /usr/lib/x86_64-linux-gnu/libdl.so.2
7f344a4e8000-7f344a4e9000 rw-p 00003000 103:02 9575659                   /usr/lib/x86_64-linux-gnu/libdl.so.2
7f344a4e9000-7f344a4ea000 r--p 00000000 103:02 9576516                   /usr/lib/x86_64-linux-gnu/libpthread.so.0
7f344a4ea000-7f344a4eb000 r-xp 00001000 103:02 9576516                   /usr/lib/x86_64-linux-gnu/libpthread.so.0
7f344a4eb000-7f344a4ec000 r--p 00002000 103:02 9576516                   /usr/lib/x86_64-linux-gnu/libpthread.so.0
7f344a4ec000-7f344a4ed000 r--p 00002000 103:02 9576516                   /usr/lib/x86_64-linux-gnu/libpthread.so.0
7f344a4ed000-7f344a4ee000 rw-p 00003000 103:02 9576516                   /usr/lib/x86_64-linux-gnu/libpthread.so.0
7f344a4ee000-7f344a4fd000 r-xp 00000000 103:02 9830833                   /usr/lib/jvm/jdk-17/lib/libjli.so
7f344a4fd000-7f344a4fe000 r--p 0000e000 103:02 9830833                   /usr/lib/jvm/jdk-17/lib/libjli.so
7f344a4fe000-7f344a4ff000 rw-p 0000f000 103:02 9830833                   /usr/lib/jvm/jdk-17/lib/libjli.so
7f344a4ff000-7f344a501000 r--p 00000000 103:02 9577009                   /usr/lib/x86_64-linux-gnu/libz.so.1.2.11
7f344a501000-7f344a513000 r-xp 00002000 103:02 9577009                   /usr/lib/x86_64-linux-gnu/libz.so.1.2.11
7f344a513000-7f344a519000 r--p 00014000 103:02 9577009                   /usr/lib/x86_64-linux-gnu/libz.so.1.2.11
7f344a519000-7f344a51a000 r--p 0001a000 103:02 9577009                   /usr/lib/x86_64-linux-gnu/libz.so.1.2.11
7f344a51a000-7f344a51b000 rw-p 0001b000 103:02 9577009                   /usr/lib/x86_64-linux-gnu/libz.so.1.2.11
7f344a51e000-7f344a520000 r-xp 00000000 103:02 9830782                   /usr/lib/jvm/jdk-17/lib/libextnet.so
7f344a520000-7f344a521000 r--p 00001000 103:02 9830782                   /usr/lib/jvm/jdk-17/lib/libextnet.so
7f344a521000-7f344a522000 rw-p 00002000 103:02 9830782                   /usr/lib/jvm/jdk-17/lib/libextnet.so
7f344a522000-7f344a52c000 r-xp 00000000 103:02 9830791                   /usr/lib/jvm/jdk-17/lib/libinstrument.so
7f344a52c000-7f344a52d000 r--p 00009000 103:02 9830791                   /usr/lib/jvm/jdk-17/lib/libinstrument.so
7f344a52d000-7f344a52e000 rw-p 0000a000 103:02 9830791                   /usr/lib/jvm/jdk-17/lib/libinstrument.so
7f344a52e000-7f344a52f000 ---p 00000000 00:00 0 
7f344a52f000-7f344a530000 r--p 00000000 00:00 0 
7f344a530000-7f344a531000 ---p 00000000 00:00 0 
7f344a531000-7f344a533000 rw-p 00000000 00:00 0 
7f344a533000-7f344a534000 r--p 00000000 103:02 9574785                   /usr/lib/x86_64-linux-gnu/ld-linux-x86-64.so.2
7f344a534000-7f344a55d000 r-xp 00001000 103:02 9574785                   /usr/lib/x86_64-linux-gnu/ld-linux-x86-64.so.2
7f344a55d000-7f344a567000 r--p 0002a000 103:02 9574785                   /usr/lib/x86_64-linux-gnu/ld-linux-x86-64.so.2
7f344a567000-7f344a569000 r--p 00034000 103:02 9574785                   /usr/lib/x86_64-linux-gnu/ld-linux-x86-64.so.2
7f344a569000-7f344a56b000 rw-p 00036000 103:02 9574785                   /usr/lib/x86_64-linux-gnu/ld-linux-x86-64.so.2
7ffea748c000-7ffea74ae000 rw-p 00000000 00:00 0                          [stack]
7ffea7511000-7ffea7515000 r--p 00000000 00:00 0                          [vvar]
7ffea7515000-7ffea7517000 r-xp 00000000 00:00 0                          [vdso]
ffffffffff600000-ffffffffff601000 --xp 00000000 00:00 0                  [vsyscall]


VM Arguments:
jvm_args: -XX:TieredStopAtLevel=1 -Dspring.output.ansi.enabled=always -Dcom.sun.management.jmxremote -Dspring.jmx.enabled=true -Dspring.liveBeansView.mbeanDomain -Dspring.application.admin.enabled=true -javaagent:/home/luiz/IntelliJ-Idea/lib/idea_rt.jar=40935:/home/luiz/IntelliJ-Idea/bin -Dfile.encoding=UTF-8 
java_command: com.ls.DevOpenCV.DevOpenCvApplication
java_class_path (initial): /home/luiz/dev/DevOpenCV/target/classes:/home/luiz/.m2/repository/org/springframework/boot/spring-boot-starter/2.7.8/spring-boot-starter-2.7.8.jar:/home/luiz/.m2/repository/org/springframework/boot/spring-boot/2.7.8/spring-boot-2.7.8.jar:/home/luiz/.m2/repository/org/springframework/spring-context/5.3.25/spring-context-5.3.25.jar:/home/luiz/.m2/repository/org/springframework/spring-aop/5.3.25/spring-aop-5.3.25.jar:/home/luiz/.m2/repository/org/springframework/spring-beans/5.3.25/spring-beans-5.3.25.jar:/home/luiz/.m2/repository/org/springframework/spring-expression/5.3.25/spring-expression-5.3.25.jar:/home/luiz/.m2/repository/org/springframework/boot/spring-boot-autoconfigure/2.7.8/spring-boot-autoconfigure-2.7.8.jar:/home/luiz/.m2/repository/org/springframework/boot/spring-boot-starter-logging/2.7.8/spring-boot-starter-logging-2.7.8.jar:/home/luiz/.m2/repository/ch/qos/logback/logback-classic/1.2.11/logback-classic-1.2.11.jar:/home/luiz/.m2/repository/ch/qos/logback/logback-core/1.2.11/logback-core-1.2.11.jar:/home/luiz/.m2/repository/org/apache/logging/log4j/log4j-to-slf4j/2.17.2/log4j-to-slf4j-2.17.2.jar:/home/luiz/.m2/repository/org/apache/logging/log4j/log4j-api/2.17.2/log4j-api-2.17.2.jar:/home/luiz/.m2/repository/org/slf4j/jul-to-slf4j/1.7.36/jul-to-slf4j-1.7.36.jar:/home/luiz/.m2/repository/jakarta/annotation/jakarta.annotation-api/1.3.5/jakarta.annotation-api-1.3.5.jar:/home/luiz/.m2/repository/org/springframework/spring-core/5.3.25/spring-core-5.3.25.jar:/home/luiz/.m2/repository/org/springframework/spring-jcl/5.3.25/spring-jcl-5.3.25.jar:/home/luiz/.m2/repository/org/yaml/snakeyaml/1.30/snakeyaml-1.30.jar:/home/luiz/.m2/repository/org/projectlombok/lombok/1.18.24/lombok-1.18.24.jar:/home/luiz/.m2/repository/org/openpnp/opencv/4.6.0-0/opencv-4.6.0-0.jar:/home/luiz/.m2/repository/net/sourceforge/tess4j/tess4j/5.3.0/tess4j-5.3.0.jar:/home/luiz/.m2/repository/net/java/dev/jna/jna/5.12.1/jna-5.12.1.jar:/home/luiz/.m2/repository/com
Launcher Type: SUN_STANDARD

[Global flags]
     intx CICompilerCount                          = 12                                        {product} {ergonomic}
     uint ConcGCThreads                            = 3                                         {product} {ergonomic}
     uint G1ConcRefinementThreads                  = 13                                        {product} {ergonomic}
   size_t G1HeapRegionSize                         = 4194304                                   {product} {ergonomic}
    uintx GCDrainStackTargetSize                   = 64                                        {product} {ergonomic}
   size_t InitialHeapSize                          = 318767104                                 {product} {ergonomic}
     bool ManagementServer                         = true                                      {product} {command line}
   size_t MarkStackSize                            = 4194304                                   {product} {ergonomic}
   size_t MaxHeapSize                              = 5075107840                                {product} {ergonomic}
   size_t MaxNewSize                               = 3045064704                                {product} {ergonomic}
   size_t MinHeapDeltaBytes                        = 4194304                                   {product} {ergonomic}
   size_t MinHeapSize                              = 8388608                                   {product} {ergonomic}
    uintx NonProfiledCodeHeapSize                  = 0                                      {pd product} {ergonomic}
     bool ProfileInterpreter                       = false                                  {pd product} {command line}
    uintx ProfiledCodeHeapSize                     = 0                                      {pd product} {ergonomic}
   size_t SoftMaxHeapSize                          = 5075107840                             {manageable} {ergonomic}
     intx TieredStopAtLevel                        = 1                                         {product} {command line}
     bool UseCompressedClassPointers               = true                           {product lp64_product} {ergonomic}
     bool UseCompressedOops                        = true                           {product lp64_product} {ergonomic}
     bool UseG1GC                                  = true                                      {product} {ergonomic}

Logging:
Log output configuration:
 #0: stdout all=warning uptime,level,tags
 #1: stderr all=off uptime,level,tags

Environment Variables:
PATH=/home/luiz/.local/bin:/usr/local/sbin:/usr/local/bin:/usr/sbin:/usr/bin:/sbin:/bin:/usr/games:/usr/local/games:/snap/bin
SHELL=/bin/bash
DISPLAY=:0
LANG=pt_BR.UTF-8

Signal Handlers:
   SIGSEGV: crash_handler in libjvm.so, mask=11100100010111111101111111111110, flags=SA_RESTART|SA_SIGINFO
    SIGBUS: crash_handler in libjvm.so, mask=11100100010111111101111111111110, flags=SA_RESTART|SA_SIGINFO
    SIGFPE: crash_handler in libjvm.so, mask=11100100010111111101111111111110, flags=SA_RESTART|SA_SIGINFO
   SIGPIPE: javaSignalHandler in libjvm.so, mask=11100100010111111101111111111110, flags=SA_RESTART|SA_SIGINFO
   SIGXFSZ: javaSignalHandler in libjvm.so, mask=11100100010111111101111111111110, flags=SA_RESTART|SA_SIGINFO
    SIGILL: crash_handler in libjvm.so, mask=11100100010111111101111111111110, flags=SA_RESTART|SA_SIGINFO
   SIGUSR2: SR_handler in libjvm.so, mask=00100000000000000000000000000000, flags=SA_RESTART|SA_SIGINFO
    SIGHUP: UserHandler in libjvm.so, mask=11100100010111111101111111111110, flags=SA_RESTART|SA_SIGINFO
    SIGINT: UserHandler in libjvm.so, mask=11100100010111111101111111111110, flags=SA_RESTART|SA_SIGINFO
   SIGTERM: UserHandler in libjvm.so, mask=11100100010111111101111111111110, flags=SA_RESTART|SA_SIGINFO
   SIGQUIT: UserHandler in libjvm.so, mask=11100100010111111101111111111110, flags=SA_RESTART|SA_SIGINFO
   SIGTRAP: crash_handler in libjvm.so, mask=11100100010111111101111111111110, flags=SA_RESTART|SA_SIGINFO


---------------  S Y S T E M  ---------------

OS:
DISTRIB_ID=Ubuntu
DISTRIB_RELEASE=22.10
DISTRIB_CODENAME=kinetic
DISTRIB_DESCRIPTION="Ubuntu 22.10"
uname: Linux 5.19.0-29-generic #30-Ubuntu SMP PREEMPT_DYNAMIC Wed Jan 4 12:14:09 UTC 2023 x86_64
OS uptime: 0 days 1:52 hours
libc: glibc 2.36 NPTL 2.36 
rlimit (soft/hard): STACK 8192k/infinity , CORE 0k/infinity , NPROC 76931/76931 , NOFILE 1048576/1048576 , AS infinity/infinity , CPU infinity/infinity , DATA infinity/infinity , FSIZE infinity/infinity , MEMLOCK 2477036k/2477036k
load average: 0,87 0,83 1,31

/proc/meminfo:
MemTotal:       19816312 kB
MemFree:         8230540 kB
MemAvailable:   13965756 kB
Buffers:          147300 kB
Cached:          5632148 kB
SwapCached:            0 kB
Active:          1738060 kB
Inactive:        8357248 kB
Active(anon):       2356 kB
Inactive(anon):  4445848 kB
Active(file):    1735704 kB
Inactive(file):  3911400 kB
Unevictable:          32 kB
Mlocked:              32 kB
SwapTotal:       2097148 kB
SwapFree:        2097148 kB
Zswap:                 0 kB
Zswapped:              0 kB
Dirty:               272 kB
Writeback:           132 kB
AnonPages:       4316140 kB
Mapped:          1413632 kB
Shmem:            135928 kB
KReclaimable:     449744 kB
Slab:             687000 kB
SReclaimable:     449744 kB
SUnreclaim:       237256 kB
KernelStack:       19740 kB
PageTables:        54920 kB
NFS_Unstable:          0 kB
Bounce:                0 kB
WritebackTmp:          0 kB
CommitLimit:    12005304 kB
Committed_AS:   13801200 kB
VmallocTotal:   34359738367 kB
VmallocUsed:      115332 kB
VmallocChunk:          0 kB
Percpu:            17344 kB
HardwareCorrupted:     0 kB
AnonHugePages:         0 kB
ShmemHugePages:        0 kB
ShmemPmdMapped:        0 kB
FileHugePages:         0 kB
FilePmdMapped:         0 kB
HugePages_Total:       0
HugePages_Free:        0
HugePages_Rsvd:        0
HugePages_Surp:        0
Hugepagesize:       2048 kB
Hugetlb:               0 kB
DirectMap4k:      864964 kB
DirectMap2M:    11040768 kB
DirectMap1G:     9437184 kB

/sys/kernel/mm/transparent_hugepage/enabled: always [madvise] never
/sys/kernel/mm/transparent_hugepage/defrag (defrag/compaction efforts parameter): always defer defer+madvise [madvise] never

Process Memory:
Virtual Size: 8287676K (peak: 8306976K)
Resident Set Size: 80540K (peak: 93176K) (anon: 45976K, file: 34564K, shmem: 0K)
Swapped out: 0K
C-Heap outstanding allocations: 41929K, retained: 3010K

/proc/sys/kernel/threads-max (system-wide limit on the number of threads): 153863
/proc/sys/vm/max_map_count (maximum number of memory map areas a process may have): 65530
/proc/sys/kernel/pid_max (system-wide limit on number of process identifiers): 4194304

container (cgroup) information:
container_type: cgroupv2
cpu_cpuset_cpus: not supported
cpu_memory_nodes: not supported
active_processor_count: 16
cpu_quota: not supported
cpu_period: not supported
cpu_shares: not supported
memory_limit_in_bytes: unlimited
memory_and_swap_limit_in_bytes: unlimited
memory_soft_limit_in_bytes: unlimited
memory_usage_in_bytes: 3894034432
memory_max_usage_in_bytes: not supported
maximum number of tasks: 23079
current number of tasks: 207

Steal ticks since vm start: 0
Steal ticks percentage since vm start:  0,000

CPU: total 16 (initial active 16) (16 cores per cpu, 2 threads per core) family 23 model 104 stepping 1 microcode 0x8608102, cx8, cmov, fxsr, ht, mmx, 3dnowpref, sse, sse2, sse3, ssse3, sse4a, sse4.1, sse4.2, popcnt, lzcnt, tsc, tscinvbit, avx, avx2, aes, clmul, bmi1, bmi2, adx, sha, fma, vzeroupper, clflush, clflushopt
CPU Model and flags from /proc/cpuinfo:
model name	: AMD Ryzen 7 5700U with Radeon Graphics
flags		: fpu vme de pse tsc msr pae mce cx8 apic sep mtrr pge mca cmov pat pse36 clflush mmx fxsr sse sse2 ht syscall nx mmxext fxsr_opt pdpe1gb rdtscp lm constant_tsc rep_good nopl nonstop_tsc cpuid extd_apicid aperfmperf rapl pni pclmulqdq monitor ssse3 fma cx16 sse4_1 sse4_2 movbe popcnt aes xsave avx f16c rdrand lahf_lm cmp_legacy svm extapic cr8_legacy abm sse4a misalignsse 3dnowprefetch osvw ibs skinit wdt tce topoext perfctr_core perfctr_nb bpext perfctr_llc mwaitx cpb cat_l3 cdp_l3 hw_pstate ssbd mba ibrs ibpb stibp vmmcall fsgsbase bmi1 avx2 smep bmi2 cqm rdt_a rdseed adx smap clflushopt clwb sha_ni xsaveopt xsavec xgetbv1 xsaves cqm_llc cqm_occup_llc cqm_mbm_total cqm_mbm_local clzero irperf xsaveerptr rdpru wbnoinvd cppc arat npt lbrv svm_lock nrip_save tsc_scale vmcb_clean flushbyasid decodeassists pausefilter pfthreshold avic v_vmsave_vmload vgif v_spec_ctrl umip rdpid overflow_recov succor smca

Online cpus: 0-15
Offline cpus: 
BIOS frequency limitation: <Not Available>
Frequency switch latency (ns): 131072
Available cpu frequencies: <Not Available>
Current governor: schedutil
Core performance/turbo boost: 1

Memory: 4k page, physical 19816312k(8230540k free), swap 2097148k(2097148k free)
Page Sizes: 4k

vm_info: Java HotSpot(TM) 64-Bit Server VM (17.0.5+9-LTS-191) for linux-amd64 JRE (17.0.5+9-LTS-191), built on Sep 13 2022 16:24:50 by "mach5one" with gcc 10.3.0

END.
