#
# A fatal error has been detected by the Java Runtime Environment:
#
#  SIGSEGV (0xb) at pc=0x00007f2158ae47df, pid=64573, tid=64576
#
# JRE version: Java(TM) SE Runtime Environment (17.0.5+9) (build 17.0.5+9-LTS-191)
# Java VM: Java HotSpot(TM) 64-Bit Server VM (17.0.5+9-LTS-191, mixed mode, emulated-client, sharing, tiered, compressed oops, compressed class ptrs, g1 gc, linux-amd64)
# Problematic frame:
# C  [libtesseract.so+0xe47df]  tesseract::Tesseract::recog_all_words(tesseract::PAGE_RES*, tesseract::ETEXT_DESC*, tesseract::TBOX const*, char const*, int)+0x3cf
#
# Core dump will be written. Default location: Core dumps may be processed with "/usr/share/apport/apport -p%p -s%s -c%c -d%d -P%P -u%u -g%g -- %E" (or dumping to /home/luiz/dev/DevOpenCV/core.64573)
#
# If you would like to submit a bug report, please visit:
#   https://bugreport.java.com/bugreport/crash.jsp
# The crash happened outside the Java Virtual Machine in native code.
# See problematic frame for where to report the bug.
#

---------------  S U M M A R Y ------------

Command Line: -XX:TieredStopAtLevel=1 -Dspring.output.ansi.enabled=always -Dcom.sun.management.jmxremote -Dspring.jmx.enabled=true -Dspring.liveBeansView.mbeanDomain -Dspring.application.admin.enabled=true -javaagent:/home/luiz/IntelliJ-Idea/lib/idea_rt.jar=45087:/home/luiz/IntelliJ-Idea/bin -Dfile.encoding=UTF-8 com.ls.DevOpenCV.DevOpenCvApplication

Host: AMD Ryzen 7 5700U with Radeon Graphics, 16 cores, 18G, Ubuntu 22.10
Time: Wed Feb  1 00:42:38 2023 -03 elapsed time: 0.443468 seconds (0d 0h 0m 0s)

---------------  T H R E A D  ---------------

Current thread (0x00007f2180026510):  JavaThread "main" [_thread_in_native, id=64576, stack(0x00007f2185300000,0x00007f2185400000)]

Stack: [0x00007f2185300000,0x00007f2185400000],  sp=0x00007f21853fd480,  free space=1013k
Native frames: (J=compiled Java code, j=interpreted, Vv=VM code, C=native code)
C  [libtesseract.so+0xe47df]  tesseract::Tesseract::recog_all_words(tesseract::PAGE_RES*, tesseract::ETEXT_DESC*, tesseract::TBOX const*, char const*, int)+0x3cf

Java frames: (J=compiled Java code, j=interpreted, Vv=VM code)
j  com.sun.jna.Native.invokePointer(Lcom/sun/jna/Function;JI[Ljava/lang/Object;)J+0
j  com.sun.jna.Function.invokePointer(I[Ljava/lang/Object;)Lcom/sun/jna/Pointer;+7
j  com.sun.jna.Function.invoke([Ljava/lang/Object;Ljava/lang/Class;ZI)Ljava/lang/Object;+385
j  com.sun.jna.Function.invoke(Ljava/lang/reflect/Method;[Ljava/lang/Class;Ljava/lang/Class;[Ljava/lang/Object;Ljava/util/Map;)Ljava/lang/Object;+271
j  com.sun.jna.Library$Handler.invoke(Ljava/lang/Object;Ljava/lang/reflect/Method;[Ljava/lang/Object;)Ljava/lang/Object;+390
j  jdk.proxy2.$Proxy2.TessBaseAPIGetUTF8Text(Lnet/sourceforge/tess4j/ITessAPI$TessBaseAPI;)Lcom/sun/jna/Pointer;+16 jdk.proxy2
j  net.sourceforge.tess4j.Tesseract.getOCRText(Ljava/lang/String;I)Ljava/lang/String;+269
j  net.sourceforge.tess4j.Tesseract.doOCR(Ljavax/imageio/IIOImage;Ljava/lang/String;Ljava/awt/Rectangle;I)Ljava/lang/String;+18
j  net.sourceforge.tess4j.Tesseract.doOCR(Ljava/io/File;Ljava/awt/Rectangle;)Ljava/lang/String;+126
j  net.sourceforge.tess4j.Tesseract.doOCR(Ljava/io/File;)Ljava/lang/String;+3
j  com.ls.DevOpenCV.DevOpenCvApplication.doOcr(Ljava/lang/String;)V+41
j  com.ls.DevOpenCV.DevOpenCvApplication.main([Ljava/lang/String;)V+2
v  ~StubRoutines::call_stub

siginfo: si_signo: 11 (SIGSEGV), si_code: 1 (SEGV_MAPERR), si_addr: 0x000000000000000c

Register to memory mapping:

RAX=0x0 is NULL
RBX=0x00007f21853fd4d0 is pointing into the stack for thread: 0x00007f2180026510
RCX=0x00007f218056e688 points into unknown readable memory: 0x0000000000000000 | 00 00 00 00 00 00 00 00
RDX=0x0 is NULL
RSP=0x00007f21853fd480 is pointing into the stack for thread: 0x00007f2180026510
RBP=0x00007f218054cba0 points into unknown readable memory: 0x00007f2158d64688 | 88 46 d6 58 21 7f 00 00
RSI=0x0 is NULL
RDI=0x00007f21853fd580 is pointing into the stack for thread: 0x00007f2180026510
R8 =0x0 is NULL
R9 =0x0 is NULL
R10=0x0000000000000025 is an unknown value
R11=0x00007f2158b5de00: _ZN9tesseract11PAGE_RES_IT16internal_forwardEbb+0x0000000000000000 in /lib/libtesseract.so at 0x00007f2158a00000
R12=0x00007f2180654ba0 points into unknown readable memory: 0x0000000000000000 | 00 00 00 00 00 00 00 00
R13=0x0 is NULL
R14=0x0000000000000001 is an unknown value
R15=0x0 is NULL


Registers:
RAX=0x0000000000000000, RBX=0x00007f21853fd4d0, RCX=0x00007f218056e688, RDX=0x0000000000000000
RSP=0x00007f21853fd480, RBP=0x00007f218054cba0, RSI=0x0000000000000000, RDI=0x00007f21853fd580
R8 =0x0000000000000000, R9 =0x0000000000000000, R10=0x0000000000000025, R11=0x00007f2158b5de00
R12=0x00007f2180654ba0, R13=0x0000000000000000, R14=0x0000000000000001, R15=0x0000000000000000
RIP=0x00007f2158ae47df, EFLAGS=0x0000000000010246, CSGSFS=0x002b000000000033, ERR=0x0000000000000004
  TRAPNO=0x000000000000000e

Top of Stack: (sp=0x00007f21853fd480)
0x00007f21853fd480:   0000000000000000 0000000000000000
0x00007f21853fd490:   0000000000000000 0000000000000000
0x00007f21853fd4a0:   0000000000000000 00007f21805900c0
0x00007f21853fd4b0:   0000000000000000 00007f218058fee0 

Instructions: (pc=0x00007f2158ae47df)
0x00007f2158ae46df:   e8 dc 5d fb ff 48 8b 44 24 70 48 85 c0 74 62 48
0x00007f2158ae46ef:   8b 94 24 80 00 00 00 48 8b 52 08 48 85 d2 74 04
0x00007f2158ae46ff:   48 8b 52 08 48 8b 80 20 01 00 00 48 85 c0 74 c1
0x00007f2158ae470f:   8b 48 74 85 c9 74 ba 48 8b 40 10 48 8d 0c 88 66
0x00007f2158ae471f:   90 8b 30 85 f6 75 b2 48 83 c0 04 48 39 c8 75 f1
0x00007f2158ae472f:   48 85 d2 74 9c 8b 42 10 8d 50 ff 83 fa 02 76 91
0x00007f2158ae473f:   83 e8 05 83 f8 03 77 91 eb 87 0f 1f 80 00 00 00
0x00007f2158ae474f:   00 48 83 3c 24 00 74 0d 48 8b 04 24 ba 64 00 00
0x00007f2158ae475f:   00 66 89 50 02 b8 01 00 00 00 48 8b 94 24 98 01
0x00007f2158ae476f:   00 00 64 48 2b 14 25 28 00 00 00 0f 85 c8 05 00
0x00007f2158ae477f:   00 48 81 c4 a8 01 00 00 5b 5d 41 5c 41 5d 41 5e
0x00007f2158ae478f:   41 5f c3 66 0f 1f 44 00 00 48 83 3c 24 00 0f 84
0x00007f2158ae479f:   ed 02 00 00 48 8b 54 24 18 48 89 de 48 89 ef e8
0x00007f2158ae47af:   fd 8b fb ff e9 ed fe ff ff 0f 1f 84 00 00 00 00
0x00007f2158ae47bf:   00 31 f6 48 89 df e8 66 55 fb ff 8b 85 68 15 00
0x00007f2158ae47cf:   00 85 c0 0f 8f 19 02 00 00 48 8b 85 00 0a 00 00
0x00007f2158ae47df:   80 78 0c 00 0f 85 4d 05 00 00 4c 8b bd 68 4b 02
0x00007f2158ae47ef:   00 4c 8b b5 60 4b 02 00 4d 39 fe 75 1e eb 37 66
0x00007f2158ae47ff:   90 48 8b 97 00 0a 00 00 80 7a 0c 00 0f 85 0f 02
0x00007f2158ae480f:   00 00 49 83 c6 08 4d 39 f7 74 1b 49 8b 3e 8b 87
0x00007f2158ae481f:   68 15 00 00 85 c0 7e d9 e8 b4 34 fb ff 49 83 c6
0x00007f2158ae482f:   08 4d 39 f7 75 e5 48 8b 4c 24 20 48 8b 54 24 18
0x00007f2158ae483f:   4d 89 e0 48 89 ef 66 0f ef c0 4c 8d 4c 24 30 be
0x00007f2158ae484f:   01 00 00 00 48 c7 44 24 40 00 00 00 00 0f 29 44
0x00007f2158ae485f:   24 30 4d 89 cd e8 57 42 fb ff 44 8b bd a4 3b 02
0x00007f2158ae486f:   00 45 85 ff 74 0b 4c 89 ee 48 89 ef e8 b0 fa fa
0x00007f2158ae487f:   ff 48 8b 44 24 38 48 2b 44 24 30 45 31 f6 4d 89
0x00007f2158ae488f:   e8 48 c1 f8 04 48 89 d9 be 01 00 00 00 48 89 ef
0x00007f2158ae489f:   48 ba cd cc cc cc cc cc cc cc 66 44 89 b5 2c 4b
0x00007f2158ae48af:   02 00 48 0f af c2 48 89 ad 78 4b 02 00 48 8b 14
0x00007f2158ae48bf:   24 c7 85 34 4b 02 00 00 00 00 00 48 c7 85 24 4b
0x00007f2158ae48cf:   02 00 00 00 00 00 89 85 30 4b 02 00 e8 00 f5 fa 


Stack slot to memory mapping:
stack at sp + 0 slots: 0x0 is NULL
stack at sp + 1 slots: 0x0 is NULL
stack at sp + 2 slots: 0x0 is NULL
stack at sp + 3 slots: 0x0 is NULL
stack at sp + 4 slots: 0x0 is NULL
stack at sp + 5 slots: 0x00007f21805900c0 points into unknown readable memory: 0x00007f218058fee0 | e0 fe 58 80 21 7f 00 00
stack at sp + 6 slots: 0x0 is NULL
stack at sp + 7 slots: 0x00007f218058fee0 points into unknown readable memory: 0x00007f218058fb10 | 10 fb 58 80 21 7f 00 00


---------------  P R O C E S S  ---------------

Threads class SMR info:
_java_thread_list=0x00007f2180528ce0, length=19, elements={
0x00007f2180026510, 0x00007f2180166e20, 0x00007f2180168200, 0x00007f218016d550,
0x00007f218016e900, 0x00007f218016fd10, 0x00007f2180171300, 0x00007f2180172760,
0x00007f218017d680, 0x00007f21380b5710, 0x00007f21380b68e0, 0x00007f2180328130,
0x00007f21803297b0, 0x00007f21803d9350, 0x00007f21240a3790, 0x00007f213812a590,
0x00007f21804ed480, 0x00007f218051bcb0, 0x00007f2180528290
}

Java Threads: ( => current thread )
=>0x00007f2180026510 JavaThread "main" [_thread_in_native, id=64576, stack(0x00007f2185300000,0x00007f2185400000)]
  0x00007f2180166e20 JavaThread "Reference Handler" daemon [_thread_blocked, id=64586, stack(0x00007f215a9fe000,0x00007f215aafe000)]
  0x00007f2180168200 JavaThread "Finalizer" daemon [_thread_blocked, id=64587, stack(0x00007f215a8fe000,0x00007f215a9fe000)]
  0x00007f218016d550 JavaThread "Signal Dispatcher" daemon [_thread_blocked, id=64588, stack(0x00007f215a7fe000,0x00007f215a8fe000)]
  0x00007f218016e900 JavaThread "Service Thread" daemon [_thread_blocked, id=64589, stack(0x00007f215a100000,0x00007f215a200000)]
  0x00007f218016fd10 JavaThread "Monitor Deflation Thread" daemon [_thread_blocked, id=64590, stack(0x00007f215a000000,0x00007f215a100000)]
  0x00007f2180171300 JavaThread "C1 CompilerThread0" daemon [_thread_blocked, id=64591, stack(0x00007f2159f00000,0x00007f215a000000)]
  0x00007f2180172760 JavaThread "Sweeper thread" daemon [_thread_blocked, id=64592, stack(0x00007f2159e00000,0x00007f2159f00000)]
  0x00007f218017d680 JavaThread "Common-Cleaner" daemon [_thread_blocked, id=64593, stack(0x00007f2159d00000,0x00007f2159e00000)]
  0x00007f21380b5710 JavaThread "C1 CompilerThread1" daemon [_thread_blocked, id=64594, stack(0x00007f2159c00000,0x00007f2159d00000)]
  0x00007f21380b68e0 JavaThread "C1 CompilerThread2" daemon [_thread_blocked, id=64595, stack(0x00007f2159b00000,0x00007f2159c00000)]
  0x00007f2180328130 JavaThread "Monitor Ctrl-Break" daemon [_thread_in_native, id=64596, stack(0x00007f2159a00000,0x00007f2159b00000)]
  0x00007f21803297b0 JavaThread "Notification Thread" daemon [_thread_blocked, id=64597, stack(0x00007f2159900000,0x00007f2159a00000)]
  0x00007f21803d9350 JavaThread "RMI TCP Accept-0" daemon [_thread_in_native, id=64602, stack(0x00007f2159800000,0x00007f2159900000)]
  0x00007f21240a3790 JavaThread "C1 CompilerThread3" daemon [_thread_blocked, id=64605, stack(0x00007f21595fe000,0x00007f21596fe000)]
  0x00007f213812a590 JavaThread "C1 CompilerThread4" daemon [_thread_blocked, id=64606, stack(0x00007f21594fe000,0x00007f21595fe000)]
  0x00007f21804ed480 JavaThread "Java2D Disposer" daemon [_thread_blocked, id=64608, stack(0x00007f215917f000,0x00007f215927f000)]
  0x00007f218051bcb0 JavaThread "process reaper" daemon [_thread_blocked, id=64612, stack(0x00007f215915d000,0x00007f215917f000)]
  0x00007f2180528290 JavaThread "JNA Cleaner" daemon [_thread_blocked, id=64613, stack(0x00007f215844b000,0x00007f215854b000)]

Other Threads:
  0x00007f2180162dc0 VMThread "VM Thread" [stack: 0x00007f215ab00000,0x00007f215ac00000] [id=64584]
  0x00007f2180386f00 WatcherThread [stack: 0x00007f2159700000,0x00007f2159800000] [id=64603]
  0x00007f218009ac00 GCTaskThread "GC Thread#0" [stack: 0x00007f218441f000,0x00007f218451f000] [id=64577]
  0x00007f21800a5960 ConcurrentGCThread "G1 Main Marker" [stack: 0x00007f218431d000,0x00007f218441d000] [id=64578]
  0x00007f21800a68c0 ConcurrentGCThread "G1 Conc#0" [stack: 0x00007f218421b000,0x00007f218431b000] [id=64579]
  0x00007f2180137b80 ConcurrentGCThread "G1 Refine#0" [stack: 0x00007f215b5f7000,0x00007f215b6f7000] [id=64580]
  0x00007f2180138a70 ConcurrentGCThread "G1 Service" [stack: 0x00007f215b4f5000,0x00007f215b5f5000] [id=64581]

Threads with active compile tasks:

VM state: not at safepoint (normal execution)

VM Mutex/Monitor currently owned by a thread: None

Heap address: 0x00000006d1800000, size: 4840 MB, Compressed Oops mode: Zero based, Oop shift amount: 3

CDS archive(s) mapped at: [0x0000000800000000-0x0000000800be3000-0x0000000800be3000), size 12464128, SharedBaseAddress: 0x0000000800000000, ArchiveRelocationMode: 0.
Compressed class space mapped at: 0x0000000800c00000-0x0000000840c00000, reserved size: 1073741824
Narrow klass base: 0x0000000800000000, Narrow klass shift: 0, Narrow klass range: 0x100000000

GC Precious Log:
 CPUs: 16 total, 16 available
 Memory: 19351M
 Large Page Support: Disabled
 NUMA Support: Disabled
 Compressed Oops: Enabled (Zero based)
 Heap Region Size: 4M
 Heap Min Capacity: 8M
 Heap Initial Capacity: 304M
 Heap Max Capacity: 4840M
 Pre-touch: Disabled
 Parallel Workers: 13
 Concurrent Workers: 3
 Concurrent Refinement Workers: 13
 Periodic GC: Disabled

Heap:
 garbage-first heap   total 319488K, used 20452K [0x00000006d1800000, 0x0000000800000000)
  region size 4096K, 5 young (20480K), 0 survivors (0K)
 Metaspace       used 7757K, committed 7936K, reserved 1056768K
  class space    used 897K, committed 960K, reserved 1048576K

Heap Regions: E=young(eden), S=young(survivor), O=old, HS=humongous(starts), HC=humongous(continues), CS=collection set, F=free, OA=open archive, CA=closed archive, TAMS=top-at-mark-start (previous, next)
|   0|0x00000006d1800000, 0x00000006d1800000, 0x00000006d1c00000|  0%| F|  |TAMS 0x00000006d1800000, 0x00000006d1800000| Untracked 
|   1|0x00000006d1c00000, 0x00000006d1c00000, 0x00000006d2000000|  0%| F|  |TAMS 0x00000006d1c00000, 0x00000006d1c00000| Untracked 
|   2|0x00000006d2000000, 0x00000006d2000000, 0x00000006d2400000|  0%| F|  |TAMS 0x00000006d2000000, 0x00000006d2000000| Untracked 
|   3|0x00000006d2400000, 0x00000006d2400000, 0x00000006d2800000|  0%| F|  |TAMS 0x00000006d2400000, 0x00000006d2400000| Untracked 
|   4|0x00000006d2800000, 0x00000006d2800000, 0x00000006d2c00000|  0%| F|  |TAMS 0x00000006d2800000, 0x00000006d2800000| Untracked 
|   5|0x00000006d2c00000, 0x00000006d2c00000, 0x00000006d3000000|  0%| F|  |TAMS 0x00000006d2c00000, 0x00000006d2c00000| Untracked 
|   6|0x00000006d3000000, 0x00000006d3000000, 0x00000006d3400000|  0%| F|  |TAMS 0x00000006d3000000, 0x00000006d3000000| Untracked 
|   7|0x00000006d3400000, 0x00000006d3400000, 0x00000006d3800000|  0%| F|  |TAMS 0x00000006d3400000, 0x00000006d3400000| Untracked 
|   8|0x00000006d3800000, 0x00000006d3800000, 0x00000006d3c00000|  0%| F|  |TAMS 0x00000006d3800000, 0x00000006d3800000| Untracked 
|   9|0x00000006d3c00000, 0x00000006d3c00000, 0x00000006d4000000|  0%| F|  |TAMS 0x00000006d3c00000, 0x00000006d3c00000| Untracked 
|  10|0x00000006d4000000, 0x00000006d4000000, 0x00000006d4400000|  0%| F|  |TAMS 0x00000006d4000000, 0x00000006d4000000| Untracked 
|  11|0x00000006d4400000, 0x00000006d4400000, 0x00000006d4800000|  0%| F|  |TAMS 0x00000006d4400000, 0x00000006d4400000| Untracked 
|  12|0x00000006d4800000, 0x00000006d4800000, 0x00000006d4c00000|  0%| F|  |TAMS 0x00000006d4800000, 0x00000006d4800000| Untracked 
|  13|0x00000006d4c00000, 0x00000006d4c00000, 0x00000006d5000000|  0%| F|  |TAMS 0x00000006d4c00000, 0x00000006d4c00000| Untracked 
|  14|0x00000006d5000000, 0x00000006d5000000, 0x00000006d5400000|  0%| F|  |TAMS 0x00000006d5000000, 0x00000006d5000000| Untracked 
|  15|0x00000006d5400000, 0x00000006d5400000, 0x00000006d5800000|  0%| F|  |TAMS 0x00000006d5400000, 0x00000006d5400000| Untracked 
|  16|0x00000006d5800000, 0x00000006d5800000, 0x00000006d5c00000|  0%| F|  |TAMS 0x00000006d5800000, 0x00000006d5800000| Untracked 
|  17|0x00000006d5c00000, 0x00000006d5c00000, 0x00000006d6000000|  0%| F|  |TAMS 0x00000006d5c00000, 0x00000006d5c00000| Untracked 
|  18|0x00000006d6000000, 0x00000006d6000000, 0x00000006d6400000|  0%| F|  |TAMS 0x00000006d6000000, 0x00000006d6000000| Untracked 
|  19|0x00000006d6400000, 0x00000006d6400000, 0x00000006d6800000|  0%| F|  |TAMS 0x00000006d6400000, 0x00000006d6400000| Untracked 
|  20|0x00000006d6800000, 0x00000006d6800000, 0x00000006d6c00000|  0%| F|  |TAMS 0x00000006d6800000, 0x00000006d6800000| Untracked 
|  21|0x00000006d6c00000, 0x00000006d6c00000, 0x00000006d7000000|  0%| F|  |TAMS 0x00000006d6c00000, 0x00000006d6c00000| Untracked 
|  22|0x00000006d7000000, 0x00000006d7000000, 0x00000006d7400000|  0%| F|  |TAMS 0x00000006d7000000, 0x00000006d7000000| Untracked 
|  23|0x00000006d7400000, 0x00000006d7400000, 0x00000006d7800000|  0%| F|  |TAMS 0x00000006d7400000, 0x00000006d7400000| Untracked 
|  24|0x00000006d7800000, 0x00000006d7800000, 0x00000006d7c00000|  0%| F|  |TAMS 0x00000006d7800000, 0x00000006d7800000| Untracked 
|  25|0x00000006d7c00000, 0x00000006d7c00000, 0x00000006d8000000|  0%| F|  |TAMS 0x00000006d7c00000, 0x00000006d7c00000| Untracked 
|  26|0x00000006d8000000, 0x00000006d8000000, 0x00000006d8400000|  0%| F|  |TAMS 0x00000006d8000000, 0x00000006d8000000| Untracked 
|  27|0x00000006d8400000, 0x00000006d8400000, 0x00000006d8800000|  0%| F|  |TAMS 0x00000006d8400000, 0x00000006d8400000| Untracked 
|  28|0x00000006d8800000, 0x00000006d8800000, 0x00000006d8c00000|  0%| F|  |TAMS 0x00000006d8800000, 0x00000006d8800000| Untracked 
|  29|0x00000006d8c00000, 0x00000006d8c00000, 0x00000006d9000000|  0%| F|  |TAMS 0x00000006d8c00000, 0x00000006d8c00000| Untracked 
|  30|0x00000006d9000000, 0x00000006d9000000, 0x00000006d9400000|  0%| F|  |TAMS 0x00000006d9000000, 0x00000006d9000000| Untracked 
|  31|0x00000006d9400000, 0x00000006d9400000, 0x00000006d9800000|  0%| F|  |TAMS 0x00000006d9400000, 0x00000006d9400000| Untracked 
|  32|0x00000006d9800000, 0x00000006d9800000, 0x00000006d9c00000|  0%| F|  |TAMS 0x00000006d9800000, 0x00000006d9800000| Untracked 
|  33|0x00000006d9c00000, 0x00000006d9c00000, 0x00000006da000000|  0%| F|  |TAMS 0x00000006d9c00000, 0x00000006d9c00000| Untracked 
|  34|0x00000006da000000, 0x00000006da000000, 0x00000006da400000|  0%| F|  |TAMS 0x00000006da000000, 0x00000006da000000| Untracked 
|  35|0x00000006da400000, 0x00000006da400000, 0x00000006da800000|  0%| F|  |TAMS 0x00000006da400000, 0x00000006da400000| Untracked 
|  36|0x00000006da800000, 0x00000006da800000, 0x00000006dac00000|  0%| F|  |TAMS 0x00000006da800000, 0x00000006da800000| Untracked 
|  37|0x00000006dac00000, 0x00000006dac00000, 0x00000006db000000|  0%| F|  |TAMS 0x00000006dac00000, 0x00000006dac00000| Untracked 
|  38|0x00000006db000000, 0x00000006db000000, 0x00000006db400000|  0%| F|  |TAMS 0x00000006db000000, 0x00000006db000000| Untracked 
|  39|0x00000006db400000, 0x00000006db400000, 0x00000006db800000|  0%| F|  |TAMS 0x00000006db400000, 0x00000006db400000| Untracked 
|  40|0x00000006db800000, 0x00000006db800000, 0x00000006dbc00000|  0%| F|  |TAMS 0x00000006db800000, 0x00000006db800000| Untracked 
|  41|0x00000006dbc00000, 0x00000006dbc00000, 0x00000006dc000000|  0%| F|  |TAMS 0x00000006dbc00000, 0x00000006dbc00000| Untracked 
|  42|0x00000006dc000000, 0x00000006dc000000, 0x00000006dc400000|  0%| F|  |TAMS 0x00000006dc000000, 0x00000006dc000000| Untracked 
|  43|0x00000006dc400000, 0x00000006dc400000, 0x00000006dc800000|  0%| F|  |TAMS 0x00000006dc400000, 0x00000006dc400000| Untracked 
|  44|0x00000006dc800000, 0x00000006dc800000, 0x00000006dcc00000|  0%| F|  |TAMS 0x00000006dc800000, 0x00000006dc800000| Untracked 
|  45|0x00000006dcc00000, 0x00000006dcc00000, 0x00000006dd000000|  0%| F|  |TAMS 0x00000006dcc00000, 0x00000006dcc00000| Untracked 
|  46|0x00000006dd000000, 0x00000006dd000000, 0x00000006dd400000|  0%| F|  |TAMS 0x00000006dd000000, 0x00000006dd000000| Untracked 
|  47|0x00000006dd400000, 0x00000006dd400000, 0x00000006dd800000|  0%| F|  |TAMS 0x00000006dd400000, 0x00000006dd400000| Untracked 
|  48|0x00000006dd800000, 0x00000006dd800000, 0x00000006ddc00000|  0%| F|  |TAMS 0x00000006dd800000, 0x00000006dd800000| Untracked 
|  49|0x00000006ddc00000, 0x00000006ddc00000, 0x00000006de000000|  0%| F|  |TAMS 0x00000006ddc00000, 0x00000006ddc00000| Untracked 
|  50|0x00000006de000000, 0x00000006de000000, 0x00000006de400000|  0%| F|  |TAMS 0x00000006de000000, 0x00000006de000000| Untracked 
|  51|0x00000006de400000, 0x00000006de400000, 0x00000006de800000|  0%| F|  |TAMS 0x00000006de400000, 0x00000006de400000| Untracked 
|  52|0x00000006de800000, 0x00000006de800000, 0x00000006dec00000|  0%| F|  |TAMS 0x00000006de800000, 0x00000006de800000| Untracked 
|  53|0x00000006dec00000, 0x00000006dec00000, 0x00000006df000000|  0%| F|  |TAMS 0x00000006dec00000, 0x00000006dec00000| Untracked 
|  54|0x00000006df000000, 0x00000006df000000, 0x00000006df400000|  0%| F|  |TAMS 0x00000006df000000, 0x00000006df000000| Untracked 
|  55|0x00000006df400000, 0x00000006df400000, 0x00000006df800000|  0%| F|  |TAMS 0x00000006df400000, 0x00000006df400000| Untracked 
|  56|0x00000006df800000, 0x00000006df800000, 0x00000006dfc00000|  0%| F|  |TAMS 0x00000006df800000, 0x00000006df800000| Untracked 
|  57|0x00000006dfc00000, 0x00000006dfc00000, 0x00000006e0000000|  0%| F|  |TAMS 0x00000006dfc00000, 0x00000006dfc00000| Untracked 
|  58|0x00000006e0000000, 0x00000006e0000000, 0x00000006e0400000|  0%| F|  |TAMS 0x00000006e0000000, 0x00000006e0000000| Untracked 
|  59|0x00000006e0400000, 0x00000006e0400000, 0x00000006e0800000|  0%| F|  |TAMS 0x00000006e0400000, 0x00000006e0400000| Untracked 
|  60|0x00000006e0800000, 0x00000006e0800000, 0x00000006e0c00000|  0%| F|  |TAMS 0x00000006e0800000, 0x00000006e0800000| Untracked 
|  61|0x00000006e0c00000, 0x00000006e0c00000, 0x00000006e1000000|  0%| F|  |TAMS 0x00000006e0c00000, 0x00000006e0c00000| Untracked 
|  62|0x00000006e1000000, 0x00000006e1000000, 0x00000006e1400000|  0%| F|  |TAMS 0x00000006e1000000, 0x00000006e1000000| Untracked 
|  63|0x00000006e1400000, 0x00000006e1400000, 0x00000006e1800000|  0%| F|  |TAMS 0x00000006e1400000, 0x00000006e1400000| Untracked 
|  64|0x00000006e1800000, 0x00000006e1800000, 0x00000006e1c00000|  0%| F|  |TAMS 0x00000006e1800000, 0x00000006e1800000| Untracked 
|  65|0x00000006e1c00000, 0x00000006e1c00000, 0x00000006e2000000|  0%| F|  |TAMS 0x00000006e1c00000, 0x00000006e1c00000| Untracked 
|  66|0x00000006e2000000, 0x00000006e2000000, 0x00000006e2400000|  0%| F|  |TAMS 0x00000006e2000000, 0x00000006e2000000| Untracked 
|  67|0x00000006e2400000, 0x00000006e2400000, 0x00000006e2800000|  0%| F|  |TAMS 0x00000006e2400000, 0x00000006e2400000| Untracked 
|  68|0x00000006e2800000, 0x00000006e2800000, 0x00000006e2c00000|  0%| F|  |TAMS 0x00000006e2800000, 0x00000006e2800000| Untracked 
|  69|0x00000006e2c00000, 0x00000006e2c00000, 0x00000006e3000000|  0%| F|  |TAMS 0x00000006e2c00000, 0x00000006e2c00000| Untracked 
|  70|0x00000006e3000000, 0x00000006e3000000, 0x00000006e3400000|  0%| F|  |TAMS 0x00000006e3000000, 0x00000006e3000000| Untracked 
|  71|0x00000006e3400000, 0x00000006e3516f38, 0x00000006e3800000| 27%| E|  |TAMS 0x00000006e3400000, 0x00000006e3400000| Complete 
|  72|0x00000006e3800000, 0x00000006e3c00000, 0x00000006e3c00000|100%| E|CS|TAMS 0x00000006e3800000, 0x00000006e3800000| Complete 
|  73|0x00000006e3c00000, 0x00000006e4000000, 0x00000006e4000000|100%| E|CS|TAMS 0x00000006e3c00000, 0x00000006e3c00000| Complete 
|  74|0x00000006e4000000, 0x00000006e4400000, 0x00000006e4400000|100%| E|CS|TAMS 0x00000006e4000000, 0x00000006e4000000| Complete 
|  75|0x00000006e4400000, 0x00000006e4800000, 0x00000006e4800000|100%| E|CS|TAMS 0x00000006e4400000, 0x00000006e4400000| Complete 
|1208|0x00000007ff800000, 0x00000007ffb76000, 0x00000007ffc00000| 86%|OA|  |TAMS 0x00000007ff800000, 0x00000007ff800000| Untracked 
|1209|0x00000007ffc00000, 0x00000007ffc83000, 0x0000000800000000| 12%|CA|  |TAMS 0x00000007ffc00000, 0x00000007ffc00000| Untracked 

Card table byte_map: [0x00007f2174318000,0x00007f2174c8c000] _byte_map_base: 0x00007f2170c8c000

Marking Bits (Prev, Next): (CMBitMap*) 0x00007f218009b680, (CMBitMap*) 0x00007f218009b6c0
 Prev Bits: [0x00007f216ee04000, 0x00007f21739a4000)
 Next Bits: [0x00007f216a264000, 0x00007f216ee04000)

Polling page: 0x00007f2186a5c000

Metaspace:

Usage:
  Non-class:      6,70 MB used.
      Class:    897,70 KB used.
       Both:      7,58 MB used.

Virtual space:
  Non-class space:        8,00 MB reserved,       6,81 MB ( 85%) committed,  1 nodes.
      Class space:        1,00 GB reserved,     960,00 KB ( <1%) committed,  1 nodes.
             Both:        1,01 GB reserved,       7,75 MB ( <1%) committed. 

Chunk freelists:
   Non-Class:  688,00 KB
       Class:  3,08 MB
        Both:  3,75 MB

MaxMetaspaceSize: unlimited
CompressedClassSpaceSize: 1,00 GB
Initial GC threshold: 21,00 MB
Current GC threshold: 21,00 MB
CDS: on
MetaspaceReclaimPolicy: balanced
 - commit_granule_bytes: 65536.
 - commit_granule_words: 8192.
 - virtual_space_node_default_size: 1048576.
 - enlarge_chunks_in_place: 1.
 - new_chunks_are_fully_committed: 0.
 - uncommit_free_chunks: 1.
 - use_allocation_guard: 0.
 - handle_deallocations: 1.


Internal statistics:

num_allocs_failed_limit: 0.
num_arena_births: 106.
num_arena_deaths: 0.
num_vsnodes_births: 2.
num_vsnodes_deaths: 0.
num_space_committed: 124.
num_space_uncommitted: 0.
num_chunks_returned_to_freelist: 0.
num_chunks_taken_from_freelist: 186.
num_chunk_merges: 0.
num_chunk_splits: 125.
num_chunks_enlarged: 85.
num_purges: 0.
num_inconsistent_stats: 0.

CodeCache: size=49152Kb used=5085Kb max_used=5085Kb free=44066Kb
 bounds [0x00007f2175600000, 0x00007f2175b00000, 0x00007f2178600000]
 total_blobs=1672 nmethods=1182 adapters=415
 compilation: enabled
              stopped_count=0, restarted_count=0
 full_count=0

Compilation events (20 events):
Event: 0,417 Thread 0x00007f21380b68e0 1176       1       sun.awt.image.ByteInterleavedRaster::getDataOffset (7 bytes)
Event: 0,417 Thread 0x00007f2180171300 nmethod 1171 0x00007f2175af1290 code [0x00007f2175af1460, 0x00007f2175af1560]
Event: 0,417 Thread 0x00007f2180171300 1177       1       sun.awt.image.SunWritableRaster::markDirty (8 bytes)
Event: 0,417 Thread 0x00007f21380b68e0 nmethod 1176 0x00007f2175af1610 code [0x00007f2175af17a0, 0x00007f2175af1890]
Event: 0,417 Thread 0x00007f21380b68e0 1178       1       sun.java2d.StateTrackableDelegate::markDirty (6 bytes)
Event: 0,417 Thread 0x00007f21240a3790 nmethod 1172 0x00007f2175af1990 code [0x00007f2175af1b60, 0x00007f2175af1da0]
Event: 0,417 Thread 0x00007f21240a3790 1179       1       javax.imageio.ImageReader::processImageUpdate (73 bytes)
Event: 0,417 Thread 0x00007f2180171300 nmethod 1177 0x00007f2175af1f10 code [0x00007f2175af20a0, 0x00007f2175af2190]
Event: 0,417 Thread 0x00007f21380b68e0 nmethod 1178 0x00007f2175af2290 code [0x00007f2175af2420, 0x00007f2175af2510]
Event: 0,417 Thread 0x00007f213812a590 nmethod 1174 0x00007f2175af2590 code [0x00007f2175af2740, 0x00007f2175af2970]
Event: 0,417 Thread 0x00007f21240a3790 nmethod 1179 0x00007f2175af2a90 code [0x00007f2175af2c60, 0x00007f2175af2f00]
Event: 0,417 Thread 0x00007f21380b68e0 1180       1       sun.awt.image.ByteInterleavedRaster::getDataElements (15 bytes)
Event: 0,417 Thread 0x00007f2180171300 1181       1       sun.awt.image.ByteInterleavedRaster::getByteData (851 bytes)
Event: 0,417 Thread 0x00007f21240a3790 1182       1       sun.awt.image.ByteInterleavedRaster::setDataElements (15 bytes)
Event: 0,417 Thread 0x00007f213812a590 1183       1       sun.awt.image.ByteInterleavedRaster::putByteData (834 bytes)
Event: 0,417 Thread 0x00007f21380b68e0 nmethod 1180 0x00007f2175af3090 code [0x00007f2175af3240, 0x00007f2175af3340]
Event: 0,418 Thread 0x00007f21240a3790 nmethod 1182 0x00007f2175af3410 code [0x00007f2175af35c0, 0x00007f2175af36c0]
Event: 0,418 Thread 0x00007f21380b5710 nmethod 1175 0x00007f2175af3790 code [0x00007f2175af3980, 0x00007f2175af3f40]
Event: 0,419 Thread 0x00007f213812a590 nmethod 1183 0x00007f2175af4310 code [0x00007f2175af4560, 0x00007f2175af5100]
Event: 0,419 Thread 0x00007f2180171300 nmethod 1181 0x00007f2175af5b10 code [0x00007f2175af5d60, 0x00007f2175af6c00]

GC Heap History (0 events):
No events

Deoptimization events (0 events):
No events

Classes unloaded (0 events):
No events

Classes redefined (0 events):
No events

Internal exceptions (20 events):
Event: 0,081 Thread 0x00007f2180328130 Exception <a 'java/lang/NoSuchMethodError'{0x00000006e4793e88}: 'java.lang.Object java.lang.invoke.DirectMethodHandle$Holder.invokeStaticInit(java.lang.Object)'> (0x00000006e4793e88) 
thrown [open/src/hotspot/share/interpreter/linkResolver.cpp, line 758]
Event: 0,086 Thread 0x00007f2180328130 Exception <a 'java/lang/NoSuchMethodError'{0x00000006e47a2398}: 'void java.lang.invoke.DirectMethodHandle$Holder.invokeStatic(java.lang.Object, java.lang.Object)'> (0x00000006e47a2398) 
thrown [open/src/hotspot/share/interpreter/linkResolver.cpp, line 758]
Event: 0,102 Thread 0x00007f2180026510 Exception <a 'java/lang/NoSuchMethodError'{0x00000006e477cd28}: 'int java.lang.invoke.DirectMethodHandle$Holder.invokeInterface(java.lang.Object, java.lang.Object)'> (0x00000006e477cd28) 
thrown [open/src/hotspot/share/interpreter/linkResolver.cpp, line 758]
Event: 0,102 Thread 0x00007f2180026510 Exception <a 'java/lang/IncompatibleClassChangeError'{0x00000006e4780328}: Found class java.lang.Object, but interface was expected> (0x00000006e4780328) 
thrown [open/src/hotspot/share/interpreter/linkResolver.cpp, line 826]
Event: 0,147 Thread 0x00007f2180026510 Exception <a 'java/lang/NoSuchMethodError'{0x00000006e40a11d8}: 'void java.lang.invoke.DirectMethodHandle$Holder.invokeStatic(java.lang.Object, java.lang.Object, java.lang.Object)'> (0x00000006e40a11d8) 
thrown [open/src/hotspot/share/interpreter/linkResolver.cpp, line 758]
Event: 0,160 Thread 0x00007f2180026510 Exception <a 'java/lang/NoSuchMethodError'{0x00000006e40ec520}: 'int java.lang.invoke.DirectMethodHandle$Holder.invokeSpecial(java.lang.Object, java.lang.Object, java.lang.Object)'> (0x00000006e40ec520) 
thrown [open/src/hotspot/share/interpreter/linkResolver.cpp, line 758]
Event: 0,208 Thread 0x00007f2180026510 Exception <a 'java/lang/NoSuchMethodError'{0x00000006e4280050}: 'int java.lang.invoke.DirectMethodHandle$Holder.invokeSpecialIFC(java.lang.Object, java.lang.Object, java.lang.Object)'> (0x00000006e4280050) 
thrown [open/src/hotspot/share/interpreter/linkResolver.cpp, line 758]
Event: 0,238 Thread 0x00007f2180026510 Exception <a 'java/lang/ClassNotFoundException'{0x00000006e4317458}: javax/management/remote/rmi/RMIServerImpl_Skel> (0x00000006e4317458) 
thrown [open/src/hotspot/share/classfile/systemDictionary.cpp, line 256]
Event: 0,276 Thread 0x00007f2180026510 Exception <a 'java/lang/ClassNotFoundException'{0x00000006e3d4ed28}: javax/smartcardio/CardPermission> (0x00000006e3d4ed28) 
thrown [open/src/hotspot/share/classfile/systemDictionary.cpp, line 256]
Event: 0,278 Thread 0x00007f2180026510 Exception <a 'java/io/FileNotFoundException'{0x00000006e3d5be00}> (0x00000006e3d5be00) 
thrown [open/src/hotspot/share/prims/jni.cpp, line 516]
Event: 0,314 Thread 0x00007f2180026510 Exception <a 'java/lang/ClassNotFoundException'{0x00000006e3f2b290}: sun/awt/resources/spi/awtProvider> (0x00000006e3f2b290) 
thrown [open/src/hotspot/share/classfile/systemDictionary.cpp, line 256]
Event: 0,318 Thread 0x00007f2180026510 Exception <a 'java/io/FileNotFoundException'{0x00000006e3f3d948}> (0x00000006e3f3d948) 
thrown [open/src/hotspot/share/prims/jni.cpp, line 516]
Event: 0,321 Thread 0x00007f2180026510 Exception <a 'java/io/FileNotFoundException'{0x00000006e3f6a6f0}> (0x00000006e3f6a6f0) 
thrown [open/src/hotspot/share/prims/jni.cpp, line 516]
Event: 0,368 Thread 0x00007f2180026510 Exception <a 'java/lang/NoSuchMethodError'{0x00000006e39b81b8}: 'java.lang.Object java.lang.invoke.DirectMethodHandle$Holder.invokeStatic(java.lang.Object, java.lang.Object, long, java.lang.Object)'> (0x00000006e39b81b8) 
thrown [open/src/hotspot/share/interpreter/linkResolver.cpp, line 758]
Event: 0,372 Thread 0x00007f2180026510 Exception <a 'java/lang/NoSuchMethodError'{0x00000006e39bbc50}: 'java.lang.Object java.lang.invoke.DirectMethodHandle$Holder.invokeStaticInit(java.lang.Object, java.lang.Object, long, java.lang.Object)'> (0x00000006e39bbc50) 
thrown [open/src/hotspot/share/interpreter/linkResolver.cpp, line 758]
Event: 0,375 Thread 0x00007f2180026510 Exception <a 'java/lang/NoSuchMethodError'{0x00000006e39c2260}: 'java.lang.Object java.lang.invoke.DirectMethodHandle$Holder.newInvokeSpecial(java.lang.Object, java.lang.Object, long)'> (0x00000006e39c2260) 
thrown [open/src/hotspot/share/interpreter/linkResolver.cpp, line 758]
Event: 0,376 Thread 0x00007f2180026510 Exception <a 'java/lang/NoSuchMethodError'{0x00000006e39c5dd0}: 'java.lang.Object java.lang.invoke.Invokers$Holder.linkToTargetMethod(java.lang.Object, long, java.lang.Object)'> (0x00000006e39c5dd0) 
thrown [open/src/hotspot/share/interpreter/linkResolver.cpp, line 758]
Event: 0,378 Thread 0x00007f2180026510 Exception <a 'java/lang/NoSuchMethodError'{0x00000006e39cd1a0}: 'java.lang.Object java.lang.invoke.DirectMethodHandle$Holder.newInvokeSpecial(java.lang.Object, java.lang.Object, java.lang.Object, int)'> (0x00000006e39cd1a0) 
thrown [open/src/hotspot/share/interpreter/linkResolver.cpp, line 758]
Event: 0,379 Thread 0x00007f2180026510 Exception <a 'java/lang/NoSuchMethodError'{0x00000006e39d1580}: 'java.lang.Object java.lang.invoke.DirectMethodHandle$Holder.invokeSpecial(java.lang.Object, java.lang.Object, java.lang.Object, java.lang.Object, int)'> (0x00000006e39d1580) 
thrown [open/src/hotspot/share/interpreter/linkResolver.cpp, line 758]
Event: 0,379 Thread 0x00007f2180026510 Exception <a 'java/lang/NoSuchMethodError'{0x00000006e39d5148}: 'java.lang.Object java.lang.invoke.Invokers$Holder.linkToTargetMethod(java.lang.Object, java.lang.Object, int, java.lang.Object)'> (0x00000006e39d5148) 
thrown [open/src/hotspot/share/interpreter/linkResolver.cpp, line 758]

VM Operations (14 events):
Event: 0,036 Executing VM operation: HandshakeAllThreads
Event: 0,036 Executing VM operation: HandshakeAllThreads done
Event: 0,080 Executing VM operation: HandshakeAllThreads
Event: 0,080 Executing VM operation: HandshakeAllThreads done
Event: 0,221 Executing VM operation: HandshakeAllThreads
Event: 0,221 Executing VM operation: HandshakeAllThreads done
Event: 0,238 Executing VM operation: HandshakeAllThreads
Event: 0,238 Executing VM operation: HandshakeAllThreads done
Event: 0,253 Executing VM operation: HandshakeAllThreads
Event: 0,253 Executing VM operation: HandshakeAllThreads done
Event: 0,325 Executing VM operation: HandshakeAllThreads
Event: 0,325 Executing VM operation: HandshakeAllThreads done
Event: 0,380 Executing VM operation: HandshakeAllThreads
Event: 0,380 Executing VM operation: HandshakeAllThreads done

Events (20 events):
Event: 0,415 loading class java/awt/ImageCapabilities
Event: 0,415 loading class java/awt/ImageCapabilities done
Event: 0,415 loading class java/awt/Image$1
Event: 0,415 loading class sun/awt/image/SurfaceManager$ImageAccessor
Event: 0,415 loading class sun/awt/image/SurfaceManager$ImageAccessor done
Event: 0,415 loading class java/awt/Image$1 done
Event: 0,415 loading class sun/awt/image/SurfaceManager
Event: 0,415 loading class sun/awt/image/SurfaceManager done
Event: 0,415 loading class java/awt/image/BufferedImage$1
Event: 0,415 loading class java/awt/image/BufferedImage$1 done
Event: 0,415 loading class sun/awt/image/IntegerComponentRaster
Event: 0,415 loading class sun/awt/image/IntegerComponentRaster done
Event: 0,415 loading class sun/awt/image/BytePackedRaster
Event: 0,415 loading class sun/awt/image/BytePackedRaster done
Event: 0,415 loading class com/sun/imageio/plugins/common/ReaderUtil
Event: 0,415 loading class com/sun/imageio/plugins/common/ReaderUtil done
Event: 0,417 loading class javax/imageio/IIOImage
Event: 0,417 loading class javax/imageio/IIOImage done
Event: 0,418 loading class java/lang/StrictMath
Event: 0,418 loading class java/lang/StrictMath done


Dynamic libraries:
6d1800000-6e4800000 rw-p 00000000 00:00 0 
6e4800000-7ff800000 ---p 00000000 00:00 0 
7ff800000-7ffb00000 rw-p 00000000 00:00 0 
7ffb00000-7ffb76000 rw-p 00c9f000 103:02 9830785                         /usr/lib/jvm/jdk-17/lib/server/classes.jsa
7ffb76000-7ffc00000 rw-p 00000000 00:00 0 
7ffc00000-7ffc83000 rw-p 00c1c000 103:02 9830785                         /usr/lib/jvm/jdk-17/lib/server/classes.jsa
7ffc83000-800000000 rw-p 00000000 00:00 0 
800000000-800459000 rw-p 00001000 103:02 9830785                         /usr/lib/jvm/jdk-17/lib/server/classes.jsa
800459000-800be3000 r--p 0045a000 103:02 9830785                         /usr/lib/jvm/jdk-17/lib/server/classes.jsa
800be3000-800c00000 ---p 00000000 00:00 0 
800c00000-800c20000 rw-p 00000000 00:00 0 
800c20000-800c40000 rw-p 00000000 00:00 0 
800c40000-800cc0000 rw-p 00000000 00:00 0 
800cc0000-800cf0000 rw-p 00000000 00:00 0 
800cf0000-840c00000 ---p 00000000 00:00 0 
56294ae82000-56294ae83000 r-xp 00000000 103:02 9830839                   /usr/lib/jvm/jdk-17/bin/java
56294ae84000-56294ae85000 r--p 00001000 103:02 9830839                   /usr/lib/jvm/jdk-17/bin/java
56294ae85000-56294ae86000 rw-p 00002000 103:02 9830839                   /usr/lib/jvm/jdk-17/bin/java
56294ca43000-56294ca64000 rw-p 00000000 00:00 0                          [heap]
7f20fc000000-7f20fc021000 rw-p 00000000 00:00 0 
7f20fc021000-7f2100000000 ---p 00000000 00:00 0 
7f2104000000-7f2104021000 rw-p 00000000 00:00 0 
7f2104021000-7f2108000000 ---p 00000000 00:00 0 
7f2108000000-7f2108021000 rw-p 00000000 00:00 0 
7f2108021000-7f210c000000 ---p 00000000 00:00 0 
7f210c000000-7f210c021000 rw-p 00000000 00:00 0 
7f210c021000-7f2110000000 ---p 00000000 00:00 0 
7f2110000000-7f2110116000 rw-p 00000000 00:00 0 
7f2110116000-7f2114000000 ---p 00000000 00:00 0 
7f2114000000-7f2114021000 rw-p 00000000 00:00 0 
7f2114021000-7f2118000000 ---p 00000000 00:00 0 
7f2118000000-7f2118021000 rw-p 00000000 00:00 0 
7f2118021000-7f211c000000 ---p 00000000 00:00 0 
7f211c000000-7f211c023000 rw-p 00000000 00:00 0 
7f211c023000-7f2120000000 ---p 00000000 00:00 0 
7f2120000000-7f2120021000 rw-p 00000000 00:00 0 
7f2120021000-7f2124000000 ---p 00000000 00:00 0 
7f2124000000-7f21240e0000 rw-p 00000000 00:00 0 
7f21240e0000-7f2128000000 ---p 00000000 00:00 0 
7f2128000000-7f2128046000 rw-p 00000000 00:00 0 
7f2128046000-7f212c000000 ---p 00000000 00:00 0 
7f212c000000-7f212c021000 rw-p 00000000 00:00 0 
7f212c021000-7f2130000000 ---p 00000000 00:00 0 
7f2130000000-7f2130021000 rw-p 00000000 00:00 0 
7f2130021000-7f2134000000 ---p 00000000 00:00 0 
7f2134000000-7f2134021000 rw-p 00000000 00:00 0 
7f2134021000-7f2138000000 ---p 00000000 00:00 0 
7f2138000000-7f213812f000 rw-p 00000000 00:00 0 
7f213812f000-7f213c000000 ---p 00000000 00:00 0 
7f213c000000-7f213c021000 rw-p 00000000 00:00 0 
7f213c021000-7f2140000000 ---p 00000000 00:00 0 
7f2140000000-7f2140021000 rw-p 00000000 00:00 0 
7f2140021000-7f2144000000 ---p 00000000 00:00 0 
7f2144000000-7f2144021000 rw-p 00000000 00:00 0 
7f2144021000-7f2148000000 ---p 00000000 00:00 0 
7f2148000000-7f2148021000 rw-p 00000000 00:00 0 
7f2148021000-7f214c000000 ---p 00000000 00:00 0 
7f214c000000-7f214c021000 rw-p 00000000 00:00 0 
7f214c021000-7f2150000000 ---p 00000000 00:00 0 
7f2150000000-7f2150021000 rw-p 00000000 00:00 0 
7f2150021000-7f2154000000 ---p 00000000 00:00 0 
7f2154000000-7f2154021000 rw-p 00000000 00:00 0 
7f2154021000-7f2158000000 ---p 00000000 00:00 0 
7f2158200000-7f215829a000 r--p 00000000 103:02 9576713                   /usr/lib/x86_64-linux-gnu/libstdc++.so.6.0.30
7f215829a000-7f21583aa000 r-xp 0009a000 103:02 9576713                   /usr/lib/x86_64-linux-gnu/libstdc++.so.6.0.30
7f21583aa000-7f2158419000 r--p 001aa000 103:02 9576713                   /usr/lib/x86_64-linux-gnu/libstdc++.so.6.0.30
7f2158419000-7f2158424000 r--p 00218000 103:02 9576713                   /usr/lib/x86_64-linux-gnu/libstdc++.so.6.0.30
7f2158424000-7f2158427000 rw-p 00223000 103:02 9576713                   /usr/lib/x86_64-linux-gnu/libstdc++.so.6.0.30
7f2158427000-7f215842a000 rw-p 00000000 00:00 0 
7f215844b000-7f215844f000 ---p 00000000 00:00 0 
7f215844f000-7f215854b000 rw-p 00000000 00:00 0 
7f215854b000-7f215854c000 r--p 00000000 103:02 9575648                   /usr/lib/x86_64-linux-gnu/libdeflate.so.0
7f215854c000-7f215856b000 r-xp 00001000 103:02 9575648                   /usr/lib/x86_64-linux-gnu/libdeflate.so.0
7f215856b000-7f2158570000 r--p 00020000 103:02 9575648                   /usr/lib/x86_64-linux-gnu/libdeflate.so.0
7f2158570000-7f2158571000 r--p 00024000 103:02 9575648                   /usr/lib/x86_64-linux-gnu/libdeflate.so.0
7f2158571000-7f2158572000 rw-p 00025000 103:02 9575648                   /usr/lib/x86_64-linux-gnu/libdeflate.so.0
7f2158572000-7f2158576000 r--p 00000000 103:02 9575043                   /usr/lib/x86_64-linux-gnu/libLerc.so.3
7f2158576000-7f21585cd000 r-xp 00004000 103:02 9575043                   /usr/lib/x86_64-linux-gnu/libLerc.so.3
7f21585cd000-7f21585d3000 r--p 0005b000 103:02 9575043                   /usr/lib/x86_64-linux-gnu/libLerc.so.3
7f21585d3000-7f21585d4000 r--p 00061000 103:02 9575043                   /usr/lib/x86_64-linux-gnu/libLerc.so.3
7f21585d4000-7f21585d5000 rw-p 00062000 103:02 9575043                   /usr/lib/x86_64-linux-gnu/libLerc.so.3
7f21585d5000-7f21585d8000 r--p 00000000 103:02 9576183                   /usr/lib/x86_64-linux-gnu/liblzma.so.5.2.5
7f21585d8000-7f21585f3000 r-xp 00003000 103:02 9576183                   /usr/lib/x86_64-linux-gnu/liblzma.so.5.2.5
7f21585f3000-7f21585fe000 r--p 0001e000 103:02 9576183                   /usr/lib/x86_64-linux-gnu/liblzma.so.5.2.5
7f21585fe000-7f21585ff000 r--p 00028000 103:02 9576183                   /usr/lib/x86_64-linux-gnu/liblzma.so.5.2.5
7f21585ff000-7f2158600000 rw-p 00029000 103:02 9576183                   /usr/lib/x86_64-linux-gnu/liblzma.so.5.2.5
7f2158600000-7f2158632000 r--p 00000000 103:02 9571244                   /usr/lib/libleptonica.so.6.0.0
7f2158632000-7f215881c000 r-xp 00032000 103:02 9571244                   /usr/lib/libleptonica.so.6.0.0
7f215881c000-7f21588b8000 r--p 0021c000 103:02 9571244                   /usr/lib/libleptonica.so.6.0.0
7f21588b8000-7f21588b9000 r--p 002b8000 103:02 9571244                   /usr/lib/libleptonica.so.6.0.0
7f21588b9000-7f21588c2000 rw-p 002b9000 103:02 9571244                   /usr/lib/libleptonica.so.6.0.0
7f21588e5000-7f21588ea000 r--p 00000000 103:02 9577017                   /usr/lib/x86_64-linux-gnu/libzstd.so.1.5.2
7f21588ea000-7f2158982000 r-xp 00005000 103:02 9577017                   /usr/lib/x86_64-linux-gnu/libzstd.so.1.5.2
7f2158982000-7f2158992000 r--p 0009d000 103:02 9577017                   /usr/lib/x86_64-linux-gnu/libzstd.so.1.5.2
7f2158992000-7f2158993000 r--p 000ac000 103:02 9577017                   /usr/lib/x86_64-linux-gnu/libzstd.so.1.5.2
7f2158993000-7f2158994000 rw-p 000ad000 103:02 9577017                   /usr/lib/x86_64-linux-gnu/libzstd.so.1.5.2
7f2158994000-7f2158996000 r--p 00000000 103:02 9576890                   /usr/lib/x86_64-linux-gnu/libwebp.so.7.1.3
7f2158996000-7f21589eb000 r-xp 00002000 103:02 9576890                   /usr/lib/x86_64-linux-gnu/libwebp.so.7.1.3
7f21589eb000-7f21589fc000 r--p 00057000 103:02 9576890                   /usr/lib/x86_64-linux-gnu/libwebp.so.7.1.3
7f21589fc000-7f21589fd000 r--p 00067000 103:02 9576890                   /usr/lib/x86_64-linux-gnu/libwebp.so.7.1.3
7f21589fd000-7f21589fe000 rw-p 00068000 103:02 9576890                   /usr/lib/x86_64-linux-gnu/libwebp.so.7.1.3
7f21589fe000-7f2158a00000 rw-p 00000000 00:00 0 
7f2158a00000-7f2158a86000 r--p 00000000 103:02 9571264                   /usr/lib/libtesseract.so.5.0.3
7f2158a86000-7f2158cbd000 r-xp 00086000 103:02 9571264                   /usr/lib/libtesseract.so.5.0.3
7f2158cbd000-7f2158d63000 r--p 002bd000 103:02 9571264                   /usr/lib/libtesseract.so.5.0.3
7f2158d63000-7f2158d67000 r--p 00362000 103:02 9571264                   /usr/lib/libtesseract.so.5.0.3
7f2158d67000-7f2158d6e000 rw-p 00366000 103:02 9571264                   /usr/lib/libtesseract.so.5.0.3
7f2158d6e000-7f2158d71000 rw-p 00000000 00:00 0 
7f2158d75000-7f2158d7e000 r--p 00000000 103:02 9579694                   /usr/lib/x86_64-linux-gnu/libtiff.so.5.8.0
7f2158d7e000-7f2158dc9000 r-xp 00009000 103:02 9579694                   /usr/lib/x86_64-linux-gnu/libtiff.so.5.8.0
7f2158dc9000-7f2158dfa000 r--p 00054000 103:02 9579694                   /usr/lib/x86_64-linux-gnu/libtiff.so.5.8.0
7f2158dfa000-7f2158dff000 r--p 00084000 103:02 9579694                   /usr/lib/x86_64-linux-gnu/libtiff.so.5.8.0
7f2158dff000-7f2158e00000 rw-p 00089000 103:02 9579694                   /usr/lib/x86_64-linux-gnu/libtiff.so.5.8.0
7f2158e00000-7f2158e1e000 r-xp 00000000 103:02 1715681                   /home/luiz/.cache/JNA/temp/jna11579351070708514958.tmp (deleted)
7f2158e1e000-7f215901d000 ---p 0001e000 103:02 1715681                   /home/luiz/.cache/JNA/temp/jna11579351070708514958.tmp (deleted)
7f215901d000-7f215901e000 rw-p 0001d000 103:02 1715681                   /home/luiz/.cache/JNA/temp/jna11579351070708514958.tmp (deleted)
7f215901e000-7f215901f000 rw-p 00000000 00:00 0 
7f2159029000-7f215902b000 r--p 00000000 103:02 9575807                   /usr/lib/x86_64-linux-gnu/libjbig.so.0
7f215902b000-7f2159034000 r-xp 00002000 103:02 9575807                   /usr/lib/x86_64-linux-gnu/libjbig.so.0
7f2159034000-7f2159036000 r--p 0000b000 103:02 9575807                   /usr/lib/x86_64-linux-gnu/libjbig.so.0
7f2159036000-7f2159037000 r--p 0000c000 103:02 9575807                   /usr/lib/x86_64-linux-gnu/libjbig.so.0
7f2159037000-7f215903a000 rw-p 0000d000 103:02 9575807                   /usr/lib/x86_64-linux-gnu/libjbig.so.0
7f215903a000-7f215903e000 r--p 00000000 103:02 9576058                   /usr/lib/x86_64-linux-gnu/libjpeg.so.8.2.2
7f215903e000-7f2159087000 r-xp 00004000 103:02 9576058                   /usr/lib/x86_64-linux-gnu/libjpeg.so.8.2.2
7f2159087000-7f21590b9000 r--p 0004d000 103:02 9576058                   /usr/lib/x86_64-linux-gnu/libjpeg.so.8.2.2
7f21590b9000-7f21590ba000 r--p 0007e000 103:02 9576058                   /usr/lib/x86_64-linux-gnu/libjpeg.so.8.2.2
7f21590ba000-7f21590bb000 rw-p 0007f000 103:02 9576058                   /usr/lib/x86_64-linux-gnu/libjpeg.so.8.2.2
7f21590bb000-7f21590c0000 r--p 00000000 103:02 9576467                   /usr/lib/x86_64-linux-gnu/libpng16.so.16.38.0
7f21590c0000-7f21590e7000 r-xp 00005000 103:02 9576467                   /usr/lib/x86_64-linux-gnu/libpng16.so.16.38.0
7f21590e7000-7f21590f1000 r--p 0002c000 103:02 9576467                   /usr/lib/x86_64-linux-gnu/libpng16.so.16.38.0
7f21590f1000-7f21590f2000 r--p 00035000 103:02 9576467                   /usr/lib/x86_64-linux-gnu/libpng16.so.16.38.0
7f21590f2000-7f21590f3000 rw-p 00036000 103:02 9576467                   /usr/lib/x86_64-linux-gnu/libpng16.so.16.38.0
7f21590f3000-7f21590fd000 r--p 00000000 103:02 9575876                   /usr/lib/x86_64-linux-gnu/libgomp.so.1.0.0
7f21590fd000-7f215912e000 r-xp 0000a000 103:02 9575876                   /usr/lib/x86_64-linux-gnu/libgomp.so.1.0.0
7f215912e000-7f215913b000 r--p 0003b000 103:02 9575876                   /usr/lib/x86_64-linux-gnu/libgomp.so.1.0.0
7f215913b000-7f215913c000 r--p 00047000 103:02 9575876                   /usr/lib/x86_64-linux-gnu/libgomp.so.1.0.0
7f215913c000-7f215913d000 rw-p 00048000 103:02 9575876                   /usr/lib/x86_64-linux-gnu/libgomp.so.1.0.0
7f215913d000-7f2159140000 r--p 00000000 103:02 9575836                   /usr/lib/x86_64-linux-gnu/libgcc_s.so.1
7f2159140000-7f2159157000 r-xp 00003000 103:02 9575836                   /usr/lib/x86_64-linux-gnu/libgcc_s.so.1
7f2159157000-7f215915b000 r--p 0001a000 103:02 9575836                   /usr/lib/x86_64-linux-gnu/libgcc_s.so.1
7f215915b000-7f215915c000 r--p 0001d000 103:02 9575836                   /usr/lib/x86_64-linux-gnu/libgcc_s.so.1
7f215915c000-7f215915d000 rw-p 0001e000 103:02 9575836                   /usr/lib/x86_64-linux-gnu/libgcc_s.so.1
7f215915d000-7f2159161000 ---p 00000000 00:00 0 
7f2159161000-7f215917f000 rw-p 00000000 00:00 0 
7f215917f000-7f2159183000 ---p 00000000 00:00 0 
7f2159183000-7f215927f000 rw-p 00000000 00:00 0 
7f215927f000-7f2159281000 r--p 00000000 103:02 9576204                   /usr/lib/x86_64-linux-gnu/libmd.so.0.0.5
7f2159281000-7f2159288000 r-xp 00002000 103:02 9576204                   /usr/lib/x86_64-linux-gnu/libmd.so.0.0.5
7f2159288000-7f215928a000 r--p 00009000 103:02 9576204                   /usr/lib/x86_64-linux-gnu/libmd.so.0.0.5
7f215928a000-7f215928b000 r--p 0000a000 103:02 9576204                   /usr/lib/x86_64-linux-gnu/libmd.so.0.0.5
7f215928b000-7f215928c000 rw-p 0000b000 103:02 9576204                   /usr/lib/x86_64-linux-gnu/libmd.so.0.0.5
7f215928c000-7f2159290000 r--p 00000000 103:02 9575532                   /usr/lib/x86_64-linux-gnu/libbsd.so.0.11.6
7f2159290000-7f215929d000 r-xp 00004000 103:02 9575532                   /usr/lib/x86_64-linux-gnu/libbsd.so.0.11.6
7f215929d000-7f21592a0000 r--p 00011000 103:02 9575532                   /usr/lib/x86_64-linux-gnu/libbsd.so.0.11.6
7f21592a0000-7f21592a1000 ---p 00014000 103:02 9575532                   /usr/lib/x86_64-linux-gnu/libbsd.so.0.11.6
7f21592a1000-7f21592a2000 r--p 00014000 103:02 9575532                   /usr/lib/x86_64-linux-gnu/libbsd.so.0.11.6
7f21592a2000-7f21592a3000 rw-p 00015000 103:02 9575532                   /usr/lib/x86_64-linux-gnu/libbsd.so.0.11.6
7f21592a3000-7f21592a4000 rw-p 00000000 00:00 0 
7f21592a4000-7f21592af000 r--p 00000000 103:02 9576973                   /usr/lib/x86_64-linux-gnu/libxcb.so.1.1.0
7f21592af000-7f21592c3000 r-xp 0000b000 103:02 9576973                   /usr/lib/x86_64-linux-gnu/libxcb.so.1.1.0
7f21592c3000-7f21592cc000 r--p 0001f000 103:02 9576973                   /usr/lib/x86_64-linux-gnu/libxcb.so.1.1.0
7f21592cc000-7f21592cd000 r--p 00027000 103:02 9576973                   /usr/lib/x86_64-linux-gnu/libxcb.so.1.1.0
7f21592cd000-7f21592ce000 rw-p 00028000 103:02 9576973                   /usr/lib/x86_64-linux-gnu/libxcb.so.1.1.0
7f21592ce000-7f21592e7000 r--p 00000000 103:02 9575212                   /usr/lib/x86_64-linux-gnu/libX11.so.6.4.0
7f21592e7000-7f2159372000 r-xp 00019000 103:02 9575212                   /usr/lib/x86_64-linux-gnu/libX11.so.6.4.0
7f2159372000-7f2159407000 r--p 000a4000 103:02 9575212                   /usr/lib/x86_64-linux-gnu/libX11.so.6.4.0
7f2159407000-7f2159408000 r--p 00139000 103:02 9575212                   /usr/lib/x86_64-linux-gnu/libX11.so.6.4.0
7f2159408000-7f215940c000 rw-p 0013a000 103:02 9575212                   /usr/lib/x86_64-linux-gnu/libX11.so.6.4.0
7f215940c000-7f21594cc000 r-xp 00000000 103:02 9830805                   /usr/lib/jvm/jdk-17/lib/libawt.so
7f21594cc000-7f21594ce000 r--p 000bf000 103:02 9830805                   /usr/lib/jvm/jdk-17/lib/libawt.so
7f21594ce000-7f21594d9000 rw-p 000c1000 103:02 9830805                   /usr/lib/jvm/jdk-17/lib/libawt.so
7f21594d9000-7f21594fe000 rw-p 00000000 00:00 0 
7f21594fe000-7f2159502000 ---p 00000000 00:00 0 
7f2159502000-7f21595fe000 rw-p 00000000 00:00 0 
7f21595fe000-7f2159602000 ---p 00000000 00:00 0 
7f2159602000-7f21596fe000 rw-p 00000000 00:00 0 
7f21596fe000-7f21596ff000 ---p 00000000 00:00 0 
7f21596ff000-7f2159800000 rw-p 00000000 00:00 0 
7f2159800000-7f2159804000 ---p 00000000 00:00 0 
7f2159804000-7f2159900000 rw-p 00000000 00:00 0 
7f2159900000-7f2159904000 ---p 00000000 00:00 0 
7f2159904000-7f2159a00000 rw-p 00000000 00:00 0 
7f2159a00000-7f2159a04000 ---p 00000000 00:00 0 
7f2159a04000-7f2159b00000 rw-p 00000000 00:00 0 
7f2159b00000-7f2159b04000 ---p 00000000 00:00 0 
7f2159b04000-7f2159c00000 rw-p 00000000 00:00 0 
7f2159c00000-7f2159c04000 ---p 00000000 00:00 0 
7f2159c04000-7f2159d00000 rw-p 00000000 00:00 0 
7f2159d00000-7f2159d04000 ---p 00000000 00:00 0 
7f2159d04000-7f2159e00000 rw-p 00000000 00:00 0 
7f2159e00000-7f2159e04000 ---p 00000000 00:00 0 
7f2159e04000-7f2159f00000 rw-p 00000000 00:00 0 
7f2159f00000-7f2159f04000 ---p 00000000 00:00 0 
7f2159f04000-7f215a000000 rw-p 00000000 00:00 0 
7f215a000000-7f215a004000 ---p 00000000 00:00 0 
7f215a004000-7f215a100000 rw-p 00000000 00:00 0 
7f215a100000-7f215a104000 ---p 00000000 00:00 0 
7f215a104000-7f215a200000 rw-p 00000000 00:00 0 
7f215a200000-7f215a775000 r--p 00000000 103:02 9574110                   /usr/lib/locale/locale-archive
7f215a777000-7f215a779000 r--p 00000000 103:02 9575227                   /usr/lib/x86_64-linux-gnu/libXdmcp.so.6.0.0
7f215a779000-7f215a77b000 r-xp 00002000 103:02 9575227                   /usr/lib/x86_64-linux-gnu/libXdmcp.so.6.0.0
7f215a77b000-7f215a77d000 r--p 00004000 103:02 9575227                   /usr/lib/x86_64-linux-gnu/libXdmcp.so.6.0.0
7f215a77d000-7f215a77e000 r--p 00005000 103:02 9575227                   /usr/lib/x86_64-linux-gnu/libXdmcp.so.6.0.0
7f215a77e000-7f215a77f000 rw-p 00006000 103:02 9575227                   /usr/lib/x86_64-linux-gnu/libXdmcp.so.6.0.0
7f215a77f000-7f215a782000 r--p 00000000 103:02 9575237                   /usr/lib/x86_64-linux-gnu/libXi.so.6.1.0
7f215a782000-7f215a78e000 r-xp 00003000 103:02 9575237                   /usr/lib/x86_64-linux-gnu/libXi.so.6.1.0
7f215a78e000-7f215a791000 r--p 0000f000 103:02 9575237                   /usr/lib/x86_64-linux-gnu/libXi.so.6.1.0
7f215a791000-7f215a792000 r--p 00011000 103:02 9575237                   /usr/lib/x86_64-linux-gnu/libXi.so.6.1.0
7f215a792000-7f215a793000 rw-p 00012000 103:02 9575237                   /usr/lib/x86_64-linux-gnu/libXi.so.6.1.0
7f215a793000-7f215a795000 r--p 00000000 103:02 9575255                   /usr/lib/x86_64-linux-gnu/libXtst.so.6.1.0
7f215a795000-7f215a798000 r-xp 00002000 103:02 9575255                   /usr/lib/x86_64-linux-gnu/libXtst.so.6.1.0
7f215a798000-7f215a799000 r--p 00005000 103:02 9575255                   /usr/lib/x86_64-linux-gnu/libXtst.so.6.1.0
7f215a799000-7f215a79a000 r--p 00005000 103:02 9575255                   /usr/lib/x86_64-linux-gnu/libXtst.so.6.1.0
7f215a79a000-7f215a79b000 rw-p 00006000 103:02 9575255                   /usr/lib/x86_64-linux-gnu/libXtst.so.6.1.0
7f215a79b000-7f215a7f8000 r-xp 00000000 103:02 9830832                   /usr/lib/jvm/jdk-17/lib/libawt_xawt.so
7f215a7f8000-7f215a7f9000 ---p 0005d000 103:02 9830832                   /usr/lib/jvm/jdk-17/lib/libawt_xawt.so
7f215a7f9000-7f215a7fa000 r--p 0005d000 103:02 9830832                   /usr/lib/jvm/jdk-17/lib/libawt_xawt.so
7f215a7fa000-7f215a7fc000 rw-p 0005e000 103:02 9830832                   /usr/lib/jvm/jdk-17/lib/libawt_xawt.so
7f215a7fc000-7f215a7fe000 rw-p 00000000 00:00 0 
7f215a7fe000-7f215a802000 ---p 00000000 00:00 0 
7f215a802000-7f215a8fe000 rw-p 00000000 00:00 0 
7f215a8fe000-7f215a902000 ---p 00000000 00:00 0 
7f215a902000-7f215a9fe000 rw-p 00000000 00:00 0 
7f215a9fe000-7f215aa02000 ---p 00000000 00:00 0 
7f215aa02000-7f215aafe000 rw-p 00000000 00:00 0 
7f215aafe000-7f215aaff000 ---p 00000000 00:00 0 
7f215aaff000-7f215b000000 rw-p 00000000 00:00 0 
7f215b000000-7f215b100000 rw-p 00000000 00:00 0 
7f215b100000-7f215b200000 rw-p 00000000 00:00 0 
7f215b200000-7f215b260000 rw-p 00000000 00:00 0 
7f215b260000-7f215b300000 ---p 00000000 00:00 0 
7f215b300000-7f215b370000 rw-p 00000000 00:00 0 
7f215b370000-7f215b400000 ---p 00000000 00:00 0 
7f215b401000-7f215b403000 r--p 00000000 103:02 9575249                   /usr/lib/x86_64-linux-gnu/libXrender.so.1.3.0
7f215b403000-7f215b40a000 r-xp 00002000 103:02 9575249                   /usr/lib/x86_64-linux-gnu/libXrender.so.1.3.0
7f215b40a000-7f215b40c000 r--p 00009000 103:02 9575249                   /usr/lib/x86_64-linux-gnu/libXrender.so.1.3.0
7f215b40c000-7f215b40d000 r--p 0000a000 103:02 9575249                   /usr/lib/x86_64-linux-gnu/libXrender.so.1.3.0
7f215b40d000-7f215b40e000 rw-p 0000b000 103:02 9575249                   /usr/lib/x86_64-linux-gnu/libXrender.so.1.3.0
7f215b40e000-7f215b412000 r--p 00000000 103:02 9575229                   /usr/lib/x86_64-linux-gnu/libXext.so.6.4.0
7f215b412000-7f215b41d000 r-xp 00004000 103:02 9575229                   /usr/lib/x86_64-linux-gnu/libXext.so.6.4.0
7f215b41d000-7f215b421000 r--p 0000f000 103:02 9575229                   /usr/lib/x86_64-linux-gnu/libXext.so.6.4.0
7f215b421000-7f215b422000 r--p 00012000 103:02 9575229                   /usr/lib/x86_64-linux-gnu/libXext.so.6.4.0
7f215b422000-7f215b423000 rw-p 00013000 103:02 9575229                   /usr/lib/x86_64-linux-gnu/libXext.so.6.4.0
7f215b423000-7f215b4f1000 r-xp 00000000 103:02 9830804                   /usr/lib/jvm/jdk-17/lib/libjsvml.so
7f215b4f1000-7f215b4f2000 r--p 000cd000 103:02 9830804                   /usr/lib/jvm/jdk-17/lib/libjsvml.so
7f215b4f2000-7f215b4f3000 rw-p 000ce000 103:02 9830804                   /usr/lib/jvm/jdk-17/lib/libjsvml.so
7f215b4f3000-7f215b4f4000 ---p 00000000 00:00 0 
7f215b4f4000-7f215b5f5000 rw-p 00000000 00:00 0 
7f215b5f5000-7f215b5f6000 ---p 00000000 00:00 0 
7f215b5f6000-7f215c000000 rw-p 00000000 00:00 0 
7f215c000000-7f215c021000 rw-p 00000000 00:00 0 
7f215c021000-7f2160000000 ---p 00000000 00:00 0 
7f2160000000-7f2160021000 rw-p 00000000 00:00 0 
7f2160021000-7f2164000000 ---p 00000000 00:00 0 
7f2164000000-7f2164021000 rw-p 00000000 00:00 0 
7f2164021000-7f2168000000 ---p 00000000 00:00 0 
7f2168016000-7f216803a000 r--p 00000000 103:02 10623191                  /usr/share/locale-langpack/pt_BR/LC_MESSAGES/libc.mo
7f216803a000-7f2168047000 r-xp 00000000 103:02 9830826                   /usr/lib/jvm/jdk-17/lib/libverify.so
7f2168047000-7f2168049000 r--p 0000c000 103:02 9830826                   /usr/lib/jvm/jdk-17/lib/libverify.so
7f2168049000-7f216804a000 rw-p 0000e000 103:02 9830826                   /usr/lib/jvm/jdk-17/lib/libverify.so
7f216804a000-7f216805f000 r-xp 00000000 103:02 9830792                   /usr/lib/jvm/jdk-17/lib/libnet.so
7f216805f000-7f2168060000 ---p 00015000 103:02 9830792                   /usr/lib/jvm/jdk-17/lib/libnet.so
7f2168060000-7f2168061000 r--p 00015000 103:02 9830792                   /usr/lib/jvm/jdk-17/lib/libnet.so
7f2168061000-7f2168062000 rw-p 00016000 103:02 9830792                   /usr/lib/jvm/jdk-17/lib/libnet.so
7f2168062000-7f216a724000 rw-p 00000000 00:00 0 
7f216a724000-7f216ede4000 ---p 00000000 00:00 0 
7f216ede4000-7f216f2c4000 rw-p 00000000 00:00 0 
7f216f2c4000-7f2173984000 ---p 00000000 00:00 0 
7f2173984000-7f2173a3c000 rw-p 00000000 00:00 0 
7f2173a3c000-7f2174314000 ---p 00000000 00:00 0 
7f2174314000-7f21743b0000 rw-p 00000000 00:00 0 
7f21743b0000-7f2174c88000 ---p 00000000 00:00 0 
7f2174c88000-7f2174d24000 rw-p 00000000 00:00 0 
7f2174d24000-7f21755fc000 ---p 00000000 00:00 0 
7f21755fc000-7f2175600000 rw-p 00000000 00:00 0 
7f2175600000-7f2175b00000 rwxp 00000000 00:00 0 
7f2175b00000-7f2178600000 ---p 00000000 00:00 0 
7f2178600000-7f217ff0e000 r--s 00000000 103:02 9830784                   /usr/lib/jvm/jdk-17/lib/modules
7f217ff0f000-7f217ff10000 r--p 00000000 103:02 9575216                   /usr/lib/x86_64-linux-gnu/libXau.so.6.0.0
7f217ff10000-7f217ff12000 r-xp 00001000 103:02 9575216                   /usr/lib/x86_64-linux-gnu/libXau.so.6.0.0
7f217ff12000-7f217ff13000 r--p 00003000 103:02 9575216                   /usr/lib/x86_64-linux-gnu/libXau.so.6.0.0
7f217ff13000-7f217ff14000 r--p 00003000 103:02 9575216                   /usr/lib/x86_64-linux-gnu/libXau.so.6.0.0
7f217ff14000-7f217ff15000 rw-p 00004000 103:02 9575216                   /usr/lib/x86_64-linux-gnu/libXau.so.6.0.0
7f217ff15000-7f217ff1c000 r--s 00000000 103:02 10225243                  /usr/lib/x86_64-linux-gnu/gconv/gconv-modules.cache
7f217ff1c000-7f217ff22000 r-xp 00000000 103:02 9830813                   /usr/lib/jvm/jdk-17/lib/libmanagement_ext.so
7f217ff22000-7f217ff23000 r--p 00005000 103:02 9830813                   /usr/lib/jvm/jdk-17/lib/libmanagement_ext.so
7f217ff23000-7f217ff24000 rw-p 00006000 103:02 9830813                   /usr/lib/jvm/jdk-17/lib/libmanagement_ext.so
7f217ff24000-7f2180000000 rw-p 00000000 00:00 0 
7f2180000000-7f21806b0000 rw-p 00000000 00:00 0 
7f21806b0000-7f2184000000 ---p 00000000 00:00 0 
7f2184002000-7f2184015000 r-xp 00000000 103:02 9830793                   /usr/lib/jvm/jdk-17/lib/libnio.so
7f2184015000-7f2184016000 r--p 00012000 103:02 9830793                   /usr/lib/jvm/jdk-17/lib/libnio.so
7f2184016000-7f2184017000 rw-p 00013000 103:02 9830793                   /usr/lib/jvm/jdk-17/lib/libnio.so
7f2184017000-7f2184219000 rw-p 00000000 00:00 0 
7f2184219000-7f218421a000 ---p 00000000 00:00 0 
7f218421a000-7f218431b000 rw-p 00000000 00:00 0 
7f218431b000-7f218431c000 ---p 00000000 00:00 0 
7f218431c000-7f218441d000 rw-p 00000000 00:00 0 
7f218441d000-7f218441e000 ---p 00000000 00:00 0 
7f218441e000-7f21852aa000 rw-p 00000000 00:00 0 
7f21852aa000-7f2185300000 ---p 00000000 00:00 0 
7f2185300000-7f2185304000 ---p 00000000 00:00 0 
7f2185304000-7f2185400000 rw-p 00000000 00:00 0 
7f2185400000-7f2186533000 r-xp 00000000 103:02 9830786                   /usr/lib/jvm/jdk-17/lib/server/libjvm.so
7f2186533000-7f2186534000 ---p 01133000 103:02 9830786                   /usr/lib/jvm/jdk-17/lib/server/libjvm.so
7f2186534000-7f21865e9000 r--p 01133000 103:02 9830786                   /usr/lib/jvm/jdk-17/lib/server/libjvm.so
7f21865e9000-7f218661c000 rw-p 011e8000 103:02 9830786                   /usr/lib/jvm/jdk-17/lib/server/libjvm.so
7f218661c000-7f2186676000 rw-p 00000000 00:00 0 
7f2186677000-7f218667b000 r-xp 00000000 103:02 9830810                   /usr/lib/jvm/jdk-17/lib/libmanagement.so
7f218667b000-7f218667c000 r--p 00003000 103:02 9830810                   /usr/lib/jvm/jdk-17/lib/libmanagement.so
7f218667c000-7f218667d000 rw-p 00004000 103:02 9830810                   /usr/lib/jvm/jdk-17/lib/libmanagement.so
7f218667d000-7f2186684000 r-xp 00000000 103:02 9830789                   /usr/lib/jvm/jdk-17/lib/libzip.so
7f2186684000-7f2186685000 ---p 00007000 103:02 9830789                   /usr/lib/jvm/jdk-17/lib/libzip.so
7f2186685000-7f2186686000 r--p 00007000 103:02 9830789                   /usr/lib/jvm/jdk-17/lib/libzip.so
7f2186686000-7f2186687000 rw-p 00008000 103:02 9830789                   /usr/lib/jvm/jdk-17/lib/libzip.so
7f2186687000-7f21866c8000 rw-p 00000000 00:00 0 
7f21866c8000-7f21866d0000 rw-s 00000000 103:02 11929700                  /tmp/hsperfdata_luiz/64573
7f21866d0000-7f21866f4000 r-xp 00000000 103:02 9830806                   /usr/lib/jvm/jdk-17/lib/libjava.so
7f21866f4000-7f21866f5000 ---p 00024000 103:02 9830806                   /usr/lib/jvm/jdk-17/lib/libjava.so
7f21866f5000-7f21866f6000 r--p 00024000 103:02 9830806                   /usr/lib/jvm/jdk-17/lib/libjava.so
7f21866f6000-7f21866f7000 rw-p 00025000 103:02 9830806                   /usr/lib/jvm/jdk-17/lib/libjava.so
7f21866f7000-7f21866f8000 rw-p 00000000 00:00 0 
7f21866f8000-7f2186713000 r-xp 00000000 103:02 9830823                   /usr/lib/jvm/jdk-17/lib/libjimage.so
7f2186713000-7f2186714000 ---p 0001b000 103:02 9830823                   /usr/lib/jvm/jdk-17/lib/libjimage.so
7f2186714000-7f2186716000 r--p 0001b000 103:02 9830823                   /usr/lib/jvm/jdk-17/lib/libjimage.so
7f2186716000-7f2186717000 rw-p 0001d000 103:02 9830823                   /usr/lib/jvm/jdk-17/lib/libjimage.so
7f2186717000-7f2186725000 r--p 00000000 103:02 9576186                   /usr/lib/x86_64-linux-gnu/libm.so.6
7f2186725000-7f21867a3000 r-xp 0000e000 103:02 9576186                   /usr/lib/x86_64-linux-gnu/libm.so.6
7f21867a3000-7f21867fe000 r--p 0008c000 103:02 9576186                   /usr/lib/x86_64-linux-gnu/libm.so.6
7f21867fe000-7f21867ff000 r--p 000e6000 103:02 9576186                   /usr/lib/x86_64-linux-gnu/libm.so.6
7f21867ff000-7f2186800000 rw-p 000e7000 103:02 9576186                   /usr/lib/x86_64-linux-gnu/libm.so.6
7f2186800000-7f2186822000 r--p 00000000 103:02 9575538                   /usr/lib/x86_64-linux-gnu/libc.so.6
7f2186822000-7f218699b000 r-xp 00022000 103:02 9575538                   /usr/lib/x86_64-linux-gnu/libc.so.6
7f218699b000-7f21869f2000 r--p 0019b000 103:02 9575538                   /usr/lib/x86_64-linux-gnu/libc.so.6
7f21869f2000-7f21869f6000 r--p 001f1000 103:02 9575538                   /usr/lib/x86_64-linux-gnu/libc.so.6
7f21869f6000-7f21869f8000 rw-p 001f5000 103:02 9575538                   /usr/lib/x86_64-linux-gnu/libc.so.6
7f21869f8000-7f2186a05000 rw-p 00000000 00:00 0 
7f2186a09000-7f2186a0a000 r--p 00000000 103:02 9576578                   /usr/lib/x86_64-linux-gnu/librt.so.1
7f2186a0a000-7f2186a0b000 r-xp 00001000 103:02 9576578                   /usr/lib/x86_64-linux-gnu/librt.so.1
7f2186a0b000-7f2186a0c000 r--p 00002000 103:02 9576578                   /usr/lib/x86_64-linux-gnu/librt.so.1
7f2186a0c000-7f2186a0d000 r--p 00002000 103:02 9576578                   /usr/lib/x86_64-linux-gnu/librt.so.1
7f2186a0d000-7f2186a0e000 rw-p 00003000 103:02 9576578                   /usr/lib/x86_64-linux-gnu/librt.so.1
7f2186a0e000-7f2186a12000 rw-p 00000000 00:00 0 
7f2186a12000-7f2186a13000 r--p 00000000 103:02 9575659                   /usr/lib/x86_64-linux-gnu/libdl.so.2
7f2186a13000-7f2186a14000 r-xp 00001000 103:02 9575659                   /usr/lib/x86_64-linux-gnu/libdl.so.2
7f2186a14000-7f2186a15000 r--p 00002000 103:02 9575659                   /usr/lib/x86_64-linux-gnu/libdl.so.2
7f2186a15000-7f2186a16000 r--p 00002000 103:02 9575659                   /usr/lib/x86_64-linux-gnu/libdl.so.2
7f2186a16000-7f2186a17000 rw-p 00003000 103:02 9575659                   /usr/lib/x86_64-linux-gnu/libdl.so.2
7f2186a17000-7f2186a18000 r--p 00000000 103:02 9576516                   /usr/lib/x86_64-linux-gnu/libpthread.so.0
7f2186a18000-7f2186a19000 r-xp 00001000 103:02 9576516                   /usr/lib/x86_64-linux-gnu/libpthread.so.0
7f2186a19000-7f2186a1a000 r--p 00002000 103:02 9576516                   /usr/lib/x86_64-linux-gnu/libpthread.so.0
7f2186a1a000-7f2186a1b000 r--p 00002000 103:02 9576516                   /usr/lib/x86_64-linux-gnu/libpthread.so.0
7f2186a1b000-7f2186a1c000 rw-p 00003000 103:02 9576516                   /usr/lib/x86_64-linux-gnu/libpthread.so.0
7f2186a1c000-7f2186a2b000 r-xp 00000000 103:02 9830833                   /usr/lib/jvm/jdk-17/lib/libjli.so
7f2186a2b000-7f2186a2c000 r--p 0000e000 103:02 9830833                   /usr/lib/jvm/jdk-17/lib/libjli.so
7f2186a2c000-7f2186a2d000 rw-p 0000f000 103:02 9830833                   /usr/lib/jvm/jdk-17/lib/libjli.so
7f2186a2d000-7f2186a2f000 r--p 00000000 103:02 9577009                   /usr/lib/x86_64-linux-gnu/libz.so.1.2.11
7f2186a2f000-7f2186a41000 r-xp 00002000 103:02 9577009                   /usr/lib/x86_64-linux-gnu/libz.so.1.2.11
7f2186a41000-7f2186a47000 r--p 00014000 103:02 9577009                   /usr/lib/x86_64-linux-gnu/libz.so.1.2.11
7f2186a47000-7f2186a48000 r--p 0001a000 103:02 9577009                   /usr/lib/x86_64-linux-gnu/libz.so.1.2.11
7f2186a48000-7f2186a49000 rw-p 0001b000 103:02 9577009                   /usr/lib/x86_64-linux-gnu/libz.so.1.2.11
7f2186a4c000-7f2186a4e000 r-xp 00000000 103:02 9830782                   /usr/lib/jvm/jdk-17/lib/libextnet.so
7f2186a4e000-7f2186a4f000 r--p 00001000 103:02 9830782                   /usr/lib/jvm/jdk-17/lib/libextnet.so
7f2186a4f000-7f2186a50000 rw-p 00002000 103:02 9830782                   /usr/lib/jvm/jdk-17/lib/libextnet.so
7f2186a50000-7f2186a5a000 r-xp 00000000 103:02 9830791                   /usr/lib/jvm/jdk-17/lib/libinstrument.so
7f2186a5a000-7f2186a5b000 r--p 00009000 103:02 9830791                   /usr/lib/jvm/jdk-17/lib/libinstrument.so
7f2186a5b000-7f2186a5c000 rw-p 0000a000 103:02 9830791                   /usr/lib/jvm/jdk-17/lib/libinstrument.so
7f2186a5c000-7f2186a5d000 ---p 00000000 00:00 0 
7f2186a5d000-7f2186a5e000 r--p 00000000 00:00 0 
7f2186a5e000-7f2186a5f000 ---p 00000000 00:00 0 
7f2186a5f000-7f2186a61000 rw-p 00000000 00:00 0 
7f2186a61000-7f2186a62000 r--p 00000000 103:02 9574785                   /usr/lib/x86_64-linux-gnu/ld-linux-x86-64.so.2
7f2186a62000-7f2186a8b000 r-xp 00001000 103:02 9574785                   /usr/lib/x86_64-linux-gnu/ld-linux-x86-64.so.2
7f2186a8b000-7f2186a95000 r--p 0002a000 103:02 9574785                   /usr/lib/x86_64-linux-gnu/ld-linux-x86-64.so.2
7f2186a95000-7f2186a97000 r--p 00034000 103:02 9574785                   /usr/lib/x86_64-linux-gnu/ld-linux-x86-64.so.2
7f2186a97000-7f2186a99000 rw-p 00036000 103:02 9574785                   /usr/lib/x86_64-linux-gnu/ld-linux-x86-64.so.2
7ffdd570e000-7ffdd5730000 rw-p 00000000 00:00 0                          [stack]
7ffdd57b4000-7ffdd57b8000 r--p 00000000 00:00 0                          [vvar]
7ffdd57b8000-7ffdd57ba000 r-xp 00000000 00:00 0                          [vdso]
ffffffffff600000-ffffffffff601000 --xp 00000000 00:00 0                  [vsyscall]


VM Arguments:
jvm_args: -XX:TieredStopAtLevel=1 -Dspring.output.ansi.enabled=always -Dcom.sun.management.jmxremote -Dspring.jmx.enabled=true -Dspring.liveBeansView.mbeanDomain -Dspring.application.admin.enabled=true -javaagent:/home/luiz/IntelliJ-Idea/lib/idea_rt.jar=45087:/home/luiz/IntelliJ-Idea/bin -Dfile.encoding=UTF-8 
java_command: com.ls.DevOpenCV.DevOpenCvApplication
java_class_path (initial): /home/luiz/dev/DevOpenCV/target/classes:/home/luiz/.m2/repository/org/springframework/boot/spring-boot-starter/2.7.8/spring-boot-starter-2.7.8.jar:/home/luiz/.m2/repository/org/springframework/boot/spring-boot/2.7.8/spring-boot-2.7.8.jar:/home/luiz/.m2/repository/org/springframework/spring-context/5.3.25/spring-context-5.3.25.jar:/home/luiz/.m2/repository/org/springframework/spring-aop/5.3.25/spring-aop-5.3.25.jar:/home/luiz/.m2/repository/org/springframework/spring-beans/5.3.25/spring-beans-5.3.25.jar:/home/luiz/.m2/repository/org/springframework/spring-expression/5.3.25/spring-expression-5.3.25.jar:/home/luiz/.m2/repository/org/springframework/boot/spring-boot-autoconfigure/2.7.8/spring-boot-autoconfigure-2.7.8.jar:/home/luiz/.m2/repository/org/springframework/boot/spring-boot-starter-logging/2.7.8/spring-boot-starter-logging-2.7.8.jar:/home/luiz/.m2/repository/ch/qos/logback/logback-classic/1.2.11/logback-classic-1.2.11.jar:/home/luiz/.m2/repository/ch/qos/logback/logback-core/1.2.11/logback-core-1.2.11.jar:/home/luiz/.m2/repository/org/apache/logging/log4j/log4j-to-slf4j/2.17.2/log4j-to-slf4j-2.17.2.jar:/home/luiz/.m2/repository/org/apache/logging/log4j/log4j-api/2.17.2/log4j-api-2.17.2.jar:/home/luiz/.m2/repository/org/slf4j/jul-to-slf4j/1.7.36/jul-to-slf4j-1.7.36.jar:/home/luiz/.m2/repository/jakarta/annotation/jakarta.annotation-api/1.3.5/jakarta.annotation-api-1.3.5.jar:/home/luiz/.m2/repository/org/springframework/spring-core/5.3.25/spring-core-5.3.25.jar:/home/luiz/.m2/repository/org/springframework/spring-jcl/5.3.25/spring-jcl-5.3.25.jar:/home/luiz/.m2/repository/org/yaml/snakeyaml/1.30/snakeyaml-1.30.jar:/home/luiz/.m2/repository/org/projectlombok/lombok/1.18.24/lombok-1.18.24.jar:/home/luiz/.m2/repository/org/openpnp/opencv/4.6.0-0/opencv-4.6.0-0.jar:/home/luiz/.m2/repository/net/sourceforge/tess4j/tess4j/5.3.0/tess4j-5.3.0.jar:/home/luiz/.m2/repository/net/java/dev/jna/jna/5.12.1/jna-5.12.1.jar:/home/luiz/.m2/repository/com
Launcher Type: SUN_STANDARD

[Global flags]
     intx CICompilerCount                          = 12                                        {product} {ergonomic}
     uint ConcGCThreads                            = 3                                         {product} {ergonomic}
     uint G1ConcRefinementThreads                  = 13                                        {product} {ergonomic}
   size_t G1HeapRegionSize                         = 4194304                                   {product} {ergonomic}
    uintx GCDrainStackTargetSize                   = 64                                        {product} {ergonomic}
   size_t InitialHeapSize                          = 318767104                                 {product} {ergonomic}
     bool ManagementServer                         = true                                      {product} {command line}
   size_t MarkStackSize                            = 4194304                                   {product} {ergonomic}
   size_t MaxHeapSize                              = 5075107840                                {product} {ergonomic}
   size_t MaxNewSize                               = 3045064704                                {product} {ergonomic}
   size_t MinHeapDeltaBytes                        = 4194304                                   {product} {ergonomic}
   size_t MinHeapSize                              = 8388608                                   {product} {ergonomic}
    uintx NonProfiledCodeHeapSize                  = 0                                      {pd product} {ergonomic}
     bool ProfileInterpreter                       = false                                  {pd product} {command line}
    uintx ProfiledCodeHeapSize                     = 0                                      {pd product} {ergonomic}
   size_t SoftMaxHeapSize                          = 5075107840                             {manageable} {ergonomic}
     intx TieredStopAtLevel                        = 1                                         {product} {command line}
     bool UseCompressedClassPointers               = true                           {product lp64_product} {ergonomic}
     bool UseCompressedOops                        = true                           {product lp64_product} {ergonomic}
     bool UseG1GC                                  = true                                      {product} {ergonomic}

Logging:
Log output configuration:
 #0: stdout all=warning uptime,level,tags
 #1: stderr all=off uptime,level,tags

Environment Variables:
PATH=/home/luiz/.local/bin:/usr/local/sbin:/usr/local/bin:/usr/sbin:/usr/bin:/sbin:/bin:/usr/games:/usr/local/games:/snap/bin
SHELL=/bin/bash
DISPLAY=:0
LANG=pt_BR.UTF-8

Signal Handlers:
   SIGSEGV: crash_handler in libjvm.so, mask=11100100010111111101111111111110, flags=SA_RESTART|SA_SIGINFO
    SIGBUS: crash_handler in libjvm.so, mask=11100100010111111101111111111110, flags=SA_RESTART|SA_SIGINFO
    SIGFPE: crash_handler in libjvm.so, mask=11100100010111111101111111111110, flags=SA_RESTART|SA_SIGINFO
   SIGPIPE: javaSignalHandler in libjvm.so, mask=11100100010111111101111111111110, flags=SA_RESTART|SA_SIGINFO
   SIGXFSZ: javaSignalHandler in libjvm.so, mask=11100100010111111101111111111110, flags=SA_RESTART|SA_SIGINFO
    SIGILL: crash_handler in libjvm.so, mask=11100100010111111101111111111110, flags=SA_RESTART|SA_SIGINFO
   SIGUSR2: SR_handler in libjvm.so, mask=00100000000000000000000000000000, flags=SA_RESTART|SA_SIGINFO
    SIGHUP: UserHandler in libjvm.so, mask=11100100010111111101111111111110, flags=SA_RESTART|SA_SIGINFO
    SIGINT: UserHandler in libjvm.so, mask=11100100010111111101111111111110, flags=SA_RESTART|SA_SIGINFO
   SIGTERM: UserHandler in libjvm.so, mask=11100100010111111101111111111110, flags=SA_RESTART|SA_SIGINFO
   SIGQUIT: UserHandler in libjvm.so, mask=11100100010111111101111111111110, flags=SA_RESTART|SA_SIGINFO
   SIGTRAP: crash_handler in libjvm.so, mask=11100100010111111101111111111110, flags=SA_RESTART|SA_SIGINFO


---------------  S Y S T E M  ---------------

OS:
DISTRIB_ID=Ubuntu
DISTRIB_RELEASE=22.10
DISTRIB_CODENAME=kinetic
DISTRIB_DESCRIPTION="Ubuntu 22.10"
uname: Linux 5.19.0-29-generic #30-Ubuntu SMP PREEMPT_DYNAMIC Wed Jan 4 12:14:09 UTC 2023 x86_64
OS uptime: 0 days 1:43 hours
libc: glibc 2.36 NPTL 2.36 
rlimit (soft/hard): STACK 8192k/infinity , CORE 0k/infinity , NPROC 76931/76931 , NOFILE 1048576/1048576 , AS infinity/infinity , CPU infinity/infinity , DATA infinity/infinity , FSIZE infinity/infinity , MEMLOCK 2477036k/2477036k
load average: 0,60 0,96 1,67

/proc/meminfo:
MemTotal:       19816312 kB
MemFree:         8387912 kB
MemAvailable:   14108868 kB
Buffers:          145980 kB
Cached:          5609512 kB
SwapCached:            0 kB
Active:          1714504 kB
Inactive:        8219580 kB
Active(anon):       2376 kB
Inactive(anon):  4297968 kB
Active(file):    1712128 kB
Inactive(file):  3921612 kB
Unevictable:          32 kB
Mlocked:              32 kB
SwapTotal:       2097148 kB
SwapFree:        2097148 kB
Zswap:                 0 kB
Zswapped:              0 kB
Dirty:               304 kB
Writeback:             0 kB
AnonPages:       4179064 kB
Mapped:          1401388 kB
Shmem:            125352 kB
KReclaimable:     448848 kB
Slab:             685472 kB
SReclaimable:     448848 kB
SUnreclaim:       236624 kB
KernelStack:       19072 kB
PageTables:        54684 kB
NFS_Unstable:          0 kB
Bounce:                0 kB
WritebackTmp:          0 kB
CommitLimit:    12005304 kB
Committed_AS:   13545396 kB
VmallocTotal:   34359738367 kB
VmallocUsed:      114672 kB
VmallocChunk:          0 kB
Percpu:            17344 kB
HardwareCorrupted:     0 kB
AnonHugePages:         0 kB
ShmemHugePages:        0 kB
ShmemPmdMapped:        0 kB
FileHugePages:         0 kB
FilePmdMapped:         0 kB
HugePages_Total:       0
HugePages_Free:        0
HugePages_Rsvd:        0
HugePages_Surp:        0
Hugepagesize:       2048 kB
Hugetlb:               0 kB
DirectMap4k:      852676 kB
DirectMap2M:    10004480 kB
DirectMap1G:    10485760 kB

/sys/kernel/mm/transparent_hugepage/enabled: always [madvise] never
/sys/kernel/mm/transparent_hugepage/defrag (defrag/compaction efforts parameter): always defer defer+madvise [madvise] never

Process Memory:
Virtual Size: 8224884K (peak: 8286652K)
Resident Set Size: 80824K (peak: 80824K) (anon: 46252K, file: 34572K, shmem: 0K)
Swapped out: 0K
C-Heap outstanding allocations: 42039K, retained: 2856K

/proc/sys/kernel/threads-max (system-wide limit on the number of threads): 153863
/proc/sys/vm/max_map_count (maximum number of memory map areas a process may have): 65530
/proc/sys/kernel/pid_max (system-wide limit on number of process identifiers): 4194304

container (cgroup) information:
container_type: cgroupv2
cpu_cpuset_cpus: not supported
cpu_memory_nodes: not supported
active_processor_count: 16
cpu_quota: not supported
cpu_period: not supported
cpu_shares: not supported
memory_limit_in_bytes: unlimited
memory_and_swap_limit_in_bytes: unlimited
memory_soft_limit_in_bytes: unlimited
memory_usage_in_bytes: 3763945472
memory_max_usage_in_bytes: not supported
maximum number of tasks: 23079
current number of tasks: 197

Steal ticks since vm start: 0
Steal ticks percentage since vm start:  0,000

CPU: total 16 (initial active 16) (16 cores per cpu, 2 threads per core) family 23 model 104 stepping 1 microcode 0x8608102, cx8, cmov, fxsr, ht, mmx, 3dnowpref, sse, sse2, sse3, ssse3, sse4a, sse4.1, sse4.2, popcnt, lzcnt, tsc, tscinvbit, avx, avx2, aes, clmul, bmi1, bmi2, adx, sha, fma, vzeroupper, clflush, clflushopt
CPU Model and flags from /proc/cpuinfo:
model name	: AMD Ryzen 7 5700U with Radeon Graphics
flags		: fpu vme de pse tsc msr pae mce cx8 apic sep mtrr pge mca cmov pat pse36 clflush mmx fxsr sse sse2 ht syscall nx mmxext fxsr_opt pdpe1gb rdtscp lm constant_tsc rep_good nopl nonstop_tsc cpuid extd_apicid aperfmperf rapl pni pclmulqdq monitor ssse3 fma cx16 sse4_1 sse4_2 movbe popcnt aes xsave avx f16c rdrand lahf_lm cmp_legacy svm extapic cr8_legacy abm sse4a misalignsse 3dnowprefetch osvw ibs skinit wdt tce topoext perfctr_core perfctr_nb bpext perfctr_llc mwaitx cpb cat_l3 cdp_l3 hw_pstate ssbd mba ibrs ibpb stibp vmmcall fsgsbase bmi1 avx2 smep bmi2 cqm rdt_a rdseed adx smap clflushopt clwb sha_ni xsaveopt xsavec xgetbv1 xsaves cqm_llc cqm_occup_llc cqm_mbm_total cqm_mbm_local clzero irperf xsaveerptr rdpru wbnoinvd cppc arat npt lbrv svm_lock nrip_save tsc_scale vmcb_clean flushbyasid decodeassists pausefilter pfthreshold avic v_vmsave_vmload vgif v_spec_ctrl umip rdpid overflow_recov succor smca

Online cpus: 0-15
Offline cpus: 
BIOS frequency limitation: <Not Available>
Frequency switch latency (ns): 131072
Available cpu frequencies: <Not Available>
Current governor: schedutil
Core performance/turbo boost: 1

Memory: 4k page, physical 19816312k(8387912k free), swap 2097148k(2097148k free)
Page Sizes: 4k

vm_info: Java HotSpot(TM) 64-Bit Server VM (17.0.5+9-LTS-191) for linux-amd64 JRE (17.0.5+9-LTS-191), built on Sep 13 2022 16:24:50 by "mach5one" with gcc 10.3.0

END.
